22:49:16.774 [main                     ] DEBUG Logger               - Configured Logger
22:49:16.787 [main                     ] DEBUG GameApplication      - Logging settings
Title: Sir Serato Simulator
Version: 0.0
Width: 1280
Height: 720
Fullscreen: false
Intro: false
Profiling: false
Single step:false
App Mode: DEVELOPER
Menu Key: ESCAPE
Stage Style: DECORATED
Scene Factory: class com.example.csit228capstonesirjaysimulator.application.MenuFactory

22:49:17.367 [JavaFX Application Thread] DEBUG FXGLApplication      - Initializing FXGL
22:49:17.371 [JavaFX Application Thread] INFO  Engine               - FXGL-17.3 (30.03.2023 11.49) on WINDOWS (J:24.0.2 FX:21.0.6)
22:49:17.371 [JavaFX Application Thread] DEBUG Engine               - JRE Vendor Name: Oracle Corporation
22:49:17.371 [JavaFX Application Thread] DEBUG Engine               - Running on OS: Windows 11 version 10.0
22:49:17.371 [JavaFX Application Thread] DEBUG Engine               - Architecture: amd64
22:49:17.371 [JavaFX Application Thread] INFO  Engine               - Source code and latest versions at: https://github.com/AlmasB/FXGL
22:49:17.371 [JavaFX Application Thread] INFO  Engine               -       Ask questions and discuss at: https://github.com/AlmasB/FXGL/discussions
22:49:17.371 [JavaFX Application Thread] INFO  Engine               -              Join the FXGL chat at: https://gitter.im/AlmasB/FXGL
22:49:17.485 [JavaFX Application Thread] DEBUG PrimaryStageWindow   - Creating a JavaFX scene
22:49:17.538 [JavaFX Application Thread] DEBUG PrimaryStageWindow   - Target settings size: 1280.0 x 720.0
22:49:17.538 [JavaFX Application Thread] DEBUG PrimaryStageWindow   - Scaled scene size:    1280.0 x 720.0
22:49:17.539 [JavaFX Application Thread] DEBUG PrimaryStageWindow   - Scaled ratio: (1.0, 1.0)
22:49:17.540 [JavaFX Application Thread] DEBUG PrimaryStageWindow   - Set initial scene to FXGLStartupScene
22:49:17.543 [JavaFX Application Thread] DEBUG PrimaryStageWindow   - Opening main window
22:49:17.678 [JavaFX Application Thread] DEBUG PrimaryStageWindow   - Window border size: (14.4000244140625, 37.5999755859375)
22:49:17.678 [JavaFX Application Thread] DEBUG PrimaryStageWindow   - Scaled size: 1280.0 x 720.0
22:49:17.678 [JavaFX Application Thread] DEBUG PrimaryStageWindow   - Scaled ratio: (1.0, 1.0)
22:49:17.678 [JavaFX Application Thread] DEBUG PrimaryStageWindow   - Scene size: 1280.0 x 720.0
22:49:17.679 [JavaFX Application Thread] DEBUG PrimaryStageWindow   - Stage size: 1294.4000244140625 x 757.5999755859375
22:49:17.695 [FXGL Background Thread 1 ] DEBUG Engine               - Initializing environment variables
22:49:17.836 [FXGL Background Thread 1 ] DEBUG FXGLAssetLoaderServi - User app class for loading assets: class com.example.csit228capstonesirjaysimulator.application.GameLevelApp
22:49:17.837 [FXGL Background Thread 1 ] DEBUG GameApplicationServi - Applying CSS: fxgl_dark.css
22:49:17.838 [FXGL Background Thread 1 ] DEBUG FXGLAssetLoaderServi - Loading from file system: jar:file:///C:/Users/Aissha/.m2/repository/com/github/almasb/fxgl/17.3/fxgl-17.3.jar!/fxglassets/ui/css/fxgl_dark.css
22:49:17.918 [FXGL Background Thread 1 ] DEBUG GameApplicationServi - Initializing application scenes
22:49:17.996 [FXGL Background Thread 1 ] DEBUG GameWorld            - Game world initialized
22:49:18.100 [FXGL Background Thread 1 ] DEBUG PhysicsWorld         - Physics world initialized: appHeight=720, physics.ppm=50.0
22:49:18.100 [FXGL Background Thread 1 ] DEBUG PhysicsWorld         - Using strategy: BRUTE_FORCE
22:49:18.105 [FXGL Background Thread 1 ] DEBUG GameScene            - Game scene initialized: 1280x720
22:49:18.752 [FXGL Background Thread 1 ] DEBUG FXGLAssetLoaderServi - Loading from file system: file:/C:/Users/Aissha/IdeaProjects/JavaFX%20Projects/CSIT228-Capstone-Sir-Jay-Simulator/target/classes/assets/music/intro_music.wav
22:49:18.900 [FXGL Background Thread 1 ] DEBUG AudioPlayer          - Playing music com.almasb.fxgl.audio.Music@3b2f5b5f
22:49:18.918 [FXGL Background Thread 1 ] DEBUG FXGL.DefaultMenu     - createMenuBodyGameMenu()
22:49:18.933 [FXGL Background Thread 1 ] DEBUG FXGL.DefaultMenu     - createOptionsMenu()
22:49:18.942 [FXGL Background Thread 1 ] DEBUG FXGLAssetLoaderServi - Loading from file system: jar:file:///C:/Users/Aissha/.m2/repository/com/github/almasb/fxgl/17.3/fxgl-17.3.jar!/fxglassets/textures/particles/smoke.png
22:49:19.109 [FXGL Background Thread 1 ] DEBUG FXGLAssetLoaderServi - Loading from file system: jar:file:///C:/Users/Aissha/.m2/repository/com/github/almasb/fxgl/17.3/fxgl-17.3.jar!/fxglassets/textures/particles/trace_horizontal.png
22:49:19.129 [FXGL Background Thread 1 ] DEBUG GameApplicationServi - Application scenes initialized
22:49:19.143 [FXGL Background Thread 1 ] DEBUG SystemBundleService  - Loading FXGL system data
22:49:19.149 [FXGL Background Thread 1 ] DEBUG FileSystemAccess     - Reading from: C:\Users\Aissha\IdeaProjects\JavaFX Projects\CSIT228-Capstone-Sir-Jay-Simulator\system\fxgl.bundle
22:49:19.156 [FXGL Background Thread 1 ] DEBUG SystemBundleService  - Bundle FXGL: {}
22:49:19.156 [FXGL Background Thread 1 ] DEBUG UpdaterService       - Checking for updates
22:49:19.161 [FXGL Background Thread 4 ] DEBUG FXGLApplication      - Loading fonts
22:49:19.162 [FXGL Background Thread 4 ] DEBUG FXGLAssetLoaderServi - Loading from file system: jar:file:///C:/Users/Aissha/.m2/repository/com/github/almasb/fxgl/17.3/fxgl-17.3.jar!/fxglassets/ui/fonts/VarelaRound-Regular.ttf
22:49:19.163 [FXGL Background Thread 1 ] DEBUG FXGLApplication      - Loading default localization
22:49:19.163 [FXGL Background Thread 1 ] DEBUG FXGLAssetLoaderServi - Loading from file system: jar:file:///C:/Users/Aissha/.m2/repository/com/github/almasb/fxgl/17.3/fxgl-17.3.jar!/fxglassets/languages/english.lang
22:49:19.213 [FXGL Background Thread 4 ] DEBUG FXGLAssetLoaderServi - Loading from file system: jar:file:///C:/Users/Aissha/.m2/repository/com/github/almasb/fxgl/17.3/fxgl-17.3.jar!/fxglassets/ui/fonts/Abel-Regular.ttf
22:49:19.217 [FXGL Background Thread 4 ] DEBUG FXGLAssetLoaderServi - Loading from file system: jar:file:///C:/Users/Aissha/.m2/repository/com/github/almasb/fxgl/17.3/fxgl-17.3.jar!/fxglassets/ui/fonts/TerminalLandMono-Regular.otf
22:49:19.221 [FXGL Background Thread 1 ] INFO  FXGLApplication      - FXGL initialization took: 1.526 sec
22:49:19.221 [FXGL Background Thread 4 ] DEBUG FXGLAssetLoaderServi - Loading from file system: jar:file:///C:/Users/Aissha/.m2/repository/com/github/almasb/fxgl/17.3/fxgl-17.3.jar!/fxglassets/ui/fonts/Courier-Prime.ttf
22:49:19.246 [JavaFX Application Thread] DEBUG Input                - Registered new binding: action0 - LMB
22:49:19.260 [JavaFX Application Thread] DEBUG Input                - Registered new binding: Switch Screen Left - A
22:49:19.260 [JavaFX Application Thread] DEBUG Input                - Registered new binding: Switch Screen Right - D
22:49:19.260 [JavaFX Application Thread] DEBUG Input                - Registered new binding: PAGHILOM! - E
22:49:19.261 [JavaFX Application Thread] DEBUG FXGLAssetLoaderServi - Loading from file system: jar:file:///C:/Users/Aissha/.m2/repository/com/github/almasb/fxgl/17.3/fxgl-17.3.jar!/fxglassets/textures/fxgl_icon.png
22:49:19.279 [JavaFX Application Thread] DEBUG FXGLAssetLoaderServi - Loading from file system: jar:file:///C:/Users/Aissha/.m2/repository/com/github/almasb/fxgl/17.3/fxgl-17.3.jar!/fxglassets/textures/fxgl_default_cursor.png
22:49:19.282 [JavaFX Application Thread] DEBUG Input                - Registered new binding: Screenshot - CTRL+8
22:49:19.283 [JavaFX Application Thread] DEBUG Input                - Registered new binding: System info dump - CTRL+9
22:49:19.283 [JavaFX Application Thread] DEBUG Input                - Registered new binding: Restart - CTRL+R
22:49:19.284 [JavaFX Application Thread] DEBUG Input                - Registered new binding: Toggle Debug Camera - CTRL+7
22:49:19.288 [JavaFX Application Thread] DEBUG LoopRunner           - Starting loop
22:49:19.289 [JavaFX Application Thread] DEBUG LoopRunner           - Initializing JavaFX AnimationTimerLoop
22:49:19.291 [JavaFX Application Thread] DEBUG Input                - Clearing active input actions
22:49:19.299 [JavaFX Application Thread] DEBUG GameApplicationServi - Removing overlay from FXGLStartupScene and adding to FXGLMainMenuDummyScene
22:49:19.301 [JavaFX Application Thread] DEBUG PrimaryStageWindow   - FXGLStartupScene -> FXGLMainMenuDummyScene
22:49:19.301 [JavaFX Application Thread] DEBUG PrimaryStageWindow   - Push state: MainMenuApp
22:49:19.301 [JavaFX Application Thread] DEBUG Input                - Clearing active input actions
22:49:19.306 [JavaFX Application Thread] DEBUG GameApplicationServi - Removing overlay from FXGLMainMenuDummyScene and adding to MainMenuApp
22:49:19.306 [JavaFX Application Thread] DEBUG PrimaryStageWindow   - FXGLMainMenuDummyScene -> MainMenuApp
22:49:19.339 [JavaFX Application Thread] DEBUG FXGLApplication      - Registering font factories with UI factory
22:49:19.950 [FXGL Background Thread 2 ] INFO  UpdaterService       - Your current version:  17.3
22:49:19.950 [FXGL Background Thread 2 ] INFO  UpdaterService       - Latest stable version: 25
22:49:22.161 [FXGL Background Thread 3 ] DEBUG Engine               - Logging environment variables
22:49:22.162 [FXGL Background Thread 3 ] DEBUG Engine               - achievements: []
22:49:22.162 [FXGL Background Thread 3 ] DEBUG Engine               - actualHeight: 720.0
22:49:22.162 [FXGL Background Thread 3 ] DEBUG Engine               - actualHeightProperty: ReadOnlyDoubleProperty [value: 720.0]
22:49:22.162 [FXGL Background Thread 3 ] DEBUG Engine               - actualWidth: 1280.0
22:49:22.162 [FXGL Background Thread 3 ] DEBUG Engine               - actualWidthProperty: ReadOnlyDoubleProperty [value: 1280.0]
22:49:22.162 [FXGL Background Thread 3 ] DEBUG Engine               - appIcon: fxgl_icon.png
22:49:22.163 [FXGL Background Thread 3 ] DEBUG Engine               - applicationMode: DEVELOPER
22:49:22.163 [FXGL Background Thread 3 ] DEBUG Engine               - cSSList: [fxgl_dark.css]
22:49:22.163 [FXGL Background Thread 3 ] DEBUG Engine               - collisionDetectionStrategy: BRUTE_FORCE
22:49:22.163 [FXGL Background Thread 3 ] DEBUG Engine               - configClass: Optional.empty
22:49:22.163 [FXGL Background Thread 3 ] DEBUG Engine               - credits: []
22:49:22.163 [FXGL Background Thread 3 ] DEBUG Engine               - defaultCursor: CursorInfo(imageName=fxgl_default_cursor.png, hotspotX=7.0, hotspotY=6.0)
22:49:22.163 [FXGL Background Thread 3 ] DEBUG Engine               - devBBoxColorProperty: ObjectProperty [value: 0xff0000ff]
22:49:22.163 [FXGL Background Thread 3 ] DEBUG Engine               - devEnableDebugCameraProperty: BooleanProperty [value: false]
22:49:22.163 [FXGL Background Thread 3 ] DEBUG Engine               - devSensorColorProperty: ObjectProperty [value: 0xffff00ff]
22:49:22.163 [FXGL Background Thread 3 ] DEBUG Engine               - devShowBBoxProperty: BooleanProperty [value: false]
22:49:22.164 [FXGL Background Thread 3 ] DEBUG Engine               - devShowPositionProperty: BooleanProperty [value: false]
22:49:22.164 [FXGL Background Thread 3 ] DEBUG Engine               - enabledMenuItems: []
22:49:22.164 [FXGL Background Thread 3 ] DEBUG Engine               - engineServices: [class com.almasb.fxgl.app.services.FXGLAssetLoaderService, class com.almasb.fxgl.app.FXGLApplication$GameApplicationService, class com.almasb.fxgl.app.services.FXGLDialogService, class com.almasb.fxgl.app.services.IOTaskExecutorService, class com.almasb.fxgl.io.FileSystemService, class com.almasb.fxgl.localization.LocalizationService, class com.almasb.fxgl.app.services.SystemBundleService, class com.almasb.fxgl.profile.SaveLoadService, class com.almasb.fxgl.ui.FXGLUIFactoryServiceProvider, class com.almasb.fxgl.ui.FXGLDialogFactoryServiceProvider, class com.almasb.fxgl.audio.AudioPlayer, class com.almasb.fxgl.notification.impl.NotificationServiceProvider, class com.almasb.fxgl.achievement.AchievementService, class com.almasb.fxgl.cutscene.CutsceneService, class com.almasb.fxgl.minigames.MiniGameService, class com.almasb.fxgl.net.NetService, class com.almasb.fxgl.app.services.UpdaterService, class com.almasb.fxgl.dev.DevService]
22:49:22.164 [FXGL Background Thread 3 ] DEBUG Engine               - fontGame: Abel-Regular.ttf
22:49:22.164 [FXGL Background Thread 3 ] DEBUG Engine               - fontMono: TerminalLandMono-Regular.otf
22:49:22.164 [FXGL Background Thread 3 ] DEBUG Engine               - fontSizeScaleUI: 1.0
22:49:22.164 [FXGL Background Thread 3 ] DEBUG Engine               - fontText: Courier-Prime.ttf
22:49:22.164 [FXGL Background Thread 3 ] DEBUG Engine               - fontUI: VarelaRound-Regular.ttf
22:49:22.164 [FXGL Background Thread 3 ] DEBUG Engine               - fullScreen: BooleanProperty [value: false]
22:49:22.164 [FXGL Background Thread 3 ] DEBUG Engine               - gameDifficulty: MEDIUM
22:49:22.164 [FXGL Background Thread 3 ] DEBUG Engine               - gameDifficultyProperty: ObjectProperty [value: MEDIUM]
22:49:22.164 [FXGL Background Thread 3 ] DEBUG Engine               - globalMusicVolume: 0.5
22:49:22.164 [FXGL Background Thread 3 ] DEBUG Engine               - globalMusicVolumeProperty: DoubleProperty [value: 0.5]
22:49:22.164 [FXGL Background Thread 3 ] DEBUG Engine               - globalSoundVolume: 0.5
22:49:22.164 [FXGL Background Thread 3 ] DEBUG Engine               - globalSoundVolumeProperty: DoubleProperty [value: 0.5]
22:49:22.165 [FXGL Background Thread 3 ] DEBUG Engine               - height: 720
22:49:22.165 [FXGL Background Thread 3 ] DEBUG Engine               - is3D: false
22:49:22.165 [FXGL Background Thread 3 ] DEBUG Engine               - isAndroid: false
22:49:22.165 [FXGL Background Thread 3 ] DEBUG Engine               - isBrowser: false
22:49:22.165 [FXGL Background Thread 3 ] DEBUG Engine               - isClickFeedbackEnabled: false
22:49:22.165 [FXGL Background Thread 3 ] DEBUG Engine               - isCloseConfirmation: false
22:49:22.165 [FXGL Background Thread 3 ] DEBUG Engine               - isDesktop: true
22:49:22.165 [FXGL Background Thread 3 ] DEBUG Engine               - isDeveloperMenuEnabled: false
22:49:22.165 [FXGL Background Thread 3 ] DEBUG Engine               - isEmbedded: false
22:49:22.165 [FXGL Background Thread 3 ] DEBUG Engine               - isEntityPreloadEnabled: true
22:49:22.165 [FXGL Background Thread 3 ] DEBUG Engine               - isExperimentalTiledLargeMap: false
22:49:22.165 [FXGL Background Thread 3 ] DEBUG Engine               - isFileSystemWriteAllowed: true
22:49:22.165 [FXGL Background Thread 3 ] DEBUG Engine               - isFullScreenAllowed: false
22:49:22.165 [FXGL Background Thread 3 ] DEBUG Engine               - isFullScreenFromStart: false
22:49:22.165 [FXGL Background Thread 3 ] DEBUG Engine               - isGameMenuEnabled: true
22:49:22.165 [FXGL Background Thread 3 ] DEBUG Engine               - isIOS: false
22:49:22.165 [FXGL Background Thread 3 ] DEBUG Engine               - isIntroEnabled: false
22:49:22.165 [FXGL Background Thread 3 ] DEBUG Engine               - isLinux: false
22:49:22.166 [FXGL Background Thread 3 ] DEBUG Engine               - isMac: false
22:49:22.166 [FXGL Background Thread 3 ] DEBUG Engine               - isMainMenuEnabled: true
22:49:22.166 [FXGL Background Thread 3 ] DEBUG Engine               - isManualResizeEnabled: false
22:49:22.166 [FXGL Background Thread 3 ] DEBUG Engine               - isMobile: false
22:49:22.166 [FXGL Background Thread 3 ] DEBUG Engine               - isNative: false
22:49:22.166 [FXGL Background Thread 3 ] DEBUG Engine               - isPauseMusicWhenMinimized: true
22:49:22.166 [FXGL Background Thread 3 ] DEBUG Engine               - isPreserveResizeRatio: false
22:49:22.166 [FXGL Background Thread 3 ] DEBUG Engine               - isProfilingEnabled: false
22:49:22.166 [FXGL Background Thread 3 ] DEBUG Engine               - isScaleAffectedOnResize: true
22:49:22.166 [FXGL Background Thread 3 ] DEBUG Engine               - isSingleStep: false
22:49:22.166 [FXGL Background Thread 3 ] DEBUG Engine               - isUserProfileEnabled: false
22:49:22.166 [FXGL Background Thread 3 ] DEBUG Engine               - isWindows: true
22:49:22.166 [FXGL Background Thread 3 ] DEBUG Engine               - language: ObjectProperty [value: ENGLISH]
22:49:22.166 [FXGL Background Thread 3 ] DEBUG Engine               - menuKey: ESCAPE
22:49:22.167 [FXGL Background Thread 3 ] DEBUG Engine               - mouseSensitivity: 0.2
22:49:22.167 [FXGL Background Thread 3 ] DEBUG Engine               - notificationViewClass: class com.almasb.fxgl.notification.view.XboxNotificationView
22:49:22.167 [FXGL Background Thread 3 ] DEBUG Engine               - pixelsPerMeter: 50.0
22:49:22.167 [FXGL Background Thread 3 ] DEBUG Engine               - platform: WINDOWS
22:49:22.167 [FXGL Background Thread 3 ] DEBUG Engine               - prefHeightProperty: ReadOnlyDoubleProperty [value: 720.0]
22:49:22.167 [FXGL Background Thread 3 ] DEBUG Engine               - prefWidthProperty: ReadOnlyDoubleProperty [value: 1280.0]
22:49:22.167 [FXGL Background Thread 3 ] DEBUG Engine               - profileDir: profiles/
22:49:22.167 [FXGL Background Thread 3 ] DEBUG Engine               - profileName: StringProperty [value: DEFAULT]
22:49:22.167 [FXGL Background Thread 3 ] DEBUG Engine               - randomSeed: -1
22:49:22.167 [FXGL Background Thread 3 ] DEBUG Engine               - runtimeInfo: RuntimeInfo(platform=WINDOWS, version=17.3, build=30.03.2023 11.49)
22:49:22.167 [FXGL Background Thread 3 ] DEBUG Engine               - saveFileExt: sav
22:49:22.167 [FXGL Background Thread 3 ] DEBUG Engine               - scaledHeightProp$fxgl: DoubleProperty [bound, value: 720.0]
22:49:22.168 [FXGL Background Thread 3 ] DEBUG Engine               - scaledWidthProp$fxgl: DoubleProperty [bound, value: 1280.0]
22:49:22.168 [FXGL Background Thread 3 ] DEBUG Engine               - sceneFactory: com.example.csit228capstonesirjaysimulator.application.MenuFactory@3b6441df
22:49:22.168 [FXGL Background Thread 3 ] DEBUG Engine               - secondsIn24h: 60
22:49:22.168 [FXGL Background Thread 3 ] DEBUG Engine               - soundMenuBack: menu/back.wav
22:49:22.168 [FXGL Background Thread 3 ] DEBUG Engine               - soundMenuPress: menu/press.wav
22:49:22.168 [FXGL Background Thread 3 ] DEBUG Engine               - soundMenuSelect: menu/select.wav
22:49:22.168 [FXGL Background Thread 3 ] DEBUG Engine               - soundNotification: core/notification.wav
22:49:22.168 [FXGL Background Thread 3 ] DEBUG Engine               - stageStyle: DECORATED
22:49:22.168 [FXGL Background Thread 3 ] DEBUG Engine               - supportedLanguages: [ENGLISH, FRENCH, GERMAN, HUNGARIAN, RUSSIAN]
22:49:22.168 [FXGL Background Thread 3 ] DEBUG Engine               - ticksPerSecond: -1
22:49:22.168 [FXGL Background Thread 3 ] DEBUG Engine               - title: Sir Serato Simulator
22:49:22.168 [FXGL Background Thread 3 ] DEBUG Engine               - urlGithub: https://github.com/AlmasB/FXGL
22:49:22.168 [FXGL Background Thread 3 ] DEBUG Engine               - urlLeaderboard: http://fxgl-top.herokuapp.com/
22:49:22.168 [FXGL Background Thread 3 ] DEBUG Engine               - urlPOM: https://raw.githubusercontent.com/AlmasB/FXGL/release/README.md
22:49:22.168 [FXGL Background Thread 3 ] DEBUG Engine               - userAppClass: class com.example.csit228capstonesirjaysimulator.application.GameLevelApp
22:49:22.168 [FXGL Background Thread 3 ] DEBUG Engine               - version: 0.0
22:49:22.168 [FXGL Background Thread 3 ] DEBUG Engine               - versionCheckDays: 7
22:49:22.168 [FXGL Background Thread 3 ] DEBUG Engine               - width: 1280
22:49:22.168 [FXGL Background Thread 3 ] DEBUG Engine               - Logging services
22:49:22.168 [FXGL Background Thread 3 ] DEBUG Engine               - class com.almasb.fxgl.app.services.FXGLAssetLoaderService
22:49:22.168 [FXGL Background Thread 3 ] DEBUG Engine               - class com.almasb.fxgl.app.FXGLApplication$GameApplicationService
22:49:22.168 [FXGL Background Thread 3 ] DEBUG Engine               - class com.almasb.fxgl.app.services.FXGLDialogService
22:49:22.168 [FXGL Background Thread 3 ] DEBUG Engine               - class com.almasb.fxgl.app.services.IOTaskExecutorService
22:49:22.169 [FXGL Background Thread 3 ] DEBUG Engine               - class com.almasb.fxgl.io.FileSystemService
22:49:22.169 [FXGL Background Thread 3 ] DEBUG Engine               - class com.almasb.fxgl.localization.LocalizationService
22:49:22.169 [FXGL Background Thread 3 ] DEBUG Engine               - class com.almasb.fxgl.app.services.SystemBundleService
22:49:22.169 [FXGL Background Thread 3 ] DEBUG Engine               - class com.almasb.fxgl.profile.SaveLoadService
22:49:22.169 [FXGL Background Thread 3 ] DEBUG Engine               - class com.almasb.fxgl.ui.FXGLUIFactoryServiceProvider
22:49:22.169 [FXGL Background Thread 3 ] DEBUG Engine               - class com.almasb.fxgl.ui.FXGLDialogFactoryServiceProvider
22:49:22.169 [FXGL Background Thread 3 ] DEBUG Engine               - class com.almasb.fxgl.audio.AudioPlayer
22:49:22.169 [FXGL Background Thread 3 ] DEBUG Engine               - class com.almasb.fxgl.notification.impl.NotificationServiceProvider
22:49:22.169 [FXGL Background Thread 3 ] DEBUG Engine               - class com.almasb.fxgl.achievement.AchievementService
22:49:22.169 [FXGL Background Thread 3 ] DEBUG Engine               - class com.almasb.fxgl.cutscene.CutsceneService
22:49:22.169 [FXGL Background Thread 3 ] DEBUG Engine               - class com.almasb.fxgl.minigames.MiniGameService
22:49:22.169 [FXGL Background Thread 3 ] DEBUG Engine               - class com.almasb.fxgl.net.NetService
22:49:22.169 [FXGL Background Thread 3 ] DEBUG Engine               - class com.almasb.fxgl.app.services.UpdaterService
22:49:22.169 [FXGL Background Thread 3 ] DEBUG Engine               - class com.almasb.fxgl.dev.DevService
22:49:23.481 [JavaFX Application Thread] DEBUG Input                - Registered new binding: Advance - Enter
22:49:23.481 [JavaFX Application Thread] DEBUG FXGLAssetLoaderServi - Loading from file system: file:/C:/Users/Aissha/IdeaProjects/JavaFX%20Projects/CSIT228-Capstone-Sir-Jay-Simulator/target/classes/assets/music/classroom.wav
22:49:23.487 [JavaFX Application Thread] DEBUG AudioPlayer          - Playing music com.almasb.fxgl.audio.Music@3403ae13
22:49:23.495 [JavaFX Application Thread] DEBUG PrimaryStageWindow   - Push state: IntroCutScene
22:49:23.495 [JavaFX Application Thread] DEBUG Input                - Clearing active input actions
22:49:23.499 [JavaFX Application Thread] DEBUG GameApplicationServi - Removing overlay from MainMenuApp and adding to IntroCutScene
22:49:23.499 [JavaFX Application Thread] DEBUG PrimaryStageWindow   - MainMenuApp -> IntroCutScene
22:49:29.529 [JavaFX Application Thread] DEBUG FXGLAssetLoaderServi - Loading from file system: file:/C:/Users/Aissha/IdeaProjects/JavaFX%20Projects/CSIT228-Capstone-Sir-Jay-Simulator/target/classes/assets/sounds/howsurdayeverybody2.wav
22:49:31.002 [JavaFX Application Thread] DEBUG FXGLAssetLoaderServi - Loading from file system: file:/C:/Users/Aissha/IdeaProjects/JavaFX%20Projects/CSIT228-Capstone-Sir-Jay-Simulator/target/classes/assets/sounds/coolandnormal.wav
22:49:32.133 [JavaFX Application Thread] DEBUG FXGLAssetLoaderServi - Loading from file system: file:/C:/Users/Aissha/IdeaProjects/JavaFX%20Projects/CSIT228-Capstone-Sir-Jay-Simulator/target/classes/assets/sounds/good2.wav
22:49:32.998 [JavaFX Application Thread] DEBUG FXGLAssetLoaderServi - Loading from file system: file:/C:/Users/Aissha/IdeaProjects/JavaFX%20Projects/CSIT228-Capstone-Sir-Jay-Simulator/target/classes/assets/sounds/trees.wav
22:49:36.980 [JavaFX Application Thread] DEBUG FXGLAssetLoaderServi - Loading from file system: file:/C:/Users/Aissha/IdeaProjects/JavaFX%20Projects/CSIT228-Capstone-Sir-Jay-Simulator/target/classes/assets/music/mii_discussion_boosted.mp3
22:49:36.987 [JavaFX Application Thread] DEBUG AudioPlayer          - Playing music com.almasb.fxgl.audio.Music@54d5535e
22:49:52.217 [JavaFX Application Thread] DEBUG FXGLAssetLoaderServi - Loading from file system: file:/C:/Users/Aissha/IdeaProjects/JavaFX%20Projects/CSIT228-Capstone-Sir-Jay-Simulator/target/classes/assets/sounds/quiz.wav
22:49:54.764 [JavaFX Application Thread] DEBUG FXGLAssetLoaderServi - Loading from file system: file:/C:/Users/Aissha/IdeaProjects/JavaFX%20Projects/CSIT228-Capstone-Sir-Jay-Simulator/target/classes/assets/sounds/waitsasir.wav
22:49:55.594 [JavaFX Application Thread] DEBUG FXGLAssetLoaderServi - Loading from file system: file:/C:/Users/Aissha/IdeaProjects/JavaFX%20Projects/CSIT228-Capstone-Sir-Jay-Simulator/target/classes/assets/sounds/onefourth.wav
22:49:56.379 [JavaFX Application Thread] DEBUG AudioPlayer          - Stopping music com.almasb.fxgl.audio.Music@3b2f5b5f
22:49:56.422 [JavaFX Application Thread] DEBUG AudioPlayer          - Stopping music com.almasb.fxgl.audio.Music@3403ae13
22:49:56.423 [JavaFX Application Thread] DEBUG AudioPlayer          - Stopping music com.almasb.fxgl.audio.Music@54d5535e
22:49:56.423 [JavaFX Application Thread] DEBUG Menu                 - fireNewGame()
22:49:56.423 [JavaFX Application Thread] DEBUG GameApplicationServi - Starting new game
22:49:56.424 [JavaFX Application Thread] DEBUG PrimaryStageWindow   - Pop state: IntroCutScene
22:49:56.424 [JavaFX Application Thread] DEBUG Input                - Clearing active input actions
22:49:56.424 [JavaFX Application Thread] DEBUG GameApplicationServi - Removing overlay from IntroCutScene and adding to MainMenuApp
22:49:56.425 [JavaFX Application Thread] DEBUG PrimaryStageWindow   - MainMenuApp <- IntroCutScene
22:49:56.425 [JavaFX Application Thread] DEBUG PrimaryStageWindow   - Pop state: MainMenuApp
22:49:56.425 [JavaFX Application Thread] DEBUG Input                - Clearing active input actions
22:49:56.425 [JavaFX Application Thread] DEBUG GameApplicationServi - Removing overlay from MainMenuApp and adding to FXGLMainMenuDummyScene
22:49:56.425 [JavaFX Application Thread] DEBUG PrimaryStageWindow   - FXGLMainMenuDummyScene <- MainMenuApp
22:49:56.425 [JavaFX Application Thread] DEBUG Input                - Clearing active input actions
22:49:56.434 [JavaFX Application Thread] DEBUG GameApplicationServi - Removing overlay from FXGLMainMenuDummyScene and adding to FXGLLoadingScene
22:49:56.434 [JavaFX Application Thread] DEBUG PrimaryStageWindow   - FXGLMainMenuDummyScene -> FXGLLoadingScene
22:49:56.434 [JavaFX Application Thread] DEBUG GameApplicationServi - Clearing previous game
22:49:56.434 [JavaFX Application Thread] DEBUG GameScene            - Clearing game scene
22:49:56.434 [JavaFX Application Thread] DEBUG GameWorld            - Clearing game world
22:49:56.434 [JavaFX Application Thread] DEBUG PhysicsWorld         - Clearing physics world
22:49:56.436 [FXGL Background Thread 2 ] DEBUG FXGLApplication      - Initializing game
22:49:56.450 [FXGL Background Thread 2 ] DEBUG FXGLAssetLoaderServi - Loading from file system: file:/C:/Users/Aissha/IdeaProjects/JavaFX%20Projects/CSIT228-Capstone-Sir-Jay-Simulator/target/classes/assets/textures/rainbow.jpg
22:49:56.513 [FXGL Background Thread 2 ] DEBUG FXGLAssetLoaderServi - Loading from file system: file:/C:/Users/Aissha/IdeaProjects/JavaFX%20Projects/CSIT228-Capstone-Sir-Jay-Simulator/target/classes/assets/textures/applejack.jpg
22:49:56.551 [FXGL Background Thread 2 ] DEBUG FXGLAssetLoaderServi - Loading from file system: file:/C:/Users/Aissha/IdeaProjects/JavaFX%20Projects/CSIT228-Capstone-Sir-Jay-Simulator/target/classes/assets/textures/teacherView_leftSide.PNG
22:49:57.089 [FXGL Background Thread 2 ] INFO  FXGLApplication      - Game initialization took: 0.652 sec
22:49:57.094 [JavaFX Application Thread] DEBUG Input                - Clearing active input actions
22:49:57.111 [JavaFX Application Thread] DEBUG GameApplicationServi - Removing overlay from FXGLLoadingScene and adding to GameScene
22:49:57.111 [JavaFX Application Thread] DEBUG PrimaryStageWindow   - FXGLLoadingScene -> GameScene
22:49:59.496 [JavaFX Application Thread] DEBUG FXGLAssetLoaderServi - Loading from file system: file:/C:/Users/Aissha/IdeaProjects/JavaFX%20Projects/CSIT228-Capstone-Sir-Jay-Simulator/target/classes/assets/textures/teacherView_rightSide.PNG
22:50:05.834 [JavaFX Application Thread] DEBUG LoopRunner           - Stopping loop
22:50:05.837 [JavaFX Application Thread] FATAL FXGLApplication      - Uncaught Exception:
java.lang.IllegalArgumentException: Property isRight does not exist
	at com.almasb.fxgl.core@17.3/com.almasb.fxgl.core.collection.PropertyMap.get(PropertyMap.kt:279)
	at com.almasb.fxgl.core@17.3/com.almasb.fxgl.core.collection.PropertyMap.booleanProperty(PropertyMap.kt:170)
	at com.almasb.fxgl.core@17.3/com.almasb.fxgl.core.collection.PropertyMap.getBoolean(PropertyMap.kt:160)
	at com.almasb.fxgl.all@17.3/com.almasb.fxgl.dsl.FXGL$Companion.getb(FXGL.kt:310)
	at com.almasb.fxgl.all@17.3/com.almasb.fxgl.dsl.FXGL.getb(FXGL.kt)
	at com.example.csit228capstonesirjaysimulator/com.example.csit228capstonesirjaysimulator.component.student.DistractIdleState.onUpdate(DistractIdleState.java:18)
	at com.example.csit228capstonesirjaysimulator/com.example.csit228capstonesirjaysimulator.component.student.StudentComponent.onUpdate(StudentComponent.java:14)
	at com.almasb.fxgl.entity@17.3/com.almasb.fxgl.entity.Entity$ComponentMap.update(Entity.java:60)
	at com.almasb.fxgl.entity@17.3/com.almasb.fxgl.entity.Entity.update(Entity.java:248)
	at com.almasb.fxgl.entity@17.3/com.almasb.fxgl.entity.GameWorld.onUpdate(GameWorld.kt:177)
	at com.almasb.fxgl.all@17.3/com.almasb.fxgl.app.scene.GameScene.step(GameScene.kt:228)
	at com.almasb.fxgl.all@17.3/com.almasb.fxgl.app.scene.GameScene.onUpdate(GameScene.kt:224)
	at com.almasb.fxgl.scene@17.3/com.almasb.fxgl.scene.Scene.update(Scene.kt:105)
	at com.almasb.fxgl.all@17.3/com.almasb.fxgl.app.MainWindow$update$1.invoke(MainWindow.kt:115)
	at com.almasb.fxgl.all@17.3/com.almasb.fxgl.app.MainWindow$update$1.invoke(MainWindow.kt:115)
	at com.almasb.fxgl.core@17.3/com.almasb.fxgl.core.fsm.StateMachine.runOnActiveStates(StateMachine.kt:69)
	at com.almasb.fxgl.all@17.3/com.almasb.fxgl.app.MainWindow.update(MainWindow.kt:115)
	at com.almasb.fxgl.all@17.3/com.almasb.fxgl.app.FXGLApplication$GameApplicationService.onUpdate(FXGLApplication.kt:426)
	at com.almasb.fxgl.all@17.3/com.almasb.fxgl.app.Engine.loop(Engine.kt:134)
	at com.almasb.fxgl.all@17.3/com.almasb.fxgl.app.Engine.access$loop(Engine.kt:24)
	at com.almasb.fxgl.all@17.3/com.almasb.fxgl.app.Engine$loop$1.invoke(Engine.kt:28)
	at com.almasb.fxgl.all@17.3/com.almasb.fxgl.app.Engine$loop$1.invoke(Engine.kt:28)
	at com.almasb.fxgl.all@17.3/com.almasb.fxgl.app.LoopRunner.frame(LoopRunner.kt:103)
	at com.almasb.fxgl.all@17.3/com.almasb.fxgl.app.LoopRunner.access$frame(LoopRunner.kt:23)
	at com.almasb.fxgl.all@17.3/com.almasb.fxgl.app.LoopRunner$impl$2$1.onTick(LoopRunner.kt:57)
	at com.almasb.fxgl.all@17.3/com.almasb.fxgl.app.AnimationTimerLoop$timer$1.handle(LoopRunner.kt:137)
	at javafx.graphics@21.0.6/javafx.animation.AnimationTimer$AnimationTimerReceiver.lambda$handle$0(AnimationTimer.java:58)
	at java.base/java.security.AccessController.doPrivileged(AccessController.java:138)
	at javafx.graphics@21.0.6/javafx.animation.AnimationTimer$AnimationTimerReceiver.handle(AnimationTimer.java:57)
	at javafx.graphics@21.0.6/com.sun.scenario.animation.AbstractPrimaryTimer.timePulseImpl(AbstractPrimaryTimer.java:356)
	at javafx.graphics@21.0.6/com.sun.scenario.animation.AbstractPrimaryTimer$MainLoop.run(AbstractPrimaryTimer.java:266)
	at javafx.graphics@21.0.6/com.sun.javafx.tk.quantum.QuantumToolkit.pulse(QuantumToolkit.java:588)
	at javafx.graphics@21.0.6/com.sun.javafx.tk.quantum.QuantumToolkit.pulse(QuantumToolkit.java:572)
	at javafx.graphics@21.0.6/com.sun.javafx.tk.quantum.QuantumToolkit.pulseFromQueue(QuantumToolkit.java:565)
	at javafx.graphics@21.0.6/com.sun.javafx.tk.quantum.QuantumToolkit.lambda$runToolkit$11(QuantumToolkit.java:352)
	at javafx.graphics@21.0.6/com.sun.glass.ui.InvokeLaterDispatcher$Future.run(InvokeLaterDispatcher.java:95)
	at javafx.graphics@21.0.6/com.sun.glass.ui.win.WinApplication._runLoop(Native Method)
	at javafx.graphics@21.0.6/com.sun.glass.ui.win.WinApplication.lambda$runLoop$3(WinApplication.java:185)
	at java.base/java.lang.Thread.run(Thread.java:1447)

22:50:05.838 [JavaFX Application Thread] FATAL FXGLApplication      - Application will now exit
22:50:05.884 [JavaFX Application Thread] DEBUG PrimaryStageWindow   - Push state: ErrorSubScene
22:50:05.884 [JavaFX Application Thread] DEBUG Input                - Clearing active input actions
22:50:05.896 [JavaFX Application Thread] DEBUG GameApplicationServi - Removing overlay from GameScene and adding to ErrorSubScene
22:50:05.897 [JavaFX Application Thread] DEBUG PrimaryStageWindow   - GameScene -> ErrorSubScene
22:50:54.451 [JavaFX Application Thread] DEBUG FXGLApplication      - Exiting FXGL
22:50:54.451 [JavaFX Application Thread] DEBUG Async                - Shutting down background threads
22:50:54.451 [JavaFX Application Thread] DEBUG PrimaryStageWindow   - Closing main window
22:50:54.469 [JavaFX Application Thread] DEBUG Logger               - Closing Logger
