12:41:43.015 [main                     ] DEBUG Logger               - Configured Logger
12:41:43.019 [main                     ] DEBUG GameApplication      - Logging settings
Title: Sir Serato Simulator
Version: 0.0
Width: 1280
Height: 720
Fullscreen: false
Intro: false
Profiling: false
Single step:false
App Mode: DEVELOPER
Menu Key: ESCAPE
Stage Style: DECORATED
Scene Factory: class com.example.csit228capstonesirjaysimulator.application.MenuFactory

12:41:43.231 [JavaFX Application Thread] DEBUG FXGLApplication      - Initializing FXGL
12:41:43.232 [JavaFX Application Thread] INFO  Engine               - FXGL-17.3 (30.03.2023 11.49) on MAC (J:25.0.1 FX:21.0.6)
12:41:43.232 [JavaFX Application Thread] DEBUG Engine               - JRE Vendor Name: Oracle Corporation
12:41:43.232 [JavaFX Application Thread] DEBUG Engine               - Running on OS: Mac OS X version 14.6
12:41:43.232 [JavaFX Application Thread] DEBUG Engine               - Architecture: aarch64
12:41:43.233 [JavaFX Application Thread] INFO  Engine               - Source code and latest versions at: https://github.com/AlmasB/FXGL
12:41:43.233 [JavaFX Application Thread] INFO  Engine               -       Ask questions and discuss at: https://github.com/AlmasB/FXGL/discussions
12:41:43.233 [JavaFX Application Thread] INFO  Engine               -              Join the FXGL chat at: https://gitter.im/AlmasB/FXGL
12:41:43.271 [JavaFX Application Thread] DEBUG PrimaryStageWindow   - Creating a JavaFX scene
12:41:43.290 [JavaFX Application Thread] DEBUG PrimaryStageWindow   - Target settings size: 1280.0 x 720.0
12:41:43.290 [JavaFX Application Thread] DEBUG PrimaryStageWindow   - Scaled scene size:    1280.0 x 720.0
12:41:43.290 [JavaFX Application Thread] DEBUG PrimaryStageWindow   - Scaled ratio: (1.0, 1.0)
12:41:43.291 [JavaFX Application Thread] DEBUG PrimaryStageWindow   - Set initial scene to FXGLStartupScene
12:41:43.292 [JavaFX Application Thread] DEBUG PrimaryStageWindow   - Opening main window
12:41:43.347 [JavaFX Application Thread] DEBUG PrimaryStageWindow   - Window border size: (0.0, 28.0)
12:41:43.348 [JavaFX Application Thread] DEBUG PrimaryStageWindow   - Scaled size: 1280.0 x 720.0
12:41:43.348 [JavaFX Application Thread] DEBUG PrimaryStageWindow   - Scaled ratio: (1.0, 1.0)
12:41:43.348 [JavaFX Application Thread] DEBUG PrimaryStageWindow   - Scene size: 1280.0 x 720.0
12:41:43.348 [JavaFX Application Thread] DEBUG PrimaryStageWindow   - Stage size: 1280.0 x 748.0
12:41:43.351 [FXGL Background Thread 1 ] DEBUG Engine               - Initializing environment variables
12:41:43.379 [FXGL Background Thread 1 ] DEBUG FXGLAssetLoaderServi - User app class for loading assets: class com.example.csit228capstonesirjaysimulator.application.GameLevelApp
12:41:43.379 [FXGL Background Thread 1 ] DEBUG GameApplicationServi - Applying CSS: fxgl_dark.css
12:41:43.380 [FXGL Background Thread 1 ] DEBUG FXGLAssetLoaderServi - Loading from file system: jar:file:///Users/chloejuliageonzon/.m2/repository/com/github/almasb/fxgl/17.3/fxgl-17.3.jar!/fxglassets/ui/css/fxgl_dark.css
12:41:43.407 [FXGL Background Thread 1 ] DEBUG GameApplicationServi - Initializing application scenes
12:41:43.474 [FXGL Background Thread 1 ] DEBUG GameWorld            - Game world initialized
12:41:43.498 [FXGL Background Thread 1 ] DEBUG PhysicsWorld         - Physics world initialized: appHeight=720, physics.ppm=50.0
12:41:43.498 [FXGL Background Thread 1 ] DEBUG PhysicsWorld         - Using strategy: BRUTE_FORCE
12:41:43.499 [FXGL Background Thread 1 ] DEBUG GameScene            - Game scene initialized: 1280x720
12:41:43.808 [FXGL Background Thread 1 ] DEBUG FXGLAssetLoaderServi - Loading from file system: file:/Users/chloejuliageonzon/Documents/IdeaProjects/School/CSIT228-Capstone-Sir-Jay-Simulator/target/classes/assets/music/intro_music.wav
12:41:43.950 [FXGL Background Thread 1 ] DEBUG AudioPlayer          - Playing music com.almasb.fxgl.audio.Music@615213d1
12:41:43.958 [FXGL Background Thread 1 ] DEBUG FXGL.DefaultMenu     - createMenuBodyGameMenu()
12:41:43.967 [FXGL Background Thread 1 ] DEBUG FXGL.DefaultMenu     - createOptionsMenu()
12:41:43.971 [FXGL Background Thread 1 ] DEBUG FXGLAssetLoaderServi - Loading from file system: jar:file:///Users/chloejuliageonzon/.m2/repository/com/github/almasb/fxgl/17.3/fxgl-17.3.jar!/fxglassets/textures/particles/smoke.png
12:41:44.006 [FXGL Background Thread 1 ] DEBUG FXGLAssetLoaderServi - Loading from file system: jar:file:///Users/chloejuliageonzon/.m2/repository/com/github/almasb/fxgl/17.3/fxgl-17.3.jar!/fxglassets/textures/particles/trace_horizontal.png
12:41:44.013 [FXGL Background Thread 1 ] DEBUG GameApplicationServi - Application scenes initialized
12:41:44.016 [FXGL Background Thread 1 ] DEBUG SystemBundleService  - Loading FXGL system data
12:41:44.018 [FXGL Background Thread 1 ] DEBUG FileSystemAccess     - Reading from: /Users/chloejuliageonzon/Documents/IdeaProjects/School/CSIT228-Capstone-Sir-Jay-Simulator/system/fxgl.bundle
12:41:44.021 [FXGL Background Thread 1 ] DEBUG SystemBundleService  - Bundle FXGL: {}
12:41:44.021 [FXGL Background Thread 1 ] DEBUG UpdaterService       - Checking for updates
12:41:44.022 [FXGL Background Thread 4 ] DEBUG FXGLApplication      - Loading fonts
12:41:44.022 [FXGL Background Thread 4 ] DEBUG FXGLAssetLoaderServi - Loading from file system: jar:file:///Users/chloejuliageonzon/.m2/repository/com/github/almasb/fxgl/17.3/fxgl-17.3.jar!/fxglassets/ui/fonts/VarelaRound-Regular.ttf
12:41:44.022 [FXGL Background Thread 1 ] DEBUG FXGLApplication      - Loading default localization
12:41:44.022 [FXGL Background Thread 1 ] DEBUG FXGLAssetLoaderServi - Loading from file system: jar:file:///Users/chloejuliageonzon/.m2/repository/com/github/almasb/fxgl/17.3/fxgl-17.3.jar!/fxglassets/languages/english.lang
12:41:44.034 [FXGL Background Thread 4 ] DEBUG FXGLAssetLoaderServi - Loading from file system: jar:file:///Users/chloejuliageonzon/.m2/repository/com/github/almasb/fxgl/17.3/fxgl-17.3.jar!/fxglassets/ui/fonts/Abel-Regular.ttf
12:41:44.034 [FXGL Background Thread 1 ] INFO  FXGLApplication      - FXGL initialization took: 0.684 sec
12:41:44.035 [FXGL Background Thread 4 ] DEBUG FXGLAssetLoaderServi - Loading from file system: jar:file:///Users/chloejuliageonzon/.m2/repository/com/github/almasb/fxgl/17.3/fxgl-17.3.jar!/fxglassets/ui/fonts/TerminalLandMono-Regular.otf
12:41:44.036 [JavaFX Application Thread] DEBUG Input                - Registered new binding: action0 - LMB
12:41:44.037 [FXGL Background Thread 4 ] DEBUG FXGLAssetLoaderServi - Loading from file system: jar:file:///Users/chloejuliageonzon/.m2/repository/com/github/almasb/fxgl/17.3/fxgl-17.3.jar!/fxglassets/ui/fonts/Courier-Prime.ttf
12:41:44.038 [JavaFX Application Thread] DEBUG Input                - Registered new binding: Switch Screen Left - A
12:41:44.038 [JavaFX Application Thread] DEBUG Input                - Registered new binding: Switch Screen Right - D
12:41:44.038 [JavaFX Application Thread] DEBUG Input                - Registered new binding: PAGHILOM! - E
12:41:44.038 [JavaFX Application Thread] DEBUG FXGLAssetLoaderServi - Loading from file system: jar:file:///Users/chloejuliageonzon/.m2/repository/com/github/almasb/fxgl/17.3/fxgl-17.3.jar!/fxglassets/textures/fxgl_icon.png
12:41:44.047 [JavaFX Application Thread] DEBUG FXGLAssetLoaderServi - Loading from file system: jar:file:///Users/chloejuliageonzon/.m2/repository/com/github/almasb/fxgl/17.3/fxgl-17.3.jar!/fxglassets/textures/fxgl_default_cursor.png
12:41:44.048 [JavaFX Application Thread] DEBUG Input                - Registered new binding: Screenshot - CTRL+8
12:41:44.048 [JavaFX Application Thread] DEBUG Input                - Registered new binding: System info dump - CTRL+9
12:41:44.048 [JavaFX Application Thread] DEBUG Input                - Registered new binding: Restart - CTRL+R
12:41:44.048 [JavaFX Application Thread] DEBUG Input                - Registered new binding: Toggle Debug Camera - CTRL+7
12:41:44.049 [JavaFX Application Thread] DEBUG LoopRunner           - Starting loop
12:41:44.049 [JavaFX Application Thread] DEBUG LoopRunner           - Initializing JavaFX AnimationTimerLoop
12:41:44.050 [JavaFX Application Thread] DEBUG Input                - Clearing active input actions
12:41:44.052 [JavaFX Application Thread] DEBUG GameApplicationServi - Removing overlay from FXGLStartupScene and adding to FXGLMainMenuDummyScene
12:41:44.052 [JavaFX Application Thread] DEBUG PrimaryStageWindow   - FXGLStartupScene -> FXGLMainMenuDummyScene
12:41:44.052 [JavaFX Application Thread] DEBUG PrimaryStageWindow   - Push state: MainMenuApp
12:41:44.052 [JavaFX Application Thread] DEBUG Input                - Clearing active input actions
12:41:44.053 [JavaFX Application Thread] DEBUG GameApplicationServi - Removing overlay from FXGLMainMenuDummyScene and adding to MainMenuApp
12:41:44.053 [JavaFX Application Thread] DEBUG PrimaryStageWindow   - FXGLMainMenuDummyScene -> MainMenuApp
12:41:44.066 [JavaFX Application Thread] DEBUG FXGLApplication      - Registering font factories with UI factory
12:41:44.609 [FXGL Background Thread 2 ] INFO  UpdaterService       - Your current version:  17.3
12:41:44.609 [FXGL Background Thread 2 ] INFO  UpdaterService       - Latest stable version: 25
12:41:47.027 [FXGL Background Thread 3 ] DEBUG Engine               - Logging environment variables
12:41:47.027 [FXGL Background Thread 3 ] DEBUG Engine               - achievements: []
12:41:47.028 [FXGL Background Thread 3 ] DEBUG Engine               - actualHeight: 720.0
12:41:47.028 [FXGL Background Thread 3 ] DEBUG Engine               - actualHeightProperty: ReadOnlyDoubleProperty [value: 720.0]
12:41:47.028 [FXGL Background Thread 3 ] DEBUG Engine               - actualWidth: 1280.0
12:41:47.028 [FXGL Background Thread 3 ] DEBUG Engine               - actualWidthProperty: ReadOnlyDoubleProperty [value: 1280.0]
12:41:47.028 [FXGL Background Thread 3 ] DEBUG Engine               - appIcon: fxgl_icon.png
12:41:47.029 [FXGL Background Thread 3 ] DEBUG Engine               - applicationMode: DEVELOPER
12:41:47.029 [FXGL Background Thread 3 ] DEBUG Engine               - cSSList: [fxgl_dark.css]
12:41:47.029 [FXGL Background Thread 3 ] DEBUG Engine               - collisionDetectionStrategy: BRUTE_FORCE
12:41:47.029 [FXGL Background Thread 3 ] DEBUG Engine               - configClass: Optional.empty
12:41:47.029 [FXGL Background Thread 3 ] DEBUG Engine               - credits: []
12:41:47.029 [FXGL Background Thread 3 ] DEBUG Engine               - defaultCursor: CursorInfo(imageName=fxgl_default_cursor.png, hotspotX=7.0, hotspotY=6.0)
12:41:47.030 [FXGL Background Thread 3 ] DEBUG Engine               - devBBoxColorProperty: ObjectProperty [value: 0xff0000ff]
12:41:47.030 [FXGL Background Thread 3 ] DEBUG Engine               - devEnableDebugCameraProperty: BooleanProperty [value: false]
12:41:47.030 [FXGL Background Thread 3 ] DEBUG Engine               - devSensorColorProperty: ObjectProperty [value: 0xffff00ff]
12:41:47.030 [FXGL Background Thread 3 ] DEBUG Engine               - devShowBBoxProperty: BooleanProperty [value: false]
12:41:47.030 [FXGL Background Thread 3 ] DEBUG Engine               - devShowPositionProperty: BooleanProperty [value: false]
12:41:47.030 [FXGL Background Thread 3 ] DEBUG Engine               - enabledMenuItems: []
12:41:47.030 [FXGL Background Thread 3 ] DEBUG Engine               - engineServices: [class com.almasb.fxgl.app.services.FXGLAssetLoaderService, class com.almasb.fxgl.app.FXGLApplication$GameApplicationService, class com.almasb.fxgl.app.services.FXGLDialogService, class com.almasb.fxgl.app.services.IOTaskExecutorService, class com.almasb.fxgl.io.FileSystemService, class com.almasb.fxgl.localization.LocalizationService, class com.almasb.fxgl.app.services.SystemBundleService, class com.almasb.fxgl.profile.SaveLoadService, class com.almasb.fxgl.ui.FXGLUIFactoryServiceProvider, class com.almasb.fxgl.ui.FXGLDialogFactoryServiceProvider, class com.almasb.fxgl.audio.AudioPlayer, class com.almasb.fxgl.notification.impl.NotificationServiceProvider, class com.almasb.fxgl.achievement.AchievementService, class com.almasb.fxgl.cutscene.CutsceneService, class com.almasb.fxgl.minigames.MiniGameService, class com.almasb.fxgl.net.NetService, class com.almasb.fxgl.app.services.UpdaterService, class com.almasb.fxgl.dev.DevService]
12:41:47.030 [FXGL Background Thread 3 ] DEBUG Engine               - fontGame: Abel-Regular.ttf
12:41:47.031 [FXGL Background Thread 3 ] DEBUG Engine               - fontMono: TerminalLandMono-Regular.otf
12:41:47.032 [FXGL Background Thread 3 ] DEBUG Engine               - fontSizeScaleUI: 1.0
12:41:47.032 [FXGL Background Thread 3 ] DEBUG Engine               - fontText: Courier-Prime.ttf
12:41:47.032 [FXGL Background Thread 3 ] DEBUG Engine               - fontUI: VarelaRound-Regular.ttf
12:41:47.032 [FXGL Background Thread 3 ] DEBUG Engine               - fullScreen: BooleanProperty [value: false]
12:41:47.032 [FXGL Background Thread 3 ] DEBUG Engine               - gameDifficulty: MEDIUM
12:41:47.033 [FXGL Background Thread 3 ] DEBUG Engine               - gameDifficultyProperty: ObjectProperty [value: MEDIUM]
12:41:47.033 [FXGL Background Thread 3 ] DEBUG Engine               - globalMusicVolume: 0.5
12:41:47.033 [FXGL Background Thread 3 ] DEBUG Engine               - globalMusicVolumeProperty: DoubleProperty [value: 0.5]
12:41:47.033 [FXGL Background Thread 3 ] DEBUG Engine               - globalSoundVolume: 0.5
12:41:47.033 [FXGL Background Thread 3 ] DEBUG Engine               - globalSoundVolumeProperty: DoubleProperty [value: 0.5]
12:41:47.033 [FXGL Background Thread 3 ] DEBUG Engine               - height: 720
12:41:47.033 [FXGL Background Thread 3 ] DEBUG Engine               - is3D: false
12:41:47.033 [FXGL Background Thread 3 ] DEBUG Engine               - isAndroid: false
12:41:47.033 [FXGL Background Thread 3 ] DEBUG Engine               - isBrowser: false
12:41:47.033 [FXGL Background Thread 3 ] DEBUG Engine               - isClickFeedbackEnabled: false
12:41:47.033 [FXGL Background Thread 3 ] DEBUG Engine               - isCloseConfirmation: false
12:41:47.033 [FXGL Background Thread 3 ] DEBUG Engine               - isDesktop: true
12:41:47.033 [FXGL Background Thread 3 ] DEBUG Engine               - isDeveloperMenuEnabled: false
12:41:47.034 [FXGL Background Thread 3 ] DEBUG Engine               - isEmbedded: false
12:41:47.034 [FXGL Background Thread 3 ] DEBUG Engine               - isEntityPreloadEnabled: true
12:41:47.034 [FXGL Background Thread 3 ] DEBUG Engine               - isExperimentalTiledLargeMap: false
12:41:47.034 [FXGL Background Thread 3 ] DEBUG Engine               - isFileSystemWriteAllowed: true
12:41:47.034 [FXGL Background Thread 3 ] DEBUG Engine               - isFullScreenAllowed: false
12:41:47.034 [FXGL Background Thread 3 ] DEBUG Engine               - isFullScreenFromStart: false
12:41:47.034 [FXGL Background Thread 3 ] DEBUG Engine               - isGameMenuEnabled: true
12:41:47.034 [FXGL Background Thread 3 ] DEBUG Engine               - isIOS: false
12:41:47.034 [FXGL Background Thread 3 ] DEBUG Engine               - isIntroEnabled: false
12:41:47.034 [FXGL Background Thread 3 ] DEBUG Engine               - isLinux: false
12:41:47.034 [FXGL Background Thread 3 ] DEBUG Engine               - isMac: true
12:41:47.034 [FXGL Background Thread 3 ] DEBUG Engine               - isMainMenuEnabled: true
12:41:47.034 [FXGL Background Thread 3 ] DEBUG Engine               - isManualResizeEnabled: false
12:41:47.034 [FXGL Background Thread 3 ] DEBUG Engine               - isMobile: false
12:41:47.034 [FXGL Background Thread 3 ] DEBUG Engine               - isNative: false
12:41:47.034 [FXGL Background Thread 3 ] DEBUG Engine               - isPauseMusicWhenMinimized: true
12:41:47.034 [FXGL Background Thread 3 ] DEBUG Engine               - isPreserveResizeRatio: false
12:41:47.035 [FXGL Background Thread 3 ] DEBUG Engine               - isProfilingEnabled: false
12:41:47.035 [FXGL Background Thread 3 ] DEBUG Engine               - isScaleAffectedOnResize: true
12:41:47.035 [FXGL Background Thread 3 ] DEBUG Engine               - isSingleStep: false
12:41:47.035 [FXGL Background Thread 3 ] DEBUG Engine               - isUserProfileEnabled: false
12:41:47.035 [FXGL Background Thread 3 ] DEBUG Engine               - isWindows: false
12:41:47.035 [FXGL Background Thread 3 ] DEBUG Engine               - language: ObjectProperty [value: ENGLISH]
12:41:47.035 [FXGL Background Thread 3 ] DEBUG Engine               - menuKey: ESCAPE
12:41:47.035 [FXGL Background Thread 3 ] DEBUG Engine               - mouseSensitivity: 0.2
12:41:47.035 [FXGL Background Thread 3 ] DEBUG Engine               - notificationViewClass: class com.almasb.fxgl.notification.view.XboxNotificationView
12:41:47.035 [FXGL Background Thread 3 ] DEBUG Engine               - pixelsPerMeter: 50.0
12:41:47.035 [FXGL Background Thread 3 ] DEBUG Engine               - platform: MAC
12:41:47.035 [FXGL Background Thread 3 ] DEBUG Engine               - prefHeightProperty: ReadOnlyDoubleProperty [value: 720.0]
12:41:47.035 [FXGL Background Thread 3 ] DEBUG Engine               - prefWidthProperty: ReadOnlyDoubleProperty [value: 1280.0]
12:41:47.035 [FXGL Background Thread 3 ] DEBUG Engine               - profileDir: profiles/
12:41:47.035 [FXGL Background Thread 3 ] DEBUG Engine               - profileName: StringProperty [value: DEFAULT]
12:41:47.035 [FXGL Background Thread 3 ] DEBUG Engine               - randomSeed: -1
12:41:47.036 [FXGL Background Thread 3 ] DEBUG Engine               - runtimeInfo: RuntimeInfo(platform=MAC, version=17.3, build=30.03.2023 11.49)
12:41:47.036 [FXGL Background Thread 3 ] DEBUG Engine               - saveFileExt: sav
12:41:47.036 [FXGL Background Thread 3 ] DEBUG Engine               - scaledHeightProp$fxgl: DoubleProperty [bound, value: 720.0]
12:41:47.036 [FXGL Background Thread 3 ] DEBUG Engine               - scaledWidthProp$fxgl: DoubleProperty [bound, value: 1280.0]
12:41:47.036 [FXGL Background Thread 3 ] DEBUG Engine               - sceneFactory: com.example.csit228capstonesirjaysimulator.application.MenuFactory@548dcdd9
12:41:47.036 [FXGL Background Thread 3 ] DEBUG Engine               - secondsIn24h: 60
12:41:47.036 [FXGL Background Thread 3 ] DEBUG Engine               - soundMenuBack: menu/back.wav
12:41:47.036 [FXGL Background Thread 3 ] DEBUG Engine               - soundMenuPress: menu/press.wav
12:41:47.036 [FXGL Background Thread 3 ] DEBUG Engine               - soundMenuSelect: menu/select.wav
12:41:47.036 [FXGL Background Thread 3 ] DEBUG Engine               - soundNotification: core/notification.wav
12:41:47.036 [FXGL Background Thread 3 ] DEBUG Engine               - stageStyle: DECORATED
12:41:47.036 [FXGL Background Thread 3 ] DEBUG Engine               - supportedLanguages: [ENGLISH, FRENCH, GERMAN, HUNGARIAN, RUSSIAN]
12:41:47.036 [FXGL Background Thread 3 ] DEBUG Engine               - ticksPerSecond: -1
12:41:47.037 [FXGL Background Thread 3 ] DEBUG Engine               - title: Sir Serato Simulator
12:41:47.037 [FXGL Background Thread 3 ] DEBUG Engine               - urlGithub: https://github.com/AlmasB/FXGL
12:41:47.037 [FXGL Background Thread 3 ] DEBUG Engine               - urlLeaderboard: http://fxgl-top.herokuapp.com/
12:41:47.037 [FXGL Background Thread 3 ] DEBUG Engine               - urlPOM: https://raw.githubusercontent.com/AlmasB/FXGL/release/README.md
12:41:47.037 [FXGL Background Thread 3 ] DEBUG Engine               - userAppClass: class com.example.csit228capstonesirjaysimulator.application.GameLevelApp
12:41:47.037 [FXGL Background Thread 3 ] DEBUG Engine               - version: 0.0
12:41:47.037 [FXGL Background Thread 3 ] DEBUG Engine               - versionCheckDays: 7
12:41:47.037 [FXGL Background Thread 3 ] DEBUG Engine               - width: 1280
12:41:47.037 [FXGL Background Thread 3 ] DEBUG Engine               - Logging services
12:41:47.037 [FXGL Background Thread 3 ] DEBUG Engine               - class com.almasb.fxgl.app.services.FXGLAssetLoaderService
12:41:47.037 [FXGL Background Thread 3 ] DEBUG Engine               - class com.almasb.fxgl.app.FXGLApplication$GameApplicationService
12:41:47.037 [FXGL Background Thread 3 ] DEBUG Engine               - class com.almasb.fxgl.app.services.FXGLDialogService
12:41:47.037 [FXGL Background Thread 3 ] DEBUG Engine               - class com.almasb.fxgl.app.services.IOTaskExecutorService
12:41:47.037 [FXGL Background Thread 3 ] DEBUG Engine               - class com.almasb.fxgl.io.FileSystemService
12:41:47.037 [FXGL Background Thread 3 ] DEBUG Engine               - class com.almasb.fxgl.localization.LocalizationService
12:41:47.037 [FXGL Background Thread 3 ] DEBUG Engine               - class com.almasb.fxgl.app.services.SystemBundleService
12:41:47.037 [FXGL Background Thread 3 ] DEBUG Engine               - class com.almasb.fxgl.profile.SaveLoadService
12:41:47.037 [FXGL Background Thread 3 ] DEBUG Engine               - class com.almasb.fxgl.ui.FXGLUIFactoryServiceProvider
12:41:47.037 [FXGL Background Thread 3 ] DEBUG Engine               - class com.almasb.fxgl.ui.FXGLDialogFactoryServiceProvider
12:41:47.037 [FXGL Background Thread 3 ] DEBUG Engine               - class com.almasb.fxgl.audio.AudioPlayer
12:41:47.037 [FXGL Background Thread 3 ] DEBUG Engine               - class com.almasb.fxgl.notification.impl.NotificationServiceProvider
12:41:47.037 [FXGL Background Thread 3 ] DEBUG Engine               - class com.almasb.fxgl.achievement.AchievementService
12:41:47.037 [FXGL Background Thread 3 ] DEBUG Engine               - class com.almasb.fxgl.cutscene.CutsceneService
12:41:47.037 [FXGL Background Thread 3 ] DEBUG Engine               - class com.almasb.fxgl.minigames.MiniGameService
12:41:47.038 [FXGL Background Thread 3 ] DEBUG Engine               - class com.almasb.fxgl.net.NetService
12:41:47.038 [FXGL Background Thread 3 ] DEBUG Engine               - class com.almasb.fxgl.app.services.UpdaterService
12:41:47.038 [FXGL Background Thread 3 ] DEBUG Engine               - class com.almasb.fxgl.dev.DevService
12:41:48.233 [JavaFX Application Thread] DEBUG PrimaryStageWindow   - Push state: ProfileSelectScene
12:41:48.233 [JavaFX Application Thread] DEBUG Input                - Clearing active input actions
12:41:48.237 [JavaFX Application Thread] DEBUG GameApplicationServi - Removing overlay from MainMenuApp and adding to ProfileSelectScene
12:41:48.237 [JavaFX Application Thread] DEBUG PrimaryStageWindow   - MainMenuApp -> ProfileSelectScene
12:41:52.731 [JavaFX Application Thread] DEBUG PrimaryStageWindow   - Pop state: ProfileSelectScene
12:41:52.731 [JavaFX Application Thread] DEBUG Input                - Clearing active input actions
12:41:52.732 [JavaFX Application Thread] DEBUG GameApplicationServi - Removing overlay from ProfileSelectScene and adding to MainMenuApp
12:41:52.732 [JavaFX Application Thread] DEBUG PrimaryStageWindow   - MainMenuApp <- ProfileSelectScene
12:41:52.833 [JavaFX Application Thread] DEBUG Input                - Registered new binding: Advance - Enter
12:41:52.833 [JavaFX Application Thread] DEBUG FXGLAssetLoaderServi - Loading from file system: file:/Users/chloejuliageonzon/Documents/IdeaProjects/School/CSIT228-Capstone-Sir-Jay-Simulator/target/classes/assets/music/classroom.wav
12:41:52.835 [JavaFX Application Thread] DEBUG AudioPlayer          - Playing music com.almasb.fxgl.audio.Music@4f2021de
12:41:52.837 [JavaFX Application Thread] DEBUG PrimaryStageWindow   - Push state: IntroCutScene
12:41:52.837 [JavaFX Application Thread] DEBUG Input                - Clearing active input actions
12:41:52.837 [JavaFX Application Thread] DEBUG GameApplicationServi - Removing overlay from MainMenuApp and adding to IntroCutScene
12:41:52.837 [JavaFX Application Thread] DEBUG PrimaryStageWindow   - MainMenuApp -> IntroCutScene
12:41:54.769 [JavaFX Application Thread] DEBUG FXGLAssetLoaderServi - Loading from file system: file:/Users/chloejuliageonzon/Documents/IdeaProjects/School/CSIT228-Capstone-Sir-Jay-Simulator/target/classes/assets/sounds/howsurdayeverybody2.wav
12:41:54.965 [JavaFX Application Thread] DEBUG FXGLAssetLoaderServi - Loading from file system: file:/Users/chloejuliageonzon/Documents/IdeaProjects/School/CSIT228-Capstone-Sir-Jay-Simulator/target/classes/assets/sounds/coolandnormal.wav
12:41:55.136 [JavaFX Application Thread] DEBUG FXGLAssetLoaderServi - Loading from file system: file:/Users/chloejuliageonzon/Documents/IdeaProjects/School/CSIT228-Capstone-Sir-Jay-Simulator/target/classes/assets/sounds/good2.wav
12:41:55.412 [JavaFX Application Thread] DEBUG FXGLAssetLoaderServi - Loading from file system: file:/Users/chloejuliageonzon/Documents/IdeaProjects/School/CSIT228-Capstone-Sir-Jay-Simulator/target/classes/assets/sounds/trees.wav
12:41:55.758 [JavaFX Application Thread] DEBUG FXGLAssetLoaderServi - Loading from file system: file:/Users/chloejuliageonzon/Documents/IdeaProjects/School/CSIT228-Capstone-Sir-Jay-Simulator/target/classes/assets/music/mii_discussion_boosted.mp3
12:41:55.768 [JavaFX Application Thread] DEBUG AudioPlayer          - Playing music com.almasb.fxgl.audio.Music@121f7fce
12:41:58.861 [JavaFX Application Thread] DEBUG AudioPlayer          - Playing music com.almasb.fxgl.audio.Music@121f7fce
12:42:12.321 [JavaFX Application Thread] DEBUG FXGLAssetLoaderServi - Loading from file system: file:/Users/chloejuliageonzon/Documents/IdeaProjects/School/CSIT228-Capstone-Sir-Jay-Simulator/target/classes/assets/sounds/waitsasir.wav
12:42:12.643 [JavaFX Application Thread] DEBUG FXGLAssetLoaderServi - Loading from file system: file:/Users/chloejuliageonzon/Documents/IdeaProjects/School/CSIT228-Capstone-Sir-Jay-Simulator/target/classes/assets/sounds/onefourth.wav
12:42:12.943 [JavaFX Application Thread] DEBUG AudioPlayer          - Stopping music com.almasb.fxgl.audio.Music@615213d1
12:42:12.946 [JavaFX Application Thread] DEBUG AudioPlayer          - Stopping music com.almasb.fxgl.audio.Music@4f2021de
12:42:12.946 [JavaFX Application Thread] DEBUG AudioPlayer          - Stopping music com.almasb.fxgl.audio.Music@121f7fce
12:42:12.949 [JavaFX Application Thread] DEBUG Menu                 - fireNewGame()
12:42:12.949 [JavaFX Application Thread] DEBUG GameApplicationServi - Starting new game
12:42:12.949 [JavaFX Application Thread] DEBUG PrimaryStageWindow   - Pop state: IntroCutScene
12:42:12.949 [JavaFX Application Thread] DEBUG Input                - Clearing active input actions
12:42:12.950 [JavaFX Application Thread] DEBUG GameApplicationServi - Removing overlay from IntroCutScene and adding to MainMenuApp
12:42:12.950 [JavaFX Application Thread] DEBUG PrimaryStageWindow   - MainMenuApp <- IntroCutScene
12:42:12.950 [JavaFX Application Thread] DEBUG PrimaryStageWindow   - Pop state: MainMenuApp
12:42:12.950 [JavaFX Application Thread] DEBUG Input                - Clearing active input actions
12:42:12.950 [JavaFX Application Thread] DEBUG GameApplicationServi - Removing overlay from MainMenuApp and adding to FXGLMainMenuDummyScene
12:42:12.951 [JavaFX Application Thread] DEBUG PrimaryStageWindow   - FXGLMainMenuDummyScene <- MainMenuApp
12:42:12.951 [JavaFX Application Thread] DEBUG Input                - Clearing active input actions
12:42:12.958 [JavaFX Application Thread] DEBUG GameApplicationServi - Removing overlay from FXGLMainMenuDummyScene and adding to FXGLLoadingScene
12:42:12.958 [JavaFX Application Thread] DEBUG PrimaryStageWindow   - FXGLMainMenuDummyScene -> FXGLLoadingScene
12:42:12.958 [JavaFX Application Thread] DEBUG GameApplicationServi - Clearing previous game
12:42:12.958 [JavaFX Application Thread] DEBUG GameScene            - Clearing game scene
12:42:12.958 [JavaFX Application Thread] DEBUG GameWorld            - Clearing game world
12:42:12.959 [JavaFX Application Thread] DEBUG PhysicsWorld         - Clearing physics world
12:42:12.961 [FXGL Background Thread 2 ] DEBUG FXGLApplication      - Initializing game
12:42:12.980 [FXGL Background Thread 2 ] DEBUG FXGLAssetLoaderServi - Loading from file system: file:/Users/chloejuliageonzon/Documents/IdeaProjects/School/CSIT228-Capstone-Sir-Jay-Simulator/target/classes/assets/textures/stud5_idle_state.png
12:42:12.995 [FXGL Background Thread 2 ] DEBUG FXGLAssetLoaderServi - Loading from file system: file:/Users/chloejuliageonzon/Documents/IdeaProjects/School/CSIT228-Capstone-Sir-Jay-Simulator/target/classes/assets/textures/stud5_sus_state.png
12:42:13.009 [FXGL Background Thread 2 ] DEBUG FXGLAssetLoaderServi - Loading from file system: file:/Users/chloejuliageonzon/Documents/IdeaProjects/School/CSIT228-Capstone-Sir-Jay-Simulator/target/classes/assets/textures/stud5_cheat_state.png
12:42:13.019 [FXGL Background Thread 2 ] WARN  FXGLAssetLoaderServi - Asset "/assets/textures/stud5_talking_state.png" was not found!
12:42:13.019 [FXGL Background Thread 2 ] WARN  FXGLAssetLoaderServi - Failed to load IMAGE
12:42:13.027 [FXGL Background Thread 2 ] WARN  FXGLAssetLoaderServi - Asset "/assets/textures/stud5_talking_state.png" was not found!
12:42:13.027 [FXGL Background Thread 2 ] WARN  FXGLAssetLoaderServi - Failed to load IMAGE
12:42:13.027 [FXGL Background Thread 2 ] WARN  FXGLAssetLoaderServi - Asset "/assets/textures/stud5_talking_state.png" was not found!
12:42:13.027 [FXGL Background Thread 2 ] WARN  FXGLAssetLoaderServi - Failed to load IMAGE
12:42:13.028 [FXGL Background Thread 2 ] WARN  FXGLAssetLoaderServi - Asset "/assets/textures/stud5_talking_state.png" was not found!
12:42:13.028 [FXGL Background Thread 2 ] WARN  FXGLAssetLoaderServi - Failed to load IMAGE
12:42:13.028 [FXGL Background Thread 2 ] WARN  FXGLAssetLoaderServi - Asset "/assets/textures/stud5_talking_state.png" was not found!
12:42:13.028 [FXGL Background Thread 2 ] WARN  FXGLAssetLoaderServi - Failed to load IMAGE
12:42:13.029 [FXGL Background Thread 2 ] WARN  FXGLAssetLoaderServi - Asset "/assets/textures/stud5_talking_state.png" was not found!
12:42:13.029 [FXGL Background Thread 2 ] WARN  FXGLAssetLoaderServi - Failed to load IMAGE
12:42:13.029 [FXGL Background Thread 2 ] DEBUG FXGLAssetLoaderServi - Loading from file system: file:/Users/chloejuliageonzon/Documents/IdeaProjects/School/CSIT228-Capstone-Sir-Jay-Simulator/target/classes/assets/textures/trey_idle_state.png
12:42:13.039 [FXGL Background Thread 2 ] DEBUG FXGLAssetLoaderServi - Loading from file system: file:/Users/chloejuliageonzon/Documents/IdeaProjects/School/CSIT228-Capstone-Sir-Jay-Simulator/target/classes/assets/textures/trey_sus_state.png
12:42:13.051 [FXGL Background Thread 2 ] DEBUG FXGLAssetLoaderServi - Loading from file system: file:/Users/chloejuliageonzon/Documents/IdeaProjects/School/CSIT228-Capstone-Sir-Jay-Simulator/target/classes/assets/textures/trey_cheat_state.png
12:42:13.059 [FXGL Background Thread 2 ] DEBUG FXGLAssetLoaderServi - Loading from file system: file:/Users/chloejuliageonzon/Documents/IdeaProjects/School/CSIT228-Capstone-Sir-Jay-Simulator/target/classes/assets/textures/trey_talking_state.png
12:42:13.067 [FXGL Background Thread 2 ] WARN  FXGLAssetLoaderServi - Asset "/assets/textures/stud5_talking_state.png" was not found!
12:42:13.067 [FXGL Background Thread 2 ] WARN  FXGLAssetLoaderServi - Failed to load IMAGE
12:42:13.067 [FXGL Background Thread 2 ] WARN  FXGLAssetLoaderServi - Asset "/assets/textures/stud5_talking_state.png" was not found!
12:42:13.067 [FXGL Background Thread 2 ] WARN  FXGLAssetLoaderServi - Failed to load IMAGE
12:42:13.068 [FXGL Background Thread 2 ] WARN  FXGLAssetLoaderServi - Asset "/assets/textures/stud5_talking_state.png" was not found!
12:42:13.068 [FXGL Background Thread 2 ] WARN  FXGLAssetLoaderServi - Failed to load IMAGE
12:42:13.068 [FXGL Background Thread 2 ] WARN  FXGLAssetLoaderServi - Asset "/assets/textures/stud5_talking_state.png" was not found!
12:42:13.068 [FXGL Background Thread 2 ] WARN  FXGLAssetLoaderServi - Failed to load IMAGE
12:42:13.068 [FXGL Background Thread 2 ] WARN  FXGLAssetLoaderServi - Asset "/assets/textures/stud5_talking_state.png" was not found!
12:42:13.068 [FXGL Background Thread 2 ] WARN  FXGLAssetLoaderServi - Failed to load IMAGE
12:42:13.069 [FXGL Background Thread 2 ] WARN  FXGLAssetLoaderServi - Asset "/assets/textures/stud5_talking_state.png" was not found!
12:42:13.069 [FXGL Background Thread 2 ] WARN  FXGLAssetLoaderServi - Failed to load IMAGE
12:42:13.069 [FXGL Background Thread 2 ] WARN  FXGLAssetLoaderServi - Asset "/assets/textures/stud5_talking_state.png" was not found!
12:42:13.069 [FXGL Background Thread 2 ] WARN  FXGLAssetLoaderServi - Failed to load IMAGE
12:42:13.070 [FXGL Background Thread 2 ] WARN  FXGLAssetLoaderServi - Asset "/assets/textures/stud5_talking_state.png" was not found!
12:42:13.070 [FXGL Background Thread 2 ] WARN  FXGLAssetLoaderServi - Failed to load IMAGE
12:42:13.070 [FXGL Background Thread 2 ] WARN  FXGLAssetLoaderServi - Asset "/assets/textures/stud5_talking_state.png" was not found!
12:42:13.070 [FXGL Background Thread 2 ] WARN  FXGLAssetLoaderServi - Failed to load IMAGE
12:42:13.071 [FXGL Background Thread 2 ] WARN  FXGLAssetLoaderServi - Asset "/assets/textures/stud5_talking_state.png" was not found!
12:42:13.071 [FXGL Background Thread 2 ] WARN  FXGLAssetLoaderServi - Failed to load IMAGE
12:42:13.078 [FXGL Background Thread 2 ] DEBUG FXGLAssetLoaderServi - Loading from file system: file:/Users/chloejuliageonzon/Documents/IdeaProjects/School/CSIT228-Capstone-Sir-Jay-Simulator/target/classes/assets/textures/teacherView_leftSide.PNG
12:42:13.248 [FXGL Background Thread 2 ] INFO  FXGLApplication      - Game initialization took: 0.286 sec
12:42:13.248 [JavaFX Application Thread] DEBUG Input                - Clearing active input actions
12:42:13.261 [JavaFX Application Thread] DEBUG GameApplicationServi - Removing overlay from FXGLLoadingScene and adding to GameScene
12:42:13.261 [JavaFX Application Thread] DEBUG PrimaryStageWindow   - FXGLLoadingScene -> GameScene
12:42:15.195 [JavaFX Application Thread] DEBUG FXGLAssetLoaderServi - Loading from file system: file:/Users/chloejuliageonzon/Documents/IdeaProjects/School/CSIT228-Capstone-Sir-Jay-Simulator/target/classes/assets/textures/teacherView_rightSide.PNG
12:42:27.729 [JavaFX Application Thread] DEBUG FXGLAssetLoaderServi - Loading from file system: file:/Users/chloejuliageonzon/Documents/IdeaProjects/School/CSIT228-Capstone-Sir-Jay-Simulator/target/classes/assets/sounds/wrong.mp3
12:42:58.491 [JavaFX Application Thread] DEBUG FXGLApplication      - Exiting FXGL
12:42:58.491 [JavaFX Application Thread] DEBUG LoopRunner           - Stopping loop
12:42:58.491 [JavaFX Application Thread] DEBUG SystemBundleService  - Saving FXGL system data
12:42:58.493 [JavaFX Application Thread] DEBUG FileSystemAccess     - Writing to: /Users/chloejuliageonzon/Documents/IdeaProjects/School/CSIT228-Capstone-Sir-Jay-Simulator/system/fxgl.bundle
12:42:58.494 [JavaFX Application Thread] DEBUG Async                - Shutting down background threads
12:42:58.494 [JavaFX Application Thread] DEBUG PrimaryStageWindow   - Closing main window
12:42:58.501 [JavaFX Application Thread] DEBUG Logger               - Closing Logger
