01:09:48.495 [main                     ] DEBUG Logger               - Configured Logger
01:09:48.502 [main                     ] DEBUG GameApplication      - Logging settings
Title: Sir Serato Simulator
Version: 0.0
Width: 1280
Height: 720
Fullscreen: false
Intro: false
Profiling: false
Single step:false
App Mode: DEVELOPER
Menu Key: ESCAPE
Stage Style: DECORATED
Scene Factory: class com.example.csit228capstonesirjaysimulator.application.MenuFactory

01:09:48.847 [JavaFX Application Thread] DEBUG FXGLApplication      - Initializing FXGL
01:09:48.849 [JavaFX Application Thread] INFO  Engine               - FXGL-17.3 (30.03.2023 11.49) on WINDOWS (J:24.0.2 FX:21.0.6)
01:09:48.849 [JavaFX Application Thread] DEBUG Engine               - JRE Vendor Name: Oracle Corporation
01:09:48.849 [JavaFX Application Thread] DEBUG Engine               - Running on OS: Windows 11 version 10.0
01:09:48.849 [JavaFX Application Thread] DEBUG Engine               - Architecture: amd64
01:09:48.849 [JavaFX Application Thread] INFO  Engine               - Source code and latest versions at: https://github.com/AlmasB/FXGL
01:09:48.849 [JavaFX Application Thread] INFO  Engine               -       Ask questions and discuss at: https://github.com/AlmasB/FXGL/discussions
01:09:48.849 [JavaFX Application Thread] INFO  Engine               -              Join the FXGL chat at: https://gitter.im/AlmasB/FXGL
01:09:48.919 [JavaFX Application Thread] DEBUG PrimaryStageWindow   - Creating a JavaFX scene
01:09:48.956 [JavaFX Application Thread] DEBUG PrimaryStageWindow   - Target settings size: 1280.0 x 720.0
01:09:48.956 [JavaFX Application Thread] DEBUG PrimaryStageWindow   - Scaled scene size:    1280.0 x 720.0
01:09:48.956 [JavaFX Application Thread] DEBUG PrimaryStageWindow   - Scaled ratio: (1.0, 1.0)
01:09:48.957 [JavaFX Application Thread] DEBUG PrimaryStageWindow   - Set initial scene to FXGLStartupScene
01:09:48.959 [JavaFX Application Thread] DEBUG PrimaryStageWindow   - Opening main window
01:09:49.029 [JavaFX Application Thread] DEBUG PrimaryStageWindow   - Window border size: (14.4000244140625, 37.5999755859375)
01:09:49.030 [JavaFX Application Thread] DEBUG PrimaryStageWindow   - Scaled size: 1280.0 x 720.0
01:09:49.030 [JavaFX Application Thread] DEBUG PrimaryStageWindow   - Scaled ratio: (1.0, 1.0)
01:09:49.030 [JavaFX Application Thread] DEBUG PrimaryStageWindow   - Scene size: 1280.0 x 720.0
01:09:49.030 [JavaFX Application Thread] DEBUG PrimaryStageWindow   - Stage size: 1294.4000244140625 x 757.5999755859375
01:09:49.036 [FXGL Background Thread 1 ] DEBUG Engine               - Initializing environment variables
01:09:49.089 [FXGL Background Thread 1 ] DEBUG FXGLAssetLoaderServi - User app class for loading assets: class com.example.csit228capstonesirjaysimulator.application.GameLevelApp
01:09:49.089 [FXGL Background Thread 1 ] DEBUG GameApplicationServi - Applying CSS: fxgl_dark.css
01:09:49.091 [FXGL Background Thread 1 ] DEBUG FXGLAssetLoaderServi - Loading from file system: jar:file:///C:/Users/Aissha/.m2/repository/com/github/almasb/fxgl/17.3/fxgl-17.3.jar!/fxglassets/ui/css/fxgl_dark.css
01:09:49.127 [FXGL Background Thread 1 ] DEBUG GameApplicationServi - Initializing application scenes
01:09:49.160 [FXGL Background Thread 1 ] DEBUG GameWorld            - Game world initialized
01:09:49.209 [FXGL Background Thread 1 ] DEBUG PhysicsWorld         - Physics world initialized: appHeight=720, physics.ppm=50.0
01:09:49.209 [FXGL Background Thread 1 ] DEBUG PhysicsWorld         - Using strategy: BRUTE_FORCE
01:09:49.213 [FXGL Background Thread 1 ] DEBUG GameScene            - Game scene initialized: 1280x720
01:09:49.588 [FXGL Background Thread 1 ] WARN  FXGLAssetLoaderServi - Asset "/assets/music/intro_music.wav" was not found!
01:09:49.588 [FXGL Background Thread 1 ] WARN  FXGLAssetLoaderServi - Failed to load MUSIC
01:09:49.589 [FXGL Background Thread 1 ] DEBUG AudioPlayer          - Playing music com.almasb.fxgl.audio.Music@22f2fba6
01:09:49.596 [FXGL Background Thread 1 ] DEBUG FXGL.DefaultMenu     - createMenuBodyGameMenu()
01:09:49.604 [FXGL Background Thread 1 ] DEBUG FXGL.DefaultMenu     - createOptionsMenu()
01:09:49.609 [FXGL Background Thread 1 ] DEBUG FXGLAssetLoaderServi - Loading from file system: jar:file:///C:/Users/Aissha/.m2/repository/com/github/almasb/fxgl/17.3/fxgl-17.3.jar!/fxglassets/textures/particles/smoke.png
01:09:49.679 [FXGL Background Thread 1 ] DEBUG FXGLAssetLoaderServi - Loading from file system: jar:file:///C:/Users/Aissha/.m2/repository/com/github/almasb/fxgl/17.3/fxgl-17.3.jar!/fxglassets/textures/particles/trace_horizontal.png
01:09:49.711 [FXGL Background Thread 1 ] DEBUG GameApplicationServi - Application scenes initialized
01:09:49.719 [FXGL Background Thread 1 ] DEBUG SystemBundleService  - Loading FXGL system data
01:09:49.724 [FXGL Background Thread 1 ] DEBUG FileSystemAccess     - Reading from: C:\Users\Aissha\IdeaProjects\JavaFX Projects\CSIT228-Capstone-Sir-Jay-Simulator\system\fxgl.bundle
01:09:49.729 [FXGL Background Thread 1 ] DEBUG SystemBundleService  - Bundle FXGL: {}
01:09:49.729 [FXGL Background Thread 1 ] DEBUG UpdaterService       - Checking for updates
01:09:49.732 [FXGL Background Thread 4 ] DEBUG FXGLApplication      - Loading fonts
01:09:49.733 [FXGL Background Thread 4 ] DEBUG FXGLAssetLoaderServi - Loading from file system: jar:file:///C:/Users/Aissha/.m2/repository/com/github/almasb/fxgl/17.3/fxgl-17.3.jar!/fxglassets/ui/fonts/VarelaRound-Regular.ttf
01:09:49.733 [FXGL Background Thread 1 ] DEBUG FXGLApplication      - Loading default localization
01:09:49.734 [FXGL Background Thread 1 ] DEBUG FXGLAssetLoaderServi - Loading from file system: jar:file:///C:/Users/Aissha/.m2/repository/com/github/almasb/fxgl/17.3/fxgl-17.3.jar!/fxglassets/languages/english.lang
01:09:49.757 [FXGL Background Thread 4 ] DEBUG FXGLAssetLoaderServi - Loading from file system: jar:file:///C:/Users/Aissha/.m2/repository/com/github/almasb/fxgl/17.3/fxgl-17.3.jar!/fxglassets/ui/fonts/Abel-Regular.ttf
01:09:49.759 [FXGL Background Thread 4 ] DEBUG FXGLAssetLoaderServi - Loading from file system: jar:file:///C:/Users/Aissha/.m2/repository/com/github/almasb/fxgl/17.3/fxgl-17.3.jar!/fxglassets/ui/fonts/TerminalLandMono-Regular.otf
01:09:49.763 [FXGL Background Thread 4 ] DEBUG FXGLAssetLoaderServi - Loading from file system: jar:file:///C:/Users/Aissha/.m2/repository/com/github/almasb/fxgl/17.3/fxgl-17.3.jar!/fxglassets/ui/fonts/Courier-Prime.ttf
01:09:49.764 [FXGL Background Thread 1 ] INFO  FXGLApplication      - FXGL initialization took: 0.728 sec
01:09:49.770 [JavaFX Application Thread] DEBUG Input                - Registered new binding: action0 - LMB
01:09:49.775 [JavaFX Application Thread] DEBUG Input                - Registered new binding: Switch Screen Left - A
01:09:49.775 [JavaFX Application Thread] DEBUG Input                - Registered new binding: Switch Screen Right - D
01:09:49.775 [JavaFX Application Thread] DEBUG Input                - Registered new binding: PAGHILOM! - E
01:09:49.776 [JavaFX Application Thread] DEBUG FXGLAssetLoaderServi - Loading from file system: jar:file:///C:/Users/Aissha/.m2/repository/com/github/almasb/fxgl/17.3/fxgl-17.3.jar!/fxglassets/textures/fxgl_icon.png
01:09:49.780 [JavaFX Application Thread] DEBUG FXGLAssetLoaderServi - Loading from file system: jar:file:///C:/Users/Aissha/.m2/repository/com/github/almasb/fxgl/17.3/fxgl-17.3.jar!/fxglassets/textures/fxgl_default_cursor.png
01:09:49.782 [JavaFX Application Thread] DEBUG Input                - Registered new binding: Screenshot - CTRL+8
01:09:49.782 [JavaFX Application Thread] DEBUG Input                - Registered new binding: System info dump - CTRL+9
01:09:49.782 [JavaFX Application Thread] DEBUG Input                - Registered new binding: Restart - CTRL+R
01:09:49.783 [JavaFX Application Thread] DEBUG Input                - Registered new binding: Toggle Debug Camera - CTRL+7
01:09:49.785 [JavaFX Application Thread] DEBUG LoopRunner           - Starting loop
01:09:49.785 [JavaFX Application Thread] DEBUG LoopRunner           - Initializing JavaFX AnimationTimerLoop
01:09:49.786 [JavaFX Application Thread] DEBUG Input                - Clearing active input actions
01:09:49.792 [JavaFX Application Thread] DEBUG GameApplicationServi - Removing overlay from FXGLStartupScene and adding to FXGLMainMenuDummyScene
01:09:49.792 [JavaFX Application Thread] DEBUG PrimaryStageWindow   - FXGLStartupScene -> FXGLMainMenuDummyScene
01:09:49.792 [JavaFX Application Thread] DEBUG PrimaryStageWindow   - Push state: MainMenuApp
01:09:49.792 [JavaFX Application Thread] DEBUG Input                - Clearing active input actions
01:09:49.794 [JavaFX Application Thread] DEBUG GameApplicationServi - Removing overlay from FXGLMainMenuDummyScene and adding to MainMenuApp
01:09:49.795 [JavaFX Application Thread] DEBUG PrimaryStageWindow   - FXGLMainMenuDummyScene -> MainMenuApp
01:09:49.804 [JavaFX Application Thread] DEBUG FXGLApplication      - Registering font factories with UI factory
01:09:50.089 [FXGL Background Thread 2 ] INFO  UpdaterService       - Your current version:  17.3
01:09:50.089 [FXGL Background Thread 2 ] INFO  UpdaterService       - Latest stable version: 25
01:09:52.733 [FXGL Background Thread 3 ] DEBUG Engine               - Logging environment variables
01:09:52.733 [FXGL Background Thread 3 ] DEBUG Engine               - achievements: []
01:09:52.733 [FXGL Background Thread 3 ] DEBUG Engine               - actualHeight: 720.0
01:09:52.733 [FXGL Background Thread 3 ] DEBUG Engine               - actualHeightProperty: ReadOnlyDoubleProperty [value: 720.0]
01:09:52.733 [FXGL Background Thread 3 ] DEBUG Engine               - actualWidth: 1280.0
01:09:52.734 [FXGL Background Thread 3 ] DEBUG Engine               - actualWidthProperty: ReadOnlyDoubleProperty [value: 1280.0]
01:09:52.734 [FXGL Background Thread 3 ] DEBUG Engine               - appIcon: fxgl_icon.png
01:09:52.734 [FXGL Background Thread 3 ] DEBUG Engine               - applicationMode: DEVELOPER
01:09:52.734 [FXGL Background Thread 3 ] DEBUG Engine               - cSSList: [fxgl_dark.css]
01:09:52.734 [FXGL Background Thread 3 ] DEBUG Engine               - collisionDetectionStrategy: BRUTE_FORCE
01:09:52.734 [FXGL Background Thread 3 ] DEBUG Engine               - configClass: Optional.empty
01:09:52.734 [FXGL Background Thread 3 ] DEBUG Engine               - credits: []
01:09:52.734 [FXGL Background Thread 3 ] DEBUG Engine               - defaultCursor: CursorInfo(imageName=fxgl_default_cursor.png, hotspotX=7.0, hotspotY=6.0)
01:09:52.734 [FXGL Background Thread 3 ] DEBUG Engine               - devBBoxColorProperty: ObjectProperty [value: 0xff0000ff]
01:09:52.734 [FXGL Background Thread 3 ] DEBUG Engine               - devEnableDebugCameraProperty: BooleanProperty [value: false]
01:09:52.734 [FXGL Background Thread 3 ] DEBUG Engine               - devSensorColorProperty: ObjectProperty [value: 0xffff00ff]
01:09:52.734 [FXGL Background Thread 3 ] DEBUG Engine               - devShowBBoxProperty: BooleanProperty [value: false]
01:09:52.734 [FXGL Background Thread 3 ] DEBUG Engine               - devShowPositionProperty: BooleanProperty [value: false]
01:09:52.734 [FXGL Background Thread 3 ] DEBUG Engine               - enabledMenuItems: []
01:09:52.734 [FXGL Background Thread 3 ] DEBUG Engine               - engineServices: [class com.almasb.fxgl.app.services.FXGLAssetLoaderService, class com.almasb.fxgl.app.FXGLApplication$GameApplicationService, class com.almasb.fxgl.app.services.FXGLDialogService, class com.almasb.fxgl.app.services.IOTaskExecutorService, class com.almasb.fxgl.io.FileSystemService, class com.almasb.fxgl.localization.LocalizationService, class com.almasb.fxgl.app.services.SystemBundleService, class com.almasb.fxgl.profile.SaveLoadService, class com.almasb.fxgl.ui.FXGLUIFactoryServiceProvider, class com.almasb.fxgl.ui.FXGLDialogFactoryServiceProvider, class com.almasb.fxgl.audio.AudioPlayer, class com.almasb.fxgl.notification.impl.NotificationServiceProvider, class com.almasb.fxgl.achievement.AchievementService, class com.almasb.fxgl.cutscene.CutsceneService, class com.almasb.fxgl.minigames.MiniGameService, class com.almasb.fxgl.net.NetService, class com.almasb.fxgl.app.services.UpdaterService, class com.almasb.fxgl.dev.DevService]
01:09:52.734 [FXGL Background Thread 3 ] DEBUG Engine               - fontGame: Abel-Regular.ttf
01:09:52.734 [FXGL Background Thread 3 ] DEBUG Engine               - fontMono: TerminalLandMono-Regular.otf
01:09:52.734 [FXGL Background Thread 3 ] DEBUG Engine               - fontSizeScaleUI: 1.0
01:09:52.735 [FXGL Background Thread 3 ] DEBUG Engine               - fontText: Courier-Prime.ttf
01:09:52.735 [FXGL Background Thread 3 ] DEBUG Engine               - fontUI: VarelaRound-Regular.ttf
01:09:52.735 [FXGL Background Thread 3 ] DEBUG Engine               - fullScreen: BooleanProperty [value: false]
01:09:52.735 [FXGL Background Thread 3 ] DEBUG Engine               - gameDifficulty: MEDIUM
01:09:52.735 [FXGL Background Thread 3 ] DEBUG Engine               - gameDifficultyProperty: ObjectProperty [value: MEDIUM]
01:09:52.735 [FXGL Background Thread 3 ] DEBUG Engine               - globalMusicVolume: 0.5
01:09:52.735 [FXGL Background Thread 3 ] DEBUG Engine               - globalMusicVolumeProperty: DoubleProperty [value: 0.5]
01:09:52.735 [FXGL Background Thread 3 ] DEBUG Engine               - globalSoundVolume: 0.5
01:09:52.735 [FXGL Background Thread 3 ] DEBUG Engine               - globalSoundVolumeProperty: DoubleProperty [value: 0.5]
01:09:52.735 [FXGL Background Thread 3 ] DEBUG Engine               - height: 720
01:09:52.735 [FXGL Background Thread 3 ] DEBUG Engine               - is3D: false
01:09:52.735 [FXGL Background Thread 3 ] DEBUG Engine               - isAndroid: false
01:09:52.735 [FXGL Background Thread 3 ] DEBUG Engine               - isBrowser: false
01:09:52.735 [FXGL Background Thread 3 ] DEBUG Engine               - isClickFeedbackEnabled: false
01:09:52.735 [FXGL Background Thread 3 ] DEBUG Engine               - isCloseConfirmation: false
01:09:52.735 [FXGL Background Thread 3 ] DEBUG Engine               - isDesktop: true
01:09:52.735 [FXGL Background Thread 3 ] DEBUG Engine               - isDeveloperMenuEnabled: false
01:09:52.735 [FXGL Background Thread 3 ] DEBUG Engine               - isEmbedded: false
01:09:52.735 [FXGL Background Thread 3 ] DEBUG Engine               - isEntityPreloadEnabled: true
01:09:52.735 [FXGL Background Thread 3 ] DEBUG Engine               - isExperimentalTiledLargeMap: false
01:09:52.735 [FXGL Background Thread 3 ] DEBUG Engine               - isFileSystemWriteAllowed: true
01:09:52.735 [FXGL Background Thread 3 ] DEBUG Engine               - isFullScreenAllowed: false
01:09:52.735 [FXGL Background Thread 3 ] DEBUG Engine               - isFullScreenFromStart: false
01:09:52.735 [FXGL Background Thread 3 ] DEBUG Engine               - isGameMenuEnabled: true
01:09:52.735 [FXGL Background Thread 3 ] DEBUG Engine               - isIOS: false
01:09:52.735 [FXGL Background Thread 3 ] DEBUG Engine               - isIntroEnabled: false
01:09:52.735 [FXGL Background Thread 3 ] DEBUG Engine               - isLinux: false
01:09:52.735 [FXGL Background Thread 3 ] DEBUG Engine               - isMac: false
01:09:52.735 [FXGL Background Thread 3 ] DEBUG Engine               - isMainMenuEnabled: true
01:09:52.735 [FXGL Background Thread 3 ] DEBUG Engine               - isManualResizeEnabled: false
01:09:52.736 [FXGL Background Thread 3 ] DEBUG Engine               - isMobile: false
01:09:52.736 [FXGL Background Thread 3 ] DEBUG Engine               - isNative: false
01:09:52.736 [FXGL Background Thread 3 ] DEBUG Engine               - isPauseMusicWhenMinimized: true
01:09:52.736 [FXGL Background Thread 3 ] DEBUG Engine               - isPreserveResizeRatio: false
01:09:52.736 [FXGL Background Thread 3 ] DEBUG Engine               - isProfilingEnabled: false
01:09:52.736 [FXGL Background Thread 3 ] DEBUG Engine               - isScaleAffectedOnResize: true
01:09:52.736 [FXGL Background Thread 3 ] DEBUG Engine               - isSingleStep: false
01:09:52.736 [FXGL Background Thread 3 ] DEBUG Engine               - isUserProfileEnabled: false
01:09:52.736 [FXGL Background Thread 3 ] DEBUG Engine               - isWindows: true
01:09:52.736 [FXGL Background Thread 3 ] DEBUG Engine               - language: ObjectProperty [value: ENGLISH]
01:09:52.736 [FXGL Background Thread 3 ] DEBUG Engine               - menuKey: ESCAPE
01:09:52.736 [FXGL Background Thread 3 ] DEBUG Engine               - mouseSensitivity: 0.2
01:09:52.736 [FXGL Background Thread 3 ] DEBUG Engine               - notificationViewClass: class com.almasb.fxgl.notification.view.XboxNotificationView
01:09:52.736 [FXGL Background Thread 3 ] DEBUG Engine               - pixelsPerMeter: 50.0
01:09:52.736 [FXGL Background Thread 3 ] DEBUG Engine               - platform: WINDOWS
01:09:52.736 [FXGL Background Thread 3 ] DEBUG Engine               - prefHeightProperty: ReadOnlyDoubleProperty [value: 720.0]
01:09:52.736 [FXGL Background Thread 3 ] DEBUG Engine               - prefWidthProperty: ReadOnlyDoubleProperty [value: 1280.0]
01:09:52.736 [FXGL Background Thread 3 ] DEBUG Engine               - profileDir: profiles/
01:09:52.736 [FXGL Background Thread 3 ] DEBUG Engine               - profileName: StringProperty [value: DEFAULT]
01:09:52.736 [FXGL Background Thread 3 ] DEBUG Engine               - randomSeed: -1
01:09:52.736 [FXGL Background Thread 3 ] DEBUG Engine               - runtimeInfo: RuntimeInfo(platform=WINDOWS, version=17.3, build=30.03.2023 11.49)
01:09:52.736 [FXGL Background Thread 3 ] DEBUG Engine               - saveFileExt: sav
01:09:52.736 [FXGL Background Thread 3 ] DEBUG Engine               - scaledHeightProp$fxgl: DoubleProperty [bound, value: 720.0]
01:09:52.736 [FXGL Background Thread 3 ] DEBUG Engine               - scaledWidthProp$fxgl: DoubleProperty [bound, value: 1280.0]
01:09:52.737 [FXGL Background Thread 3 ] DEBUG Engine               - sceneFactory: com.example.csit228capstonesirjaysimulator.application.MenuFactory@c56c972
01:09:52.737 [FXGL Background Thread 3 ] DEBUG Engine               - secondsIn24h: 60
01:09:52.737 [FXGL Background Thread 3 ] DEBUG Engine               - soundMenuBack: menu/back.wav
01:09:52.737 [FXGL Background Thread 3 ] DEBUG Engine               - soundMenuPress: menu/press.wav
01:09:52.737 [FXGL Background Thread 3 ] DEBUG Engine               - soundMenuSelect: menu/select.wav
01:09:52.737 [FXGL Background Thread 3 ] DEBUG Engine               - soundNotification: core/notification.wav
01:09:52.737 [FXGL Background Thread 3 ] DEBUG Engine               - stageStyle: DECORATED
01:09:52.737 [FXGL Background Thread 3 ] DEBUG Engine               - supportedLanguages: [ENGLISH, FRENCH, GERMAN, HUNGARIAN, RUSSIAN]
01:09:52.737 [FXGL Background Thread 3 ] DEBUG Engine               - ticksPerSecond: -1
01:09:52.737 [FXGL Background Thread 3 ] DEBUG Engine               - title: Sir Serato Simulator
01:09:52.737 [FXGL Background Thread 3 ] DEBUG Engine               - urlGithub: https://github.com/AlmasB/FXGL
01:09:52.737 [FXGL Background Thread 3 ] DEBUG Engine               - urlLeaderboard: http://fxgl-top.herokuapp.com/
01:09:52.737 [FXGL Background Thread 3 ] DEBUG Engine               - urlPOM: https://raw.githubusercontent.com/AlmasB/FXGL/release/README.md
01:09:52.737 [FXGL Background Thread 3 ] DEBUG Engine               - userAppClass: class com.example.csit228capstonesirjaysimulator.application.GameLevelApp
01:09:52.737 [FXGL Background Thread 3 ] DEBUG Engine               - version: 0.0
01:09:52.737 [FXGL Background Thread 3 ] DEBUG Engine               - versionCheckDays: 7
01:09:52.737 [FXGL Background Thread 3 ] DEBUG Engine               - width: 1280
01:09:52.737 [FXGL Background Thread 3 ] DEBUG Engine               - Logging services
01:09:52.737 [FXGL Background Thread 3 ] DEBUG Engine               - class com.almasb.fxgl.app.services.FXGLAssetLoaderService
01:09:52.737 [FXGL Background Thread 3 ] DEBUG Engine               - class com.almasb.fxgl.app.FXGLApplication$GameApplicationService
01:09:52.737 [FXGL Background Thread 3 ] DEBUG Engine               - class com.almasb.fxgl.app.services.FXGLDialogService
01:09:52.737 [FXGL Background Thread 3 ] DEBUG Engine               - class com.almasb.fxgl.app.services.IOTaskExecutorService
01:09:52.737 [FXGL Background Thread 3 ] DEBUG Engine               - class com.almasb.fxgl.io.FileSystemService
01:09:52.737 [FXGL Background Thread 3 ] DEBUG Engine               - class com.almasb.fxgl.localization.LocalizationService
01:09:52.737 [FXGL Background Thread 3 ] DEBUG Engine               - class com.almasb.fxgl.app.services.SystemBundleService
01:09:52.737 [FXGL Background Thread 3 ] DEBUG Engine               - class com.almasb.fxgl.profile.SaveLoadService
01:09:52.737 [FXGL Background Thread 3 ] DEBUG Engine               - class com.almasb.fxgl.ui.FXGLUIFactoryServiceProvider
01:09:52.737 [FXGL Background Thread 3 ] DEBUG Engine               - class com.almasb.fxgl.ui.FXGLDialogFactoryServiceProvider
01:09:52.737 [FXGL Background Thread 3 ] DEBUG Engine               - class com.almasb.fxgl.audio.AudioPlayer
01:09:52.737 [FXGL Background Thread 3 ] DEBUG Engine               - class com.almasb.fxgl.notification.impl.NotificationServiceProvider
01:09:52.737 [FXGL Background Thread 3 ] DEBUG Engine               - class com.almasb.fxgl.achievement.AchievementService
01:09:52.737 [FXGL Background Thread 3 ] DEBUG Engine               - class com.almasb.fxgl.cutscene.CutsceneService
01:09:52.737 [FXGL Background Thread 3 ] DEBUG Engine               - class com.almasb.fxgl.minigames.MiniGameService
01:09:52.737 [FXGL Background Thread 3 ] DEBUG Engine               - class com.almasb.fxgl.net.NetService
01:09:52.738 [FXGL Background Thread 3 ] DEBUG Engine               - class com.almasb.fxgl.app.services.UpdaterService
01:09:52.738 [FXGL Background Thread 3 ] DEBUG Engine               - class com.almasb.fxgl.dev.DevService
01:09:53.414 [JavaFX Application Thread] DEBUG PrimaryStageWindow   - Push state: IntroCutScene
01:09:53.414 [JavaFX Application Thread] DEBUG Input                - Clearing active input actions
01:09:53.417 [JavaFX Application Thread] DEBUG GameApplicationServi - Removing overlay from MainMenuApp and adding to IntroCutScene
01:09:53.417 [JavaFX Application Thread] DEBUG PrimaryStageWindow   - MainMenuApp -> IntroCutScene
01:09:54.464 [JavaFX Application Thread] DEBUG Menu                 - fireNewGame()
01:09:54.464 [JavaFX Application Thread] DEBUG GameApplicationServi - Starting new game
01:09:54.465 [JavaFX Application Thread] DEBUG PrimaryStageWindow   - Pop state: IntroCutScene
01:09:54.465 [JavaFX Application Thread] DEBUG Input                - Clearing active input actions
01:09:54.465 [JavaFX Application Thread] DEBUG GameApplicationServi - Removing overlay from IntroCutScene and adding to MainMenuApp
01:09:54.465 [JavaFX Application Thread] DEBUG PrimaryStageWindow   - MainMenuApp <- IntroCutScene
01:09:54.465 [JavaFX Application Thread] DEBUG PrimaryStageWindow   - Pop state: MainMenuApp
01:09:54.465 [JavaFX Application Thread] DEBUG Input                - Clearing active input actions
01:09:54.466 [JavaFX Application Thread] DEBUG GameApplicationServi - Removing overlay from MainMenuApp and adding to FXGLMainMenuDummyScene
01:09:54.466 [JavaFX Application Thread] DEBUG PrimaryStageWindow   - FXGLMainMenuDummyScene <- MainMenuApp
01:09:54.466 [JavaFX Application Thread] DEBUG Input                - Clearing active input actions
01:09:54.470 [JavaFX Application Thread] DEBUG GameApplicationServi - Removing overlay from FXGLMainMenuDummyScene and adding to FXGLLoadingScene
01:09:54.470 [JavaFX Application Thread] DEBUG PrimaryStageWindow   - FXGLMainMenuDummyScene -> FXGLLoadingScene
01:09:54.470 [JavaFX Application Thread] DEBUG GameApplicationServi - Clearing previous game
01:09:54.470 [JavaFX Application Thread] DEBUG GameScene            - Clearing game scene
01:09:54.470 [JavaFX Application Thread] DEBUG GameWorld            - Clearing game world
01:09:54.470 [JavaFX Application Thread] DEBUG PhysicsWorld         - Clearing physics world
01:09:54.472 [FXGL Background Thread 2 ] DEBUG FXGLApplication      - Initializing game
01:09:54.478 [FXGL Background Thread 2 ] DEBUG FXGLAssetLoaderServi - Loading from file system: file:/C:/Users/Aissha/IdeaProjects/JavaFX%20Projects/CSIT228-Capstone-Sir-Jay-Simulator/target/classes/assets/textures/rainbow.jpg
01:09:54.507 [FXGL Background Thread 2 ] WARN  FXGLAssetLoaderServi - Asset "/assets/textures/applejack.png" was not found!
01:09:54.507 [FXGL Background Thread 2 ] WARN  FXGLAssetLoaderServi - Failed to load RESIZABLE_IMAGE
01:09:54.518 [FXGL Background Thread 2 ] WARN  FXGLAssetLoaderServi - Asset "/assets/textures/applejack.png" was not found!
01:09:54.518 [FXGL Background Thread 2 ] WARN  FXGLAssetLoaderServi - Failed to load RESIZABLE_IMAGE
01:09:54.519 [FXGL Background Thread 2 ] WARN  FXGLAssetLoaderServi - Asset "/assets/textures/applejack.png" was not found!
01:09:54.519 [FXGL Background Thread 2 ] WARN  FXGLAssetLoaderServi - Failed to load RESIZABLE_IMAGE
01:09:54.521 [FXGL Background Thread 2 ] WARN  FXGLAssetLoaderServi - Asset "/assets/textures/applejack.png" was not found!
01:09:54.521 [FXGL Background Thread 2 ] WARN  FXGLAssetLoaderServi - Failed to load RESIZABLE_IMAGE
01:09:54.522 [FXGL Background Thread 2 ] WARN  FXGLAssetLoaderServi - Asset "/assets/textures/applejack.png" was not found!
01:09:54.522 [FXGL Background Thread 2 ] WARN  FXGLAssetLoaderServi - Failed to load RESIZABLE_IMAGE
01:09:54.525 [FXGL Background Thread 2 ] WARN  FXGLAssetLoaderServi - Asset "/assets/textures/applejack.png" was not found!
01:09:54.526 [FXGL Background Thread 2 ] WARN  FXGLAssetLoaderServi - Failed to load RESIZABLE_IMAGE
01:09:54.527 [JavaFX Application Thread] DEBUG LoopRunner           - Stopping loop
01:09:54.528 [JavaFX Application Thread] FATAL FXGLApplication      - Uncaught Exception:
java.lang.RuntimeException: Initialization failed
	at com.almasb.fxgl.all@17.3/com.almasb.fxgl.app.FXGLApplication$InitAppTask.failed(FXGLApplication.kt:343)
	at javafx.graphics@21.0.6/javafx.concurrent.Task.setState(Task.java:710)
	at javafx.graphics@21.0.6/javafx.concurrent.Task$TaskCallable.lambda$call$2(Task.java:1429)
	at javafx.graphics@21.0.6/com.sun.javafx.application.PlatformImpl.lambda$runLater$10(PlatformImpl.java:456)
	at java.base/java.security.AccessController.doPrivileged(AccessController.java:138)
	at javafx.graphics@21.0.6/com.sun.javafx.application.PlatformImpl.lambda$runLater$11(PlatformImpl.java:455)
	at javafx.graphics@21.0.6/com.sun.glass.ui.InvokeLaterDispatcher$Future.run(InvokeLaterDispatcher.java:95)
	at javafx.graphics@21.0.6/com.sun.glass.ui.win.WinApplication._runLoop(Native Method)
	at javafx.graphics@21.0.6/com.sun.glass.ui.win.WinApplication.lambda$runLoop$3(WinApplication.java:185)
	at java.base/java.lang.Thread.run(Thread.java:1447)
Caused by: java.lang.IllegalArgumentException: Property isLocked does not exist
	at com.almasb.fxgl.core@17.3/com.almasb.fxgl.core.collection.PropertyMap.get(PropertyMap.kt:279)
	at com.almasb.fxgl.core@17.3/com.almasb.fxgl.core.collection.PropertyMap.booleanProperty(PropertyMap.kt:170)
	at com.almasb.fxgl.core@17.3/com.almasb.fxgl.core.collection.PropertyMap.getBoolean(PropertyMap.kt:160)
	at com.almasb.fxgl.all@17.3/com.almasb.fxgl.dsl.FXGL$Companion.getb(FXGL.kt:310)
	at com.almasb.fxgl.all@17.3/com.almasb.fxgl.dsl.FXGL.getb(FXGL.kt)
	at com.example.csit228capstonesirjaysimulator/com.example.csit228capstonesirjaysimulator.application.GameLevelApp.updateRoomView(GameLevelApp.java:142)
	at com.example.csit228capstonesirjaysimulator/com.example.csit228capstonesirjaysimulator.application.GameLevelApp.initGame(GameLevelApp.java:128)
	at com.almasb.fxgl.all@17.3/com.almasb.fxgl.app.FXGLApplication$InitAppTask.initGame(FXGLApplication.kt:339)
	at com.almasb.fxgl.all@17.3/com.almasb.fxgl.app.FXGLApplication$InitAppTask.call(FXGLApplication.kt:319)
	at com.almasb.fxgl.all@17.3/com.almasb.fxgl.app.FXGLApplication$InitAppTask.call(FXGLApplication.kt:311)
	at javafx.graphics@21.0.6/javafx.concurrent.Task$TaskCallable.call(Task.java:1399)
	at java.base/java.util.concurrent.FutureTask.run(FutureTask.java:328)
	at java.base/java.util.concurrent.Executors$RunnableAdapter.call(Executors.java:545)
	at java.base/java.util.concurrent.FutureTask.run(FutureTask.java:328)
	at java.base/java.util.concurrent.ThreadPoolExecutor.runWorker(ThreadPoolExecutor.java:1095)
	at java.base/java.util.concurrent.ThreadPoolExecutor$Worker.run(ThreadPoolExecutor.java:619)
	... 1 more

01:09:54.529 [JavaFX Application Thread] FATAL FXGLApplication      - Application will now exit
01:09:54.543 [JavaFX Application Thread] DEBUG PrimaryStageWindow   - Push state: ErrorSubScene
01:09:54.543 [JavaFX Application Thread] DEBUG Input                - Clearing active input actions
01:09:54.546 [JavaFX Application Thread] DEBUG GameApplicationServi - Removing overlay from FXGLLoadingScene and adding to ErrorSubScene
01:09:54.546 [JavaFX Application Thread] DEBUG PrimaryStageWindow   - FXGLLoadingScene -> ErrorSubScene
01:10:01.248 [JavaFX Application Thread] DEBUG FXGLApplication      - Exiting FXGL
01:10:01.248 [JavaFX Application Thread] DEBUG Async                - Shutting down background threads
01:10:01.248 [JavaFX Application Thread] DEBUG PrimaryStageWindow   - Closing main window
01:10:01.274 [JavaFX Application Thread] DEBUG Logger               - Closing Logger
