20:29:09.202 [main                     ] DEBUG Logger               - Configured Logger
20:29:09.204 [main                     ] DEBUG GameApplication      - Logging settings
Title: Sir Serato Simulator
Version: 0.0
Width: 1280
Height: 720
Fullscreen: false
Intro: false
Profiling: false
Single step:false
App Mode: DEVELOPER
Menu Key: F12
Stage Style: DECORATED
Scene Factory: class com.example.csit228capstonesirjaysimulator.application.MenuFactory

20:29:09.416 [JavaFX Application Thread] DEBUG FXGLApplication      - Initializing FXGL
20:29:09.417 [JavaFX Application Thread] INFO  Engine               - FXGL-17.3 (30.03.2023 11.49) on MAC (J:25.0.1 FX:21.0.6)
20:29:09.417 [JavaFX Application Thread] DEBUG Engine               - JRE Vendor Name: Oracle Corporation
20:29:09.417 [JavaFX Application Thread] DEBUG Engine               - Running on OS: Mac OS X version 14.6
20:29:09.417 [JavaFX Application Thread] DEBUG Engine               - Architecture: aarch64
20:29:09.417 [JavaFX Application Thread] INFO  Engine               - Source code and latest versions at: https://github.com/AlmasB/FXGL
20:29:09.417 [JavaFX Application Thread] INFO  Engine               -       Ask questions and discuss at: https://github.com/AlmasB/FXGL/discussions
20:29:09.417 [JavaFX Application Thread] INFO  Engine               -              Join the FXGL chat at: https://gitter.im/AlmasB/FXGL
20:29:09.466 [JavaFX Application Thread] DEBUG PrimaryStageWindow   - Creating a JavaFX scene
20:29:09.486 [JavaFX Application Thread] DEBUG PrimaryStageWindow   - Target settings size: 1280.0 x 720.0
20:29:09.486 [JavaFX Application Thread] DEBUG PrimaryStageWindow   - Scaled scene size:    1280.0 x 720.0
20:29:09.487 [JavaFX Application Thread] DEBUG PrimaryStageWindow   - Scaled ratio: (1.0, 1.0)
20:29:09.487 [JavaFX Application Thread] DEBUG PrimaryStageWindow   - Set initial scene to FXGLStartupScene
20:29:09.488 [JavaFX Application Thread] DEBUG PrimaryStageWindow   - Opening main window
20:29:09.544 [JavaFX Application Thread] DEBUG PrimaryStageWindow   - Window border size: (0.0, 28.0)
20:29:09.544 [JavaFX Application Thread] DEBUG PrimaryStageWindow   - Scaled size: 1280.0 x 720.0
20:29:09.545 [JavaFX Application Thread] DEBUG PrimaryStageWindow   - Scaled ratio: (1.0, 1.0)
20:29:09.545 [JavaFX Application Thread] DEBUG PrimaryStageWindow   - Scene size: 1280.0 x 720.0
20:29:09.545 [JavaFX Application Thread] DEBUG PrimaryStageWindow   - Stage size: 1280.0 x 748.0
20:29:09.548 [FXGL Background Thread 1 ] DEBUG Engine               - Initializing environment variables
20:29:09.571 [FXGL Background Thread 1 ] DEBUG FXGLAssetLoaderServi - User app class for loading assets: class com.example.csit228capstonesirjaysimulator.application.GameLevelApp
20:29:09.571 [FXGL Background Thread 1 ] DEBUG GameApplicationServi - Applying CSS: fxgl_dark.css
20:29:09.571 [FXGL Background Thread 1 ] DEBUG FXGLAssetLoaderServi - Loading from file system: jar:file:///Users/chloejuliageonzon/.m2/repository/com/github/almasb/fxgl/17.3/fxgl-17.3.jar!/fxglassets/ui/css/fxgl_dark.css
20:29:09.596 [FXGL Background Thread 1 ] DEBUG GameApplicationServi - Initializing application scenes
20:29:09.677 [FXGL Background Thread 1 ] DEBUG GameWorld            - Game world initialized
20:29:09.699 [FXGL Background Thread 1 ] DEBUG PhysicsWorld         - Physics world initialized: appHeight=720, physics.ppm=50.0
20:29:09.700 [FXGL Background Thread 1 ] DEBUG PhysicsWorld         - Using strategy: BRUTE_FORCE
20:29:09.701 [FXGL Background Thread 1 ] DEBUG GameScene            - Game scene initialized: 1280x720
20:29:09.990 [FXGL Background Thread 1 ] DEBUG FXGLAssetLoaderServi - Loading from file system: file:/Users/chloejuliageonzon/Documents/IdeaProjects/School/CSIT228-Capstone-Sir-Jay-Simulator/target/classes/assets/music/intro_music.wav
20:29:10.141 [FXGL Background Thread 1 ] DEBUG AudioPlayer          - Playing music com.almasb.fxgl.audio.Music@8779616
20:29:10.147 [FXGL Background Thread 1 ] DEBUG FXGL.DefaultMenu     - createMenuBodyGameMenu()
20:29:10.154 [FXGL Background Thread 1 ] DEBUG FXGL.DefaultMenu     - createOptionsMenu()
20:29:10.157 [FXGL Background Thread 1 ] DEBUG FXGLAssetLoaderServi - Loading from file system: jar:file:///Users/chloejuliageonzon/.m2/repository/com/github/almasb/fxgl/17.3/fxgl-17.3.jar!/fxglassets/textures/particles/smoke.png
20:29:10.199 [FXGL Background Thread 1 ] DEBUG FXGLAssetLoaderServi - Loading from file system: jar:file:///Users/chloejuliageonzon/.m2/repository/com/github/almasb/fxgl/17.3/fxgl-17.3.jar!/fxglassets/textures/particles/trace_horizontal.png
20:29:10.205 [FXGL Background Thread 1 ] DEBUG GameApplicationServi - Application scenes initialized
20:29:10.209 [FXGL Background Thread 1 ] DEBUG SystemBundleService  - Loading FXGL system data
20:29:10.211 [FXGL Background Thread 1 ] DEBUG FileSystemAccess     - Reading from: /Users/chloejuliageonzon/Documents/IdeaProjects/School/CSIT228-Capstone-Sir-Jay-Simulator/system/fxgl.bundle
20:29:10.214 [FXGL Background Thread 1 ] DEBUG SystemBundleService  - Bundle FXGL: {}
20:29:10.214 [FXGL Background Thread 1 ] DEBUG UpdaterService       - Checking for updates
20:29:10.228 [FXGL Background Thread 4 ] DEBUG FXGLApplication      - Loading fonts
20:29:10.228 [FXGL Background Thread 1 ] DEBUG FXGLApplication      - Loading default localization
20:29:10.228 [FXGL Background Thread 4 ] DEBUG FXGLAssetLoaderServi - Loading from file system: jar:file:///Users/chloejuliageonzon/.m2/repository/com/github/almasb/fxgl/17.3/fxgl-17.3.jar!/fxglassets/ui/fonts/VarelaRound-Regular.ttf
20:29:10.229 [FXGL Background Thread 1 ] DEBUG FXGLAssetLoaderServi - Loading from file system: jar:file:///Users/chloejuliageonzon/.m2/repository/com/github/almasb/fxgl/17.3/fxgl-17.3.jar!/fxglassets/languages/english.lang
20:29:10.235 [FXGL Background Thread 1 ] INFO  FXGLApplication      - FXGL initialization took: 0.687 sec
20:29:10.236 [JavaFX Application Thread] DEBUG Input                - Registered new binding: action0 - LMB
20:29:10.237 [FXGL Background Thread 4 ] DEBUG FXGLAssetLoaderServi - Loading from file system: jar:file:///Users/chloejuliageonzon/.m2/repository/com/github/almasb/fxgl/17.3/fxgl-17.3.jar!/fxglassets/ui/fonts/Abel-Regular.ttf
20:29:10.238 [FXGL Background Thread 4 ] DEBUG FXGLAssetLoaderServi - Loading from file system: jar:file:///Users/chloejuliageonzon/.m2/repository/com/github/almasb/fxgl/17.3/fxgl-17.3.jar!/fxglassets/ui/fonts/TerminalLandMono-Regular.otf
20:29:10.239 [FXGL Background Thread 4 ] DEBUG FXGLAssetLoaderServi - Loading from file system: jar:file:///Users/chloejuliageonzon/.m2/repository/com/github/almasb/fxgl/17.3/fxgl-17.3.jar!/fxglassets/ui/fonts/Courier-Prime.ttf
20:29:10.239 [JavaFX Application Thread] DEBUG Input                - Registered new binding: Switch Screen Left - A
20:29:10.239 [JavaFX Application Thread] DEBUG Input                - Registered new binding: Switch Screen Right - D
20:29:10.239 [JavaFX Application Thread] DEBUG Input                - Registered new binding: PAGHILOM! - E
20:29:10.239 [JavaFX Application Thread] DEBUG Input                - Registered new binding: Pause Screen - Esc
20:29:10.239 [JavaFX Application Thread] DEBUG FXGLAssetLoaderServi - Loading from file system: jar:file:///Users/chloejuliageonzon/.m2/repository/com/github/almasb/fxgl/17.3/fxgl-17.3.jar!/fxglassets/textures/fxgl_icon.png
20:29:10.251 [JavaFX Application Thread] DEBUG FXGLAssetLoaderServi - Loading from file system: jar:file:///Users/chloejuliageonzon/.m2/repository/com/github/almasb/fxgl/17.3/fxgl-17.3.jar!/fxglassets/textures/fxgl_default_cursor.png
20:29:10.252 [JavaFX Application Thread] DEBUG Input                - Registered new binding: Screenshot - CTRL+8
20:29:10.252 [JavaFX Application Thread] DEBUG Input                - Registered new binding: Dev Options - 1
20:29:10.252 [JavaFX Application Thread] DEBUG Input                - Registered new binding: Dev Console - 2
20:29:10.252 [JavaFX Application Thread] DEBUG Input                - Registered new binding: System info dump - CTRL+9
20:29:10.252 [JavaFX Application Thread] DEBUG Input                - Registered new binding: Restart - CTRL+R
20:29:10.252 [JavaFX Application Thread] DEBUG Input                - Registered new binding: Toggle Debug Camera - CTRL+7
20:29:10.253 [JavaFX Application Thread] DEBUG LoopRunner           - Starting loop
20:29:10.258 [JavaFX Application Thread] DEBUG LoopRunner           - Initializing JavaFX AnimationTimerLoop
20:29:10.259 [JavaFX Application Thread] DEBUG Input                - Clearing active input actions
20:29:10.262 [JavaFX Application Thread] DEBUG GameApplicationServi - Removing overlay from FXGLStartupScene and adding to FXGLMainMenuDummyScene
20:29:10.263 [JavaFX Application Thread] DEBUG PrimaryStageWindow   - FXGLStartupScene -> FXGLMainMenuDummyScene
20:29:10.263 [JavaFX Application Thread] DEBUG PrimaryStageWindow   - Push state: MainMenuApp
20:29:10.263 [JavaFX Application Thread] DEBUG Input                - Clearing active input actions
20:29:10.264 [JavaFX Application Thread] DEBUG GameApplicationServi - Removing overlay from FXGLMainMenuDummyScene and adding to MainMenuApp
20:29:10.264 [JavaFX Application Thread] DEBUG PrimaryStageWindow   - FXGLMainMenuDummyScene -> MainMenuApp
20:29:10.277 [JavaFX Application Thread] DEBUG FXGLApplication      - Registering font factories with UI factory
20:29:10.606 [FXGL Background Thread 2 ] INFO  UpdaterService       - Your current version:  17.3
20:29:10.606 [FXGL Background Thread 2 ] INFO  UpdaterService       - Latest stable version: 25
20:29:13.233 [FXGL Background Thread 3 ] DEBUG Engine               - Logging environment variables
20:29:13.234 [FXGL Background Thread 3 ] DEBUG Engine               - achievements: []
20:29:13.234 [FXGL Background Thread 3 ] DEBUG Engine               - actualHeight: 720.0
20:29:13.234 [FXGL Background Thread 3 ] DEBUG Engine               - actualHeightProperty: ReadOnlyDoubleProperty [value: 720.0]
20:29:13.234 [FXGL Background Thread 3 ] DEBUG Engine               - actualWidth: 1280.0
20:29:13.235 [FXGL Background Thread 3 ] DEBUG Engine               - actualWidthProperty: ReadOnlyDoubleProperty [value: 1280.0]
20:29:13.235 [FXGL Background Thread 3 ] DEBUG Engine               - appIcon: fxgl_icon.png
20:29:13.235 [FXGL Background Thread 3 ] DEBUG Engine               - applicationMode: DEVELOPER
20:29:13.235 [FXGL Background Thread 3 ] DEBUG Engine               - cSSList: [fxgl_dark.css]
20:29:13.235 [FXGL Background Thread 3 ] DEBUG Engine               - collisionDetectionStrategy: BRUTE_FORCE
20:29:13.235 [FXGL Background Thread 3 ] DEBUG Engine               - configClass: Optional.empty
20:29:13.235 [FXGL Background Thread 3 ] DEBUG Engine               - credits: []
20:29:13.236 [FXGL Background Thread 3 ] DEBUG Engine               - defaultCursor: CursorInfo(imageName=fxgl_default_cursor.png, hotspotX=7.0, hotspotY=6.0)
20:29:13.236 [FXGL Background Thread 3 ] DEBUG Engine               - devBBoxColorProperty: ObjectProperty [value: 0xff0000ff]
20:29:13.236 [FXGL Background Thread 3 ] DEBUG Engine               - devEnableDebugCameraProperty: BooleanProperty [value: false]
20:29:13.237 [FXGL Background Thread 3 ] DEBUG Engine               - devSensorColorProperty: ObjectProperty [value: 0xffff00ff]
20:29:13.237 [FXGL Background Thread 3 ] DEBUG Engine               - devShowBBoxProperty: BooleanProperty [value: false]
20:29:13.237 [FXGL Background Thread 3 ] DEBUG Engine               - devShowPositionProperty: BooleanProperty [value: false]
20:29:13.237 [FXGL Background Thread 3 ] DEBUG Engine               - enabledMenuItems: []
20:29:13.237 [FXGL Background Thread 3 ] DEBUG Engine               - engineServices: [class com.almasb.fxgl.app.services.FXGLAssetLoaderService, class com.almasb.fxgl.app.FXGLApplication$GameApplicationService, class com.almasb.fxgl.app.services.FXGLDialogService, class com.almasb.fxgl.app.services.IOTaskExecutorService, class com.almasb.fxgl.io.FileSystemService, class com.almasb.fxgl.localization.LocalizationService, class com.almasb.fxgl.app.services.SystemBundleService, class com.almasb.fxgl.profile.SaveLoadService, class com.almasb.fxgl.ui.FXGLUIFactoryServiceProvider, class com.almasb.fxgl.ui.FXGLDialogFactoryServiceProvider, class com.almasb.fxgl.audio.AudioPlayer, class com.almasb.fxgl.notification.impl.NotificationServiceProvider, class com.almasb.fxgl.achievement.AchievementService, class com.almasb.fxgl.cutscene.CutsceneService, class com.almasb.fxgl.minigames.MiniGameService, class com.almasb.fxgl.net.NetService, class com.almasb.fxgl.app.services.UpdaterService, class com.almasb.fxgl.dev.DevService]
20:29:13.237 [FXGL Background Thread 3 ] DEBUG Engine               - fontGame: Abel-Regular.ttf
20:29:13.237 [FXGL Background Thread 3 ] DEBUG Engine               - fontMono: TerminalLandMono-Regular.otf
20:29:13.237 [FXGL Background Thread 3 ] DEBUG Engine               - fontSizeScaleUI: 1.0
20:29:13.237 [FXGL Background Thread 3 ] DEBUG Engine               - fontText: Courier-Prime.ttf
20:29:13.237 [FXGL Background Thread 3 ] DEBUG Engine               - fontUI: VarelaRound-Regular.ttf
20:29:13.238 [FXGL Background Thread 3 ] DEBUG Engine               - fullScreen: BooleanProperty [value: false]
20:29:13.238 [FXGL Background Thread 3 ] DEBUG Engine               - gameDifficulty: MEDIUM
20:29:13.238 [FXGL Background Thread 3 ] DEBUG Engine               - gameDifficultyProperty: ObjectProperty [value: MEDIUM]
20:29:13.238 [FXGL Background Thread 3 ] DEBUG Engine               - globalMusicVolume: 0.5
20:29:13.238 [FXGL Background Thread 3 ] DEBUG Engine               - globalMusicVolumeProperty: DoubleProperty [value: 0.5]
20:29:13.238 [FXGL Background Thread 3 ] DEBUG Engine               - globalSoundVolume: 0.5
20:29:13.239 [FXGL Background Thread 3 ] DEBUG Engine               - globalSoundVolumeProperty: DoubleProperty [value: 0.5]
20:29:13.239 [FXGL Background Thread 3 ] DEBUG Engine               - height: 720
20:29:13.239 [FXGL Background Thread 3 ] DEBUG Engine               - is3D: false
20:29:13.239 [FXGL Background Thread 3 ] DEBUG Engine               - isAndroid: false
20:29:13.239 [FXGL Background Thread 3 ] DEBUG Engine               - isBrowser: false
20:29:13.239 [FXGL Background Thread 3 ] DEBUG Engine               - isClickFeedbackEnabled: false
20:29:13.239 [FXGL Background Thread 3 ] DEBUG Engine               - isCloseConfirmation: false
20:29:13.239 [FXGL Background Thread 3 ] DEBUG Engine               - isDesktop: true
20:29:13.239 [FXGL Background Thread 3 ] DEBUG Engine               - isDeveloperMenuEnabled: true
20:29:13.239 [FXGL Background Thread 3 ] DEBUG Engine               - isEmbedded: false
20:29:13.239 [FXGL Background Thread 3 ] DEBUG Engine               - isEntityPreloadEnabled: true
20:29:13.239 [FXGL Background Thread 3 ] DEBUG Engine               - isExperimentalTiledLargeMap: false
20:29:13.239 [FXGL Background Thread 3 ] DEBUG Engine               - isFileSystemWriteAllowed: true
20:29:13.239 [FXGL Background Thread 3 ] DEBUG Engine               - isFullScreenAllowed: false
20:29:13.239 [FXGL Background Thread 3 ] DEBUG Engine               - isFullScreenFromStart: false
20:29:13.239 [FXGL Background Thread 3 ] DEBUG Engine               - isGameMenuEnabled: true
20:29:13.240 [FXGL Background Thread 3 ] DEBUG Engine               - isIOS: false
20:29:13.240 [FXGL Background Thread 3 ] DEBUG Engine               - isIntroEnabled: false
20:29:13.240 [FXGL Background Thread 3 ] DEBUG Engine               - isLinux: false
20:29:13.240 [FXGL Background Thread 3 ] DEBUG Engine               - isMac: true
20:29:13.240 [FXGL Background Thread 3 ] DEBUG Engine               - isMainMenuEnabled: true
20:29:13.240 [FXGL Background Thread 3 ] DEBUG Engine               - isManualResizeEnabled: false
20:29:13.240 [FXGL Background Thread 3 ] DEBUG Engine               - isMobile: false
20:29:13.240 [FXGL Background Thread 3 ] DEBUG Engine               - isNative: false
20:29:13.240 [FXGL Background Thread 3 ] DEBUG Engine               - isPauseMusicWhenMinimized: true
20:29:13.240 [FXGL Background Thread 3 ] DEBUG Engine               - isPreserveResizeRatio: false
20:29:13.240 [FXGL Background Thread 3 ] DEBUG Engine               - isProfilingEnabled: false
20:29:13.240 [FXGL Background Thread 3 ] DEBUG Engine               - isScaleAffectedOnResize: true
20:29:13.240 [FXGL Background Thread 3 ] DEBUG Engine               - isSingleStep: false
20:29:13.240 [FXGL Background Thread 3 ] DEBUG Engine               - isUserProfileEnabled: false
20:29:13.240 [FXGL Background Thread 3 ] DEBUG Engine               - isWindows: false
20:29:13.240 [FXGL Background Thread 3 ] DEBUG Engine               - language: ObjectProperty [value: ENGLISH]
20:29:13.240 [FXGL Background Thread 3 ] DEBUG Engine               - menuKey: F12
20:29:13.240 [FXGL Background Thread 3 ] DEBUG Engine               - mouseSensitivity: 0.2
20:29:13.240 [FXGL Background Thread 3 ] DEBUG Engine               - notificationViewClass: class com.almasb.fxgl.notification.view.XboxNotificationView
20:29:13.241 [FXGL Background Thread 3 ] DEBUG Engine               - pixelsPerMeter: 50.0
20:29:13.241 [FXGL Background Thread 3 ] DEBUG Engine               - platform: MAC
20:29:13.241 [FXGL Background Thread 3 ] DEBUG Engine               - prefHeightProperty: ReadOnlyDoubleProperty [value: 720.0]
20:29:13.241 [FXGL Background Thread 3 ] DEBUG Engine               - prefWidthProperty: ReadOnlyDoubleProperty [value: 1280.0]
20:29:13.241 [FXGL Background Thread 3 ] DEBUG Engine               - profileDir: profiles/
20:29:13.241 [FXGL Background Thread 3 ] DEBUG Engine               - profileName: StringProperty [value: DEFAULT]
20:29:13.241 [FXGL Background Thread 3 ] DEBUG Engine               - randomSeed: -1
20:29:13.241 [FXGL Background Thread 3 ] DEBUG Engine               - runtimeInfo: RuntimeInfo(platform=MAC, version=17.3, build=30.03.2023 11.49)
20:29:13.241 [FXGL Background Thread 3 ] DEBUG Engine               - saveFileExt: sav
20:29:13.241 [FXGL Background Thread 3 ] DEBUG Engine               - scaledHeightProp$fxgl: DoubleProperty [bound, value: 720.0]
20:29:13.241 [FXGL Background Thread 3 ] DEBUG Engine               - scaledWidthProp$fxgl: DoubleProperty [bound, value: 1280.0]
20:29:13.241 [FXGL Background Thread 3 ] DEBUG Engine               - sceneFactory: com.example.csit228capstonesirjaysimulator.application.MenuFactory@7535034
20:29:13.241 [FXGL Background Thread 3 ] DEBUG Engine               - secondsIn24h: 60
20:29:13.242 [FXGL Background Thread 3 ] DEBUG Engine               - soundMenuBack: menu/back.wav
20:29:13.242 [FXGL Background Thread 3 ] DEBUG Engine               - soundMenuPress: menu/press.wav
20:29:13.242 [FXGL Background Thread 3 ] DEBUG Engine               - soundMenuSelect: menu/select.wav
20:29:13.242 [FXGL Background Thread 3 ] DEBUG Engine               - soundNotification: core/notification.wav
20:29:13.242 [FXGL Background Thread 3 ] DEBUG Engine               - stageStyle: DECORATED
20:29:13.242 [FXGL Background Thread 3 ] DEBUG Engine               - supportedLanguages: [ENGLISH, FRENCH, GERMAN, HUNGARIAN, RUSSIAN]
20:29:13.242 [FXGL Background Thread 3 ] DEBUG Engine               - ticksPerSecond: -1
20:29:13.242 [FXGL Background Thread 3 ] DEBUG Engine               - title: Sir Serato Simulator
20:29:13.242 [FXGL Background Thread 3 ] DEBUG Engine               - urlGithub: https://github.com/AlmasB/FXGL
20:29:13.242 [FXGL Background Thread 3 ] DEBUG Engine               - urlLeaderboard: http://fxgl-top.herokuapp.com/
20:29:13.242 [FXGL Background Thread 3 ] DEBUG Engine               - urlPOM: https://raw.githubusercontent.com/AlmasB/FXGL/release/README.md
20:29:13.242 [FXGL Background Thread 3 ] DEBUG Engine               - userAppClass: class com.example.csit228capstonesirjaysimulator.application.GameLevelApp
20:29:13.242 [FXGL Background Thread 3 ] DEBUG Engine               - version: 0.0
20:29:13.242 [FXGL Background Thread 3 ] DEBUG Engine               - versionCheckDays: 7
20:29:13.242 [FXGL Background Thread 3 ] DEBUG Engine               - width: 1280
20:29:13.242 [FXGL Background Thread 3 ] DEBUG Engine               - Logging services
20:29:13.242 [FXGL Background Thread 3 ] DEBUG Engine               - class com.almasb.fxgl.app.services.FXGLAssetLoaderService
20:29:13.242 [FXGL Background Thread 3 ] DEBUG Engine               - class com.almasb.fxgl.app.FXGLApplication$GameApplicationService
20:29:13.243 [FXGL Background Thread 3 ] DEBUG Engine               - class com.almasb.fxgl.app.services.FXGLDialogService
20:29:13.243 [FXGL Background Thread 3 ] DEBUG Engine               - class com.almasb.fxgl.app.services.IOTaskExecutorService
20:29:13.243 [FXGL Background Thread 3 ] DEBUG Engine               - class com.almasb.fxgl.io.FileSystemService
20:29:13.243 [FXGL Background Thread 3 ] DEBUG Engine               - class com.almasb.fxgl.localization.LocalizationService
20:29:13.243 [FXGL Background Thread 3 ] DEBUG Engine               - class com.almasb.fxgl.app.services.SystemBundleService
20:29:13.243 [FXGL Background Thread 3 ] DEBUG Engine               - class com.almasb.fxgl.profile.SaveLoadService
20:29:13.243 [FXGL Background Thread 3 ] DEBUG Engine               - class com.almasb.fxgl.ui.FXGLUIFactoryServiceProvider
20:29:13.243 [FXGL Background Thread 3 ] DEBUG Engine               - class com.almasb.fxgl.ui.FXGLDialogFactoryServiceProvider
20:29:13.243 [FXGL Background Thread 3 ] DEBUG Engine               - class com.almasb.fxgl.audio.AudioPlayer
20:29:13.243 [FXGL Background Thread 3 ] DEBUG Engine               - class com.almasb.fxgl.notification.impl.NotificationServiceProvider
20:29:13.243 [FXGL Background Thread 3 ] DEBUG Engine               - class com.almasb.fxgl.achievement.AchievementService
20:29:13.243 [FXGL Background Thread 3 ] DEBUG Engine               - class com.almasb.fxgl.cutscene.CutsceneService
20:29:13.243 [FXGL Background Thread 3 ] DEBUG Engine               - class com.almasb.fxgl.minigames.MiniGameService
20:29:13.243 [FXGL Background Thread 3 ] DEBUG Engine               - class com.almasb.fxgl.net.NetService
20:29:13.243 [FXGL Background Thread 3 ] DEBUG Engine               - class com.almasb.fxgl.app.services.UpdaterService
20:29:13.243 [FXGL Background Thread 3 ] DEBUG Engine               - class com.almasb.fxgl.dev.DevService
20:29:14.369 [JavaFX Application Thread] DEBUG PrimaryStageWindow   - Push state: ProfileSelectScene
20:29:14.369 [JavaFX Application Thread] DEBUG Input                - Clearing active input actions
20:29:14.371 [JavaFX Application Thread] DEBUG GameApplicationServi - Removing overlay from MainMenuApp and adding to ProfileSelectScene
20:29:14.372 [JavaFX Application Thread] DEBUG PrimaryStageWindow   - MainMenuApp -> ProfileSelectScene
20:29:19.890 [JavaFX Application Thread] DEBUG PrimaryStageWindow   - Pop state: ProfileSelectScene
20:29:19.890 [JavaFX Application Thread] DEBUG Input                - Clearing active input actions
20:29:19.890 [JavaFX Application Thread] DEBUG GameApplicationServi - Removing overlay from ProfileSelectScene and adding to MainMenuApp
20:29:19.891 [JavaFX Application Thread] DEBUG PrimaryStageWindow   - MainMenuApp <- ProfileSelectScene
20:29:20.008 [JavaFX Application Thread] DEBUG Input                - Registered new binding: Advance - Enter
20:29:20.008 [JavaFX Application Thread] DEBUG FXGLAssetLoaderServi - Loading from file system: file:/Users/chloejuliageonzon/Documents/IdeaProjects/School/CSIT228-Capstone-Sir-Jay-Simulator/target/classes/assets/music/classroom.wav
20:29:20.011 [JavaFX Application Thread] DEBUG AudioPlayer          - Playing music com.almasb.fxgl.audio.Music@3da3761d
20:29:20.012 [JavaFX Application Thread] DEBUG PrimaryStageWindow   - Push state: IntroCutScene
20:29:20.013 [JavaFX Application Thread] DEBUG Input                - Clearing active input actions
20:29:20.013 [JavaFX Application Thread] DEBUG GameApplicationServi - Removing overlay from MainMenuApp and adding to IntroCutScene
20:29:20.013 [JavaFX Application Thread] DEBUG PrimaryStageWindow   - MainMenuApp -> IntroCutScene
20:29:23.746 [JavaFX Application Thread] DEBUG AudioPlayer          - Stopping music com.almasb.fxgl.audio.Music@8779616
20:29:23.748 [JavaFX Application Thread] DEBUG AudioPlayer          - Stopping music com.almasb.fxgl.audio.Music@3da3761d
20:29:23.749 [JavaFX Application Thread] DEBUG Menu                 - fireNewGame()
20:29:23.749 [JavaFX Application Thread] DEBUG GameApplicationServi - Starting new game
20:29:23.749 [JavaFX Application Thread] DEBUG PrimaryStageWindow   - Pop state: IntroCutScene
20:29:23.749 [JavaFX Application Thread] DEBUG Input                - Clearing active input actions
20:29:23.750 [JavaFX Application Thread] DEBUG GameApplicationServi - Removing overlay from IntroCutScene and adding to MainMenuApp
20:29:23.751 [JavaFX Application Thread] DEBUG PrimaryStageWindow   - MainMenuApp <- IntroCutScene
20:29:23.751 [JavaFX Application Thread] DEBUG PrimaryStageWindow   - Pop state: MainMenuApp
20:29:23.751 [JavaFX Application Thread] DEBUG Input                - Clearing active input actions
20:29:23.752 [JavaFX Application Thread] DEBUG GameApplicationServi - Removing overlay from MainMenuApp and adding to FXGLMainMenuDummyScene
20:29:23.752 [JavaFX Application Thread] DEBUG PrimaryStageWindow   - FXGLMainMenuDummyScene <- MainMenuApp
20:29:23.752 [JavaFX Application Thread] DEBUG Input                - Clearing active input actions
20:29:23.760 [JavaFX Application Thread] DEBUG GameApplicationServi - Removing overlay from FXGLMainMenuDummyScene and adding to FXGLLoadingScene
20:29:23.767 [JavaFX Application Thread] DEBUG PrimaryStageWindow   - FXGLMainMenuDummyScene -> FXGLLoadingScene
20:29:23.767 [JavaFX Application Thread] DEBUG GameApplicationServi - Clearing previous game
20:29:23.767 [JavaFX Application Thread] DEBUG GameScene            - Clearing game scene
20:29:23.767 [JavaFX Application Thread] DEBUG GameWorld            - Clearing game world
20:29:23.767 [JavaFX Application Thread] DEBUG PhysicsWorld         - Clearing physics world
20:29:23.769 [FXGL Background Thread 2 ] DEBUG FXGLApplication      - Initializing game
20:29:23.770 [FXGL Background Thread 2 ] DEBUG FXGLAssetLoaderServi - Loading from file system: file:/Users/chloejuliageonzon/Documents/IdeaProjects/School/CSIT228-Capstone-Sir-Jay-Simulator/target/classes/assets/sounds/correct.mp3
20:29:23.777 [FXGL Background Thread 2 ] DEBUG FXGLAssetLoaderServi - Loading from file system: file:/Users/chloejuliageonzon/Documents/IdeaProjects/School/CSIT228-Capstone-Sir-Jay-Simulator/target/classes/assets/sounds/wrong.mp3
20:29:23.779 [FXGL Background Thread 2 ] DEBUG FXGLAssetLoaderServi - Loading from file system: file:/Users/chloejuliageonzon/Documents/IdeaProjects/School/CSIT228-Capstone-Sir-Jay-Simulator/target/classes/assets/sounds/tap.mp3
20:29:23.782 [FXGL Background Thread 2 ] DEBUG FXGLAssetLoaderServi - Loading from file system: file:/Users/chloejuliageonzon/Documents/IdeaProjects/School/CSIT228-Capstone-Sir-Jay-Simulator/target/classes/assets/textures/Chair.PNG
20:29:23.825 [FXGL Background Thread 2 ] DEBUG FXGLAssetLoaderServi - Loading from file system: file:/Users/chloejuliageonzon/Documents/IdeaProjects/School/CSIT228-Capstone-Sir-Jay-Simulator/target/classes/assets/textures/students/stud4_idle_state.png
20:29:23.832 [FXGL Background Thread 2 ] DEBUG FXGLAssetLoaderServi - Loading from file system: file:/Users/chloejuliageonzon/Documents/IdeaProjects/School/CSIT228-Capstone-Sir-Jay-Simulator/target/classes/assets/textures/students/stud4_sus_state.png
20:29:23.840 [FXGL Background Thread 2 ] DEBUG FXGLAssetLoaderServi - Loading from file system: file:/Users/chloejuliageonzon/Documents/IdeaProjects/School/CSIT228-Capstone-Sir-Jay-Simulator/target/classes/assets/textures/students/stud4_cheat_state.png
20:29:23.846 [FXGL Background Thread 2 ] WARN  FXGLAssetLoaderServi - Asset "/assets/textures/students/stud4_talking_state.png" was not found!
20:29:23.846 [FXGL Background Thread 2 ] WARN  FXGLAssetLoaderServi - Failed to load IMAGE
20:29:23.857 [FXGL Background Thread 2 ] DEBUG FXGLAssetLoaderServi - Loading from file system: file:/Users/chloejuliageonzon/Documents/IdeaProjects/School/CSIT228-Capstone-Sir-Jay-Simulator/target/classes/assets/textures/students/stud1_idle_state.png
20:29:23.869 [FXGL Background Thread 2 ] DEBUG FXGLAssetLoaderServi - Loading from file system: file:/Users/chloejuliageonzon/Documents/IdeaProjects/School/CSIT228-Capstone-Sir-Jay-Simulator/target/classes/assets/textures/students/stud1_sus_state.png
20:29:23.876 [FXGL Background Thread 2 ] DEBUG FXGLAssetLoaderServi - Loading from file system: file:/Users/chloejuliageonzon/Documents/IdeaProjects/School/CSIT228-Capstone-Sir-Jay-Simulator/target/classes/assets/textures/students/stud1_cheat_state.png
20:29:23.883 [FXGL Background Thread 2 ] WARN  FXGLAssetLoaderServi - Asset "/assets/textures/students/stud1_talking_state.png" was not found!
20:29:23.883 [FXGL Background Thread 2 ] WARN  FXGLAssetLoaderServi - Failed to load IMAGE
20:29:23.884 [FXGL Background Thread 2 ] WARN  FXGLAssetLoaderServi - Asset "/assets/textures/students/stud4_talking_state.png" was not found!
20:29:23.884 [FXGL Background Thread 2 ] WARN  FXGLAssetLoaderServi - Failed to load IMAGE
20:29:23.884 [FXGL Background Thread 2 ] DEBUG FXGLAssetLoaderServi - Loading from file system: file:/Users/chloejuliageonzon/Documents/IdeaProjects/School/CSIT228-Capstone-Sir-Jay-Simulator/target/classes/assets/textures/students/stud3_idle_state.png
20:29:23.891 [FXGL Background Thread 2 ] DEBUG FXGLAssetLoaderServi - Loading from file system: file:/Users/chloejuliageonzon/Documents/IdeaProjects/School/CSIT228-Capstone-Sir-Jay-Simulator/target/classes/assets/textures/students/stud3_sus_state.png
20:29:23.898 [FXGL Background Thread 2 ] DEBUG FXGLAssetLoaderServi - Loading from file system: file:/Users/chloejuliageonzon/Documents/IdeaProjects/School/CSIT228-Capstone-Sir-Jay-Simulator/target/classes/assets/textures/students/stud3_cheat_state.png
20:29:23.906 [FXGL Background Thread 2 ] WARN  FXGLAssetLoaderServi - Asset "/assets/textures/students/stud3_talking_state.png" was not found!
20:29:23.906 [FXGL Background Thread 2 ] WARN  FXGLAssetLoaderServi - Failed to load IMAGE
20:29:23.906 [FXGL Background Thread 2 ] DEBUG FXGLAssetLoaderServi - Loading from file system: file:/Users/chloejuliageonzon/Documents/IdeaProjects/School/CSIT228-Capstone-Sir-Jay-Simulator/target/classes/assets/textures/students/stud2_idle_state.png
20:29:23.914 [FXGL Background Thread 2 ] DEBUG FXGLAssetLoaderServi - Loading from file system: file:/Users/chloejuliageonzon/Documents/IdeaProjects/School/CSIT228-Capstone-Sir-Jay-Simulator/target/classes/assets/textures/students/stud2_sus_state.png
20:29:23.921 [FXGL Background Thread 2 ] DEBUG FXGLAssetLoaderServi - Loading from file system: file:/Users/chloejuliageonzon/Documents/IdeaProjects/School/CSIT228-Capstone-Sir-Jay-Simulator/target/classes/assets/textures/students/stud2_cheat_state.png
20:29:23.928 [FXGL Background Thread 2 ] WARN  FXGLAssetLoaderServi - Asset "/assets/textures/students/stud2_talking_state.png" was not found!
20:29:23.928 [FXGL Background Thread 2 ] WARN  FXGLAssetLoaderServi - Failed to load IMAGE
20:29:23.928 [FXGL Background Thread 2 ] WARN  FXGLAssetLoaderServi - Asset "/assets/textures/students/stud1_talking_state.png" was not found!
20:29:23.928 [FXGL Background Thread 2 ] WARN  FXGLAssetLoaderServi - Failed to load IMAGE
20:29:23.929 [FXGL Background Thread 2 ] WARN  FXGLAssetLoaderServi - Asset "/assets/textures/students/stud1_talking_state.png" was not found!
20:29:23.929 [FXGL Background Thread 2 ] WARN  FXGLAssetLoaderServi - Failed to load IMAGE
20:29:23.929 [FXGL Background Thread 2 ] DEBUG FXGLAssetLoaderServi - Loading from file system: file:/Users/chloejuliageonzon/Documents/IdeaProjects/School/CSIT228-Capstone-Sir-Jay-Simulator/target/classes/assets/textures/students/trey_idle_state.png
20:29:23.936 [FXGL Background Thread 2 ] DEBUG FXGLAssetLoaderServi - Loading from file system: file:/Users/chloejuliageonzon/Documents/IdeaProjects/School/CSIT228-Capstone-Sir-Jay-Simulator/target/classes/assets/textures/students/trey_sus_state.png
20:29:23.942 [FXGL Background Thread 2 ] DEBUG FXGLAssetLoaderServi - Loading from file system: file:/Users/chloejuliageonzon/Documents/IdeaProjects/School/CSIT228-Capstone-Sir-Jay-Simulator/target/classes/assets/textures/students/trey_cheat_state.png
20:29:23.949 [FXGL Background Thread 2 ] DEBUG FXGLAssetLoaderServi - Loading from file system: file:/Users/chloejuliageonzon/Documents/IdeaProjects/School/CSIT228-Capstone-Sir-Jay-Simulator/target/classes/assets/textures/students/trey_talking_state.png
20:29:23.957 [FXGL Background Thread 2 ] WARN  FXGLAssetLoaderServi - Asset "/assets/textures/students/stud4_talking_state.png" was not found!
20:29:23.957 [FXGL Background Thread 2 ] WARN  FXGLAssetLoaderServi - Failed to load IMAGE
20:29:23.957 [FXGL Background Thread 2 ] WARN  FXGLAssetLoaderServi - Asset "/assets/textures/students/stud4_talking_state.png" was not found!
20:29:23.957 [FXGL Background Thread 2 ] WARN  FXGLAssetLoaderServi - Failed to load IMAGE
20:29:23.958 [FXGL Background Thread 2 ] WARN  FXGLAssetLoaderServi - Asset "/assets/textures/students/stud2_talking_state.png" was not found!
20:29:23.958 [FXGL Background Thread 2 ] WARN  FXGLAssetLoaderServi - Failed to load IMAGE
20:29:23.958 [FXGL Background Thread 2 ] WARN  FXGLAssetLoaderServi - Asset "/assets/textures/students/stud3_talking_state.png" was not found!
20:29:23.958 [FXGL Background Thread 2 ] WARN  FXGLAssetLoaderServi - Failed to load IMAGE
20:29:23.958 [FXGL Background Thread 2 ] WARN  FXGLAssetLoaderServi - Asset "/assets/textures/students/stud4_talking_state.png" was not found!
20:29:23.958 [FXGL Background Thread 2 ] WARN  FXGLAssetLoaderServi - Failed to load IMAGE
20:29:23.959 [FXGL Background Thread 2 ] WARN  FXGLAssetLoaderServi - Asset "/assets/textures/students/stud4_talking_state.png" was not found!
20:29:23.959 [FXGL Background Thread 2 ] WARN  FXGLAssetLoaderServi - Failed to load IMAGE
20:29:23.959 [FXGL Background Thread 2 ] WARN  FXGLAssetLoaderServi - Asset "/assets/textures/students/stud2_talking_state.png" was not found!
20:29:23.959 [FXGL Background Thread 2 ] WARN  FXGLAssetLoaderServi - Failed to load IMAGE
20:29:23.960 [FXGL Background Thread 2 ] WARN  FXGLAssetLoaderServi - Asset "/assets/textures/students/stud4_talking_state.png" was not found!
20:29:23.960 [FXGL Background Thread 2 ] WARN  FXGLAssetLoaderServi - Failed to load IMAGE
20:29:23.960 [FXGL Background Thread 2 ] WARN  FXGLAssetLoaderServi - Asset "/assets/textures/students/stud2_talking_state.png" was not found!
20:29:23.960 [FXGL Background Thread 2 ] WARN  FXGLAssetLoaderServi - Failed to load IMAGE
20:29:23.969 [FXGL Background Thread 2 ] DEBUG FXGLAssetLoaderServi - Loading from file system: file:/Users/chloejuliageonzon/Documents/IdeaProjects/School/CSIT228-Capstone-Sir-Jay-Simulator/target/classes/assets/textures/teacherView_leftSide.PNG
20:29:23.984 [FXGL Background Thread 2 ] DEBUG FXGLAssetLoaderServi - Loading from file system: file:/Users/chloejuliageonzon/Documents/IdeaProjects/School/CSIT228-Capstone-Sir-Jay-Simulator/target/classes/assets/textures/Table.PNG
20:29:24.161 [FXGL Background Thread 2 ] INFO  FXGLApplication      - Game initialization took: 0.392 sec
20:29:24.161 [JavaFX Application Thread] DEBUG Input                - Clearing active input actions
20:29:24.163 [JavaFX Application Thread] DEBUG GameApplicationServi - Removing overlay from FXGLLoadingScene and adding to GameScene
20:29:24.165 [JavaFX Application Thread] DEBUG PrimaryStageWindow   - FXGLLoadingScene -> GameScene
20:29:26.046 [JavaFX Application Thread] DEBUG FXGLAssetLoaderServi - Loading from file system: file:/Users/chloejuliageonzon/Documents/IdeaProjects/School/CSIT228-Capstone-Sir-Jay-Simulator/target/classes/assets/sounds/howsurdayeverybody2.wav
20:29:29.112 [JavaFX Application Thread] DEBUG FXGLAssetLoaderServi - Loading from file system: file:/Users/chloejuliageonzon/Documents/IdeaProjects/School/CSIT228-Capstone-Sir-Jay-Simulator/target/classes/assets/music/distractor_sfx.wav
20:29:29.120 [JavaFX Application Thread] DEBUG AudioPlayer          - Playing music com.almasb.fxgl.audio.Music@16cbbc13
20:29:29.956 [JavaFX Application Thread] DEBUG PrimaryStageWindow   - Push state: PauseScene
20:29:29.957 [JavaFX Application Thread] DEBUG Input                - Clearing active input actions
20:29:29.957 [JavaFX Application Thread] DEBUG GameApplicationServi - Removing overlay from GameScene and adding to PauseScene
20:29:29.957 [JavaFX Application Thread] DEBUG PrimaryStageWindow   - GameScene -> PauseScene
20:29:30.758 [JavaFX Application Thread] DEBUG PrimaryStageWindow   - Pop state: PauseScene
20:29:30.758 [JavaFX Application Thread] DEBUG Input                - Clearing active input actions
20:29:30.759 [JavaFX Application Thread] DEBUG GameApplicationServi - Removing overlay from PauseScene and adding to GameScene
20:29:30.761 [JavaFX Application Thread] DEBUG PrimaryStageWindow   - GameScene <- PauseScene
20:29:30.761 [JavaFX Application Thread] DEBUG Input                - Clearing active input actions
20:29:30.766 [JavaFX Application Thread] DEBUG GameApplicationServi - Removing overlay from GameScene and adding to FXGLMainMenuDummyScene
20:29:30.766 [JavaFX Application Thread] DEBUG PrimaryStageWindow   - GameScene -> FXGLMainMenuDummyScene
20:29:30.766 [JavaFX Application Thread] DEBUG PrimaryStageWindow   - Push state: MainMenuApp
20:29:30.766 [JavaFX Application Thread] DEBUG Input                - Clearing active input actions
20:29:30.767 [JavaFX Application Thread] DEBUG GameApplicationServi - Removing overlay from FXGLMainMenuDummyScene and adding to MainMenuApp
20:29:30.773 [JavaFX Application Thread] DEBUG PrimaryStageWindow   - FXGLMainMenuDummyScene -> MainMenuApp
20:29:41.311 [JavaFX Application Thread] DEBUG FXGLApplication      - Exiting FXGL
20:29:41.312 [JavaFX Application Thread] DEBUG LoopRunner           - Stopping loop
20:29:41.312 [JavaFX Application Thread] DEBUG SystemBundleService  - Saving FXGL system data
20:29:41.316 [JavaFX Application Thread] DEBUG FileSystemAccess     - Writing to: /Users/chloejuliageonzon/Documents/IdeaProjects/School/CSIT228-Capstone-Sir-Jay-Simulator/system/fxgl.bundle
20:29:41.317 [JavaFX Application Thread] DEBUG Async                - Shutting down background threads
20:29:41.317 [JavaFX Application Thread] DEBUG PrimaryStageWindow   - Closing main window
20:29:41.324 [JavaFX Application Thread] DEBUG Logger               - Closing Logger
