12:34:35.577 [main                     ] DEBUG Logger               - Configured Logger
12:34:35.579 [main                     ] DEBUG GameApplication      - Logging settings
Title: Sir Serato Simulator
Version: 0.0
Width: 1280
Height: 720
Fullscreen: false
Intro: false
Profiling: false
Single step:false
App Mode: DEVELOPER
Menu Key: ESCAPE
Stage Style: DECORATED
Scene Factory: class com.example.csit228capstonesirjaysimulator.application.MenuFactory

12:34:35.753 [JavaFX Application Thread] DEBUG FXGLApplication      - Initializing FXGL
12:34:35.754 [JavaFX Application Thread] INFO  Engine               - FXGL-17.3 (30.03.2023 11.49) on MAC (J:25.0.1 FX:21.0.6)
12:34:35.754 [JavaFX Application Thread] DEBUG Engine               - JRE Vendor Name: Oracle Corporation
12:34:35.754 [JavaFX Application Thread] DEBUG Engine               - Running on OS: Mac OS X version 14.6
12:34:35.754 [JavaFX Application Thread] DEBUG Engine               - Architecture: aarch64
12:34:35.754 [JavaFX Application Thread] INFO  Engine               - Source code and latest versions at: https://github.com/AlmasB/FXGL
12:34:35.754 [JavaFX Application Thread] INFO  Engine               -       Ask questions and discuss at: https://github.com/AlmasB/FXGL/discussions
12:34:35.754 [JavaFX Application Thread] INFO  Engine               -              Join the FXGL chat at: https://gitter.im/AlmasB/FXGL
12:34:35.791 [JavaFX Application Thread] DEBUG PrimaryStageWindow   - Creating a JavaFX scene
12:34:35.809 [JavaFX Application Thread] DEBUG PrimaryStageWindow   - Target settings size: 1280.0 x 720.0
12:34:35.809 [JavaFX Application Thread] DEBUG PrimaryStageWindow   - Scaled scene size:    1280.0 x 720.0
12:34:35.809 [JavaFX Application Thread] DEBUG PrimaryStageWindow   - Scaled ratio: (1.0, 1.0)
12:34:35.809 [JavaFX Application Thread] DEBUG PrimaryStageWindow   - Set initial scene to FXGLStartupScene
12:34:35.811 [JavaFX Application Thread] DEBUG PrimaryStageWindow   - Opening main window
12:34:35.866 [JavaFX Application Thread] DEBUG PrimaryStageWindow   - Window border size: (0.0, 28.0)
12:34:35.867 [JavaFX Application Thread] DEBUG PrimaryStageWindow   - Scaled size: 1280.0 x 720.0
12:34:35.867 [JavaFX Application Thread] DEBUG PrimaryStageWindow   - Scaled ratio: (1.0, 1.0)
12:34:35.867 [JavaFX Application Thread] DEBUG PrimaryStageWindow   - Scene size: 1280.0 x 720.0
12:34:35.867 [JavaFX Application Thread] DEBUG PrimaryStageWindow   - Stage size: 1280.0 x 748.0
12:34:35.869 [FXGL Background Thread 1 ] DEBUG Engine               - Initializing environment variables
12:34:35.891 [FXGL Background Thread 1 ] DEBUG FXGLAssetLoaderServi - User app class for loading assets: class com.example.csit228capstonesirjaysimulator.application.GameLevelApp
12:34:35.891 [FXGL Background Thread 1 ] DEBUG GameApplicationServi - Applying CSS: fxgl_dark.css
12:34:35.892 [FXGL Background Thread 1 ] DEBUG FXGLAssetLoaderServi - Loading from file system: jar:file:///Users/chloejuliageonzon/.m2/repository/com/github/almasb/fxgl/17.3/fxgl-17.3.jar!/fxglassets/ui/css/fxgl_dark.css
12:34:35.912 [FXGL Background Thread 1 ] DEBUG GameApplicationServi - Initializing application scenes
12:34:35.973 [FXGL Background Thread 1 ] DEBUG GameWorld            - Game world initialized
12:34:35.996 [FXGL Background Thread 1 ] DEBUG PhysicsWorld         - Physics world initialized: appHeight=720, physics.ppm=50.0
12:34:35.996 [FXGL Background Thread 1 ] DEBUG PhysicsWorld         - Using strategy: BRUTE_FORCE
12:34:35.998 [FXGL Background Thread 1 ] DEBUG GameScene            - Game scene initialized: 1280x720
12:34:36.415 [FXGL Background Thread 1 ] DEBUG FXGLAssetLoaderServi - Loading from file system: file:/Users/chloejuliageonzon/Documents/IdeaProjects/School/CSIT228-Capstone-Sir-Jay-Simulator/target/classes/assets/music/intro_music.wav
12:34:36.563 [FXGL Background Thread 1 ] DEBUG AudioPlayer          - Playing music com.almasb.fxgl.audio.Music@615213d1
12:34:36.569 [FXGL Background Thread 1 ] DEBUG FXGL.DefaultMenu     - createMenuBodyGameMenu()
12:34:36.575 [FXGL Background Thread 1 ] DEBUG FXGL.DefaultMenu     - createOptionsMenu()
12:34:36.584 [FXGL Background Thread 1 ] DEBUG FXGLAssetLoaderServi - Loading from file system: jar:file:///Users/chloejuliageonzon/.m2/repository/com/github/almasb/fxgl/17.3/fxgl-17.3.jar!/fxglassets/textures/particles/smoke.png
12:34:36.629 [FXGL Background Thread 1 ] DEBUG FXGLAssetLoaderServi - Loading from file system: jar:file:///Users/chloejuliageonzon/.m2/repository/com/github/almasb/fxgl/17.3/fxgl-17.3.jar!/fxglassets/textures/particles/trace_horizontal.png
12:34:36.636 [FXGL Background Thread 1 ] DEBUG GameApplicationServi - Application scenes initialized
12:34:36.640 [FXGL Background Thread 1 ] DEBUG SystemBundleService  - Loading FXGL system data
12:34:36.641 [FXGL Background Thread 1 ] DEBUG FileSystemAccess     - Reading from: /Users/chloejuliageonzon/Documents/IdeaProjects/School/CSIT228-Capstone-Sir-Jay-Simulator/system/fxgl.bundle
12:34:36.643 [FXGL Background Thread 1 ] DEBUG SystemBundleService  - Bundle FXGL: {}
12:34:36.643 [FXGL Background Thread 1 ] DEBUG UpdaterService       - Checking for updates
12:34:36.644 [FXGL Background Thread 4 ] DEBUG FXGLApplication      - Loading fonts
12:34:36.645 [FXGL Background Thread 4 ] DEBUG FXGLAssetLoaderServi - Loading from file system: jar:file:///Users/chloejuliageonzon/.m2/repository/com/github/almasb/fxgl/17.3/fxgl-17.3.jar!/fxglassets/ui/fonts/VarelaRound-Regular.ttf
12:34:36.645 [FXGL Background Thread 1 ] DEBUG FXGLApplication      - Loading default localization
12:34:36.645 [FXGL Background Thread 1 ] DEBUG FXGLAssetLoaderServi - Loading from file system: jar:file:///Users/chloejuliageonzon/.m2/repository/com/github/almasb/fxgl/17.3/fxgl-17.3.jar!/fxglassets/languages/english.lang
12:34:36.661 [FXGL Background Thread 4 ] DEBUG FXGLAssetLoaderServi - Loading from file system: jar:file:///Users/chloejuliageonzon/.m2/repository/com/github/almasb/fxgl/17.3/fxgl-17.3.jar!/fxglassets/ui/fonts/Abel-Regular.ttf
12:34:36.662 [FXGL Background Thread 1 ] INFO  FXGLApplication      - FXGL initialization took: 0.793 sec
12:34:36.662 [FXGL Background Thread 4 ] DEBUG FXGLAssetLoaderServi - Loading from file system: jar:file:///Users/chloejuliageonzon/.m2/repository/com/github/almasb/fxgl/17.3/fxgl-17.3.jar!/fxglassets/ui/fonts/TerminalLandMono-Regular.otf
12:34:36.668 [JavaFX Application Thread] DEBUG Input                - Registered new binding: action0 - LMB
12:34:36.668 [FXGL Background Thread 4 ] DEBUG FXGLAssetLoaderServi - Loading from file system: jar:file:///Users/chloejuliageonzon/.m2/repository/com/github/almasb/fxgl/17.3/fxgl-17.3.jar!/fxglassets/ui/fonts/Courier-Prime.ttf
12:34:36.673 [JavaFX Application Thread] DEBUG Input                - Registered new binding: Switch Screen Left - A
12:34:36.674 [JavaFX Application Thread] DEBUG Input                - Registered new binding: Switch Screen Right - D
12:34:36.674 [JavaFX Application Thread] DEBUG Input                - Registered new binding: PAGHILOM! - E
12:34:36.674 [JavaFX Application Thread] DEBUG FXGLAssetLoaderServi - Loading from file system: jar:file:///Users/chloejuliageonzon/.m2/repository/com/github/almasb/fxgl/17.3/fxgl-17.3.jar!/fxglassets/textures/fxgl_icon.png
12:34:36.688 [JavaFX Application Thread] DEBUG FXGLAssetLoaderServi - Loading from file system: jar:file:///Users/chloejuliageonzon/.m2/repository/com/github/almasb/fxgl/17.3/fxgl-17.3.jar!/fxglassets/textures/fxgl_default_cursor.png
12:34:36.689 [JavaFX Application Thread] DEBUG Input                - Registered new binding: Screenshot - CTRL+8
12:34:36.689 [JavaFX Application Thread] DEBUG Input                - Registered new binding: System info dump - CTRL+9
12:34:36.689 [JavaFX Application Thread] DEBUG Input                - Registered new binding: Restart - CTRL+R
12:34:36.689 [JavaFX Application Thread] DEBUG Input                - Registered new binding: Toggle Debug Camera - CTRL+7
12:34:36.690 [JavaFX Application Thread] DEBUG LoopRunner           - Starting loop
12:34:36.690 [JavaFX Application Thread] DEBUG LoopRunner           - Initializing JavaFX AnimationTimerLoop
12:34:36.691 [JavaFX Application Thread] DEBUG Input                - Clearing active input actions
12:34:36.694 [JavaFX Application Thread] DEBUG GameApplicationServi - Removing overlay from FXGLStartupScene and adding to FXGLMainMenuDummyScene
12:34:36.694 [JavaFX Application Thread] DEBUG PrimaryStageWindow   - FXGLStartupScene -> FXGLMainMenuDummyScene
12:34:36.694 [JavaFX Application Thread] DEBUG PrimaryStageWindow   - Push state: MainMenuApp
12:34:36.694 [JavaFX Application Thread] DEBUG Input                - Clearing active input actions
12:34:36.695 [JavaFX Application Thread] DEBUG GameApplicationServi - Removing overlay from FXGLMainMenuDummyScene and adding to MainMenuApp
12:34:36.695 [JavaFX Application Thread] DEBUG PrimaryStageWindow   - FXGLMainMenuDummyScene -> MainMenuApp
12:34:36.713 [JavaFX Application Thread] DEBUG FXGLApplication      - Registering font factories with UI factory
12:34:37.656 [FXGL Background Thread 2 ] INFO  UpdaterService       - Your current version:  17.3
12:34:37.656 [FXGL Background Thread 2 ] INFO  UpdaterService       - Latest stable version: 25
12:34:39.649 [FXGL Background Thread 3 ] DEBUG Engine               - Logging environment variables
12:34:39.650 [FXGL Background Thread 3 ] DEBUG Engine               - achievements: []
12:34:39.650 [FXGL Background Thread 3 ] DEBUG Engine               - actualHeight: 720.0
12:34:39.651 [FXGL Background Thread 3 ] DEBUG Engine               - actualHeightProperty: ReadOnlyDoubleProperty [value: 720.0]
12:34:39.651 [FXGL Background Thread 3 ] DEBUG Engine               - actualWidth: 1280.0
12:34:39.651 [FXGL Background Thread 3 ] DEBUG Engine               - actualWidthProperty: ReadOnlyDoubleProperty [value: 1280.0]
12:34:39.651 [FXGL Background Thread 3 ] DEBUG Engine               - appIcon: fxgl_icon.png
12:34:39.651 [FXGL Background Thread 3 ] DEBUG Engine               - applicationMode: DEVELOPER
12:34:39.651 [FXGL Background Thread 3 ] DEBUG Engine               - cSSList: [fxgl_dark.css]
12:34:39.651 [FXGL Background Thread 3 ] DEBUG Engine               - collisionDetectionStrategy: BRUTE_FORCE
12:34:39.652 [FXGL Background Thread 3 ] DEBUG Engine               - configClass: Optional.empty
12:34:39.652 [FXGL Background Thread 3 ] DEBUG Engine               - credits: []
12:34:39.653 [FXGL Background Thread 3 ] DEBUG Engine               - defaultCursor: CursorInfo(imageName=fxgl_default_cursor.png, hotspotX=7.0, hotspotY=6.0)
12:34:39.653 [FXGL Background Thread 3 ] DEBUG Engine               - devBBoxColorProperty: ObjectProperty [value: 0xff0000ff]
12:34:39.653 [FXGL Background Thread 3 ] DEBUG Engine               - devEnableDebugCameraProperty: BooleanProperty [value: false]
12:34:39.654 [FXGL Background Thread 3 ] DEBUG Engine               - devSensorColorProperty: ObjectProperty [value: 0xffff00ff]
12:34:39.654 [FXGL Background Thread 3 ] DEBUG Engine               - devShowBBoxProperty: BooleanProperty [value: false]
12:34:39.654 [FXGL Background Thread 3 ] DEBUG Engine               - devShowPositionProperty: BooleanProperty [value: false]
12:34:39.654 [FXGL Background Thread 3 ] DEBUG Engine               - enabledMenuItems: []
12:34:39.654 [FXGL Background Thread 3 ] DEBUG Engine               - engineServices: [class com.almasb.fxgl.app.services.FXGLAssetLoaderService, class com.almasb.fxgl.app.FXGLApplication$GameApplicationService, class com.almasb.fxgl.app.services.FXGLDialogService, class com.almasb.fxgl.app.services.IOTaskExecutorService, class com.almasb.fxgl.io.FileSystemService, class com.almasb.fxgl.localization.LocalizationService, class com.almasb.fxgl.app.services.SystemBundleService, class com.almasb.fxgl.profile.SaveLoadService, class com.almasb.fxgl.ui.FXGLUIFactoryServiceProvider, class com.almasb.fxgl.ui.FXGLDialogFactoryServiceProvider, class com.almasb.fxgl.audio.AudioPlayer, class com.almasb.fxgl.notification.impl.NotificationServiceProvider, class com.almasb.fxgl.achievement.AchievementService, class com.almasb.fxgl.cutscene.CutsceneService, class com.almasb.fxgl.minigames.MiniGameService, class com.almasb.fxgl.net.NetService, class com.almasb.fxgl.app.services.UpdaterService, class com.almasb.fxgl.dev.DevService]
12:34:39.654 [FXGL Background Thread 3 ] DEBUG Engine               - fontGame: Abel-Regular.ttf
12:34:39.654 [FXGL Background Thread 3 ] DEBUG Engine               - fontMono: TerminalLandMono-Regular.otf
12:34:39.654 [FXGL Background Thread 3 ] DEBUG Engine               - fontSizeScaleUI: 1.0
12:34:39.654 [FXGL Background Thread 3 ] DEBUG Engine               - fontText: Courier-Prime.ttf
12:34:39.654 [FXGL Background Thread 3 ] DEBUG Engine               - fontUI: VarelaRound-Regular.ttf
12:34:39.654 [FXGL Background Thread 3 ] DEBUG Engine               - fullScreen: BooleanProperty [value: false]
12:34:39.654 [FXGL Background Thread 3 ] DEBUG Engine               - gameDifficulty: MEDIUM
12:34:39.654 [FXGL Background Thread 3 ] DEBUG Engine               - gameDifficultyProperty: ObjectProperty [value: MEDIUM]
12:34:39.654 [FXGL Background Thread 3 ] DEBUG Engine               - globalMusicVolume: 0.5
12:34:39.654 [FXGL Background Thread 3 ] DEBUG Engine               - globalMusicVolumeProperty: DoubleProperty [value: 0.5]
12:34:39.655 [FXGL Background Thread 3 ] DEBUG Engine               - globalSoundVolume: 0.5
12:34:39.655 [FXGL Background Thread 3 ] DEBUG Engine               - globalSoundVolumeProperty: DoubleProperty [value: 0.5]
12:34:39.655 [FXGL Background Thread 3 ] DEBUG Engine               - height: 720
12:34:39.655 [FXGL Background Thread 3 ] DEBUG Engine               - is3D: false
12:34:39.655 [FXGL Background Thread 3 ] DEBUG Engine               - isAndroid: false
12:34:39.655 [FXGL Background Thread 3 ] DEBUG Engine               - isBrowser: false
12:34:39.655 [FXGL Background Thread 3 ] DEBUG Engine               - isClickFeedbackEnabled: false
12:34:39.655 [FXGL Background Thread 3 ] DEBUG Engine               - isCloseConfirmation: false
12:34:39.655 [FXGL Background Thread 3 ] DEBUG Engine               - isDesktop: true
12:34:39.655 [FXGL Background Thread 3 ] DEBUG Engine               - isDeveloperMenuEnabled: false
12:34:39.655 [FXGL Background Thread 3 ] DEBUG Engine               - isEmbedded: false
12:34:39.655 [FXGL Background Thread 3 ] DEBUG Engine               - isEntityPreloadEnabled: true
12:34:39.655 [FXGL Background Thread 3 ] DEBUG Engine               - isExperimentalTiledLargeMap: false
12:34:39.655 [FXGL Background Thread 3 ] DEBUG Engine               - isFileSystemWriteAllowed: true
12:34:39.655 [FXGL Background Thread 3 ] DEBUG Engine               - isFullScreenAllowed: false
12:34:39.655 [FXGL Background Thread 3 ] DEBUG Engine               - isFullScreenFromStart: false
12:34:39.656 [FXGL Background Thread 3 ] DEBUG Engine               - isGameMenuEnabled: true
12:34:39.656 [FXGL Background Thread 3 ] DEBUG Engine               - isIOS: false
12:34:39.656 [FXGL Background Thread 3 ] DEBUG Engine               - isIntroEnabled: false
12:34:39.656 [FXGL Background Thread 3 ] DEBUG Engine               - isLinux: false
12:34:39.656 [FXGL Background Thread 3 ] DEBUG Engine               - isMac: true
12:34:39.656 [FXGL Background Thread 3 ] DEBUG Engine               - isMainMenuEnabled: true
12:34:39.656 [FXGL Background Thread 3 ] DEBUG Engine               - isManualResizeEnabled: false
12:34:39.656 [FXGL Background Thread 3 ] DEBUG Engine               - isMobile: false
12:34:39.656 [FXGL Background Thread 3 ] DEBUG Engine               - isNative: false
12:34:39.656 [FXGL Background Thread 3 ] DEBUG Engine               - isPauseMusicWhenMinimized: true
12:34:39.656 [FXGL Background Thread 3 ] DEBUG Engine               - isPreserveResizeRatio: false
12:34:39.656 [FXGL Background Thread 3 ] DEBUG Engine               - isProfilingEnabled: false
12:34:39.656 [FXGL Background Thread 3 ] DEBUG Engine               - isScaleAffectedOnResize: true
12:34:39.656 [FXGL Background Thread 3 ] DEBUG Engine               - isSingleStep: false
12:34:39.656 [FXGL Background Thread 3 ] DEBUG Engine               - isUserProfileEnabled: false
12:34:39.656 [FXGL Background Thread 3 ] DEBUG Engine               - isWindows: false
12:34:39.656 [FXGL Background Thread 3 ] DEBUG Engine               - language: ObjectProperty [value: ENGLISH]
12:34:39.657 [FXGL Background Thread 3 ] DEBUG Engine               - menuKey: ESCAPE
12:34:39.657 [FXGL Background Thread 3 ] DEBUG Engine               - mouseSensitivity: 0.2
12:34:39.657 [FXGL Background Thread 3 ] DEBUG Engine               - notificationViewClass: class com.almasb.fxgl.notification.view.XboxNotificationView
12:34:39.657 [FXGL Background Thread 3 ] DEBUG Engine               - pixelsPerMeter: 50.0
12:34:39.657 [FXGL Background Thread 3 ] DEBUG Engine               - platform: MAC
12:34:39.657 [FXGL Background Thread 3 ] DEBUG Engine               - prefHeightProperty: ReadOnlyDoubleProperty [value: 720.0]
12:34:39.657 [FXGL Background Thread 3 ] DEBUG Engine               - prefWidthProperty: ReadOnlyDoubleProperty [value: 1280.0]
12:34:39.657 [FXGL Background Thread 3 ] DEBUG Engine               - profileDir: profiles/
12:34:39.657 [FXGL Background Thread 3 ] DEBUG Engine               - profileName: StringProperty [value: DEFAULT]
12:34:39.657 [FXGL Background Thread 3 ] DEBUG Engine               - randomSeed: -1
12:34:39.657 [FXGL Background Thread 3 ] DEBUG Engine               - runtimeInfo: RuntimeInfo(platform=MAC, version=17.3, build=30.03.2023 11.49)
12:34:39.657 [FXGL Background Thread 3 ] DEBUG Engine               - saveFileExt: sav
12:34:39.657 [FXGL Background Thread 3 ] DEBUG Engine               - scaledHeightProp$fxgl: DoubleProperty [bound, value: 720.0]
12:34:39.658 [FXGL Background Thread 3 ] DEBUG Engine               - scaledWidthProp$fxgl: DoubleProperty [bound, value: 1280.0]
12:34:39.658 [FXGL Background Thread 3 ] DEBUG Engine               - sceneFactory: com.example.csit228capstonesirjaysimulator.application.MenuFactory@7532fa98
12:34:39.658 [FXGL Background Thread 3 ] DEBUG Engine               - secondsIn24h: 60
12:34:39.658 [FXGL Background Thread 3 ] DEBUG Engine               - soundMenuBack: menu/back.wav
12:34:39.658 [FXGL Background Thread 3 ] DEBUG Engine               - soundMenuPress: menu/press.wav
12:34:39.658 [FXGL Background Thread 3 ] DEBUG Engine               - soundMenuSelect: menu/select.wav
12:34:39.658 [FXGL Background Thread 3 ] DEBUG Engine               - soundNotification: core/notification.wav
12:34:39.658 [FXGL Background Thread 3 ] DEBUG Engine               - stageStyle: DECORATED
12:34:39.658 [FXGL Background Thread 3 ] DEBUG Engine               - supportedLanguages: [ENGLISH, FRENCH, GERMAN, HUNGARIAN, RUSSIAN]
12:34:39.658 [FXGL Background Thread 3 ] DEBUG Engine               - ticksPerSecond: -1
12:34:39.658 [FXGL Background Thread 3 ] DEBUG Engine               - title: Sir Serato Simulator
12:34:39.658 [FXGL Background Thread 3 ] DEBUG Engine               - urlGithub: https://github.com/AlmasB/FXGL
12:34:39.658 [FXGL Background Thread 3 ] DEBUG Engine               - urlLeaderboard: http://fxgl-top.herokuapp.com/
12:34:39.658 [FXGL Background Thread 3 ] DEBUG Engine               - urlPOM: https://raw.githubusercontent.com/AlmasB/FXGL/release/README.md
12:34:39.658 [FXGL Background Thread 3 ] DEBUG Engine               - userAppClass: class com.example.csit228capstonesirjaysimulator.application.GameLevelApp
12:34:39.659 [FXGL Background Thread 3 ] DEBUG Engine               - version: 0.0
12:34:39.659 [FXGL Background Thread 3 ] DEBUG Engine               - versionCheckDays: 7
12:34:39.659 [FXGL Background Thread 3 ] DEBUG Engine               - width: 1280
12:34:39.659 [FXGL Background Thread 3 ] DEBUG Engine               - Logging services
12:34:39.659 [FXGL Background Thread 3 ] DEBUG Engine               - class com.almasb.fxgl.app.services.FXGLAssetLoaderService
12:34:39.659 [FXGL Background Thread 3 ] DEBUG Engine               - class com.almasb.fxgl.app.FXGLApplication$GameApplicationService
12:34:39.659 [FXGL Background Thread 3 ] DEBUG Engine               - class com.almasb.fxgl.app.services.FXGLDialogService
12:34:39.659 [FXGL Background Thread 3 ] DEBUG Engine               - class com.almasb.fxgl.app.services.IOTaskExecutorService
12:34:39.659 [FXGL Background Thread 3 ] DEBUG Engine               - class com.almasb.fxgl.io.FileSystemService
12:34:39.659 [FXGL Background Thread 3 ] DEBUG Engine               - class com.almasb.fxgl.localization.LocalizationService
12:34:39.659 [FXGL Background Thread 3 ] DEBUG Engine               - class com.almasb.fxgl.app.services.SystemBundleService
12:34:39.659 [FXGL Background Thread 3 ] DEBUG Engine               - class com.almasb.fxgl.profile.SaveLoadService
12:34:39.659 [FXGL Background Thread 3 ] DEBUG Engine               - class com.almasb.fxgl.ui.FXGLUIFactoryServiceProvider
12:34:39.659 [FXGL Background Thread 3 ] DEBUG Engine               - class com.almasb.fxgl.ui.FXGLDialogFactoryServiceProvider
12:34:39.659 [FXGL Background Thread 3 ] DEBUG Engine               - class com.almasb.fxgl.audio.AudioPlayer
12:34:39.659 [FXGL Background Thread 3 ] DEBUG Engine               - class com.almasb.fxgl.notification.impl.NotificationServiceProvider
12:34:39.659 [FXGL Background Thread 3 ] DEBUG Engine               - class com.almasb.fxgl.achievement.AchievementService
12:34:39.659 [FXGL Background Thread 3 ] DEBUG Engine               - class com.almasb.fxgl.cutscene.CutsceneService
12:34:39.659 [FXGL Background Thread 3 ] DEBUG Engine               - class com.almasb.fxgl.minigames.MiniGameService
12:34:39.659 [FXGL Background Thread 3 ] DEBUG Engine               - class com.almasb.fxgl.net.NetService
12:34:39.660 [FXGL Background Thread 3 ] DEBUG Engine               - class com.almasb.fxgl.app.services.UpdaterService
12:34:39.660 [FXGL Background Thread 3 ] DEBUG Engine               - class com.almasb.fxgl.dev.DevService
12:34:40.483 [JavaFX Application Thread] DEBUG PrimaryStageWindow   - Push state: ProfileSelectScene
12:34:40.483 [JavaFX Application Thread] DEBUG Input                - Clearing active input actions
12:34:40.488 [JavaFX Application Thread] DEBUG GameApplicationServi - Removing overlay from MainMenuApp and adding to ProfileSelectScene
12:34:40.488 [JavaFX Application Thread] DEBUG PrimaryStageWindow   - MainMenuApp -> ProfileSelectScene
12:34:44.981 [JavaFX Application Thread] DEBUG FXGLApplication      - Exiting FXGL
12:34:44.981 [JavaFX Application Thread] DEBUG LoopRunner           - Stopping loop
12:34:44.981 [JavaFX Application Thread] DEBUG SystemBundleService  - Saving FXGL system data
12:34:44.982 [JavaFX Application Thread] DEBUG FileSystemAccess     - Writing to: /Users/chloejuliageonzon/Documents/IdeaProjects/School/CSIT228-Capstone-Sir-Jay-Simulator/system/fxgl.bundle
12:34:44.984 [JavaFX Application Thread] DEBUG Async                - Shutting down background threads
12:34:44.984 [JavaFX Application Thread] DEBUG PrimaryStageWindow   - Closing main window
12:34:44.990 [JavaFX Application Thread] DEBUG Logger               - Closing Logger
