13:33:14.128 [main                     ] DEBUG Logger               - Configured Logger
13:33:14.130 [main                     ] DEBUG GameApplication      - Logging settings
Title: Sir Serato Simulator
Version: 0.0
Width: 1280
Height: 720
Fullscreen: false
Intro: false
Profiling: false
Single step:false
App Mode: DEVELOPER
Menu Key: F12
Stage Style: DECORATED
Scene Factory: class com.example.csit228capstonesirjaysimulator.application.MenuFactory

13:33:14.302 [JavaFX Application Thread] DEBUG FXGLApplication      - Initializing FXGL
13:33:14.304 [JavaFX Application Thread] INFO  Engine               - FXGL-17.3 (30.03.2023 11.49) on MAC (J:25.0.1 FX:21.0.6)
13:33:14.304 [JavaFX Application Thread] DEBUG Engine               - JRE Vendor Name: Oracle Corporation
13:33:14.304 [JavaFX Application Thread] DEBUG Engine               - Running on OS: Mac OS X version 14.6
13:33:14.304 [JavaFX Application Thread] DEBUG Engine               - Architecture: aarch64
13:33:14.304 [JavaFX Application Thread] INFO  Engine               - Source code and latest versions at: https://github.com/AlmasB/FXGL
13:33:14.304 [JavaFX Application Thread] INFO  Engine               -       Ask questions and discuss at: https://github.com/AlmasB/FXGL/discussions
13:33:14.304 [JavaFX Application Thread] INFO  Engine               -              Join the FXGL chat at: https://gitter.im/AlmasB/FXGL
13:33:14.343 [JavaFX Application Thread] DEBUG PrimaryStageWindow   - Creating a JavaFX scene
13:33:14.362 [JavaFX Application Thread] DEBUG PrimaryStageWindow   - Target settings size: 1280.0 x 720.0
13:33:14.362 [JavaFX Application Thread] DEBUG PrimaryStageWindow   - Scaled scene size:    1280.0 x 720.0
13:33:14.362 [JavaFX Application Thread] DEBUG PrimaryStageWindow   - Scaled ratio: (1.0, 1.0)
13:33:14.362 [JavaFX Application Thread] DEBUG PrimaryStageWindow   - Set initial scene to FXGLStartupScene
13:33:14.363 [JavaFX Application Thread] DEBUG PrimaryStageWindow   - Opening main window
13:33:14.415 [JavaFX Application Thread] DEBUG PrimaryStageWindow   - Window border size: (0.0, 28.0)
13:33:14.415 [JavaFX Application Thread] DEBUG PrimaryStageWindow   - Scaled size: 1280.0 x 720.0
13:33:14.415 [JavaFX Application Thread] DEBUG PrimaryStageWindow   - Scaled ratio: (1.0, 1.0)
13:33:14.415 [JavaFX Application Thread] DEBUG PrimaryStageWindow   - Scene size: 1280.0 x 720.0
13:33:14.415 [JavaFX Application Thread] DEBUG PrimaryStageWindow   - Stage size: 1280.0 x 748.0
13:33:14.418 [FXGL Background Thread 1 ] DEBUG Engine               - Initializing environment variables
13:33:14.446 [FXGL Background Thread 1 ] DEBUG FXGLAssetLoaderServi - User app class for loading assets: class com.example.csit228capstonesirjaysimulator.application.GameLevelApp
13:33:14.446 [FXGL Background Thread 1 ] DEBUG GameApplicationServi - Applying CSS: fxgl_dark.css
13:33:14.447 [FXGL Background Thread 1 ] DEBUG FXGLAssetLoaderServi - Loading from file system: jar:file:///Users/chloejuliageonzon/.m2/repository/com/github/almasb/fxgl/17.3/fxgl-17.3.jar!/fxglassets/ui/css/fxgl_dark.css
13:33:14.483 [FXGL Background Thread 1 ] DEBUG GameApplicationServi - Initializing application scenes
13:33:14.543 [FXGL Background Thread 1 ] DEBUG GameWorld            - Game world initialized
13:33:14.565 [FXGL Background Thread 1 ] DEBUG PhysicsWorld         - Physics world initialized: appHeight=720, physics.ppm=50.0
13:33:14.565 [FXGL Background Thread 1 ] DEBUG PhysicsWorld         - Using strategy: BRUTE_FORCE
13:33:14.566 [FXGL Background Thread 1 ] DEBUG GameScene            - Game scene initialized: 1280x720
13:33:14.863 [FXGL Background Thread 1 ] DEBUG FXGLAssetLoaderServi - Loading from file system: file:/Users/chloejuliageonzon/Documents/IdeaProjects/School/CSIT228-Capstone-Sir-Jay-Simulator/target/classes/assets/music/intro_music.wav
13:33:14.999 [FXGL Background Thread 1 ] DEBUG AudioPlayer          - Playing music com.almasb.fxgl.audio.Music@38534d5
13:33:15.003 [FXGL Background Thread 1 ] DEBUG FXGL.DefaultMenu     - createMenuBodyGameMenu()
13:33:15.009 [FXGL Background Thread 1 ] DEBUG FXGL.DefaultMenu     - createOptionsMenu()
13:33:15.011 [FXGL Background Thread 1 ] DEBUG FXGLAssetLoaderServi - Loading from file system: jar:file:///Users/chloejuliageonzon/.m2/repository/com/github/almasb/fxgl/17.3/fxgl-17.3.jar!/fxglassets/textures/particles/smoke.png
13:33:15.049 [FXGL Background Thread 1 ] DEBUG FXGLAssetLoaderServi - Loading from file system: jar:file:///Users/chloejuliageonzon/.m2/repository/com/github/almasb/fxgl/17.3/fxgl-17.3.jar!/fxglassets/textures/particles/trace_horizontal.png
13:33:15.055 [FXGL Background Thread 1 ] DEBUG GameApplicationServi - Application scenes initialized
13:33:15.059 [FXGL Background Thread 1 ] DEBUG SystemBundleService  - Loading FXGL system data
13:33:15.061 [FXGL Background Thread 1 ] DEBUG FileSystemAccess     - Reading from: /Users/chloejuliageonzon/Documents/IdeaProjects/School/CSIT228-Capstone-Sir-Jay-Simulator/system/fxgl.bundle
13:33:15.063 [FXGL Background Thread 1 ] DEBUG SystemBundleService  - Bundle FXGL: {}
13:33:15.063 [FXGL Background Thread 1 ] DEBUG UpdaterService       - Checking for updates
13:33:15.064 [FXGL Background Thread 4 ] DEBUG FXGLApplication      - Loading fonts
13:33:15.064 [FXGL Background Thread 4 ] DEBUG FXGLAssetLoaderServi - Loading from file system: jar:file:///Users/chloejuliageonzon/.m2/repository/com/github/almasb/fxgl/17.3/fxgl-17.3.jar!/fxglassets/ui/fonts/VarelaRound-Regular.ttf
13:33:15.064 [FXGL Background Thread 1 ] DEBUG FXGLApplication      - Loading default localization
13:33:15.064 [FXGL Background Thread 1 ] DEBUG FXGLAssetLoaderServi - Loading from file system: jar:file:///Users/chloejuliageonzon/.m2/repository/com/github/almasb/fxgl/17.3/fxgl-17.3.jar!/fxglassets/languages/english.lang
13:33:15.077 [FXGL Background Thread 1 ] INFO  FXGLApplication      - FXGL initialization took: 0.659 sec
13:33:15.079 [FXGL Background Thread 4 ] DEBUG FXGLAssetLoaderServi - Loading from file system: jar:file:///Users/chloejuliageonzon/.m2/repository/com/github/almasb/fxgl/17.3/fxgl-17.3.jar!/fxglassets/ui/fonts/Abel-Regular.ttf
13:33:15.079 [JavaFX Application Thread] DEBUG Input                - Registered new binding: action0 - LMB
13:33:15.080 [FXGL Background Thread 4 ] DEBUG FXGLAssetLoaderServi - Loading from file system: jar:file:///Users/chloejuliageonzon/.m2/repository/com/github/almasb/fxgl/17.3/fxgl-17.3.jar!/fxglassets/ui/fonts/TerminalLandMono-Regular.otf
13:33:15.081 [FXGL Background Thread 4 ] DEBUG FXGLAssetLoaderServi - Loading from file system: jar:file:///Users/chloejuliageonzon/.m2/repository/com/github/almasb/fxgl/17.3/fxgl-17.3.jar!/fxglassets/ui/fonts/Courier-Prime.ttf
13:33:15.081 [JavaFX Application Thread] DEBUG Input                - Registered new binding: Switch Screen Left - A
13:33:15.082 [JavaFX Application Thread] DEBUG Input                - Registered new binding: Switch Screen Right - D
13:33:15.082 [JavaFX Application Thread] DEBUG Input                - Registered new binding: PAGHILOM! - E
13:33:15.082 [JavaFX Application Thread] DEBUG Input                - Registered new binding: Pause Screen - Esc
13:33:15.082 [JavaFX Application Thread] DEBUG FXGLAssetLoaderServi - Loading from file system: jar:file:///Users/chloejuliageonzon/.m2/repository/com/github/almasb/fxgl/17.3/fxgl-17.3.jar!/fxglassets/textures/fxgl_icon.png
13:33:15.095 [JavaFX Application Thread] DEBUG FXGLAssetLoaderServi - Loading from file system: jar:file:///Users/chloejuliageonzon/.m2/repository/com/github/almasb/fxgl/17.3/fxgl-17.3.jar!/fxglassets/textures/fxgl_default_cursor.png
13:33:15.096 [JavaFX Application Thread] DEBUG Input                - Registered new binding: Screenshot - CTRL+8
13:33:15.096 [JavaFX Application Thread] DEBUG Input                - Registered new binding: System info dump - CTRL+9
13:33:15.096 [JavaFX Application Thread] DEBUG Input                - Registered new binding: Restart - CTRL+R
13:33:15.096 [JavaFX Application Thread] DEBUG Input                - Registered new binding: Toggle Debug Camera - CTRL+7
13:33:15.097 [JavaFX Application Thread] DEBUG LoopRunner           - Starting loop
13:33:15.097 [JavaFX Application Thread] DEBUG LoopRunner           - Initializing JavaFX AnimationTimerLoop
13:33:15.098 [JavaFX Application Thread] DEBUG Input                - Clearing active input actions
13:33:15.101 [JavaFX Application Thread] DEBUG GameApplicationServi - Removing overlay from FXGLStartupScene and adding to FXGLMainMenuDummyScene
13:33:15.101 [JavaFX Application Thread] DEBUG PrimaryStageWindow   - FXGLStartupScene -> FXGLMainMenuDummyScene
13:33:15.101 [JavaFX Application Thread] DEBUG PrimaryStageWindow   - Push state: MainMenuApp
13:33:15.101 [JavaFX Application Thread] DEBUG Input                - Clearing active input actions
13:33:15.102 [JavaFX Application Thread] DEBUG GameApplicationServi - Removing overlay from FXGLMainMenuDummyScene and adding to MainMenuApp
13:33:15.102 [JavaFX Application Thread] DEBUG PrimaryStageWindow   - FXGLMainMenuDummyScene -> MainMenuApp
13:33:15.116 [JavaFX Application Thread] DEBUG FXGLApplication      - Registering font factories with UI factory
13:33:16.376 [FXGL Background Thread 2 ] INFO  UpdaterService       - Your current version:  17.3
13:33:16.376 [FXGL Background Thread 2 ] INFO  UpdaterService       - Latest stable version: 25
13:33:18.069 [FXGL Background Thread 3 ] DEBUG Engine               - Logging environment variables
13:33:18.071 [FXGL Background Thread 3 ] DEBUG Engine               - achievements: []
13:33:18.071 [FXGL Background Thread 3 ] DEBUG Engine               - actualHeight: 720.0
13:33:18.071 [FXGL Background Thread 3 ] DEBUG Engine               - actualHeightProperty: ReadOnlyDoubleProperty [value: 720.0]
13:33:18.071 [FXGL Background Thread 3 ] DEBUG Engine               - actualWidth: 1280.0
13:33:18.071 [FXGL Background Thread 3 ] DEBUG Engine               - actualWidthProperty: ReadOnlyDoubleProperty [value: 1280.0]
13:33:18.071 [FXGL Background Thread 3 ] DEBUG Engine               - appIcon: fxgl_icon.png
13:33:18.071 [FXGL Background Thread 3 ] DEBUG Engine               - applicationMode: DEVELOPER
13:33:18.072 [FXGL Background Thread 3 ] DEBUG Engine               - cSSList: [fxgl_dark.css]
13:33:18.072 [FXGL Background Thread 3 ] DEBUG Engine               - collisionDetectionStrategy: BRUTE_FORCE
13:33:18.072 [FXGL Background Thread 3 ] DEBUG Engine               - configClass: Optional.empty
13:33:18.072 [FXGL Background Thread 3 ] DEBUG Engine               - credits: []
13:33:18.072 [FXGL Background Thread 3 ] DEBUG Engine               - defaultCursor: CursorInfo(imageName=fxgl_default_cursor.png, hotspotX=7.0, hotspotY=6.0)
13:33:18.074 [FXGL Background Thread 3 ] DEBUG Engine               - devBBoxColorProperty: ObjectProperty [value: 0xff0000ff]
13:33:18.074 [FXGL Background Thread 3 ] DEBUG Engine               - devEnableDebugCameraProperty: BooleanProperty [value: false]
13:33:18.075 [FXGL Background Thread 3 ] DEBUG Engine               - devSensorColorProperty: ObjectProperty [value: 0xffff00ff]
13:33:18.075 [FXGL Background Thread 3 ] DEBUG Engine               - devShowBBoxProperty: BooleanProperty [value: false]
13:33:18.075 [FXGL Background Thread 3 ] DEBUG Engine               - devShowPositionProperty: BooleanProperty [value: false]
13:33:18.075 [FXGL Background Thread 3 ] DEBUG Engine               - enabledMenuItems: []
13:33:18.075 [FXGL Background Thread 3 ] DEBUG Engine               - engineServices: [class com.almasb.fxgl.app.services.FXGLAssetLoaderService, class com.almasb.fxgl.app.FXGLApplication$GameApplicationService, class com.almasb.fxgl.app.services.FXGLDialogService, class com.almasb.fxgl.app.services.IOTaskExecutorService, class com.almasb.fxgl.io.FileSystemService, class com.almasb.fxgl.localization.LocalizationService, class com.almasb.fxgl.app.services.SystemBundleService, class com.almasb.fxgl.profile.SaveLoadService, class com.almasb.fxgl.ui.FXGLUIFactoryServiceProvider, class com.almasb.fxgl.ui.FXGLDialogFactoryServiceProvider, class com.almasb.fxgl.audio.AudioPlayer, class com.almasb.fxgl.notification.impl.NotificationServiceProvider, class com.almasb.fxgl.achievement.AchievementService, class com.almasb.fxgl.cutscene.CutsceneService, class com.almasb.fxgl.minigames.MiniGameService, class com.almasb.fxgl.net.NetService, class com.almasb.fxgl.app.services.UpdaterService, class com.almasb.fxgl.dev.DevService]
13:33:18.075 [FXGL Background Thread 3 ] DEBUG Engine               - fontGame: Abel-Regular.ttf
13:33:18.075 [FXGL Background Thread 3 ] DEBUG Engine               - fontMono: TerminalLandMono-Regular.otf
13:33:18.075 [FXGL Background Thread 3 ] DEBUG Engine               - fontSizeScaleUI: 1.0
13:33:18.075 [FXGL Background Thread 3 ] DEBUG Engine               - fontText: Courier-Prime.ttf
13:33:18.075 [FXGL Background Thread 3 ] DEBUG Engine               - fontUI: VarelaRound-Regular.ttf
13:33:18.075 [FXGL Background Thread 3 ] DEBUG Engine               - fullScreen: BooleanProperty [value: false]
13:33:18.075 [FXGL Background Thread 3 ] DEBUG Engine               - gameDifficulty: MEDIUM
13:33:18.075 [FXGL Background Thread 3 ] DEBUG Engine               - gameDifficultyProperty: ObjectProperty [value: MEDIUM]
13:33:18.076 [FXGL Background Thread 3 ] DEBUG Engine               - globalMusicVolume: 0.5
13:33:18.076 [FXGL Background Thread 3 ] DEBUG Engine               - globalMusicVolumeProperty: DoubleProperty [value: 0.5]
13:33:18.076 [FXGL Background Thread 3 ] DEBUG Engine               - globalSoundVolume: 0.5
13:33:18.076 [FXGL Background Thread 3 ] DEBUG Engine               - globalSoundVolumeProperty: DoubleProperty [value: 0.5]
13:33:18.076 [FXGL Background Thread 3 ] DEBUG Engine               - height: 720
13:33:18.076 [FXGL Background Thread 3 ] DEBUG Engine               - is3D: false
13:33:18.076 [FXGL Background Thread 3 ] DEBUG Engine               - isAndroid: false
13:33:18.076 [FXGL Background Thread 3 ] DEBUG Engine               - isBrowser: false
13:33:18.076 [FXGL Background Thread 3 ] DEBUG Engine               - isClickFeedbackEnabled: false
13:33:18.076 [FXGL Background Thread 3 ] DEBUG Engine               - isCloseConfirmation: false
13:33:18.076 [FXGL Background Thread 3 ] DEBUG Engine               - isDesktop: true
13:33:18.076 [FXGL Background Thread 3 ] DEBUG Engine               - isDeveloperMenuEnabled: false
13:33:18.076 [FXGL Background Thread 3 ] DEBUG Engine               - isEmbedded: false
13:33:18.076 [FXGL Background Thread 3 ] DEBUG Engine               - isEntityPreloadEnabled: true
13:33:18.076 [FXGL Background Thread 3 ] DEBUG Engine               - isExperimentalTiledLargeMap: false
13:33:18.077 [FXGL Background Thread 3 ] DEBUG Engine               - isFileSystemWriteAllowed: true
13:33:18.077 [FXGL Background Thread 3 ] DEBUG Engine               - isFullScreenAllowed: false
13:33:18.077 [FXGL Background Thread 3 ] DEBUG Engine               - isFullScreenFromStart: false
13:33:18.077 [FXGL Background Thread 3 ] DEBUG Engine               - isGameMenuEnabled: true
13:33:18.077 [FXGL Background Thread 3 ] DEBUG Engine               - isIOS: false
13:33:18.077 [FXGL Background Thread 3 ] DEBUG Engine               - isIntroEnabled: false
13:33:18.077 [FXGL Background Thread 3 ] DEBUG Engine               - isLinux: false
13:33:18.077 [FXGL Background Thread 3 ] DEBUG Engine               - isMac: true
13:33:18.077 [FXGL Background Thread 3 ] DEBUG Engine               - isMainMenuEnabled: true
13:33:18.077 [FXGL Background Thread 3 ] DEBUG Engine               - isManualResizeEnabled: false
13:33:18.078 [FXGL Background Thread 3 ] DEBUG Engine               - isMobile: false
13:33:18.078 [FXGL Background Thread 3 ] DEBUG Engine               - isNative: false
13:33:18.078 [FXGL Background Thread 3 ] DEBUG Engine               - isPauseMusicWhenMinimized: true
13:33:18.078 [FXGL Background Thread 3 ] DEBUG Engine               - isPreserveResizeRatio: false
13:33:18.078 [FXGL Background Thread 3 ] DEBUG Engine               - isProfilingEnabled: false
13:33:18.079 [FXGL Background Thread 3 ] DEBUG Engine               - isScaleAffectedOnResize: true
13:33:18.079 [FXGL Background Thread 3 ] DEBUG Engine               - isSingleStep: false
13:33:18.079 [FXGL Background Thread 3 ] DEBUG Engine               - isUserProfileEnabled: false
13:33:18.079 [FXGL Background Thread 3 ] DEBUG Engine               - isWindows: false
13:33:18.079 [FXGL Background Thread 3 ] DEBUG Engine               - language: ObjectProperty [value: ENGLISH]
13:33:18.079 [FXGL Background Thread 3 ] DEBUG Engine               - menuKey: F12
13:33:18.079 [FXGL Background Thread 3 ] DEBUG Engine               - mouseSensitivity: 0.2
13:33:18.079 [FXGL Background Thread 3 ] DEBUG Engine               - notificationViewClass: class com.almasb.fxgl.notification.view.XboxNotificationView
13:33:18.079 [FXGL Background Thread 3 ] DEBUG Engine               - pixelsPerMeter: 50.0
13:33:18.079 [FXGL Background Thread 3 ] DEBUG Engine               - platform: MAC
13:33:18.079 [FXGL Background Thread 3 ] DEBUG Engine               - prefHeightProperty: ReadOnlyDoubleProperty [value: 720.0]
13:33:18.079 [FXGL Background Thread 3 ] DEBUG Engine               - prefWidthProperty: ReadOnlyDoubleProperty [value: 1280.0]
13:33:18.079 [FXGL Background Thread 3 ] DEBUG Engine               - profileDir: profiles/
13:33:18.079 [FXGL Background Thread 3 ] DEBUG Engine               - profileName: StringProperty [value: DEFAULT]
13:33:18.080 [FXGL Background Thread 3 ] DEBUG Engine               - randomSeed: -1
13:33:18.080 [FXGL Background Thread 3 ] DEBUG Engine               - runtimeInfo: RuntimeInfo(platform=MAC, version=17.3, build=30.03.2023 11.49)
13:33:18.080 [FXGL Background Thread 3 ] DEBUG Engine               - saveFileExt: sav
13:33:18.080 [FXGL Background Thread 3 ] DEBUG Engine               - scaledHeightProp$fxgl: DoubleProperty [bound, value: 720.0]
13:33:18.080 [FXGL Background Thread 3 ] DEBUG Engine               - scaledWidthProp$fxgl: DoubleProperty [bound, value: 1280.0]
13:33:18.080 [FXGL Background Thread 3 ] DEBUG Engine               - sceneFactory: com.example.csit228capstonesirjaysimulator.application.MenuFactory@38b68a64
13:33:18.080 [FXGL Background Thread 3 ] DEBUG Engine               - secondsIn24h: 60
13:33:18.080 [FXGL Background Thread 3 ] DEBUG Engine               - soundMenuBack: menu/back.wav
13:33:18.080 [FXGL Background Thread 3 ] DEBUG Engine               - soundMenuPress: menu/press.wav
13:33:18.081 [FXGL Background Thread 3 ] DEBUG Engine               - soundMenuSelect: menu/select.wav
13:33:18.081 [FXGL Background Thread 3 ] DEBUG Engine               - soundNotification: core/notification.wav
13:33:18.081 [FXGL Background Thread 3 ] DEBUG Engine               - stageStyle: DECORATED
13:33:18.081 [FXGL Background Thread 3 ] DEBUG Engine               - supportedLanguages: [ENGLISH, FRENCH, GERMAN, HUNGARIAN, RUSSIAN]
13:33:18.081 [FXGL Background Thread 3 ] DEBUG Engine               - ticksPerSecond: -1
13:33:18.081 [FXGL Background Thread 3 ] DEBUG Engine               - title: Sir Serato Simulator
13:33:18.081 [FXGL Background Thread 3 ] DEBUG Engine               - urlGithub: https://github.com/AlmasB/FXGL
13:33:18.081 [FXGL Background Thread 3 ] DEBUG Engine               - urlLeaderboard: http://fxgl-top.herokuapp.com/
13:33:18.081 [FXGL Background Thread 3 ] DEBUG Engine               - urlPOM: https://raw.githubusercontent.com/AlmasB/FXGL/release/README.md
13:33:18.081 [FXGL Background Thread 3 ] DEBUG Engine               - userAppClass: class com.example.csit228capstonesirjaysimulator.application.GameLevelApp
13:33:18.081 [FXGL Background Thread 3 ] DEBUG Engine               - version: 0.0
13:33:18.081 [FXGL Background Thread 3 ] DEBUG Engine               - versionCheckDays: 7
13:33:18.081 [FXGL Background Thread 3 ] DEBUG Engine               - width: 1280
13:33:18.081 [FXGL Background Thread 3 ] DEBUG Engine               - Logging services
13:33:18.081 [FXGL Background Thread 3 ] DEBUG Engine               - class com.almasb.fxgl.app.services.FXGLAssetLoaderService
13:33:18.081 [FXGL Background Thread 3 ] DEBUG Engine               - class com.almasb.fxgl.app.FXGLApplication$GameApplicationService
13:33:18.082 [FXGL Background Thread 3 ] DEBUG Engine               - class com.almasb.fxgl.app.services.FXGLDialogService
13:33:18.082 [FXGL Background Thread 3 ] DEBUG Engine               - class com.almasb.fxgl.app.services.IOTaskExecutorService
13:33:18.082 [FXGL Background Thread 3 ] DEBUG Engine               - class com.almasb.fxgl.io.FileSystemService
13:33:18.082 [FXGL Background Thread 3 ] DEBUG Engine               - class com.almasb.fxgl.localization.LocalizationService
13:33:18.082 [FXGL Background Thread 3 ] DEBUG Engine               - class com.almasb.fxgl.app.services.SystemBundleService
13:33:18.082 [FXGL Background Thread 3 ] DEBUG Engine               - class com.almasb.fxgl.profile.SaveLoadService
13:33:18.082 [FXGL Background Thread 3 ] DEBUG Engine               - class com.almasb.fxgl.ui.FXGLUIFactoryServiceProvider
13:33:18.082 [FXGL Background Thread 3 ] DEBUG Engine               - class com.almasb.fxgl.ui.FXGLDialogFactoryServiceProvider
13:33:18.082 [FXGL Background Thread 3 ] DEBUG Engine               - class com.almasb.fxgl.audio.AudioPlayer
13:33:18.082 [FXGL Background Thread 3 ] DEBUG Engine               - class com.almasb.fxgl.notification.impl.NotificationServiceProvider
13:33:18.082 [FXGL Background Thread 3 ] DEBUG Engine               - class com.almasb.fxgl.achievement.AchievementService
13:33:18.082 [FXGL Background Thread 3 ] DEBUG Engine               - class com.almasb.fxgl.cutscene.CutsceneService
13:33:18.082 [FXGL Background Thread 3 ] DEBUG Engine               - class com.almasb.fxgl.minigames.MiniGameService
13:33:18.082 [FXGL Background Thread 3 ] DEBUG Engine               - class com.almasb.fxgl.net.NetService
13:33:18.082 [FXGL Background Thread 3 ] DEBUG Engine               - class com.almasb.fxgl.app.services.UpdaterService
13:33:18.082 [FXGL Background Thread 3 ] DEBUG Engine               - class com.almasb.fxgl.dev.DevService
13:33:18.912 [JavaFX Application Thread] DEBUG PrimaryStageWindow   - Push state: ProfileSelectScene
13:33:18.912 [JavaFX Application Thread] DEBUG Input                - Clearing active input actions
13:33:18.916 [JavaFX Application Thread] DEBUG GameApplicationServi - Removing overlay from MainMenuApp and adding to ProfileSelectScene
13:33:18.916 [JavaFX Application Thread] DEBUG PrimaryStageWindow   - MainMenuApp -> ProfileSelectScene
13:33:24.262 [JavaFX Application Thread] DEBUG PrimaryStageWindow   - Pop state: ProfileSelectScene
13:33:24.263 [JavaFX Application Thread] DEBUG Input                - Clearing active input actions
13:33:24.264 [JavaFX Application Thread] DEBUG GameApplicationServi - Removing overlay from ProfileSelectScene and adding to MainMenuApp
13:33:24.264 [JavaFX Application Thread] DEBUG PrimaryStageWindow   - MainMenuApp <- ProfileSelectScene
13:33:24.395 [JavaFX Application Thread] DEBUG Input                - Registered new binding: Advance - Enter
13:33:24.396 [JavaFX Application Thread] DEBUG FXGLAssetLoaderServi - Loading from file system: file:/Users/chloejuliageonzon/Documents/IdeaProjects/School/CSIT228-Capstone-Sir-Jay-Simulator/target/classes/assets/music/classroom.wav
13:33:24.398 [JavaFX Application Thread] DEBUG AudioPlayer          - Playing music com.almasb.fxgl.audio.Music@2d89b075
13:33:24.400 [JavaFX Application Thread] DEBUG PrimaryStageWindow   - Push state: IntroCutScene
13:33:24.400 [JavaFX Application Thread] DEBUG Input                - Clearing active input actions
13:33:24.400 [JavaFX Application Thread] DEBUG GameApplicationServi - Removing overlay from MainMenuApp and adding to IntroCutScene
13:33:24.400 [JavaFX Application Thread] DEBUG PrimaryStageWindow   - MainMenuApp -> IntroCutScene
13:33:29.654 [JavaFX Application Thread] DEBUG AudioPlayer          - Stopping music com.almasb.fxgl.audio.Music@38534d5
13:33:29.656 [JavaFX Application Thread] DEBUG AudioPlayer          - Stopping music com.almasb.fxgl.audio.Music@2d89b075
13:33:29.656 [JavaFX Application Thread] DEBUG Menu                 - fireNewGame()
13:33:29.657 [JavaFX Application Thread] DEBUG GameApplicationServi - Starting new game
13:33:29.657 [JavaFX Application Thread] DEBUG PrimaryStageWindow   - Pop state: IntroCutScene
13:33:29.657 [JavaFX Application Thread] DEBUG Input                - Clearing active input actions
13:33:29.657 [JavaFX Application Thread] DEBUG GameApplicationServi - Removing overlay from IntroCutScene and adding to MainMenuApp
13:33:29.658 [JavaFX Application Thread] DEBUG PrimaryStageWindow   - MainMenuApp <- IntroCutScene
13:33:29.658 [JavaFX Application Thread] DEBUG PrimaryStageWindow   - Pop state: MainMenuApp
13:33:29.658 [JavaFX Application Thread] DEBUG Input                - Clearing active input actions
13:33:29.658 [JavaFX Application Thread] DEBUG GameApplicationServi - Removing overlay from MainMenuApp and adding to FXGLMainMenuDummyScene
13:33:29.658 [JavaFX Application Thread] DEBUG PrimaryStageWindow   - FXGLMainMenuDummyScene <- MainMenuApp
13:33:29.659 [JavaFX Application Thread] DEBUG Input                - Clearing active input actions
13:33:29.666 [JavaFX Application Thread] DEBUG GameApplicationServi - Removing overlay from FXGLMainMenuDummyScene and adding to FXGLLoadingScene
13:33:29.666 [JavaFX Application Thread] DEBUG PrimaryStageWindow   - FXGLMainMenuDummyScene -> FXGLLoadingScene
13:33:29.666 [JavaFX Application Thread] DEBUG GameApplicationServi - Clearing previous game
13:33:29.666 [JavaFX Application Thread] DEBUG GameScene            - Clearing game scene
13:33:29.666 [JavaFX Application Thread] DEBUG GameWorld            - Clearing game world
13:33:29.667 [JavaFX Application Thread] DEBUG PhysicsWorld         - Clearing physics world
13:33:29.669 [FXGL Background Thread 2 ] DEBUG FXGLApplication      - Initializing game
13:33:29.676 [FXGL Background Thread 2 ] DEBUG FXGLAssetLoaderServi - Loading from file system: file:/Users/chloejuliageonzon/Documents/IdeaProjects/School/CSIT228-Capstone-Sir-Jay-Simulator/target/classes/assets/textures/rainbow.jpg
13:33:29.759 [FXGL Background Thread 2 ] DEBUG FXGLAssetLoaderServi - Loading from file system: file:/Users/chloejuliageonzon/Documents/IdeaProjects/School/CSIT228-Capstone-Sir-Jay-Simulator/target/classes/assets/textures/applejack.jpg
13:33:29.776 [FXGL Background Thread 2 ] DEBUG FXGLAssetLoaderServi - Loading from file system: file:/Users/chloejuliageonzon/Documents/IdeaProjects/School/CSIT228-Capstone-Sir-Jay-Simulator/target/classes/assets/textures/teacherView_leftSide.PNG
13:33:29.942 [FXGL Background Thread 2 ] INFO  FXGLApplication      - Game initialization took: 0.274 sec
13:33:29.943 [JavaFX Application Thread] DEBUG Input                - Clearing active input actions
13:33:29.945 [JavaFX Application Thread] DEBUG GameApplicationServi - Removing overlay from FXGLLoadingScene and adding to GameScene
13:33:29.945 [JavaFX Application Thread] DEBUG PrimaryStageWindow   - FXGLLoadingScene -> GameScene
13:33:30.420 [JavaFX Application Thread] DEBUG FXGLAssetLoaderServi - Loading from file system: file:/Users/chloejuliageonzon/Documents/IdeaProjects/School/CSIT228-Capstone-Sir-Jay-Simulator/target/classes/assets/sounds/howsurdayeverybody2.wav
13:33:31.854 [JavaFX Application Thread] DEBUG FXGLAssetLoaderServi - Loading from file system: file:/Users/chloejuliageonzon/Documents/IdeaProjects/School/CSIT228-Capstone-Sir-Jay-Simulator/target/classes/assets/textures/teacherView_rightSide.PNG
13:33:35.399 [JavaFX Application Thread] DEBUG PrimaryStageWindow   - Push state: PauseScene
13:33:35.399 [JavaFX Application Thread] DEBUG Input                - Clearing active input actions
13:33:35.399 [JavaFX Application Thread] DEBUG GameApplicationServi - Removing overlay from GameScene and adding to PauseScene
13:33:35.399 [JavaFX Application Thread] DEBUG PrimaryStageWindow   - GameScene -> PauseScene
13:33:36.486 [JavaFX Application Thread] DEBUG PrimaryStageWindow   - Pop state: PauseScene
13:33:36.486 [JavaFX Application Thread] DEBUG Input                - Clearing active input actions
13:33:36.486 [JavaFX Application Thread] DEBUG GameApplicationServi - Removing overlay from PauseScene and adding to GameScene
13:33:36.487 [JavaFX Application Thread] DEBUG PrimaryStageWindow   - GameScene <- PauseScene
13:33:36.487 [JavaFX Application Thread] DEBUG Input                - Clearing active input actions
13:33:36.492 [JavaFX Application Thread] DEBUG GameApplicationServi - Removing overlay from GameScene and adding to FXGLMainMenuDummyScene
13:33:36.492 [JavaFX Application Thread] DEBUG PrimaryStageWindow   - GameScene -> FXGLMainMenuDummyScene
13:33:36.492 [JavaFX Application Thread] DEBUG PrimaryStageWindow   - Push state: MainMenuApp
13:33:36.492 [JavaFX Application Thread] DEBUG Input                - Clearing active input actions
13:33:36.493 [JavaFX Application Thread] DEBUG GameApplicationServi - Removing overlay from FXGLMainMenuDummyScene and adding to MainMenuApp
13:33:36.493 [JavaFX Application Thread] DEBUG PrimaryStageWindow   - FXGLMainMenuDummyScene -> MainMenuApp
13:33:38.264 [JavaFX Application Thread] DEBUG Menu                 - fireExit()
13:33:38.268 [JavaFX Application Thread] DEBUG PrimaryStageWindow   - Push state: DialogSubScene
13:33:38.268 [JavaFX Application Thread] DEBUG Input                - Clearing active input actions
13:33:38.270 [JavaFX Application Thread] DEBUG GameApplicationServi - Removing overlay from MainMenuApp and adding to DialogSubScene
13:33:38.270 [JavaFX Application Thread] DEBUG PrimaryStageWindow   - MainMenuApp -> DialogSubScene
13:33:39.553 [JavaFX Application Thread] DEBUG PrimaryStageWindow   - Pop state: DialogSubScene
13:33:39.553 [JavaFX Application Thread] DEBUG Input                - Clearing active input actions
13:33:39.554 [JavaFX Application Thread] DEBUG GameApplicationServi - Removing overlay from DialogSubScene and adding to MainMenuApp
13:33:39.554 [JavaFX Application Thread] DEBUG PrimaryStageWindow   - MainMenuApp <- DialogSubScene
13:33:39.554 [JavaFX Application Thread] DEBUG FXGLApplication      - Exiting FXGL
13:33:39.554 [JavaFX Application Thread] DEBUG LoopRunner           - Stopping loop
13:33:39.555 [JavaFX Application Thread] DEBUG SystemBundleService  - Saving FXGL system data
13:33:39.559 [JavaFX Application Thread] DEBUG FileSystemAccess     - Writing to: /Users/chloejuliageonzon/Documents/IdeaProjects/School/CSIT228-Capstone-Sir-Jay-Simulator/system/fxgl.bundle
13:33:39.563 [JavaFX Application Thread] DEBUG Async                - Shutting down background threads
13:33:39.564 [JavaFX Application Thread] DEBUG PrimaryStageWindow   - Closing main window
13:33:39.582 [JavaFX Application Thread] DEBUG Logger               - Closing Logger
