20:33:04.434 [main                     ] DEBUG Logger               - Configured Logger
20:33:04.443 [main                     ] DEBUG GameApplication      - Logging settings
Title: Cool and Normal part of game duh
Version: 0.0
Width: 1280
Height: 720
Fullscreen: false
Intro: false
Profiling: false
Single step:false
App Mode: DEVELOPER
Menu Key: ESCAPE
Stage Style: DECORATED
Scene Factory: class com.almasb.fxgl.app.scene.SceneFactory

20:33:04.803 [JavaFX Application Thread] DEBUG FXGLApplication      - Initializing FXGL
20:33:04.806 [JavaFX Application Thread] INFO  Engine               - FXGL-17.3 (30.03.2023 11.49) on WINDOWS (J:24.0.2 FX:21.0.6)
20:33:04.806 [JavaFX Application Thread] DEBUG Engine               - JRE Vendor Name: Oracle Corporation
20:33:04.806 [JavaFX Application Thread] DEBUG Engine               - Running on OS: Windows 11 version 10.0
20:33:04.806 [JavaFX Application Thread] DEBUG Engine               - Architecture: amd64
20:33:04.806 [JavaFX Application Thread] INFO  Engine               - Source code and latest versions at: https://github.com/AlmasB/FXGL
20:33:04.806 [JavaFX Application Thread] INFO  Engine               -       Ask questions and discuss at: https://github.com/AlmasB/FXGL/discussions
20:33:04.806 [JavaFX Application Thread] INFO  Engine               -              Join the FXGL chat at: https://gitter.im/AlmasB/FXGL
20:33:04.890 [JavaFX Application Thread] DEBUG PrimaryStageWindow   - Creating a JavaFX scene
20:33:04.934 [JavaFX Application Thread] DEBUG PrimaryStageWindow   - Target settings size: 1280.0 x 720.0
20:33:04.934 [JavaFX Application Thread] DEBUG PrimaryStageWindow   - Scaled scene size:    1280.0 x 720.0
20:33:04.934 [JavaFX Application Thread] DEBUG PrimaryStageWindow   - Scaled ratio: (1.0, 1.0)
20:33:04.935 [JavaFX Application Thread] DEBUG PrimaryStageWindow   - Set initial scene to FXGLStartupScene
20:33:04.937 [JavaFX Application Thread] DEBUG PrimaryStageWindow   - Opening main window
20:33:05.045 [JavaFX Application Thread] DEBUG PrimaryStageWindow   - Window border size: (14.4000244140625, 37.5999755859375)
20:33:05.045 [JavaFX Application Thread] DEBUG PrimaryStageWindow   - Scaled size: 1280.0 x 720.0
20:33:05.045 [JavaFX Application Thread] DEBUG PrimaryStageWindow   - Scaled ratio: (1.0, 1.0)
20:33:05.045 [JavaFX Application Thread] DEBUG PrimaryStageWindow   - Scene size: 1280.0 x 720.0
20:33:05.045 [JavaFX Application Thread] DEBUG PrimaryStageWindow   - Stage size: 1294.4000244140625 x 757.5999755859375
20:33:05.053 [FXGL Background Thread 1 ] DEBUG Engine               - Initializing environment variables
20:33:05.105 [FXGL Background Thread 1 ] DEBUG FXGLAssetLoaderServi - User app class for loading assets: class com.example.csit228capstonesirjaysimulator.application.GameLevelApp
20:33:05.105 [FXGL Background Thread 1 ] DEBUG GameApplicationServi - Applying CSS: fxgl_dark.css
20:33:05.105 [FXGL Background Thread 1 ] DEBUG FXGLAssetLoaderServi - Loading from file system: jar:file:///C:/Users/Aissha/.m2/repository/com/github/almasb/fxgl/17.3/fxgl-17.3.jar!/fxglassets/ui/css/fxgl_dark.css
20:33:05.142 [FXGL Background Thread 1 ] DEBUG GameApplicationServi - Initializing application scenes
20:33:05.168 [FXGL Background Thread 1 ] DEBUG GameWorld            - Game world initialized
20:33:05.213 [FXGL Background Thread 1 ] DEBUG PhysicsWorld         - Physics world initialized: appHeight=720, physics.ppm=50.0
20:33:05.213 [FXGL Background Thread 1 ] DEBUG PhysicsWorld         - Using strategy: BRUTE_FORCE
20:33:05.215 [FXGL Background Thread 1 ] DEBUG GameScene            - Game scene initialized: 1280x720
20:33:05.225 [FXGL Background Thread 1 ] DEBUG FXGL.DefaultMenu     - createMenuBodyGameMenu()
20:33:05.235 [FXGL Background Thread 1 ] DEBUG FXGL.DefaultMenu     - createOptionsMenu()
20:33:05.241 [FXGL Background Thread 1 ] DEBUG FXGLAssetLoaderServi - Loading from file system: jar:file:///C:/Users/Aissha/.m2/repository/com/github/almasb/fxgl/17.3/fxgl-17.3.jar!/fxglassets/textures/particles/smoke.png
20:33:05.306 [FXGL Background Thread 1 ] DEBUG FXGLAssetLoaderServi - Loading from file system: jar:file:///C:/Users/Aissha/.m2/repository/com/github/almasb/fxgl/17.3/fxgl-17.3.jar!/fxglassets/textures/particles/trace_horizontal.png
20:33:05.328 [FXGL Background Thread 1 ] DEBUG GameApplicationServi - Application scenes initialized
20:33:05.337 [FXGL Background Thread 1 ] DEBUG SystemBundleService  - Loading FXGL system data
20:33:05.341 [FXGL Background Thread 1 ] DEBUG FileSystemAccess     - Reading from: C:\Users\Aissha\IdeaProjects\JavaFX Projects\CSIT228-Capstone-Sir-Jay-Simulator\system\fxgl.bundle
20:33:05.347 [FXGL Background Thread 1 ] DEBUG SystemBundleService  - Bundle FXGL: {}
20:33:05.347 [FXGL Background Thread 1 ] DEBUG UpdaterService       - Checking for updates
20:33:05.350 [FXGL Background Thread 4 ] DEBUG FXGLApplication      - Loading fonts
20:33:05.351 [FXGL Background Thread 4 ] DEBUG FXGLAssetLoaderServi - Loading from file system: jar:file:///C:/Users/Aissha/.m2/repository/com/github/almasb/fxgl/17.3/fxgl-17.3.jar!/fxglassets/ui/fonts/VarelaRound-Regular.ttf
20:33:05.351 [FXGL Background Thread 1 ] DEBUG FXGLApplication      - Loading default localization
20:33:05.351 [FXGL Background Thread 1 ] DEBUG FXGLAssetLoaderServi - Loading from file system: jar:file:///C:/Users/Aissha/.m2/repository/com/github/almasb/fxgl/17.3/fxgl-17.3.jar!/fxglassets/languages/english.lang
20:33:05.377 [FXGL Background Thread 4 ] DEBUG FXGLAssetLoaderServi - Loading from file system: jar:file:///C:/Users/Aissha/.m2/repository/com/github/almasb/fxgl/17.3/fxgl-17.3.jar!/fxglassets/ui/fonts/Abel-Regular.ttf
20:33:05.377 [FXGL Background Thread 1 ] INFO  FXGLApplication      - FXGL initialization took: 0.324 sec
20:33:05.378 [FXGL Background Thread 4 ] DEBUG FXGLAssetLoaderServi - Loading from file system: jar:file:///C:/Users/Aissha/.m2/repository/com/github/almasb/fxgl/17.3/fxgl-17.3.jar!/fxglassets/ui/fonts/TerminalLandMono-Regular.otf
20:33:05.382 [FXGL Background Thread 4 ] DEBUG FXGLAssetLoaderServi - Loading from file system: jar:file:///C:/Users/Aissha/.m2/repository/com/github/almasb/fxgl/17.3/fxgl-17.3.jar!/fxglassets/ui/fonts/Courier-Prime.ttf
20:33:05.387 [JavaFX Application Thread] DEBUG Input                - Registered new binding: action0 - LMB
20:33:05.387 [JavaFX Application Thread] DEBUG FXGLAssetLoaderServi - Loading from file system: jar:file:///C:/Users/Aissha/.m2/repository/com/github/almasb/fxgl/17.3/fxgl-17.3.jar!/fxglassets/textures/fxgl_icon.png
20:33:05.404 [JavaFX Application Thread] DEBUG FXGLAssetLoaderServi - Loading from file system: jar:file:///C:/Users/Aissha/.m2/repository/com/github/almasb/fxgl/17.3/fxgl-17.3.jar!/fxglassets/textures/fxgl_default_cursor.png
20:33:05.411 [JavaFX Application Thread] DEBUG Input                - Registered new binding: Screenshot - CTRL+8
20:33:05.411 [JavaFX Application Thread] DEBUG Input                - Registered new binding: System info dump - CTRL+9
20:33:05.412 [JavaFX Application Thread] DEBUG Input                - Registered new binding: Restart - CTRL+R
20:33:05.412 [JavaFX Application Thread] DEBUG Input                - Registered new binding: Toggle Debug Camera - CTRL+7
20:33:05.415 [JavaFX Application Thread] DEBUG LoopRunner           - Starting loop
20:33:05.415 [JavaFX Application Thread] DEBUG LoopRunner           - Initializing JavaFX AnimationTimerLoop
20:33:05.416 [JavaFX Application Thread] DEBUG GameApplicationServi - Starting new game
20:33:05.416 [JavaFX Application Thread] DEBUG Input                - Clearing active input actions
20:33:05.425 [JavaFX Application Thread] DEBUG GameApplicationServi - Removing overlay from FXGLStartupScene and adding to FXGLLoadingScene
20:33:05.426 [JavaFX Application Thread] DEBUG PrimaryStageWindow   - FXGLStartupScene -> FXGLLoadingScene
20:33:05.426 [JavaFX Application Thread] DEBUG GameApplicationServi - Clearing previous game
20:33:05.426 [JavaFX Application Thread] DEBUG GameScene            - Clearing game scene
20:33:05.426 [JavaFX Application Thread] DEBUG GameWorld            - Clearing game world
20:33:05.426 [JavaFX Application Thread] DEBUG PhysicsWorld         - Clearing physics world
20:33:05.427 [FXGL Background Thread 4 ] DEBUG FXGLApplication      - Initializing game
20:33:05.427 [JavaFX Application Thread] DEBUG FXGLApplication      - Registering font factories with UI factory
20:33:05.434 [FXGL Background Thread 4 ] DEBUG FXGLAssetLoaderServi - Loading from file system: file:/C:/Users/Aissha/IdeaProjects/JavaFX%20Projects/CSIT228-Capstone-Sir-Jay-Simulator/target/classes/assets/textures/rainbow.jpg
20:33:05.487 [FXGL Background Thread 4 ] DEBUG FXGLAssetLoaderServi - Loading from file system: file:/C:/Users/Aissha/IdeaProjects/JavaFX%20Projects/CSIT228-Capstone-Sir-Jay-Simulator/target/classes/assets/textures/teacherView_leftSide.PNG
20:33:05.531 [JavaFX Application Thread] DEBUG LoopRunner           - Stopping loop
20:33:05.533 [JavaFX Application Thread] FATAL FXGLApplication      - Uncaught Exception:
java.lang.RuntimeException: Initialization failed
	at com.almasb.fxgl.all@17.3/com.almasb.fxgl.app.FXGLApplication$InitAppTask.failed(FXGLApplication.kt:343)
	at javafx.graphics@21.0.6/javafx.concurrent.Task.setState(Task.java:710)
	at javafx.graphics@21.0.6/javafx.concurrent.Task$TaskCallable.lambda$call$2(Task.java:1429)
	at javafx.graphics@21.0.6/com.sun.javafx.application.PlatformImpl.lambda$runLater$10(PlatformImpl.java:456)
	at java.base/java.security.AccessController.doPrivileged(AccessController.java:138)
	at javafx.graphics@21.0.6/com.sun.javafx.application.PlatformImpl.lambda$runLater$11(PlatformImpl.java:455)
	at javafx.graphics@21.0.6/com.sun.glass.ui.InvokeLaterDispatcher$Future.run(InvokeLaterDispatcher.java:95)
	at javafx.graphics@21.0.6/com.sun.glass.ui.win.WinApplication._runLoop(Native Method)
	at javafx.graphics@21.0.6/com.sun.glass.ui.win.WinApplication.lambda$runLoop$3(WinApplication.java:185)
	at java.base/java.lang.Thread.run(Thread.java:1447)
Caused by: java.lang.ClassCastException: class javafx.beans.property.SimpleBooleanProperty cannot be cast to class javafx.beans.property.ObjectProperty (javafx.beans.property.SimpleBooleanProperty and javafx.beans.property.ObjectProperty are in module javafx.base@21.0.6 of loader 'app')
	at com.almasb.fxgl.core@17.3/com.almasb.fxgl.core.collection.PropertyMap.objectProperty(PropertyMap.kt:179)
	at com.almasb.fxgl.core@17.3/com.almasb.fxgl.core.collection.PropertyMap.getObject(PropertyMap.kt:168)
	at com.almasb.fxgl.entity@17.3/com.almasb.fxgl.entity.Entity.getObject(Entity.java:328)
	at com.example.csit228capstonesirjaysimulator/com.example.csit228capstonesirjaysimulator.application.GameLevelApp.lambda$updateRoomView$0(GameLevelApp.java:126)
	at java.base/java.util.ArrayList.forEach(ArrayList.java:1604)
	at com.example.csit228capstonesirjaysimulator/com.example.csit228capstonesirjaysimulator.application.GameLevelApp.updateRoomView(GameLevelApp.java:125)
	at com.example.csit228capstonesirjaysimulator/com.example.csit228capstonesirjaysimulator.application.GameLevelApp.initGame(GameLevelApp.java:116)
	at com.almasb.fxgl.all@17.3/com.almasb.fxgl.app.FXGLApplication$InitAppTask.initGame(FXGLApplication.kt:339)
	at com.almasb.fxgl.all@17.3/com.almasb.fxgl.app.FXGLApplication$InitAppTask.call(FXGLApplication.kt:319)
	at com.almasb.fxgl.all@17.3/com.almasb.fxgl.app.FXGLApplication$InitAppTask.call(FXGLApplication.kt:311)
	at javafx.graphics@21.0.6/javafx.concurrent.Task$TaskCallable.call(Task.java:1399)
	at java.base/java.util.concurrent.FutureTask.run(FutureTask.java:328)
	at java.base/java.util.concurrent.Executors$RunnableAdapter.call(Executors.java:545)
	at java.base/java.util.concurrent.FutureTask.run(FutureTask.java:328)
	at java.base/java.util.concurrent.ThreadPoolExecutor.runWorker(ThreadPoolExecutor.java:1095)
	at java.base/java.util.concurrent.ThreadPoolExecutor$Worker.run(ThreadPoolExecutor.java:619)
	... 1 more

20:33:05.533 [JavaFX Application Thread] FATAL FXGLApplication      - Application will now exit
20:33:05.545 [JavaFX Application Thread] DEBUG PrimaryStageWindow   - Push state: ErrorSubScene
20:33:05.545 [JavaFX Application Thread] DEBUG Input                - Clearing active input actions
20:33:05.549 [JavaFX Application Thread] DEBUG GameApplicationServi - Removing overlay from FXGLLoadingScene and adding to ErrorSubScene
20:33:05.549 [JavaFX Application Thread] DEBUG PrimaryStageWindow   - FXGLLoadingScene -> ErrorSubScene
20:33:06.121 [FXGL Background Thread 2 ] INFO  UpdaterService       - Your current version:  17.3
20:33:06.121 [FXGL Background Thread 2 ] INFO  UpdaterService       - Latest stable version: 25
20:33:08.350 [FXGL Background Thread 3 ] DEBUG Engine               - Logging environment variables
20:33:08.350 [FXGL Background Thread 3 ] DEBUG Engine               - achievements: []
20:33:08.350 [FXGL Background Thread 3 ] DEBUG Engine               - actualHeight: 720.0
20:33:08.350 [FXGL Background Thread 3 ] DEBUG Engine               - actualHeightProperty: ReadOnlyDoubleProperty [value: 720.0]
20:33:08.350 [FXGL Background Thread 3 ] DEBUG Engine               - actualWidth: 1280.0
20:33:08.350 [FXGL Background Thread 3 ] DEBUG Engine               - actualWidthProperty: ReadOnlyDoubleProperty [value: 1280.0]
20:33:08.350 [FXGL Background Thread 3 ] DEBUG Engine               - appIcon: fxgl_icon.png
20:33:08.350 [FXGL Background Thread 3 ] DEBUG Engine               - applicationMode: DEVELOPER
20:33:08.351 [FXGL Background Thread 3 ] DEBUG Engine               - cSSList: [fxgl_dark.css]
20:33:08.351 [FXGL Background Thread 3 ] DEBUG Engine               - collisionDetectionStrategy: BRUTE_FORCE
20:33:08.351 [FXGL Background Thread 3 ] DEBUG Engine               - configClass: Optional.empty
20:33:08.351 [FXGL Background Thread 3 ] DEBUG Engine               - credits: []
20:33:08.351 [FXGL Background Thread 3 ] DEBUG Engine               - defaultCursor: CursorInfo(imageName=fxgl_default_cursor.png, hotspotX=7.0, hotspotY=6.0)
20:33:08.351 [FXGL Background Thread 3 ] DEBUG Engine               - devBBoxColorProperty: ObjectProperty [value: 0xff0000ff]
20:33:08.351 [FXGL Background Thread 3 ] DEBUG Engine               - devEnableDebugCameraProperty: BooleanProperty [value: false]
20:33:08.351 [FXGL Background Thread 3 ] DEBUG Engine               - devSensorColorProperty: ObjectProperty [value: 0xffff00ff]
20:33:08.351 [FXGL Background Thread 3 ] DEBUG Engine               - devShowBBoxProperty: BooleanProperty [value: false]
20:33:08.351 [FXGL Background Thread 3 ] DEBUG Engine               - devShowPositionProperty: BooleanProperty [value: false]
20:33:08.351 [FXGL Background Thread 3 ] DEBUG Engine               - enabledMenuItems: []
20:33:08.351 [FXGL Background Thread 3 ] DEBUG Engine               - engineServices: [class com.almasb.fxgl.app.services.FXGLAssetLoaderService, class com.almasb.fxgl.app.FXGLApplication$GameApplicationService, class com.almasb.fxgl.app.services.FXGLDialogService, class com.almasb.fxgl.app.services.IOTaskExecutorService, class com.almasb.fxgl.io.FileSystemService, class com.almasb.fxgl.localization.LocalizationService, class com.almasb.fxgl.app.services.SystemBundleService, class com.almasb.fxgl.profile.SaveLoadService, class com.almasb.fxgl.ui.FXGLUIFactoryServiceProvider, class com.almasb.fxgl.ui.FXGLDialogFactoryServiceProvider, class com.almasb.fxgl.audio.AudioPlayer, class com.almasb.fxgl.notification.impl.NotificationServiceProvider, class com.almasb.fxgl.achievement.AchievementService, class com.almasb.fxgl.cutscene.CutsceneService, class com.almasb.fxgl.minigames.MiniGameService, class com.almasb.fxgl.net.NetService, class com.almasb.fxgl.app.services.UpdaterService, class com.almasb.fxgl.dev.DevService]
20:33:08.351 [FXGL Background Thread 3 ] DEBUG Engine               - fontGame: Abel-Regular.ttf
20:33:08.351 [FXGL Background Thread 3 ] DEBUG Engine               - fontMono: TerminalLandMono-Regular.otf
20:33:08.351 [FXGL Background Thread 3 ] DEBUG Engine               - fontSizeScaleUI: 1.0
20:33:08.351 [FXGL Background Thread 3 ] DEBUG Engine               - fontText: Courier-Prime.ttf
20:33:08.351 [FXGL Background Thread 3 ] DEBUG Engine               - fontUI: VarelaRound-Regular.ttf
20:33:08.352 [FXGL Background Thread 3 ] DEBUG Engine               - fullScreen: BooleanProperty [value: false]
20:33:08.352 [FXGL Background Thread 3 ] DEBUG Engine               - gameDifficulty: MEDIUM
20:33:08.352 [FXGL Background Thread 3 ] DEBUG Engine               - gameDifficultyProperty: ObjectProperty [value: MEDIUM]
20:33:08.352 [FXGL Background Thread 3 ] DEBUG Engine               - globalMusicVolume: 0.5
20:33:08.352 [FXGL Background Thread 3 ] DEBUG Engine               - globalMusicVolumeProperty: DoubleProperty [value: 0.5]
20:33:08.352 [FXGL Background Thread 3 ] DEBUG Engine               - globalSoundVolume: 0.5
20:33:08.352 [FXGL Background Thread 3 ] DEBUG Engine               - globalSoundVolumeProperty: DoubleProperty [value: 0.5]
20:33:08.352 [FXGL Background Thread 3 ] DEBUG Engine               - height: 720
20:33:08.352 [FXGL Background Thread 3 ] DEBUG Engine               - is3D: false
20:33:08.352 [FXGL Background Thread 3 ] DEBUG Engine               - isAndroid: false
20:33:08.352 [FXGL Background Thread 3 ] DEBUG Engine               - isBrowser: false
20:33:08.352 [FXGL Background Thread 3 ] DEBUG Engine               - isClickFeedbackEnabled: false
20:33:08.352 [FXGL Background Thread 3 ] DEBUG Engine               - isCloseConfirmation: false
20:33:08.352 [FXGL Background Thread 3 ] DEBUG Engine               - isDesktop: true
20:33:08.352 [FXGL Background Thread 3 ] DEBUG Engine               - isDeveloperMenuEnabled: false
20:33:08.352 [FXGL Background Thread 3 ] DEBUG Engine               - isEmbedded: false
20:33:08.352 [FXGL Background Thread 3 ] DEBUG Engine               - isEntityPreloadEnabled: true
20:33:08.352 [FXGL Background Thread 3 ] DEBUG Engine               - isExperimentalTiledLargeMap: false
20:33:08.352 [FXGL Background Thread 3 ] DEBUG Engine               - isFileSystemWriteAllowed: true
20:33:08.352 [FXGL Background Thread 3 ] DEBUG Engine               - isFullScreenAllowed: false
20:33:08.352 [FXGL Background Thread 3 ] DEBUG Engine               - isFullScreenFromStart: false
20:33:08.352 [FXGL Background Thread 3 ] DEBUG Engine               - isGameMenuEnabled: true
20:33:08.352 [FXGL Background Thread 3 ] DEBUG Engine               - isIOS: false
20:33:08.352 [FXGL Background Thread 3 ] DEBUG Engine               - isIntroEnabled: false
20:33:08.352 [FXGL Background Thread 3 ] DEBUG Engine               - isLinux: false
20:33:08.352 [FXGL Background Thread 3 ] DEBUG Engine               - isMac: false
20:33:08.352 [FXGL Background Thread 3 ] DEBUG Engine               - isMainMenuEnabled: false
20:33:08.352 [FXGL Background Thread 3 ] DEBUG Engine               - isManualResizeEnabled: false
20:33:08.353 [FXGL Background Thread 3 ] DEBUG Engine               - isMobile: false
20:33:08.353 [FXGL Background Thread 3 ] DEBUG Engine               - isNative: false
20:33:08.353 [FXGL Background Thread 3 ] DEBUG Engine               - isPauseMusicWhenMinimized: true
20:33:08.353 [FXGL Background Thread 3 ] DEBUG Engine               - isPreserveResizeRatio: false
20:33:08.353 [FXGL Background Thread 3 ] DEBUG Engine               - isProfilingEnabled: false
20:33:08.353 [FXGL Background Thread 3 ] DEBUG Engine               - isScaleAffectedOnResize: true
20:33:08.353 [FXGL Background Thread 3 ] DEBUG Engine               - isSingleStep: false
20:33:08.353 [FXGL Background Thread 3 ] DEBUG Engine               - isUserProfileEnabled: false
20:33:08.353 [FXGL Background Thread 3 ] DEBUG Engine               - isWindows: true
20:33:08.353 [FXGL Background Thread 3 ] DEBUG Engine               - language: ObjectProperty [value: ENGLISH]
20:33:08.353 [FXGL Background Thread 3 ] DEBUG Engine               - menuKey: ESCAPE
20:33:08.353 [FXGL Background Thread 3 ] DEBUG Engine               - mouseSensitivity: 0.2
20:33:08.353 [FXGL Background Thread 3 ] DEBUG Engine               - notificationViewClass: class com.almasb.fxgl.notification.view.XboxNotificationView
20:33:08.353 [FXGL Background Thread 3 ] DEBUG Engine               - pixelsPerMeter: 50.0
20:33:08.353 [FXGL Background Thread 3 ] DEBUG Engine               - platform: WINDOWS
20:33:08.353 [FXGL Background Thread 3 ] DEBUG Engine               - prefHeightProperty: ReadOnlyDoubleProperty [value: 720.0]
20:33:08.353 [FXGL Background Thread 3 ] DEBUG Engine               - prefWidthProperty: ReadOnlyDoubleProperty [value: 1280.0]
20:33:08.353 [FXGL Background Thread 3 ] DEBUG Engine               - profileDir: profiles/
20:33:08.353 [FXGL Background Thread 3 ] DEBUG Engine               - profileName: StringProperty [value: DEFAULT]
20:33:08.353 [FXGL Background Thread 3 ] DEBUG Engine               - randomSeed: -1
20:33:08.353 [FXGL Background Thread 3 ] DEBUG Engine               - runtimeInfo: RuntimeInfo(platform=WINDOWS, version=17.3, build=30.03.2023 11.49)
20:33:08.353 [FXGL Background Thread 3 ] DEBUG Engine               - saveFileExt: sav
20:33:08.353 [FXGL Background Thread 3 ] DEBUG Engine               - scaledHeightProp$fxgl: DoubleProperty [bound, value: 720.0]
20:33:08.353 [FXGL Background Thread 3 ] DEBUG Engine               - scaledWidthProp$fxgl: DoubleProperty [bound, value: 1280.0]
20:33:08.353 [FXGL Background Thread 3 ] DEBUG Engine               - sceneFactory: com.almasb.fxgl.app.scene.SceneFactory@36c1f136
20:33:08.353 [FXGL Background Thread 3 ] DEBUG Engine               - secondsIn24h: 60
20:33:08.353 [FXGL Background Thread 3 ] DEBUG Engine               - soundMenuBack: menu/back.wav
20:33:08.353 [FXGL Background Thread 3 ] DEBUG Engine               - soundMenuPress: menu/press.wav
20:33:08.354 [FXGL Background Thread 3 ] DEBUG Engine               - soundMenuSelect: menu/select.wav
20:33:08.354 [FXGL Background Thread 3 ] DEBUG Engine               - soundNotification: core/notification.wav
20:33:08.354 [FXGL Background Thread 3 ] DEBUG Engine               - stageStyle: DECORATED
20:33:08.354 [FXGL Background Thread 3 ] DEBUG Engine               - supportedLanguages: [ENGLISH, FRENCH, GERMAN, HUNGARIAN, RUSSIAN]
20:33:08.354 [FXGL Background Thread 3 ] DEBUG Engine               - ticksPerSecond: -1
20:33:08.354 [FXGL Background Thread 3 ] DEBUG Engine               - title: Cool and Normal part of game duh
20:33:08.354 [FXGL Background Thread 3 ] DEBUG Engine               - urlGithub: https://github.com/AlmasB/FXGL
20:33:08.354 [FXGL Background Thread 3 ] DEBUG Engine               - urlLeaderboard: http://fxgl-top.herokuapp.com/
20:33:08.354 [FXGL Background Thread 3 ] DEBUG Engine               - urlPOM: https://raw.githubusercontent.com/AlmasB/FXGL/release/README.md
20:33:08.354 [FXGL Background Thread 3 ] DEBUG Engine               - userAppClass: class com.example.csit228capstonesirjaysimulator.application.GameLevelApp
20:33:08.354 [FXGL Background Thread 3 ] DEBUG Engine               - version: 0.0
20:33:08.354 [FXGL Background Thread 3 ] DEBUG Engine               - versionCheckDays: 7
20:33:08.354 [FXGL Background Thread 3 ] DEBUG Engine               - width: 1280
20:33:08.354 [FXGL Background Thread 3 ] DEBUG Engine               - Logging services
20:33:08.354 [FXGL Background Thread 3 ] DEBUG Engine               - class com.almasb.fxgl.app.services.FXGLAssetLoaderService
20:33:08.354 [FXGL Background Thread 3 ] DEBUG Engine               - class com.almasb.fxgl.app.FXGLApplication$GameApplicationService
20:33:08.354 [FXGL Background Thread 3 ] DEBUG Engine               - class com.almasb.fxgl.app.services.FXGLDialogService
20:33:08.354 [FXGL Background Thread 3 ] DEBUG Engine               - class com.almasb.fxgl.app.services.IOTaskExecutorService
20:33:08.354 [FXGL Background Thread 3 ] DEBUG Engine               - class com.almasb.fxgl.io.FileSystemService
20:33:08.354 [FXGL Background Thread 3 ] DEBUG Engine               - class com.almasb.fxgl.localization.LocalizationService
20:33:08.354 [FXGL Background Thread 3 ] DEBUG Engine               - class com.almasb.fxgl.app.services.SystemBundleService
20:33:08.354 [FXGL Background Thread 3 ] DEBUG Engine               - class com.almasb.fxgl.profile.SaveLoadService
20:33:08.354 [FXGL Background Thread 3 ] DEBUG Engine               - class com.almasb.fxgl.ui.FXGLUIFactoryServiceProvider
20:33:08.354 [FXGL Background Thread 3 ] DEBUG Engine               - class com.almasb.fxgl.ui.FXGLDialogFactoryServiceProvider
20:33:08.354 [FXGL Background Thread 3 ] DEBUG Engine               - class com.almasb.fxgl.audio.AudioPlayer
20:33:08.354 [FXGL Background Thread 3 ] DEBUG Engine               - class com.almasb.fxgl.notification.impl.NotificationServiceProvider
20:33:08.354 [FXGL Background Thread 3 ] DEBUG Engine               - class com.almasb.fxgl.achievement.AchievementService
20:33:08.354 [FXGL Background Thread 3 ] DEBUG Engine               - class com.almasb.fxgl.cutscene.CutsceneService
20:33:08.354 [FXGL Background Thread 3 ] DEBUG Engine               - class com.almasb.fxgl.minigames.MiniGameService
20:33:08.354 [FXGL Background Thread 3 ] DEBUG Engine               - class com.almasb.fxgl.net.NetService
20:33:08.354 [FXGL Background Thread 3 ] DEBUG Engine               - class com.almasb.fxgl.app.services.UpdaterService
20:33:08.354 [FXGL Background Thread 3 ] DEBUG Engine               - class com.almasb.fxgl.dev.DevService
20:45:55.352 [JavaFX Application Thread] DEBUG FXGLApplication      - Exiting FXGL
20:45:55.352 [JavaFX Application Thread] DEBUG Async                - Shutting down background threads
20:45:55.353 [JavaFX Application Thread] DEBUG PrimaryStageWindow   - Closing main window
20:45:55.373 [JavaFX Application Thread] DEBUG Logger               - Closing Logger
