12:31:00.940 [main                     ] DEBUG Logger               - Configured Logger
12:31:00.942 [main                     ] DEBUG GameApplication      - Logging settings
Title: Sir Serato Simulator
Version: 0.0
Width: 1280
Height: 720
Fullscreen: false
Intro: false
Profiling: false
Single step:false
App Mode: DEVELOPER
Menu Key: ESCAPE
Stage Style: DECORATED
Scene Factory: class com.example.csit228capstonesirjaysimulator.application.MenuFactory

12:31:01.111 [JavaFX Application Thread] DEBUG FXGLApplication      - Initializing FXGL
12:31:01.112 [JavaFX Application Thread] INFO  Engine               - FXGL-17.3 (30.03.2023 11.49) on MAC (J:25.0.1 FX:21.0.6)
12:31:01.112 [JavaFX Application Thread] DEBUG Engine               - JRE Vendor Name: Oracle Corporation
12:31:01.112 [JavaFX Application Thread] DEBUG Engine               - Running on OS: Mac OS X version 14.6
12:31:01.112 [JavaFX Application Thread] DEBUG Engine               - Architecture: aarch64
12:31:01.112 [JavaFX Application Thread] INFO  Engine               - Source code and latest versions at: https://github.com/AlmasB/FXGL
12:31:01.112 [JavaFX Application Thread] INFO  Engine               -       Ask questions and discuss at: https://github.com/AlmasB/FXGL/discussions
12:31:01.112 [JavaFX Application Thread] INFO  Engine               -              Join the FXGL chat at: https://gitter.im/AlmasB/FXGL
12:31:01.154 [JavaFX Application Thread] DEBUG PrimaryStageWindow   - Creating a JavaFX scene
12:31:01.172 [JavaFX Application Thread] DEBUG PrimaryStageWindow   - Target settings size: 1280.0 x 720.0
12:31:01.172 [JavaFX Application Thread] DEBUG PrimaryStageWindow   - Scaled scene size:    1280.0 x 720.0
12:31:01.172 [JavaFX Application Thread] DEBUG PrimaryStageWindow   - Scaled ratio: (1.0, 1.0)
12:31:01.172 [JavaFX Application Thread] DEBUG PrimaryStageWindow   - Set initial scene to FXGLStartupScene
12:31:01.173 [JavaFX Application Thread] DEBUG PrimaryStageWindow   - Opening main window
12:31:01.228 [JavaFX Application Thread] DEBUG PrimaryStageWindow   - Window border size: (0.0, 28.0)
12:31:01.228 [JavaFX Application Thread] DEBUG PrimaryStageWindow   - Scaled size: 1280.0 x 720.0
12:31:01.228 [JavaFX Application Thread] DEBUG PrimaryStageWindow   - Scaled ratio: (1.0, 1.0)
12:31:01.228 [JavaFX Application Thread] DEBUG PrimaryStageWindow   - Scene size: 1280.0 x 720.0
12:31:01.228 [JavaFX Application Thread] DEBUG PrimaryStageWindow   - Stage size: 1280.0 x 748.0
12:31:01.230 [FXGL Background Thread 1 ] DEBUG Engine               - Initializing environment variables
12:31:01.255 [FXGL Background Thread 1 ] DEBUG FXGLAssetLoaderServi - User app class for loading assets: class com.example.csit228capstonesirjaysimulator.application.GameLevelApp
12:31:01.255 [FXGL Background Thread 1 ] DEBUG GameApplicationServi - Applying CSS: fxgl_dark.css
12:31:01.255 [FXGL Background Thread 1 ] DEBUG FXGLAssetLoaderServi - Loading from file system: jar:file:///Users/chloejuliageonzon/.m2/repository/com/github/almasb/fxgl/17.3/fxgl-17.3.jar!/fxglassets/ui/css/fxgl_dark.css
12:31:01.282 [FXGL Background Thread 1 ] DEBUG GameApplicationServi - Initializing application scenes
12:31:01.353 [FXGL Background Thread 1 ] DEBUG GameWorld            - Game world initialized
12:31:01.377 [FXGL Background Thread 1 ] DEBUG PhysicsWorld         - Physics world initialized: appHeight=720, physics.ppm=50.0
12:31:01.377 [FXGL Background Thread 1 ] DEBUG PhysicsWorld         - Using strategy: BRUTE_FORCE
12:31:01.390 [FXGL Background Thread 1 ] DEBUG GameScene            - Game scene initialized: 1280x720
12:31:01.821 [FXGL Background Thread 1 ] DEBUG FXGLAssetLoaderServi - Loading from file system: file:/Users/chloejuliageonzon/Documents/IdeaProjects/School/CSIT228-Capstone-Sir-Jay-Simulator/target/classes/assets/music/intro_music.wav
12:31:01.964 [FXGL Background Thread 1 ] DEBUG AudioPlayer          - Playing music com.almasb.fxgl.audio.Music@4249cc51
12:31:01.970 [FXGL Background Thread 1 ] DEBUG FXGL.DefaultMenu     - createMenuBodyGameMenu()
12:31:01.976 [FXGL Background Thread 1 ] DEBUG FXGL.DefaultMenu     - createOptionsMenu()
12:31:01.979 [FXGL Background Thread 1 ] DEBUG FXGLAssetLoaderServi - Loading from file system: jar:file:///Users/chloejuliageonzon/.m2/repository/com/github/almasb/fxgl/17.3/fxgl-17.3.jar!/fxglassets/textures/particles/smoke.png
12:31:02.018 [FXGL Background Thread 1 ] DEBUG FXGLAssetLoaderServi - Loading from file system: jar:file:///Users/chloejuliageonzon/.m2/repository/com/github/almasb/fxgl/17.3/fxgl-17.3.jar!/fxglassets/textures/particles/trace_horizontal.png
12:31:02.026 [FXGL Background Thread 1 ] DEBUG GameApplicationServi - Application scenes initialized
12:31:02.030 [FXGL Background Thread 1 ] DEBUG SystemBundleService  - Loading FXGL system data
12:31:02.032 [FXGL Background Thread 1 ] DEBUG FileSystemAccess     - Reading from: /Users/chloejuliageonzon/Documents/IdeaProjects/School/CSIT228-Capstone-Sir-Jay-Simulator/system/fxgl.bundle
12:31:02.034 [FXGL Background Thread 1 ] DEBUG SystemBundleService  - Bundle FXGL: {}
12:31:02.034 [FXGL Background Thread 1 ] DEBUG UpdaterService       - Checking for updates
12:31:02.035 [FXGL Background Thread 4 ] DEBUG FXGLApplication      - Loading fonts
12:31:02.035 [FXGL Background Thread 4 ] DEBUG FXGLAssetLoaderServi - Loading from file system: jar:file:///Users/chloejuliageonzon/.m2/repository/com/github/almasb/fxgl/17.3/fxgl-17.3.jar!/fxglassets/ui/fonts/VarelaRound-Regular.ttf
12:31:02.035 [FXGL Background Thread 1 ] DEBUG FXGLApplication      - Loading default localization
12:31:02.036 [FXGL Background Thread 1 ] DEBUG FXGLAssetLoaderServi - Loading from file system: jar:file:///Users/chloejuliageonzon/.m2/repository/com/github/almasb/fxgl/17.3/fxgl-17.3.jar!/fxglassets/languages/english.lang
12:31:02.047 [FXGL Background Thread 4 ] DEBUG FXGLAssetLoaderServi - Loading from file system: jar:file:///Users/chloejuliageonzon/.m2/repository/com/github/almasb/fxgl/17.3/fxgl-17.3.jar!/fxglassets/ui/fonts/Abel-Regular.ttf
12:31:02.048 [FXGL Background Thread 4 ] DEBUG FXGLAssetLoaderServi - Loading from file system: jar:file:///Users/chloejuliageonzon/.m2/repository/com/github/almasb/fxgl/17.3/fxgl-17.3.jar!/fxglassets/ui/fonts/TerminalLandMono-Regular.otf
12:31:02.048 [FXGL Background Thread 1 ] INFO  FXGLApplication      - FXGL initialization took: 0.818 sec
12:31:02.049 [FXGL Background Thread 4 ] DEBUG FXGLAssetLoaderServi - Loading from file system: jar:file:///Users/chloejuliageonzon/.m2/repository/com/github/almasb/fxgl/17.3/fxgl-17.3.jar!/fxglassets/ui/fonts/Courier-Prime.ttf
12:31:02.050 [JavaFX Application Thread] DEBUG Input                - Registered new binding: action0 - LMB
12:31:02.052 [JavaFX Application Thread] DEBUG Input                - Registered new binding: Switch Screen Left - A
12:31:02.052 [JavaFX Application Thread] DEBUG Input                - Registered new binding: Switch Screen Right - D
12:31:02.052 [JavaFX Application Thread] DEBUG Input                - Registered new binding: PAGHILOM! - E
12:31:02.052 [JavaFX Application Thread] DEBUG FXGLAssetLoaderServi - Loading from file system: jar:file:///Users/chloejuliageonzon/.m2/repository/com/github/almasb/fxgl/17.3/fxgl-17.3.jar!/fxglassets/textures/fxgl_icon.png
12:31:02.064 [JavaFX Application Thread] DEBUG FXGLAssetLoaderServi - Loading from file system: jar:file:///Users/chloejuliageonzon/.m2/repository/com/github/almasb/fxgl/17.3/fxgl-17.3.jar!/fxglassets/textures/fxgl_default_cursor.png
12:31:02.064 [JavaFX Application Thread] DEBUG Input                - Registered new binding: Screenshot - CTRL+8
12:31:02.064 [JavaFX Application Thread] DEBUG Input                - Registered new binding: System info dump - CTRL+9
12:31:02.065 [JavaFX Application Thread] DEBUG Input                - Registered new binding: Restart - CTRL+R
12:31:02.065 [JavaFX Application Thread] DEBUG Input                - Registered new binding: Toggle Debug Camera - CTRL+7
12:31:02.065 [JavaFX Application Thread] DEBUG LoopRunner           - Starting loop
12:31:02.065 [JavaFX Application Thread] DEBUG LoopRunner           - Initializing JavaFX AnimationTimerLoop
12:31:02.066 [JavaFX Application Thread] DEBUG Input                - Clearing active input actions
12:31:02.069 [JavaFX Application Thread] DEBUG GameApplicationServi - Removing overlay from FXGLStartupScene and adding to FXGLMainMenuDummyScene
12:31:02.069 [JavaFX Application Thread] DEBUG PrimaryStageWindow   - FXGLStartupScene -> FXGLMainMenuDummyScene
12:31:02.069 [JavaFX Application Thread] DEBUG PrimaryStageWindow   - Push state: MainMenuApp
12:31:02.069 [JavaFX Application Thread] DEBUG Input                - Clearing active input actions
12:31:02.070 [JavaFX Application Thread] DEBUG GameApplicationServi - Removing overlay from FXGLMainMenuDummyScene and adding to MainMenuApp
12:31:02.070 [JavaFX Application Thread] DEBUG PrimaryStageWindow   - FXGLMainMenuDummyScene -> MainMenuApp
12:31:02.085 [JavaFX Application Thread] DEBUG FXGLApplication      - Registering font factories with UI factory
12:31:02.264 [FXGL Background Thread 2 ] INFO  UpdaterService       - Your current version:  17.3
12:31:02.264 [FXGL Background Thread 2 ] INFO  UpdaterService       - Latest stable version: 25
12:31:05.040 [FXGL Background Thread 3 ] DEBUG Engine               - Logging environment variables
12:31:05.041 [FXGL Background Thread 3 ] DEBUG Engine               - achievements: []
12:31:05.041 [FXGL Background Thread 3 ] DEBUG Engine               - actualHeight: 720.0
12:31:05.041 [FXGL Background Thread 3 ] DEBUG Engine               - actualHeightProperty: ReadOnlyDoubleProperty [value: 720.0]
12:31:05.041 [FXGL Background Thread 3 ] DEBUG Engine               - actualWidth: 1280.0
12:31:05.041 [FXGL Background Thread 3 ] DEBUG Engine               - actualWidthProperty: ReadOnlyDoubleProperty [value: 1280.0]
12:31:05.041 [FXGL Background Thread 3 ] DEBUG Engine               - appIcon: fxgl_icon.png
12:31:05.041 [FXGL Background Thread 3 ] DEBUG Engine               - applicationMode: DEVELOPER
12:31:05.041 [FXGL Background Thread 3 ] DEBUG Engine               - cSSList: [fxgl_dark.css]
12:31:05.041 [FXGL Background Thread 3 ] DEBUG Engine               - collisionDetectionStrategy: BRUTE_FORCE
12:31:05.041 [FXGL Background Thread 3 ] DEBUG Engine               - configClass: Optional.empty
12:31:05.041 [FXGL Background Thread 3 ] DEBUG Engine               - credits: []
12:31:05.042 [FXGL Background Thread 3 ] DEBUG Engine               - defaultCursor: CursorInfo(imageName=fxgl_default_cursor.png, hotspotX=7.0, hotspotY=6.0)
12:31:05.042 [FXGL Background Thread 3 ] DEBUG Engine               - devBBoxColorProperty: ObjectProperty [value: 0xff0000ff]
12:31:05.042 [FXGL Background Thread 3 ] DEBUG Engine               - devEnableDebugCameraProperty: BooleanProperty [value: false]
12:31:05.042 [FXGL Background Thread 3 ] DEBUG Engine               - devSensorColorProperty: ObjectProperty [value: 0xffff00ff]
12:31:05.042 [FXGL Background Thread 3 ] DEBUG Engine               - devShowBBoxProperty: BooleanProperty [value: false]
12:31:05.042 [FXGL Background Thread 3 ] DEBUG Engine               - devShowPositionProperty: BooleanProperty [value: false]
12:31:05.043 [FXGL Background Thread 3 ] DEBUG Engine               - enabledMenuItems: []
12:31:05.043 [FXGL Background Thread 3 ] DEBUG Engine               - engineServices: [class com.almasb.fxgl.app.services.FXGLAssetLoaderService, class com.almasb.fxgl.app.FXGLApplication$GameApplicationService, class com.almasb.fxgl.app.services.FXGLDialogService, class com.almasb.fxgl.app.services.IOTaskExecutorService, class com.almasb.fxgl.io.FileSystemService, class com.almasb.fxgl.localization.LocalizationService, class com.almasb.fxgl.app.services.SystemBundleService, class com.almasb.fxgl.profile.SaveLoadService, class com.almasb.fxgl.ui.FXGLUIFactoryServiceProvider, class com.almasb.fxgl.ui.FXGLDialogFactoryServiceProvider, class com.almasb.fxgl.audio.AudioPlayer, class com.almasb.fxgl.notification.impl.NotificationServiceProvider, class com.almasb.fxgl.achievement.AchievementService, class com.almasb.fxgl.cutscene.CutsceneService, class com.almasb.fxgl.minigames.MiniGameService, class com.almasb.fxgl.net.NetService, class com.almasb.fxgl.app.services.UpdaterService, class com.almasb.fxgl.dev.DevService]
12:31:05.043 [FXGL Background Thread 3 ] DEBUG Engine               - fontGame: Abel-Regular.ttf
12:31:05.043 [FXGL Background Thread 3 ] DEBUG Engine               - fontMono: TerminalLandMono-Regular.otf
12:31:05.043 [FXGL Background Thread 3 ] DEBUG Engine               - fontSizeScaleUI: 1.0
12:31:05.043 [FXGL Background Thread 3 ] DEBUG Engine               - fontText: Courier-Prime.ttf
12:31:05.043 [FXGL Background Thread 3 ] DEBUG Engine               - fontUI: VarelaRound-Regular.ttf
12:31:05.043 [FXGL Background Thread 3 ] DEBUG Engine               - fullScreen: BooleanProperty [value: false]
12:31:05.043 [FXGL Background Thread 3 ] DEBUG Engine               - gameDifficulty: MEDIUM
12:31:05.043 [FXGL Background Thread 3 ] DEBUG Engine               - gameDifficultyProperty: ObjectProperty [value: MEDIUM]
12:31:05.043 [FXGL Background Thread 3 ] DEBUG Engine               - globalMusicVolume: 0.5
12:31:05.043 [FXGL Background Thread 3 ] DEBUG Engine               - globalMusicVolumeProperty: DoubleProperty [value: 0.5]
12:31:05.043 [FXGL Background Thread 3 ] DEBUG Engine               - globalSoundVolume: 0.5
12:31:05.043 [FXGL Background Thread 3 ] DEBUG Engine               - globalSoundVolumeProperty: DoubleProperty [value: 0.5]
12:31:05.043 [FXGL Background Thread 3 ] DEBUG Engine               - height: 720
12:31:05.044 [FXGL Background Thread 3 ] DEBUG Engine               - is3D: false
12:31:05.044 [FXGL Background Thread 3 ] DEBUG Engine               - isAndroid: false
12:31:05.044 [FXGL Background Thread 3 ] DEBUG Engine               - isBrowser: false
12:31:05.044 [FXGL Background Thread 3 ] DEBUG Engine               - isClickFeedbackEnabled: false
12:31:05.044 [FXGL Background Thread 3 ] DEBUG Engine               - isCloseConfirmation: false
12:31:05.044 [FXGL Background Thread 3 ] DEBUG Engine               - isDesktop: true
12:31:05.044 [FXGL Background Thread 3 ] DEBUG Engine               - isDeveloperMenuEnabled: false
12:31:05.044 [FXGL Background Thread 3 ] DEBUG Engine               - isEmbedded: false
12:31:05.044 [FXGL Background Thread 3 ] DEBUG Engine               - isEntityPreloadEnabled: true
12:31:05.044 [FXGL Background Thread 3 ] DEBUG Engine               - isExperimentalTiledLargeMap: false
12:31:05.044 [FXGL Background Thread 3 ] DEBUG Engine               - isFileSystemWriteAllowed: true
12:31:05.044 [FXGL Background Thread 3 ] DEBUG Engine               - isFullScreenAllowed: false
12:31:05.044 [FXGL Background Thread 3 ] DEBUG Engine               - isFullScreenFromStart: false
12:31:05.044 [FXGL Background Thread 3 ] DEBUG Engine               - isGameMenuEnabled: true
12:31:05.044 [FXGL Background Thread 3 ] DEBUG Engine               - isIOS: false
12:31:05.044 [FXGL Background Thread 3 ] DEBUG Engine               - isIntroEnabled: false
12:31:05.044 [FXGL Background Thread 3 ] DEBUG Engine               - isLinux: false
12:31:05.044 [FXGL Background Thread 3 ] DEBUG Engine               - isMac: true
12:31:05.044 [FXGL Background Thread 3 ] DEBUG Engine               - isMainMenuEnabled: true
12:31:05.044 [FXGL Background Thread 3 ] DEBUG Engine               - isManualResizeEnabled: false
12:31:05.044 [FXGL Background Thread 3 ] DEBUG Engine               - isMobile: false
12:31:05.044 [FXGL Background Thread 3 ] DEBUG Engine               - isNative: false
12:31:05.044 [FXGL Background Thread 3 ] DEBUG Engine               - isPauseMusicWhenMinimized: true
12:31:05.045 [FXGL Background Thread 3 ] DEBUG Engine               - isPreserveResizeRatio: false
12:31:05.045 [FXGL Background Thread 3 ] DEBUG Engine               - isProfilingEnabled: false
12:31:05.045 [FXGL Background Thread 3 ] DEBUG Engine               - isScaleAffectedOnResize: true
12:31:05.045 [FXGL Background Thread 3 ] DEBUG Engine               - isSingleStep: false
12:31:05.045 [FXGL Background Thread 3 ] DEBUG Engine               - isUserProfileEnabled: false
12:31:05.045 [FXGL Background Thread 3 ] DEBUG Engine               - isWindows: false
12:31:05.045 [FXGL Background Thread 3 ] DEBUG Engine               - language: ObjectProperty [value: ENGLISH]
12:31:05.045 [FXGL Background Thread 3 ] DEBUG Engine               - menuKey: ESCAPE
12:31:05.045 [FXGL Background Thread 3 ] DEBUG Engine               - mouseSensitivity: 0.2
12:31:05.045 [FXGL Background Thread 3 ] DEBUG Engine               - notificationViewClass: class com.almasb.fxgl.notification.view.XboxNotificationView
12:31:05.045 [FXGL Background Thread 3 ] DEBUG Engine               - pixelsPerMeter: 50.0
12:31:05.045 [FXGL Background Thread 3 ] DEBUG Engine               - platform: MAC
12:31:05.045 [FXGL Background Thread 3 ] DEBUG Engine               - prefHeightProperty: ReadOnlyDoubleProperty [value: 720.0]
12:31:05.045 [FXGL Background Thread 3 ] DEBUG Engine               - prefWidthProperty: ReadOnlyDoubleProperty [value: 1280.0]
12:31:05.045 [FXGL Background Thread 3 ] DEBUG Engine               - profileDir: profiles/
12:31:05.045 [FXGL Background Thread 3 ] DEBUG Engine               - profileName: StringProperty [value: DEFAULT]
12:31:05.045 [FXGL Background Thread 3 ] DEBUG Engine               - randomSeed: -1
12:31:05.045 [FXGL Background Thread 3 ] DEBUG Engine               - runtimeInfo: RuntimeInfo(platform=MAC, version=17.3, build=30.03.2023 11.49)
12:31:05.046 [FXGL Background Thread 3 ] DEBUG Engine               - saveFileExt: sav
12:31:05.046 [FXGL Background Thread 3 ] DEBUG Engine               - scaledHeightProp$fxgl: DoubleProperty [bound, value: 720.0]
12:31:05.046 [FXGL Background Thread 3 ] DEBUG Engine               - scaledWidthProp$fxgl: DoubleProperty [bound, value: 1280.0]
12:31:05.046 [FXGL Background Thread 3 ] DEBUG Engine               - sceneFactory: com.example.csit228capstonesirjaysimulator.application.MenuFactory@555d43b3
12:31:05.046 [FXGL Background Thread 3 ] DEBUG Engine               - secondsIn24h: 60
12:31:05.046 [FXGL Background Thread 3 ] DEBUG Engine               - soundMenuBack: menu/back.wav
12:31:05.046 [FXGL Background Thread 3 ] DEBUG Engine               - soundMenuPress: menu/press.wav
12:31:05.046 [FXGL Background Thread 3 ] DEBUG Engine               - soundMenuSelect: menu/select.wav
12:31:05.046 [FXGL Background Thread 3 ] DEBUG Engine               - soundNotification: core/notification.wav
12:31:05.046 [FXGL Background Thread 3 ] DEBUG Engine               - stageStyle: DECORATED
12:31:05.046 [FXGL Background Thread 3 ] DEBUG Engine               - supportedLanguages: [ENGLISH, FRENCH, GERMAN, HUNGARIAN, RUSSIAN]
12:31:05.046 [FXGL Background Thread 3 ] DEBUG Engine               - ticksPerSecond: -1
12:31:05.046 [FXGL Background Thread 3 ] DEBUG Engine               - title: Sir Serato Simulator
12:31:05.046 [FXGL Background Thread 3 ] DEBUG Engine               - urlGithub: https://github.com/AlmasB/FXGL
12:31:05.046 [FXGL Background Thread 3 ] DEBUG Engine               - urlLeaderboard: http://fxgl-top.herokuapp.com/
12:31:05.046 [FXGL Background Thread 3 ] DEBUG Engine               - urlPOM: https://raw.githubusercontent.com/AlmasB/FXGL/release/README.md
12:31:05.046 [FXGL Background Thread 3 ] DEBUG Engine               - userAppClass: class com.example.csit228capstonesirjaysimulator.application.GameLevelApp
12:31:05.046 [FXGL Background Thread 3 ] DEBUG Engine               - version: 0.0
12:31:05.046 [FXGL Background Thread 3 ] DEBUG Engine               - versionCheckDays: 7
12:31:05.046 [FXGL Background Thread 3 ] DEBUG Engine               - width: 1280
12:31:05.046 [FXGL Background Thread 3 ] DEBUG Engine               - Logging services
12:31:05.046 [FXGL Background Thread 3 ] DEBUG Engine               - class com.almasb.fxgl.app.services.FXGLAssetLoaderService
12:31:05.046 [FXGL Background Thread 3 ] DEBUG Engine               - class com.almasb.fxgl.app.FXGLApplication$GameApplicationService
12:31:05.047 [FXGL Background Thread 3 ] DEBUG Engine               - class com.almasb.fxgl.app.services.FXGLDialogService
12:31:05.047 [FXGL Background Thread 3 ] DEBUG Engine               - class com.almasb.fxgl.app.services.IOTaskExecutorService
12:31:05.047 [FXGL Background Thread 3 ] DEBUG Engine               - class com.almasb.fxgl.io.FileSystemService
12:31:05.047 [FXGL Background Thread 3 ] DEBUG Engine               - class com.almasb.fxgl.localization.LocalizationService
12:31:05.047 [FXGL Background Thread 3 ] DEBUG Engine               - class com.almasb.fxgl.app.services.SystemBundleService
12:31:05.047 [FXGL Background Thread 3 ] DEBUG Engine               - class com.almasb.fxgl.profile.SaveLoadService
12:31:05.047 [FXGL Background Thread 3 ] DEBUG Engine               - class com.almasb.fxgl.ui.FXGLUIFactoryServiceProvider
12:31:05.047 [FXGL Background Thread 3 ] DEBUG Engine               - class com.almasb.fxgl.ui.FXGLDialogFactoryServiceProvider
12:31:05.047 [FXGL Background Thread 3 ] DEBUG Engine               - class com.almasb.fxgl.audio.AudioPlayer
12:31:05.047 [FXGL Background Thread 3 ] DEBUG Engine               - class com.almasb.fxgl.notification.impl.NotificationServiceProvider
12:31:05.047 [FXGL Background Thread 3 ] DEBUG Engine               - class com.almasb.fxgl.achievement.AchievementService
12:31:05.047 [FXGL Background Thread 3 ] DEBUG Engine               - class com.almasb.fxgl.cutscene.CutsceneService
12:31:05.047 [FXGL Background Thread 3 ] DEBUG Engine               - class com.almasb.fxgl.minigames.MiniGameService
12:31:05.047 [FXGL Background Thread 3 ] DEBUG Engine               - class com.almasb.fxgl.net.NetService
12:31:05.047 [FXGL Background Thread 3 ] DEBUG Engine               - class com.almasb.fxgl.app.services.UpdaterService
12:31:05.047 [FXGL Background Thread 3 ] DEBUG Engine               - class com.almasb.fxgl.dev.DevService
12:31:10.353 [JavaFX Application Thread] DEBUG PrimaryStageWindow   - Push state: ProfileSelectScene
12:31:10.353 [JavaFX Application Thread] DEBUG Input                - Clearing active input actions
12:31:10.356 [JavaFX Application Thread] DEBUG GameApplicationServi - Removing overlay from MainMenuApp and adding to ProfileSelectScene
12:31:10.357 [JavaFX Application Thread] DEBUG PrimaryStageWindow   - MainMenuApp -> ProfileSelectScene
12:31:21.646 [JavaFX Application Thread] DEBUG PrimaryStageWindow   - Pop state: ProfileSelectScene
12:31:21.646 [JavaFX Application Thread] DEBUG Input                - Clearing active input actions
12:31:21.648 [JavaFX Application Thread] DEBUG GameApplicationServi - Removing overlay from ProfileSelectScene and adding to MainMenuApp
12:31:21.648 [JavaFX Application Thread] DEBUG PrimaryStageWindow   - MainMenuApp <- ProfileSelectScene
12:31:21.758 [JavaFX Application Thread] DEBUG Input                - Registered new binding: Advance - Enter
12:31:21.758 [JavaFX Application Thread] DEBUG FXGLAssetLoaderServi - Loading from file system: file:/Users/chloejuliageonzon/Documents/IdeaProjects/School/CSIT228-Capstone-Sir-Jay-Simulator/target/classes/assets/music/classroom.wav
12:31:21.761 [JavaFX Application Thread] DEBUG AudioPlayer          - Playing music com.almasb.fxgl.audio.Music@2859bac3
12:31:21.763 [JavaFX Application Thread] DEBUG PrimaryStageWindow   - Push state: IntroCutScene
12:31:21.763 [JavaFX Application Thread] DEBUG Input                - Clearing active input actions
12:31:21.763 [JavaFX Application Thread] DEBUG GameApplicationServi - Removing overlay from MainMenuApp and adding to IntroCutScene
12:31:21.763 [JavaFX Application Thread] DEBUG PrimaryStageWindow   - MainMenuApp -> IntroCutScene
12:31:23.791 [JavaFX Application Thread] DEBUG FXGLAssetLoaderServi - Loading from file system: file:/Users/chloejuliageonzon/Documents/IdeaProjects/School/CSIT228-Capstone-Sir-Jay-Simulator/target/classes/assets/sounds/howsurdayeverybody2.wav
12:31:23.982 [JavaFX Application Thread] DEBUG FXGLAssetLoaderServi - Loading from file system: file:/Users/chloejuliageonzon/Documents/IdeaProjects/School/CSIT228-Capstone-Sir-Jay-Simulator/target/classes/assets/sounds/coolandnormal.wav
12:31:24.107 [JavaFX Application Thread] DEBUG FXGLAssetLoaderServi - Loading from file system: file:/Users/chloejuliageonzon/Documents/IdeaProjects/School/CSIT228-Capstone-Sir-Jay-Simulator/target/classes/assets/sounds/good2.wav
12:31:24.232 [JavaFX Application Thread] DEBUG FXGLAssetLoaderServi - Loading from file system: file:/Users/chloejuliageonzon/Documents/IdeaProjects/School/CSIT228-Capstone-Sir-Jay-Simulator/target/classes/assets/sounds/trees.wav
12:31:24.370 [JavaFX Application Thread] DEBUG FXGLAssetLoaderServi - Loading from file system: file:/Users/chloejuliageonzon/Documents/IdeaProjects/School/CSIT228-Capstone-Sir-Jay-Simulator/target/classes/assets/music/mii_discussion_boosted.mp3
12:31:24.382 [JavaFX Application Thread] DEBUG AudioPlayer          - Playing music com.almasb.fxgl.audio.Music@5fef48c9
12:31:27.788 [JavaFX Application Thread] DEBUG AudioPlayer          - Playing music com.almasb.fxgl.audio.Music@5fef48c9
12:31:43.829 [JavaFX Application Thread] DEBUG FXGLAssetLoaderServi - Loading from file system: file:/Users/chloejuliageonzon/Documents/IdeaProjects/School/CSIT228-Capstone-Sir-Jay-Simulator/target/classes/assets/sounds/waitsasir.wav
12:31:43.967 [JavaFX Application Thread] DEBUG FXGLAssetLoaderServi - Loading from file system: file:/Users/chloejuliageonzon/Documents/IdeaProjects/School/CSIT228-Capstone-Sir-Jay-Simulator/target/classes/assets/sounds/onefourth.wav
12:31:59.202 [JavaFX Application Thread] DEBUG AudioPlayer          - Stopping music com.almasb.fxgl.audio.Music@4249cc51
12:31:59.205 [JavaFX Application Thread] DEBUG AudioPlayer          - Stopping music com.almasb.fxgl.audio.Music@2859bac3
12:31:59.205 [JavaFX Application Thread] DEBUG AudioPlayer          - Stopping music com.almasb.fxgl.audio.Music@5fef48c9
12:31:59.211 [JavaFX Application Thread] DEBUG Menu                 - fireNewGame()
12:31:59.211 [JavaFX Application Thread] DEBUG GameApplicationServi - Starting new game
12:31:59.212 [JavaFX Application Thread] DEBUG PrimaryStageWindow   - Pop state: IntroCutScene
12:31:59.212 [JavaFX Application Thread] DEBUG Input                - Clearing active input actions
12:31:59.212 [JavaFX Application Thread] DEBUG GameApplicationServi - Removing overlay from IntroCutScene and adding to MainMenuApp
12:31:59.212 [JavaFX Application Thread] DEBUG PrimaryStageWindow   - MainMenuApp <- IntroCutScene
12:31:59.212 [JavaFX Application Thread] DEBUG PrimaryStageWindow   - Pop state: MainMenuApp
12:31:59.212 [JavaFX Application Thread] DEBUG Input                - Clearing active input actions
12:31:59.213 [JavaFX Application Thread] DEBUG GameApplicationServi - Removing overlay from MainMenuApp and adding to FXGLMainMenuDummyScene
12:31:59.213 [JavaFX Application Thread] DEBUG PrimaryStageWindow   - FXGLMainMenuDummyScene <- MainMenuApp
12:31:59.213 [JavaFX Application Thread] DEBUG Input                - Clearing active input actions
12:31:59.218 [JavaFX Application Thread] DEBUG GameApplicationServi - Removing overlay from FXGLMainMenuDummyScene and adding to FXGLLoadingScene
12:31:59.219 [JavaFX Application Thread] DEBUG PrimaryStageWindow   - FXGLMainMenuDummyScene -> FXGLLoadingScene
12:31:59.219 [JavaFX Application Thread] DEBUG GameApplicationServi - Clearing previous game
12:31:59.219 [JavaFX Application Thread] DEBUG GameScene            - Clearing game scene
12:31:59.219 [JavaFX Application Thread] DEBUG GameWorld            - Clearing game world
12:31:59.220 [JavaFX Application Thread] DEBUG PhysicsWorld         - Clearing physics world
12:31:59.221 [FXGL Background Thread 2 ] DEBUG FXGLApplication      - Initializing game
12:31:59.240 [FXGL Background Thread 2 ] DEBUG FXGLAssetLoaderServi - Loading from file system: file:/Users/chloejuliageonzon/Documents/IdeaProjects/School/CSIT228-Capstone-Sir-Jay-Simulator/target/classes/assets/textures/stud5_idle_state.png
12:31:59.256 [FXGL Background Thread 2 ] DEBUG FXGLAssetLoaderServi - Loading from file system: file:/Users/chloejuliageonzon/Documents/IdeaProjects/School/CSIT228-Capstone-Sir-Jay-Simulator/target/classes/assets/textures/stud5_sus_state.png
12:31:59.271 [FXGL Background Thread 2 ] DEBUG FXGLAssetLoaderServi - Loading from file system: file:/Users/chloejuliageonzon/Documents/IdeaProjects/School/CSIT228-Capstone-Sir-Jay-Simulator/target/classes/assets/textures/stud5_cheat_state.png
12:31:59.286 [FXGL Background Thread 2 ] DEBUG FXGLAssetLoaderServi - Loading from file system: file:/Users/chloejuliageonzon/Documents/IdeaProjects/School/CSIT228-Capstone-Sir-Jay-Simulator/target/classes/assets/textures/trey_idle_state.png
12:31:59.296 [FXGL Background Thread 2 ] DEBUG FXGLAssetLoaderServi - Loading from file system: file:/Users/chloejuliageonzon/Documents/IdeaProjects/School/CSIT228-Capstone-Sir-Jay-Simulator/target/classes/assets/textures/trey_sus_state.png
12:31:59.307 [FXGL Background Thread 2 ] DEBUG FXGLAssetLoaderServi - Loading from file system: file:/Users/chloejuliageonzon/Documents/IdeaProjects/School/CSIT228-Capstone-Sir-Jay-Simulator/target/classes/assets/textures/trey_cheat_state.png
12:31:59.330 [FXGL Background Thread 2 ] DEBUG FXGLAssetLoaderServi - Loading from file system: file:/Users/chloejuliageonzon/Documents/IdeaProjects/School/CSIT228-Capstone-Sir-Jay-Simulator/target/classes/assets/textures/teacherView_leftSide.PNG
12:31:59.502 [FXGL Background Thread 2 ] INFO  FXGLApplication      - Game initialization took: 0.281 sec
12:31:59.502 [JavaFX Application Thread] DEBUG Input                - Clearing active input actions
12:31:59.513 [JavaFX Application Thread] DEBUG GameApplicationServi - Removing overlay from FXGLLoadingScene and adding to GameScene
12:31:59.514 [JavaFX Application Thread] DEBUG PrimaryStageWindow   - FXGLLoadingScene -> GameScene
12:32:05.987 [JavaFX Application Thread] DEBUG FXGLAssetLoaderServi - Loading from file system: file:/Users/chloejuliageonzon/Documents/IdeaProjects/School/CSIT228-Capstone-Sir-Jay-Simulator/target/classes/assets/textures/teacherView_rightSide.PNG
12:32:25.382 [JavaFX Application Thread] DEBUG FXGLAssetLoaderServi - Loading from file system: file:/Users/chloejuliageonzon/Documents/IdeaProjects/School/CSIT228-Capstone-Sir-Jay-Simulator/target/classes/assets/sounds/correct.mp3
12:32:55.877 [JavaFX Application Thread] DEBUG FXGLApplication      - Exiting FXGL
12:32:55.877 [JavaFX Application Thread] DEBUG LoopRunner           - Stopping loop
12:32:55.877 [JavaFX Application Thread] DEBUG SystemBundleService  - Saving FXGL system data
12:32:55.879 [JavaFX Application Thread] DEBUG FileSystemAccess     - Writing to: /Users/chloejuliageonzon/Documents/IdeaProjects/School/CSIT228-Capstone-Sir-Jay-Simulator/system/fxgl.bundle
12:32:55.881 [JavaFX Application Thread] DEBUG Async                - Shutting down background threads
12:32:55.881 [JavaFX Application Thread] DEBUG PrimaryStageWindow   - Closing main window
12:32:55.888 [JavaFX Application Thread] DEBUG Logger               - Closing Logger
