00:01:27.595 [main                     ] DEBUG Logger               - Configured Logger
00:01:27.601 [main                     ] DEBUG GameApplication      - Logging settings
Title: Sir Serato Simulator
Version: 0.0
Width: 1920
Height: 1080
Fullscreen: false
Intro: false
Profiling: false
Single step:false
App Mode: DEVELOPER
Menu Key: ESCAPE
Stage Style: DECORATED
Scene Factory: class com.example.csit228capstonesirjaysimulator.application.MenuFactory

00:01:27.989 [JavaFX Application Thread] DEBUG FXGLApplication      - Initializing FXGL
00:01:27.991 [JavaFX Application Thread] INFO  Engine               - FXGL-17.3 (30.03.2023 11.49) on WINDOWS (J:24.0.2 FX:21.0.6)
00:01:27.993 [JavaFX Application Thread] DEBUG Engine               - JRE Vendor Name: Oracle Corporation
00:01:27.993 [JavaFX Application Thread] DEBUG Engine               - Running on OS: Windows 11 version 10.0
00:01:27.993 [JavaFX Application Thread] DEBUG Engine               - Architecture: amd64
00:01:27.993 [JavaFX Application Thread] INFO  Engine               - Source code and latest versions at: https://github.com/AlmasB/FXGL
00:01:27.993 [JavaFX Application Thread] INFO  Engine               -       Ask questions and discuss at: https://github.com/AlmasB/FXGL/discussions
00:01:27.993 [JavaFX Application Thread] INFO  Engine               -              Join the FXGL chat at: https://gitter.im/AlmasB/FXGL
00:01:28.072 [JavaFX Application Thread] DEBUG PrimaryStageWindow   - Creating a JavaFX scene
00:01:28.072 [JavaFX Application Thread] DEBUG PrimaryStageWindow   - Target size > screen size
00:01:28.118 [JavaFX Application Thread] DEBUG PrimaryStageWindow   - Target settings size: 1920.0 x 1080.0
00:01:28.118 [JavaFX Application Thread] DEBUG PrimaryStageWindow   - Scaled scene size:    1511.0 x 864.0
00:01:28.118 [JavaFX Application Thread] DEBUG PrimaryStageWindow   - Scaled ratio: (0.7869791666666667, 0.8)
00:01:28.119 [JavaFX Application Thread] DEBUG PrimaryStageWindow   - Set initial scene to FXGLStartupScene
00:01:28.121 [JavaFX Application Thread] DEBUG PrimaryStageWindow   - Opening main window
00:01:28.225 [JavaFX Application Thread] DEBUG PrimaryStageWindow   - Window border size: (14.5999755859375, 37.5999755859375)
00:01:28.226 [JavaFX Application Thread] DEBUG PrimaryStageWindow   - Scaled size: 1511.0 x 864.0
00:01:28.226 [JavaFX Application Thread] DEBUG PrimaryStageWindow   - Scaled ratio: (0.7869791666666667, 0.8)
00:01:28.226 [JavaFX Application Thread] DEBUG PrimaryStageWindow   - Scene size: 1511.0 x 864.0
00:01:28.226 [JavaFX Application Thread] DEBUG PrimaryStageWindow   - Stage size: 1525.5999755859375 x 901.5999755859375
00:01:28.235 [FXGL Background Thread 1 ] DEBUG Engine               - Initializing environment variables
00:01:28.301 [FXGL Background Thread 1 ] DEBUG FXGLAssetLoaderServi - User app class for loading assets: class com.example.csit228capstonesirjaysimulator.application.GameLevelApp
00:01:28.301 [FXGL Background Thread 1 ] DEBUG GameApplicationServi - Applying CSS: fxgl_dark.css
00:01:28.302 [FXGL Background Thread 1 ] DEBUG FXGLAssetLoaderServi - Loading from file system: jar:file:///C:/Users/Aissha/.m2/repository/com/github/almasb/fxgl/17.3/fxgl-17.3.jar!/fxglassets/ui/css/fxgl_dark.css
00:01:28.343 [FXGL Background Thread 1 ] DEBUG GameApplicationServi - Initializing application scenes
00:01:28.373 [FXGL Background Thread 1 ] DEBUG GameWorld            - Game world initialized
00:01:28.422 [FXGL Background Thread 1 ] DEBUG PhysicsWorld         - Physics world initialized: appHeight=1080, physics.ppm=50.0
00:01:28.422 [FXGL Background Thread 1 ] DEBUG PhysicsWorld         - Using strategy: BRUTE_FORCE
00:01:28.424 [FXGL Background Thread 1 ] DEBUG GameScene            - Game scene initialized: 1920x1080
00:01:28.478 [FXGL Background Thread 1 ] DEBUG FXGL.DefaultMenu     - createMenuBodyGameMenu()
00:01:28.486 [FXGL Background Thread 1 ] DEBUG FXGL.DefaultMenu     - createOptionsMenu()
00:01:28.490 [FXGL Background Thread 1 ] DEBUG FXGLAssetLoaderServi - Loading from file system: jar:file:///C:/Users/Aissha/.m2/repository/com/github/almasb/fxgl/17.3/fxgl-17.3.jar!/fxglassets/textures/particles/smoke.png
00:01:28.560 [FXGL Background Thread 1 ] DEBUG FXGLAssetLoaderServi - Loading from file system: jar:file:///C:/Users/Aissha/.m2/repository/com/github/almasb/fxgl/17.3/fxgl-17.3.jar!/fxglassets/textures/particles/trace_horizontal.png
00:01:28.576 [FXGL Background Thread 1 ] DEBUG GameApplicationServi - Application scenes initialized
00:01:28.584 [FXGL Background Thread 1 ] DEBUG SystemBundleService  - Loading FXGL system data
00:01:28.588 [FXGL Background Thread 1 ] DEBUG FileSystemAccess     - Reading from: C:\Users\Aissha\IdeaProjects\JavaFX Projects\CSIT228-Capstone-Sir-Jay-Simulator\system\fxgl.bundle
00:01:28.593 [FXGL Background Thread 1 ] DEBUG SystemBundleService  - Bundle FXGL: {}
00:01:28.593 [FXGL Background Thread 1 ] DEBUG UpdaterService       - Checking for updates
00:01:28.597 [FXGL Background Thread 4 ] DEBUG FXGLApplication      - Loading fonts
00:01:28.597 [FXGL Background Thread 4 ] DEBUG FXGLAssetLoaderServi - Loading from file system: jar:file:///C:/Users/Aissha/.m2/repository/com/github/almasb/fxgl/17.3/fxgl-17.3.jar!/fxglassets/ui/fonts/VarelaRound-Regular.ttf
00:01:28.598 [FXGL Background Thread 1 ] DEBUG FXGLApplication      - Loading default localization
00:01:28.598 [FXGL Background Thread 1 ] DEBUG FXGLAssetLoaderServi - Loading from file system: jar:file:///C:/Users/Aissha/.m2/repository/com/github/almasb/fxgl/17.3/fxgl-17.3.jar!/fxglassets/languages/english.lang
00:01:28.623 [FXGL Background Thread 1 ] INFO  FXGLApplication      - FXGL initialization took: 0.389 sec
00:01:28.624 [FXGL Background Thread 4 ] DEBUG FXGLAssetLoaderServi - Loading from file system: jar:file:///C:/Users/Aissha/.m2/repository/com/github/almasb/fxgl/17.3/fxgl-17.3.jar!/fxglassets/ui/fonts/Abel-Regular.ttf
00:01:28.627 [FXGL Background Thread 4 ] DEBUG FXGLAssetLoaderServi - Loading from file system: jar:file:///C:/Users/Aissha/.m2/repository/com/github/almasb/fxgl/17.3/fxgl-17.3.jar!/fxglassets/ui/fonts/TerminalLandMono-Regular.otf
00:01:28.631 [FXGL Background Thread 4 ] DEBUG FXGLAssetLoaderServi - Loading from file system: jar:file:///C:/Users/Aissha/.m2/repository/com/github/almasb/fxgl/17.3/fxgl-17.3.jar!/fxglassets/ui/fonts/Courier-Prime.ttf
00:01:28.631 [JavaFX Application Thread] DEBUG Input                - Registered new binding: action0 - LMB
00:01:28.631 [JavaFX Application Thread] DEBUG FXGLAssetLoaderServi - Loading from file system: jar:file:///C:/Users/Aissha/.m2/repository/com/github/almasb/fxgl/17.3/fxgl-17.3.jar!/fxglassets/textures/fxgl_icon.png
00:01:28.643 [JavaFX Application Thread] DEBUG FXGLAssetLoaderServi - Loading from file system: jar:file:///C:/Users/Aissha/.m2/repository/com/github/almasb/fxgl/17.3/fxgl-17.3.jar!/fxglassets/textures/fxgl_default_cursor.png
00:01:28.651 [JavaFX Application Thread] DEBUG Input                - Registered new binding: Screenshot - CTRL+8
00:01:28.652 [JavaFX Application Thread] DEBUG Input                - Registered new binding: System info dump - CTRL+9
00:01:28.652 [JavaFX Application Thread] DEBUG Input                - Registered new binding: Restart - CTRL+R
00:01:28.652 [JavaFX Application Thread] DEBUG Input                - Registered new binding: Toggle Debug Camera - CTRL+7
00:01:28.654 [JavaFX Application Thread] DEBUG LoopRunner           - Starting loop
00:01:28.655 [JavaFX Application Thread] DEBUG LoopRunner           - Initializing JavaFX AnimationTimerLoop
00:01:28.657 [JavaFX Application Thread] DEBUG Input                - Clearing active input actions
00:01:28.663 [JavaFX Application Thread] DEBUG GameApplicationServi - Removing overlay from FXGLStartupScene and adding to FXGLMainMenuDummyScene
00:01:28.664 [JavaFX Application Thread] DEBUG PrimaryStageWindow   - FXGLStartupScene -> FXGLMainMenuDummyScene
00:01:28.664 [JavaFX Application Thread] DEBUG PrimaryStageWindow   - Push state: MainMenuApp
00:01:28.664 [JavaFX Application Thread] DEBUG Input                - Clearing active input actions
00:01:28.670 [JavaFX Application Thread] DEBUG GameApplicationServi - Removing overlay from FXGLMainMenuDummyScene and adding to MainMenuApp
00:01:28.670 [JavaFX Application Thread] DEBUG PrimaryStageWindow   - FXGLMainMenuDummyScene -> MainMenuApp
00:01:28.672 [JavaFX Application Thread] DEBUG FXGLApplication      - Registering font factories with UI factory
00:01:28.978 [FXGL Background Thread 2 ] INFO  UpdaterService       - Your current version:  17.3
00:01:28.978 [FXGL Background Thread 2 ] INFO  UpdaterService       - Latest stable version: 25
00:01:30.480 [JavaFX Application Thread] DEBUG FXGLApplication      - Exiting FXGL
00:01:30.480 [JavaFX Application Thread] DEBUG LoopRunner           - Stopping loop
00:01:30.480 [JavaFX Application Thread] DEBUG SystemBundleService  - Saving FXGL system data
00:01:30.483 [JavaFX Application Thread] DEBUG FileSystemAccess     - Writing to: C:\Users\Aissha\IdeaProjects\JavaFX Projects\CSIT228-Capstone-Sir-Jay-Simulator\system\fxgl.bundle
00:01:30.485 [JavaFX Application Thread] DEBUG Async                - Shutting down background threads
00:01:30.485 [JavaFX Application Thread] DEBUG PrimaryStageWindow   - Closing main window
00:01:30.494 [JavaFX Application Thread] DEBUG Logger               - Closing Logger
