16:41:38.898 [main                     ] DEBUG Logger               - Configured Logger
16:41:38.901 [main                     ] DEBUG GameApplication      - Logging settings
Title: Sir Serato Simulator
Version: 0.0
Width: 1280
Height: 720
Fullscreen: false
Intro: false
Profiling: false
Single step:false
App Mode: DEVELOPER
Menu Key: F12
Stage Style: DECORATED
Scene Factory: class com.example.csit228capstonesirjaysimulator.application.MenuFactory

16:41:39.073 [JavaFX Application Thread] DEBUG FXGLApplication      - Initializing FXGL
16:41:39.074 [JavaFX Application Thread] INFO  Engine               - FXGL-17.3 (30.03.2023 11.49) on MAC (J:25.0.1 FX:21.0.6)
16:41:39.074 [JavaFX Application Thread] DEBUG Engine               - JRE Vendor Name: Oracle Corporation
16:41:39.075 [JavaFX Application Thread] DEBUG Engine               - Running on OS: Mac OS X version 14.6
16:41:39.075 [JavaFX Application Thread] DEBUG Engine               - Architecture: aarch64
16:41:39.075 [JavaFX Application Thread] INFO  Engine               - Source code and latest versions at: https://github.com/AlmasB/FXGL
16:41:39.075 [JavaFX Application Thread] INFO  Engine               -       Ask questions and discuss at: https://github.com/AlmasB/FXGL/discussions
16:41:39.075 [JavaFX Application Thread] INFO  Engine               -              Join the FXGL chat at: https://gitter.im/AlmasB/FXGL
16:41:39.120 [JavaFX Application Thread] DEBUG PrimaryStageWindow   - Creating a JavaFX scene
16:41:39.141 [JavaFX Application Thread] DEBUG PrimaryStageWindow   - Target settings size: 1280.0 x 720.0
16:41:39.141 [JavaFX Application Thread] DEBUG PrimaryStageWindow   - Scaled scene size:    1280.0 x 720.0
16:41:39.141 [JavaFX Application Thread] DEBUG PrimaryStageWindow   - Scaled ratio: (1.0, 1.0)
16:41:39.142 [JavaFX Application Thread] DEBUG PrimaryStageWindow   - Set initial scene to FXGLStartupScene
16:41:39.143 [JavaFX Application Thread] DEBUG PrimaryStageWindow   - Opening main window
16:41:39.207 [JavaFX Application Thread] DEBUG PrimaryStageWindow   - Window border size: (0.0, 28.0)
16:41:39.207 [JavaFX Application Thread] DEBUG PrimaryStageWindow   - Scaled size: 1280.0 x 720.0
16:41:39.207 [JavaFX Application Thread] DEBUG PrimaryStageWindow   - Scaled ratio: (1.0, 1.0)
16:41:39.207 [JavaFX Application Thread] DEBUG PrimaryStageWindow   - Scene size: 1280.0 x 720.0
16:41:39.207 [JavaFX Application Thread] DEBUG PrimaryStageWindow   - Stage size: 1280.0 x 748.0
16:41:39.211 [FXGL Background Thread 1 ] DEBUG Engine               - Initializing environment variables
16:41:39.236 [FXGL Background Thread 1 ] DEBUG FXGLAssetLoaderServi - User app class for loading assets: class com.example.csit228capstonesirjaysimulator.application.GameLevelApp
16:41:39.236 [FXGL Background Thread 1 ] DEBUG GameApplicationServi - Applying CSS: fxgl_dark.css
16:41:39.237 [FXGL Background Thread 1 ] DEBUG FXGLAssetLoaderServi - Loading from file system: jar:file:///Users/chloejuliageonzon/.m2/repository/com/github/almasb/fxgl/17.3/fxgl-17.3.jar!/fxglassets/ui/css/fxgl_dark.css
16:41:39.268 [FXGL Background Thread 1 ] DEBUG GameApplicationServi - Initializing application scenes
16:41:39.337 [FXGL Background Thread 1 ] DEBUG GameWorld            - Game world initialized
16:41:39.366 [FXGL Background Thread 1 ] DEBUG PhysicsWorld         - Physics world initialized: appHeight=720, physics.ppm=50.0
16:41:39.366 [FXGL Background Thread 1 ] DEBUG PhysicsWorld         - Using strategy: BRUTE_FORCE
16:41:39.368 [FXGL Background Thread 1 ] DEBUG GameScene            - Game scene initialized: 1280x720
16:41:39.779 [FXGL Background Thread 1 ] DEBUG FXGLAssetLoaderServi - Loading from file system: file:/Users/chloejuliageonzon/Documents/IdeaProjects/School/CSIT228-Capstone-Sir-Jay-Simulator/target/classes/assets/music/intro_music.wav
16:41:39.928 [FXGL Background Thread 1 ] DEBUG AudioPlayer          - Playing music com.almasb.fxgl.audio.Music@29475871
16:41:39.933 [FXGL Background Thread 1 ] DEBUG FXGL.DefaultMenu     - createMenuBodyGameMenu()
16:41:39.940 [FXGL Background Thread 1 ] DEBUG FXGL.DefaultMenu     - createOptionsMenu()
16:41:39.943 [FXGL Background Thread 1 ] DEBUG FXGLAssetLoaderServi - Loading from file system: jar:file:///Users/chloejuliageonzon/.m2/repository/com/github/almasb/fxgl/17.3/fxgl-17.3.jar!/fxglassets/textures/particles/smoke.png
16:41:39.984 [FXGL Background Thread 1 ] DEBUG FXGLAssetLoaderServi - Loading from file system: jar:file:///Users/chloejuliageonzon/.m2/repository/com/github/almasb/fxgl/17.3/fxgl-17.3.jar!/fxglassets/textures/particles/trace_horizontal.png
16:41:39.991 [FXGL Background Thread 1 ] DEBUG GameApplicationServi - Application scenes initialized
16:41:39.994 [FXGL Background Thread 1 ] DEBUG SystemBundleService  - Loading FXGL system data
16:41:39.996 [FXGL Background Thread 1 ] DEBUG FileSystemAccess     - Reading from: /Users/chloejuliageonzon/Documents/IdeaProjects/School/CSIT228-Capstone-Sir-Jay-Simulator/system/fxgl.bundle
16:41:39.999 [FXGL Background Thread 1 ] DEBUG SystemBundleService  - Bundle FXGL: {}
16:41:39.999 [FXGL Background Thread 1 ] DEBUG UpdaterService       - Checking for updates
16:41:40.014 [FXGL Background Thread 4 ] DEBUG FXGLApplication      - Loading fonts
16:41:40.014 [FXGL Background Thread 1 ] DEBUG FXGLApplication      - Loading default localization
16:41:40.014 [FXGL Background Thread 4 ] DEBUG FXGLAssetLoaderServi - Loading from file system: jar:file:///Users/chloejuliageonzon/.m2/repository/com/github/almasb/fxgl/17.3/fxgl-17.3.jar!/fxglassets/ui/fonts/VarelaRound-Regular.ttf
16:41:40.014 [FXGL Background Thread 1 ] DEBUG FXGLAssetLoaderServi - Loading from file system: jar:file:///Users/chloejuliageonzon/.m2/repository/com/github/almasb/fxgl/17.3/fxgl-17.3.jar!/fxglassets/languages/english.lang
16:41:40.021 [FXGL Background Thread 1 ] INFO  FXGLApplication      - FXGL initialization took: 0.811 sec
16:41:40.023 [JavaFX Application Thread] DEBUG Input                - Registered new binding: action0 - LMB
16:41:40.024 [FXGL Background Thread 4 ] DEBUG FXGLAssetLoaderServi - Loading from file system: jar:file:///Users/chloejuliageonzon/.m2/repository/com/github/almasb/fxgl/17.3/fxgl-17.3.jar!/fxglassets/ui/fonts/Abel-Regular.ttf
16:41:40.025 [FXGL Background Thread 4 ] DEBUG FXGLAssetLoaderServi - Loading from file system: jar:file:///Users/chloejuliageonzon/.m2/repository/com/github/almasb/fxgl/17.3/fxgl-17.3.jar!/fxglassets/ui/fonts/TerminalLandMono-Regular.otf
16:41:40.025 [JavaFX Application Thread] DEBUG Input                - Registered new binding: Switch Screen Left - A
16:41:40.025 [JavaFX Application Thread] DEBUG Input                - Registered new binding: Switch Screen Right - D
16:41:40.025 [JavaFX Application Thread] DEBUG Input                - Registered new binding: PAGHILOM! - E
16:41:40.025 [JavaFX Application Thread] DEBUG Input                - Registered new binding: Pause Screen - Esc
16:41:40.026 [JavaFX Application Thread] DEBUG FXGLAssetLoaderServi - Loading from file system: jar:file:///Users/chloejuliageonzon/.m2/repository/com/github/almasb/fxgl/17.3/fxgl-17.3.jar!/fxglassets/textures/fxgl_icon.png
16:41:40.027 [FXGL Background Thread 4 ] DEBUG FXGLAssetLoaderServi - Loading from file system: jar:file:///Users/chloejuliageonzon/.m2/repository/com/github/almasb/fxgl/17.3/fxgl-17.3.jar!/fxglassets/ui/fonts/Courier-Prime.ttf
16:41:40.036 [JavaFX Application Thread] DEBUG FXGLAssetLoaderServi - Loading from file system: jar:file:///Users/chloejuliageonzon/.m2/repository/com/github/almasb/fxgl/17.3/fxgl-17.3.jar!/fxglassets/textures/fxgl_default_cursor.png
16:41:40.037 [JavaFX Application Thread] DEBUG Input                - Registered new binding: Screenshot - CTRL+8
16:41:40.037 [JavaFX Application Thread] DEBUG Input                - Registered new binding: Dev Options - 1
16:41:40.037 [JavaFX Application Thread] DEBUG Input                - Registered new binding: Dev Console - 2
16:41:40.037 [JavaFX Application Thread] DEBUG Input                - Registered new binding: System info dump - CTRL+9
16:41:40.037 [JavaFX Application Thread] DEBUG Input                - Registered new binding: Restart - CTRL+R
16:41:40.038 [JavaFX Application Thread] DEBUG Input                - Registered new binding: Toggle Debug Camera - CTRL+7
16:41:40.039 [JavaFX Application Thread] DEBUG LoopRunner           - Starting loop
16:41:40.045 [JavaFX Application Thread] DEBUG LoopRunner           - Initializing JavaFX AnimationTimerLoop
16:41:40.045 [JavaFX Application Thread] DEBUG Input                - Clearing active input actions
16:41:40.049 [JavaFX Application Thread] DEBUG GameApplicationServi - Removing overlay from FXGLStartupScene and adding to FXGLMainMenuDummyScene
16:41:40.050 [JavaFX Application Thread] DEBUG PrimaryStageWindow   - FXGLStartupScene -> FXGLMainMenuDummyScene
16:41:40.050 [JavaFX Application Thread] DEBUG PrimaryStageWindow   - Push state: MainMenuApp
16:41:40.050 [JavaFX Application Thread] DEBUG Input                - Clearing active input actions
16:41:40.050 [JavaFX Application Thread] DEBUG GameApplicationServi - Removing overlay from FXGLMainMenuDummyScene and adding to MainMenuApp
16:41:40.051 [JavaFX Application Thread] DEBUG PrimaryStageWindow   - FXGLMainMenuDummyScene -> MainMenuApp
16:41:40.065 [JavaFX Application Thread] DEBUG FXGLApplication      - Registering font factories with UI factory
16:41:41.692 [FXGL Background Thread 2 ] INFO  UpdaterService       - Your current version:  17.3
16:41:41.692 [FXGL Background Thread 2 ] INFO  UpdaterService       - Latest stable version: 25
16:41:43.018 [FXGL Background Thread 3 ] DEBUG Engine               - Logging environment variables
16:41:43.019 [FXGL Background Thread 3 ] DEBUG Engine               - achievements: []
16:41:43.019 [FXGL Background Thread 3 ] DEBUG Engine               - actualHeight: 720.0
16:41:43.019 [FXGL Background Thread 3 ] DEBUG Engine               - actualHeightProperty: ReadOnlyDoubleProperty [value: 720.0]
16:41:43.019 [FXGL Background Thread 3 ] DEBUG Engine               - actualWidth: 1280.0
16:41:43.019 [FXGL Background Thread 3 ] DEBUG Engine               - actualWidthProperty: ReadOnlyDoubleProperty [value: 1280.0]
16:41:43.019 [FXGL Background Thread 3 ] DEBUG Engine               - appIcon: fxgl_icon.png
16:41:43.019 [FXGL Background Thread 3 ] DEBUG Engine               - applicationMode: DEVELOPER
16:41:43.020 [FXGL Background Thread 3 ] DEBUG Engine               - cSSList: [fxgl_dark.css]
16:41:43.020 [FXGL Background Thread 3 ] DEBUG Engine               - collisionDetectionStrategy: BRUTE_FORCE
16:41:43.020 [FXGL Background Thread 3 ] DEBUG Engine               - configClass: Optional.empty
16:41:43.020 [FXGL Background Thread 3 ] DEBUG Engine               - credits: []
16:41:43.020 [FXGL Background Thread 3 ] DEBUG Engine               - defaultCursor: CursorInfo(imageName=fxgl_default_cursor.png, hotspotX=7.0, hotspotY=6.0)
16:41:43.020 [FXGL Background Thread 3 ] DEBUG Engine               - devBBoxColorProperty: ObjectProperty [value: 0xff0000ff]
16:41:43.020 [FXGL Background Thread 3 ] DEBUG Engine               - devEnableDebugCameraProperty: BooleanProperty [value: false]
16:41:43.020 [FXGL Background Thread 3 ] DEBUG Engine               - devSensorColorProperty: ObjectProperty [value: 0xffff00ff]
16:41:43.021 [FXGL Background Thread 3 ] DEBUG Engine               - devShowBBoxProperty: BooleanProperty [value: false]
16:41:43.021 [FXGL Background Thread 3 ] DEBUG Engine               - devShowPositionProperty: BooleanProperty [value: false]
16:41:43.021 [FXGL Background Thread 3 ] DEBUG Engine               - enabledMenuItems: []
16:41:43.021 [FXGL Background Thread 3 ] DEBUG Engine               - engineServices: [class com.almasb.fxgl.app.services.FXGLAssetLoaderService, class com.almasb.fxgl.app.FXGLApplication$GameApplicationService, class com.almasb.fxgl.app.services.FXGLDialogService, class com.almasb.fxgl.app.services.IOTaskExecutorService, class com.almasb.fxgl.io.FileSystemService, class com.almasb.fxgl.localization.LocalizationService, class com.almasb.fxgl.app.services.SystemBundleService, class com.almasb.fxgl.profile.SaveLoadService, class com.almasb.fxgl.ui.FXGLUIFactoryServiceProvider, class com.almasb.fxgl.ui.FXGLDialogFactoryServiceProvider, class com.almasb.fxgl.audio.AudioPlayer, class com.almasb.fxgl.notification.impl.NotificationServiceProvider, class com.almasb.fxgl.achievement.AchievementService, class com.almasb.fxgl.cutscene.CutsceneService, class com.almasb.fxgl.minigames.MiniGameService, class com.almasb.fxgl.net.NetService, class com.almasb.fxgl.app.services.UpdaterService, class com.almasb.fxgl.dev.DevService]
16:41:43.021 [FXGL Background Thread 3 ] DEBUG Engine               - fontGame: Abel-Regular.ttf
16:41:43.021 [FXGL Background Thread 3 ] DEBUG Engine               - fontMono: TerminalLandMono-Regular.otf
16:41:43.021 [FXGL Background Thread 3 ] DEBUG Engine               - fontSizeScaleUI: 1.0
16:41:43.021 [FXGL Background Thread 3 ] DEBUG Engine               - fontText: Courier-Prime.ttf
16:41:43.021 [FXGL Background Thread 3 ] DEBUG Engine               - fontUI: VarelaRound-Regular.ttf
16:41:43.021 [FXGL Background Thread 3 ] DEBUG Engine               - fullScreen: BooleanProperty [value: false]
16:41:43.021 [FXGL Background Thread 3 ] DEBUG Engine               - gameDifficulty: MEDIUM
16:41:43.021 [FXGL Background Thread 3 ] DEBUG Engine               - gameDifficultyProperty: ObjectProperty [value: MEDIUM]
16:41:43.021 [FXGL Background Thread 3 ] DEBUG Engine               - globalMusicVolume: 0.5
16:41:43.021 [FXGL Background Thread 3 ] DEBUG Engine               - globalMusicVolumeProperty: DoubleProperty [value: 0.5]
16:41:43.021 [FXGL Background Thread 3 ] DEBUG Engine               - globalSoundVolume: 0.5
16:41:43.021 [FXGL Background Thread 3 ] DEBUG Engine               - globalSoundVolumeProperty: DoubleProperty [value: 0.5]
16:41:43.022 [FXGL Background Thread 3 ] DEBUG Engine               - height: 720
16:41:43.022 [FXGL Background Thread 3 ] DEBUG Engine               - is3D: false
16:41:43.022 [FXGL Background Thread 3 ] DEBUG Engine               - isAndroid: false
16:41:43.022 [FXGL Background Thread 3 ] DEBUG Engine               - isBrowser: false
16:41:43.022 [FXGL Background Thread 3 ] DEBUG Engine               - isClickFeedbackEnabled: false
16:41:43.022 [FXGL Background Thread 3 ] DEBUG Engine               - isCloseConfirmation: false
16:41:43.022 [FXGL Background Thread 3 ] DEBUG Engine               - isDesktop: true
16:41:43.022 [FXGL Background Thread 3 ] DEBUG Engine               - isDeveloperMenuEnabled: true
16:41:43.022 [FXGL Background Thread 3 ] DEBUG Engine               - isEmbedded: false
16:41:43.022 [FXGL Background Thread 3 ] DEBUG Engine               - isEntityPreloadEnabled: true
16:41:43.022 [FXGL Background Thread 3 ] DEBUG Engine               - isExperimentalTiledLargeMap: false
16:41:43.022 [FXGL Background Thread 3 ] DEBUG Engine               - isFileSystemWriteAllowed: true
16:41:43.022 [FXGL Background Thread 3 ] DEBUG Engine               - isFullScreenAllowed: false
16:41:43.022 [FXGL Background Thread 3 ] DEBUG Engine               - isFullScreenFromStart: false
16:41:43.022 [FXGL Background Thread 3 ] DEBUG Engine               - isGameMenuEnabled: true
16:41:43.022 [FXGL Background Thread 3 ] DEBUG Engine               - isIOS: false
16:41:43.022 [FXGL Background Thread 3 ] DEBUG Engine               - isIntroEnabled: false
16:41:43.022 [FXGL Background Thread 3 ] DEBUG Engine               - isLinux: false
16:41:43.022 [FXGL Background Thread 3 ] DEBUG Engine               - isMac: true
16:41:43.023 [FXGL Background Thread 3 ] DEBUG Engine               - isMainMenuEnabled: true
16:41:43.023 [FXGL Background Thread 3 ] DEBUG Engine               - isManualResizeEnabled: false
16:41:43.023 [FXGL Background Thread 3 ] DEBUG Engine               - isMobile: false
16:41:43.023 [FXGL Background Thread 3 ] DEBUG Engine               - isNative: false
16:41:43.023 [FXGL Background Thread 3 ] DEBUG Engine               - isPauseMusicWhenMinimized: true
16:41:43.023 [FXGL Background Thread 3 ] DEBUG Engine               - isPreserveResizeRatio: false
16:41:43.023 [FXGL Background Thread 3 ] DEBUG Engine               - isProfilingEnabled: false
16:41:43.023 [FXGL Background Thread 3 ] DEBUG Engine               - isScaleAffectedOnResize: true
16:41:43.023 [FXGL Background Thread 3 ] DEBUG Engine               - isSingleStep: false
16:41:43.023 [FXGL Background Thread 3 ] DEBUG Engine               - isUserProfileEnabled: false
16:41:43.023 [FXGL Background Thread 3 ] DEBUG Engine               - isWindows: false
16:41:43.023 [FXGL Background Thread 3 ] DEBUG Engine               - language: ObjectProperty [value: ENGLISH]
16:41:43.023 [FXGL Background Thread 3 ] DEBUG Engine               - menuKey: F12
16:41:43.023 [FXGL Background Thread 3 ] DEBUG Engine               - mouseSensitivity: 0.2
16:41:43.024 [FXGL Background Thread 3 ] DEBUG Engine               - notificationViewClass: class com.almasb.fxgl.notification.view.XboxNotificationView
16:41:43.024 [FXGL Background Thread 3 ] DEBUG Engine               - pixelsPerMeter: 50.0
16:41:43.024 [FXGL Background Thread 3 ] DEBUG Engine               - platform: MAC
16:41:43.024 [FXGL Background Thread 3 ] DEBUG Engine               - prefHeightProperty: ReadOnlyDoubleProperty [value: 720.0]
16:41:43.024 [FXGL Background Thread 3 ] DEBUG Engine               - prefWidthProperty: ReadOnlyDoubleProperty [value: 1280.0]
16:41:43.024 [FXGL Background Thread 3 ] DEBUG Engine               - profileDir: profiles/
16:41:43.024 [FXGL Background Thread 3 ] DEBUG Engine               - profileName: StringProperty [value: DEFAULT]
16:41:43.024 [FXGL Background Thread 3 ] DEBUG Engine               - randomSeed: -1
16:41:43.025 [FXGL Background Thread 3 ] DEBUG Engine               - runtimeInfo: RuntimeInfo(platform=MAC, version=17.3, build=30.03.2023 11.49)
16:41:43.025 [FXGL Background Thread 3 ] DEBUG Engine               - saveFileExt: sav
16:41:43.025 [FXGL Background Thread 3 ] DEBUG Engine               - scaledHeightProp$fxgl: DoubleProperty [bound, value: 720.0]
16:41:43.025 [FXGL Background Thread 3 ] DEBUG Engine               - scaledWidthProp$fxgl: DoubleProperty [bound, value: 1280.0]
16:41:43.025 [FXGL Background Thread 3 ] DEBUG Engine               - sceneFactory: com.example.csit228capstonesirjaysimulator.application.MenuFactory@6fbbad36
16:41:43.025 [FXGL Background Thread 3 ] DEBUG Engine               - secondsIn24h: 60
16:41:43.025 [FXGL Background Thread 3 ] DEBUG Engine               - soundMenuBack: menu/back.wav
16:41:43.025 [FXGL Background Thread 3 ] DEBUG Engine               - soundMenuPress: menu/press.wav
16:41:43.025 [FXGL Background Thread 3 ] DEBUG Engine               - soundMenuSelect: menu/select.wav
16:41:43.025 [FXGL Background Thread 3 ] DEBUG Engine               - soundNotification: core/notification.wav
16:41:43.026 [FXGL Background Thread 3 ] DEBUG Engine               - stageStyle: DECORATED
16:41:43.026 [FXGL Background Thread 3 ] DEBUG Engine               - supportedLanguages: [ENGLISH, FRENCH, GERMAN, HUNGARIAN, RUSSIAN]
16:41:43.026 [FXGL Background Thread 3 ] DEBUG Engine               - ticksPerSecond: -1
16:41:43.026 [FXGL Background Thread 3 ] DEBUG Engine               - title: Sir Serato Simulator
16:41:43.026 [FXGL Background Thread 3 ] DEBUG Engine               - urlGithub: https://github.com/AlmasB/FXGL
16:41:43.026 [FXGL Background Thread 3 ] DEBUG Engine               - urlLeaderboard: http://fxgl-top.herokuapp.com/
16:41:43.026 [FXGL Background Thread 3 ] DEBUG Engine               - urlPOM: https://raw.githubusercontent.com/AlmasB/FXGL/release/README.md
16:41:43.026 [FXGL Background Thread 3 ] DEBUG Engine               - userAppClass: class com.example.csit228capstonesirjaysimulator.application.GameLevelApp
16:41:43.026 [FXGL Background Thread 3 ] DEBUG Engine               - version: 0.0
16:41:43.026 [FXGL Background Thread 3 ] DEBUG Engine               - versionCheckDays: 7
16:41:43.026 [FXGL Background Thread 3 ] DEBUG Engine               - width: 1280
16:41:43.026 [FXGL Background Thread 3 ] DEBUG Engine               - Logging services
16:41:43.026 [FXGL Background Thread 3 ] DEBUG Engine               - class com.almasb.fxgl.app.services.FXGLAssetLoaderService
16:41:43.026 [FXGL Background Thread 3 ] DEBUG Engine               - class com.almasb.fxgl.app.FXGLApplication$GameApplicationService
16:41:43.027 [FXGL Background Thread 3 ] DEBUG Engine               - class com.almasb.fxgl.app.services.FXGLDialogService
16:41:43.027 [FXGL Background Thread 3 ] DEBUG Engine               - class com.almasb.fxgl.app.services.IOTaskExecutorService
16:41:43.027 [FXGL Background Thread 3 ] DEBUG Engine               - class com.almasb.fxgl.io.FileSystemService
16:41:43.027 [FXGL Background Thread 3 ] DEBUG Engine               - class com.almasb.fxgl.localization.LocalizationService
16:41:43.027 [FXGL Background Thread 3 ] DEBUG Engine               - class com.almasb.fxgl.app.services.SystemBundleService
16:41:43.027 [FXGL Background Thread 3 ] DEBUG Engine               - class com.almasb.fxgl.profile.SaveLoadService
16:41:43.027 [FXGL Background Thread 3 ] DEBUG Engine               - class com.almasb.fxgl.ui.FXGLUIFactoryServiceProvider
16:41:43.027 [FXGL Background Thread 3 ] DEBUG Engine               - class com.almasb.fxgl.ui.FXGLDialogFactoryServiceProvider
16:41:43.027 [FXGL Background Thread 3 ] DEBUG Engine               - class com.almasb.fxgl.audio.AudioPlayer
16:41:43.027 [FXGL Background Thread 3 ] DEBUG Engine               - class com.almasb.fxgl.notification.impl.NotificationServiceProvider
16:41:43.027 [FXGL Background Thread 3 ] DEBUG Engine               - class com.almasb.fxgl.achievement.AchievementService
16:41:43.027 [FXGL Background Thread 3 ] DEBUG Engine               - class com.almasb.fxgl.cutscene.CutsceneService
16:41:43.027 [FXGL Background Thread 3 ] DEBUG Engine               - class com.almasb.fxgl.minigames.MiniGameService
16:41:43.027 [FXGL Background Thread 3 ] DEBUG Engine               - class com.almasb.fxgl.net.NetService
16:41:43.027 [FXGL Background Thread 3 ] DEBUG Engine               - class com.almasb.fxgl.app.services.UpdaterService
16:41:43.027 [FXGL Background Thread 3 ] DEBUG Engine               - class com.almasb.fxgl.dev.DevService
16:41:45.043 [JavaFX Application Thread] DEBUG PrimaryStageWindow   - Push state: ProfileSelectScene
16:41:45.043 [JavaFX Application Thread] DEBUG Input                - Clearing active input actions
16:41:45.045 [JavaFX Application Thread] DEBUG GameApplicationServi - Removing overlay from MainMenuApp and adding to ProfileSelectScene
16:41:45.046 [JavaFX Application Thread] DEBUG PrimaryStageWindow   - MainMenuApp -> ProfileSelectScene
16:41:51.263 [JavaFX Application Thread] DEBUG PrimaryStageWindow   - Pop state: ProfileSelectScene
16:41:51.263 [JavaFX Application Thread] DEBUG Input                - Clearing active input actions
16:41:51.265 [JavaFX Application Thread] DEBUG GameApplicationServi - Removing overlay from ProfileSelectScene and adding to MainMenuApp
16:41:51.268 [JavaFX Application Thread] DEBUG PrimaryStageWindow   - MainMenuApp <- ProfileSelectScene
16:41:51.395 [JavaFX Application Thread] DEBUG Input                - Registered new binding: Advance - Enter
16:41:51.395 [JavaFX Application Thread] DEBUG FXGLAssetLoaderServi - Loading from file system: file:/Users/chloejuliageonzon/Documents/IdeaProjects/School/CSIT228-Capstone-Sir-Jay-Simulator/target/classes/assets/music/classroom.wav
16:41:51.397 [JavaFX Application Thread] DEBUG AudioPlayer          - Playing music com.almasb.fxgl.audio.Music@56655d86
16:41:51.398 [JavaFX Application Thread] DEBUG PrimaryStageWindow   - Push state: IntroCutScene
16:41:51.398 [JavaFX Application Thread] DEBUG Input                - Clearing active input actions
16:41:51.399 [JavaFX Application Thread] DEBUG GameApplicationServi - Removing overlay from MainMenuApp and adding to IntroCutScene
16:41:51.399 [JavaFX Application Thread] DEBUG PrimaryStageWindow   - MainMenuApp -> IntroCutScene
16:41:54.128 [JavaFX Application Thread] DEBUG AudioPlayer          - Stopping music com.almasb.fxgl.audio.Music@29475871
16:41:54.131 [JavaFX Application Thread] DEBUG AudioPlayer          - Stopping music com.almasb.fxgl.audio.Music@56655d86
16:41:54.132 [JavaFX Application Thread] DEBUG Menu                 - fireNewGame()
16:41:54.132 [JavaFX Application Thread] DEBUG GameApplicationServi - Starting new game
16:41:54.132 [JavaFX Application Thread] DEBUG PrimaryStageWindow   - Pop state: IntroCutScene
16:41:54.132 [JavaFX Application Thread] DEBUG Input                - Clearing active input actions
16:41:54.133 [JavaFX Application Thread] DEBUG GameApplicationServi - Removing overlay from IntroCutScene and adding to MainMenuApp
16:41:54.135 [JavaFX Application Thread] DEBUG PrimaryStageWindow   - MainMenuApp <- IntroCutScene
16:41:54.135 [JavaFX Application Thread] DEBUG PrimaryStageWindow   - Pop state: MainMenuApp
16:41:54.135 [JavaFX Application Thread] DEBUG Input                - Clearing active input actions
16:41:54.135 [JavaFX Application Thread] DEBUG GameApplicationServi - Removing overlay from MainMenuApp and adding to FXGLMainMenuDummyScene
16:41:54.135 [JavaFX Application Thread] DEBUG PrimaryStageWindow   - FXGLMainMenuDummyScene <- MainMenuApp
16:41:54.136 [JavaFX Application Thread] DEBUG Input                - Clearing active input actions
16:41:54.142 [JavaFX Application Thread] DEBUG GameApplicationServi - Removing overlay from FXGLMainMenuDummyScene and adding to FXGLLoadingScene
16:41:54.149 [JavaFX Application Thread] DEBUG PrimaryStageWindow   - FXGLMainMenuDummyScene -> FXGLLoadingScene
16:41:54.149 [JavaFX Application Thread] DEBUG GameApplicationServi - Clearing previous game
16:41:54.149 [JavaFX Application Thread] DEBUG GameScene            - Clearing game scene
16:41:54.149 [JavaFX Application Thread] DEBUG GameWorld            - Clearing game world
16:41:54.149 [JavaFX Application Thread] DEBUG PhysicsWorld         - Clearing physics world
16:41:54.151 [FXGL Background Thread 2 ] DEBUG FXGLApplication      - Initializing game
16:41:54.152 [FXGL Background Thread 2 ] DEBUG FXGLAssetLoaderServi - Loading from file system: file:/Users/chloejuliageonzon/Documents/IdeaProjects/School/CSIT228-Capstone-Sir-Jay-Simulator/target/classes/assets/sounds/correct.mp3
16:41:54.160 [FXGL Background Thread 2 ] DEBUG FXGLAssetLoaderServi - Loading from file system: file:/Users/chloejuliageonzon/Documents/IdeaProjects/School/CSIT228-Capstone-Sir-Jay-Simulator/target/classes/assets/sounds/wrong.mp3
16:41:54.161 [FXGL Background Thread 2 ] DEBUG FXGLAssetLoaderServi - Loading from file system: file:/Users/chloejuliageonzon/Documents/IdeaProjects/School/CSIT228-Capstone-Sir-Jay-Simulator/target/classes/assets/sounds/tap.mp3
16:41:54.164 [FXGL Background Thread 2 ] DEBUG FXGLAssetLoaderServi - Loading from file system: file:/Users/chloejuliageonzon/Documents/IdeaProjects/School/CSIT228-Capstone-Sir-Jay-Simulator/target/classes/assets/textures/Chair.PNG
16:41:54.210 [FXGL Background Thread 2 ] DEBUG FXGLAssetLoaderServi - Loading from file system: file:/Users/chloejuliageonzon/Documents/IdeaProjects/School/CSIT228-Capstone-Sir-Jay-Simulator/target/classes/assets/textures/trey_idle_state.png
16:41:54.221 [FXGL Background Thread 2 ] DEBUG FXGLAssetLoaderServi - Loading from file system: file:/Users/chloejuliageonzon/Documents/IdeaProjects/School/CSIT228-Capstone-Sir-Jay-Simulator/target/classes/assets/textures/trey_sus_state.png
16:41:54.230 [FXGL Background Thread 2 ] DEBUG FXGLAssetLoaderServi - Loading from file system: file:/Users/chloejuliageonzon/Documents/IdeaProjects/School/CSIT228-Capstone-Sir-Jay-Simulator/target/classes/assets/textures/trey_cheat_state.png
16:41:54.239 [FXGL Background Thread 2 ] DEBUG FXGLAssetLoaderServi - Loading from file system: file:/Users/chloejuliageonzon/Documents/IdeaProjects/School/CSIT228-Capstone-Sir-Jay-Simulator/target/classes/assets/textures/trey_talking_state.png
16:41:54.253 [FXGL Background Thread 2 ] WARN  FXGLAssetLoaderServi - Asset "/assets/textures/stud2_idle_state.png" was not found!
16:41:54.253 [FXGL Background Thread 2 ] WARN  FXGLAssetLoaderServi - Failed to load IMAGE
16:41:54.257 [FXGL Background Thread 2 ] WARN  FXGLAssetLoaderServi - Asset "/assets/textures/stud2_sus_state.png" was not found!
16:41:54.257 [FXGL Background Thread 2 ] WARN  FXGLAssetLoaderServi - Failed to load IMAGE
16:41:54.257 [FXGL Background Thread 2 ] WARN  FXGLAssetLoaderServi - Asset "/assets/textures/stud2_cheat_state.png" was not found!
16:41:54.257 [FXGL Background Thread 2 ] WARN  FXGLAssetLoaderServi - Failed to load IMAGE
16:41:54.257 [FXGL Background Thread 2 ] WARN  FXGLAssetLoaderServi - Asset "/assets/textures/stud2_talking_state.png" was not found!
16:41:54.257 [FXGL Background Thread 2 ] WARN  FXGLAssetLoaderServi - Failed to load IMAGE
16:41:54.259 [JavaFX Application Thread] DEBUG LoopRunner           - Stopping loop
16:41:54.259 [JavaFX Application Thread] FATAL FXGLApplication      - Uncaught Exception:
java.lang.RuntimeException: Initialization failed
	at com.almasb.fxgl.all@17.3/com.almasb.fxgl.app.FXGLApplication$InitAppTask.failed(FXGLApplication.kt:343)
	at javafx.graphics@21.0.6/javafx.concurrent.Task.setState(Task.java:710)
	at javafx.graphics@21.0.6/javafx.concurrent.Task$TaskCallable.lambda$call$2(Task.java:1429)
	at javafx.graphics@21.0.6/com.sun.javafx.application.PlatformImpl.lambda$runLater$10(PlatformImpl.java:456)
	at java.base/java.security.AccessController.doPrivileged(AccessController.java:138)
	at javafx.graphics@21.0.6/com.sun.javafx.application.PlatformImpl.lambda$runLater$11(PlatformImpl.java:455)
	at javafx.graphics@21.0.6/com.sun.glass.ui.InvokeLaterDispatcher$Future.run(InvokeLaterDispatcher.java:95)
Caused by: java.lang.ArrayIndexOutOfBoundsException: Index 4 out of bounds for length 4
	at java.base/java.util.ImmutableCollections$ListN.get(ImmutableCollections.java:725)
	at com.example.csit228capstonesirjaysimulator/com.example.csit228capstonesirjaysimulator.entity.MyEntityFactory.getRandomPrefix(MyEntityFactory.java:21)
	at com.example.csit228capstonesirjaysimulator/com.example.csit228capstonesirjaysimulator.entity.MyEntityFactory.newStudent(MyEntityFactory.java:26)
	at java.base/jdk.internal.reflect.DirectMethodHandleAccessor.invoke(DirectMethodHandleAccessor.java:104)
	at java.base/java.lang.reflect.Method.invoke(Method.java:565)
	at com.almasb.fxgl.core@17.3/com.almasb.fxgl.core.reflect.ReflectionUtils.call(ReflectionUtils.java:104)
	at com.almasb.fxgl.core@17.3/com.almasb.fxgl.core.reflect.ReflectionUtils.lambda$mapToFunction$3(ReflectionUtils.java:111)
	at com.almasb.fxgl.entity@17.3/com.almasb.fxgl.entity.GameWorld$create$2.invoke(GameWorld.kt:430)
	at com.almasb.fxgl.entity@17.3/com.almasb.fxgl.entity.GameWorld$create$2.invoke(GameWorld.kt:430)
	at com.almasb.fxgl.core@17.3/com.almasb.fxgl.core.util.DSLKt.tryCatchRoot(DSL.kt:34)
	at com.almasb.fxgl.entity@17.3/com.almasb.fxgl.entity.GameWorld.create(GameWorld.kt:430)
	at com.almasb.fxgl.entity@17.3/com.almasb.fxgl.entity.GameWorld.spawn(GameWorld.kt:396)
	at com.almasb.fxgl.all@17.3/com.almasb.fxgl.dsl.FXGL$Companion.spawn(FXGL.kt:565)
	at com.almasb.fxgl.all@17.3/com.almasb.fxgl.dsl.FXGL.spawn(FXGL.kt)
	at com.example.csit228capstonesirjaysimulator/com.example.csit228capstonesirjaysimulator.application.GameLevelApp.spawnStudentGrid(GameLevelApp.java:324)
	at com.example.csit228capstonesirjaysimulator/com.example.csit228capstonesirjaysimulator.application.GameLevelApp.initGame(GameLevelApp.java:239)
	at com.almasb.fxgl.all@17.3/com.almasb.fxgl.app.FXGLApplication$InitAppTask.initGame(FXGLApplication.kt:339)
	at com.almasb.fxgl.all@17.3/com.almasb.fxgl.app.FXGLApplication$InitAppTask.call(FXGLApplication.kt:319)
	at com.almasb.fxgl.all@17.3/com.almasb.fxgl.app.FXGLApplication$InitAppTask.call(FXGLApplication.kt:311)
	at javafx.graphics@21.0.6/javafx.concurrent.Task$TaskCallable.call(Task.java:1399)
	at java.base/java.util.concurrent.FutureTask.run(FutureTask.java:328)
	at java.base/java.util.concurrent.Executors$RunnableAdapter.call(Executors.java:545)
	at java.base/java.util.concurrent.FutureTask.run(FutureTask.java:328)
	at java.base/java.util.concurrent.ThreadPoolExecutor.runWorker(ThreadPoolExecutor.java:1090)
	at java.base/java.util.concurrent.ThreadPoolExecutor$Worker.run(ThreadPoolExecutor.java:614)
	at java.base/java.lang.Thread.run(Thread.java:1474)

16:41:54.259 [JavaFX Application Thread] FATAL FXGLApplication      - Application will now exit
16:41:54.261 [JavaFX Application Thread] DEBUG PrimaryStageWindow   - Push state: ErrorSubScene
16:41:54.261 [JavaFX Application Thread] DEBUG Input                - Clearing active input actions
16:41:54.261 [JavaFX Application Thread] DEBUG GameApplicationServi - Removing overlay from FXGLLoadingScene and adding to ErrorSubScene
16:41:54.262 [JavaFX Application Thread] DEBUG PrimaryStageWindow   - FXGLLoadingScene -> ErrorSubScene
16:41:57.432 [JavaFX Application Thread] DEBUG FXGLAssetLoaderServi - Loading from file system: file:/Users/chloejuliageonzon/Documents/IdeaProjects/School/CSIT228-Capstone-Sir-Jay-Simulator/target/classes/assets/sounds/howsurdayeverybody2.wav
16:42:14.484 [JavaFX Application Thread] DEBUG FXGLApplication      - Exiting FXGL
16:42:14.484 [JavaFX Application Thread] DEBUG Async                - Shutting down background threads
16:42:14.484 [JavaFX Application Thread] DEBUG PrimaryStageWindow   - Closing main window
16:42:14.493 [JavaFX Application Thread] DEBUG Logger               - Closing Logger
