22:51:56.990 [main                     ] DEBUG Logger               - Configured Logger
22:51:56.997 [main                     ] DEBUG GameApplication      - Logging settings
Title: Sir Serato Simulator
Version: 0.0
Width: 1280
Height: 720
Fullscreen: false
Intro: false
Profiling: false
Single step:false
App Mode: DEVELOPER
Menu Key: ESCAPE
Stage Style: DECORATED
Scene Factory: class com.example.csit228capstonesirjaysimulator.application.MenuFactory

22:51:57.393 [JavaFX Application Thread] DEBUG FXGLApplication      - Initializing FXGL
22:51:57.397 [JavaFX Application Thread] INFO  Engine               - FXGL-17.3 (30.03.2023 11.49) on WINDOWS (J:24.0.2 FX:21.0.6)
22:51:57.397 [JavaFX Application Thread] DEBUG Engine               - JRE Vendor Name: Oracle Corporation
22:51:57.397 [JavaFX Application Thread] DEBUG Engine               - Running on OS: Windows 11 version 10.0
22:51:57.397 [JavaFX Application Thread] DEBUG Engine               - Architecture: amd64
22:51:57.397 [JavaFX Application Thread] INFO  Engine               - Source code and latest versions at: https://github.com/AlmasB/FXGL
22:51:57.397 [JavaFX Application Thread] INFO  Engine               -       Ask questions and discuss at: https://github.com/AlmasB/FXGL/discussions
22:51:57.397 [JavaFX Application Thread] INFO  Engine               -              Join the FXGL chat at: https://gitter.im/AlmasB/FXGL
22:51:57.485 [JavaFX Application Thread] DEBUG PrimaryStageWindow   - Creating a JavaFX scene
22:51:57.531 [JavaFX Application Thread] DEBUG PrimaryStageWindow   - Target settings size: 1280.0 x 720.0
22:51:57.531 [JavaFX Application Thread] DEBUG PrimaryStageWindow   - Scaled scene size:    1280.0 x 720.0
22:51:57.531 [JavaFX Application Thread] DEBUG PrimaryStageWindow   - Scaled ratio: (1.0, 1.0)
22:51:57.533 [JavaFX Application Thread] DEBUG PrimaryStageWindow   - Set initial scene to FXGLStartupScene
22:51:57.536 [JavaFX Application Thread] DEBUG PrimaryStageWindow   - Opening main window
22:51:57.654 [JavaFX Application Thread] DEBUG PrimaryStageWindow   - Window border size: (14.4000244140625, 37.5999755859375)
22:51:57.654 [JavaFX Application Thread] DEBUG PrimaryStageWindow   - Scaled size: 1280.0 x 720.0
22:51:57.654 [JavaFX Application Thread] DEBUG PrimaryStageWindow   - Scaled ratio: (1.0, 1.0)
22:51:57.654 [JavaFX Application Thread] DEBUG PrimaryStageWindow   - Scene size: 1280.0 x 720.0
22:51:57.654 [JavaFX Application Thread] DEBUG PrimaryStageWindow   - Stage size: 1294.4000244140625 x 757.5999755859375
22:51:57.661 [FXGL Background Thread 1 ] DEBUG Engine               - Initializing environment variables
22:51:57.726 [FXGL Background Thread 1 ] DEBUG FXGLAssetLoaderServi - User app class for loading assets: class com.example.csit228capstonesirjaysimulator.application.GameLevelApp
22:51:57.726 [FXGL Background Thread 1 ] DEBUG GameApplicationServi - Applying CSS: fxgl_dark.css
22:51:57.727 [FXGL Background Thread 1 ] DEBUG FXGLAssetLoaderServi - Loading from file system: jar:file:///C:/Users/Aissha/.m2/repository/com/github/almasb/fxgl/17.3/fxgl-17.3.jar!/fxglassets/ui/css/fxgl_dark.css
22:51:57.769 [FXGL Background Thread 1 ] DEBUG GameApplicationServi - Initializing application scenes
22:51:57.812 [FXGL Background Thread 1 ] DEBUG GameWorld            - Game world initialized
22:51:57.874 [FXGL Background Thread 1 ] DEBUG PhysicsWorld         - Physics world initialized: appHeight=720, physics.ppm=50.0
22:51:57.874 [FXGL Background Thread 1 ] DEBUG PhysicsWorld         - Using strategy: BRUTE_FORCE
22:51:57.876 [FXGL Background Thread 1 ] DEBUG GameScene            - Game scene initialized: 1280x720
22:51:57.936 [FXGL Background Thread 1 ] DEBUG FXGL.DefaultMenu     - createMenuBodyGameMenu()
22:51:57.944 [FXGL Background Thread 1 ] DEBUG FXGL.DefaultMenu     - createOptionsMenu()
22:51:57.949 [FXGL Background Thread 1 ] DEBUG FXGLAssetLoaderServi - Loading from file system: jar:file:///C:/Users/Aissha/.m2/repository/com/github/almasb/fxgl/17.3/fxgl-17.3.jar!/fxglassets/textures/particles/smoke.png
22:51:58.063 [FXGL Background Thread 1 ] DEBUG FXGLAssetLoaderServi - Loading from file system: jar:file:///C:/Users/Aissha/.m2/repository/com/github/almasb/fxgl/17.3/fxgl-17.3.jar!/fxglassets/textures/particles/trace_horizontal.png
22:51:58.092 [FXGL Background Thread 1 ] DEBUG GameApplicationServi - Application scenes initialized
22:51:58.101 [FXGL Background Thread 1 ] DEBUG SystemBundleService  - Loading FXGL system data
22:51:58.104 [FXGL Background Thread 1 ] DEBUG FileSystemAccess     - Reading from: C:\Users\Aissha\IdeaProjects\JavaFX Projects\CSIT228-Capstone-Sir-Jay-Simulator\system\fxgl.bundle
22:51:58.110 [FXGL Background Thread 1 ] DEBUG SystemBundleService  - Bundle FXGL: {}
22:51:58.110 [FXGL Background Thread 1 ] DEBUG UpdaterService       - Checking for updates
22:51:58.114 [FXGL Background Thread 4 ] DEBUG FXGLApplication      - Loading fonts
22:51:58.115 [FXGL Background Thread 4 ] DEBUG FXGLAssetLoaderServi - Loading from file system: jar:file:///C:/Users/Aissha/.m2/repository/com/github/almasb/fxgl/17.3/fxgl-17.3.jar!/fxglassets/ui/fonts/VarelaRound-Regular.ttf
22:51:58.116 [FXGL Background Thread 1 ] DEBUG FXGLApplication      - Loading default localization
22:51:58.117 [FXGL Background Thread 1 ] DEBUG FXGLAssetLoaderServi - Loading from file system: jar:file:///C:/Users/Aissha/.m2/repository/com/github/almasb/fxgl/17.3/fxgl-17.3.jar!/fxglassets/languages/english.lang
22:51:58.169 [FXGL Background Thread 4 ] DEBUG FXGLAssetLoaderServi - Loading from file system: jar:file:///C:/Users/Aissha/.m2/repository/com/github/almasb/fxgl/17.3/fxgl-17.3.jar!/fxglassets/ui/fonts/Abel-Regular.ttf
22:51:58.172 [FXGL Background Thread 4 ] DEBUG FXGLAssetLoaderServi - Loading from file system: jar:file:///C:/Users/Aissha/.m2/repository/com/github/almasb/fxgl/17.3/fxgl-17.3.jar!/fxglassets/ui/fonts/TerminalLandMono-Regular.otf
22:51:58.174 [FXGL Background Thread 4 ] DEBUG FXGLAssetLoaderServi - Loading from file system: jar:file:///C:/Users/Aissha/.m2/repository/com/github/almasb/fxgl/17.3/fxgl-17.3.jar!/fxglassets/ui/fonts/Courier-Prime.ttf
22:51:58.181 [JavaFX Application Thread] DEBUG FXGLApplication      - Registering font factories with UI factory
22:51:58.196 [FXGL Background Thread 1 ] INFO  FXGLApplication      - FXGL initialization took: 0.534 sec
22:51:58.209 [JavaFX Application Thread] DEBUG Input                - Registered new binding: action0 - LMB
22:51:58.210 [JavaFX Application Thread] DEBUG FXGLAssetLoaderServi - Loading from file system: jar:file:///C:/Users/Aissha/.m2/repository/com/github/almasb/fxgl/17.3/fxgl-17.3.jar!/fxglassets/textures/fxgl_icon.png
22:51:58.224 [JavaFX Application Thread] DEBUG FXGLAssetLoaderServi - Loading from file system: jar:file:///C:/Users/Aissha/.m2/repository/com/github/almasb/fxgl/17.3/fxgl-17.3.jar!/fxglassets/textures/fxgl_default_cursor.png
22:51:58.235 [JavaFX Application Thread] DEBUG Input                - Registered new binding: Screenshot - CTRL+8
22:51:58.236 [JavaFX Application Thread] DEBUG Input                - Registered new binding: System info dump - CTRL+9
22:51:58.236 [JavaFX Application Thread] DEBUG Input                - Registered new binding: Restart - CTRL+R
22:51:58.237 [JavaFX Application Thread] DEBUG Input                - Registered new binding: Toggle Debug Camera - CTRL+7
22:51:58.243 [JavaFX Application Thread] DEBUG LoopRunner           - Starting loop
22:51:58.243 [JavaFX Application Thread] DEBUG LoopRunner           - Initializing JavaFX AnimationTimerLoop
22:51:58.248 [JavaFX Application Thread] DEBUG Input                - Clearing active input actions
22:51:58.253 [JavaFX Application Thread] DEBUG GameApplicationServi - Removing overlay from FXGLStartupScene and adding to FXGLMainMenuDummyScene
22:51:58.253 [JavaFX Application Thread] DEBUG PrimaryStageWindow   - FXGLStartupScene -> FXGLMainMenuDummyScene
22:51:58.254 [JavaFX Application Thread] DEBUG PrimaryStageWindow   - Push state: MainMenuApp
22:51:58.254 [JavaFX Application Thread] DEBUG Input                - Clearing active input actions
22:51:58.259 [JavaFX Application Thread] DEBUG GameApplicationServi - Removing overlay from FXGLMainMenuDummyScene and adding to MainMenuApp
22:51:58.260 [JavaFX Application Thread] DEBUG PrimaryStageWindow   - FXGLMainMenuDummyScene -> MainMenuApp
22:51:58.593 [FXGL Background Thread 2 ] INFO  UpdaterService       - Your current version:  17.3
22:51:58.594 [FXGL Background Thread 2 ] INFO  UpdaterService       - Latest stable version: 25
22:52:01.115 [FXGL Background Thread 3 ] DEBUG Engine               - Logging environment variables
22:52:01.115 [FXGL Background Thread 3 ] DEBUG Engine               - achievements: []
22:52:01.115 [FXGL Background Thread 3 ] DEBUG Engine               - actualHeight: 720.0
22:52:01.115 [FXGL Background Thread 3 ] DEBUG Engine               - actualHeightProperty: ReadOnlyDoubleProperty [value: 720.0]
22:52:01.115 [FXGL Background Thread 3 ] DEBUG Engine               - actualWidth: 1280.0
22:52:01.115 [FXGL Background Thread 3 ] DEBUG Engine               - actualWidthProperty: ReadOnlyDoubleProperty [value: 1280.0]
22:52:01.115 [FXGL Background Thread 3 ] DEBUG Engine               - appIcon: fxgl_icon.png
22:52:01.115 [FXGL Background Thread 3 ] DEBUG Engine               - applicationMode: DEVELOPER
22:52:01.116 [FXGL Background Thread 3 ] DEBUG Engine               - cSSList: [fxgl_dark.css]
22:52:01.116 [FXGL Background Thread 3 ] DEBUG Engine               - collisionDetectionStrategy: BRUTE_FORCE
22:52:01.116 [FXGL Background Thread 3 ] DEBUG Engine               - configClass: Optional.empty
22:52:01.116 [FXGL Background Thread 3 ] DEBUG Engine               - credits: []
22:52:01.116 [FXGL Background Thread 3 ] DEBUG Engine               - defaultCursor: CursorInfo(imageName=fxgl_default_cursor.png, hotspotX=7.0, hotspotY=6.0)
22:52:01.116 [FXGL Background Thread 3 ] DEBUG Engine               - devBBoxColorProperty: ObjectProperty [value: 0xff0000ff]
22:52:01.116 [FXGL Background Thread 3 ] DEBUG Engine               - devEnableDebugCameraProperty: BooleanProperty [value: false]
22:52:01.116 [FXGL Background Thread 3 ] DEBUG Engine               - devSensorColorProperty: ObjectProperty [value: 0xffff00ff]
22:52:01.116 [FXGL Background Thread 3 ] DEBUG Engine               - devShowBBoxProperty: BooleanProperty [value: false]
22:52:01.116 [FXGL Background Thread 3 ] DEBUG Engine               - devShowPositionProperty: BooleanProperty [value: false]
22:52:01.116 [FXGL Background Thread 3 ] DEBUG Engine               - enabledMenuItems: []
22:52:01.116 [FXGL Background Thread 3 ] DEBUG Engine               - engineServices: [class com.almasb.fxgl.app.services.FXGLAssetLoaderService, class com.almasb.fxgl.app.FXGLApplication$GameApplicationService, class com.almasb.fxgl.app.services.FXGLDialogService, class com.almasb.fxgl.app.services.IOTaskExecutorService, class com.almasb.fxgl.io.FileSystemService, class com.almasb.fxgl.localization.LocalizationService, class com.almasb.fxgl.app.services.SystemBundleService, class com.almasb.fxgl.profile.SaveLoadService, class com.almasb.fxgl.ui.FXGLUIFactoryServiceProvider, class com.almasb.fxgl.ui.FXGLDialogFactoryServiceProvider, class com.almasb.fxgl.audio.AudioPlayer, class com.almasb.fxgl.notification.impl.NotificationServiceProvider, class com.almasb.fxgl.achievement.AchievementService, class com.almasb.fxgl.cutscene.CutsceneService, class com.almasb.fxgl.minigames.MiniGameService, class com.almasb.fxgl.net.NetService, class com.almasb.fxgl.app.services.UpdaterService, class com.almasb.fxgl.dev.DevService]
22:52:01.116 [FXGL Background Thread 3 ] DEBUG Engine               - fontGame: Abel-Regular.ttf
22:52:01.116 [FXGL Background Thread 3 ] DEBUG Engine               - fontMono: TerminalLandMono-Regular.otf
22:52:01.116 [FXGL Background Thread 3 ] DEBUG Engine               - fontSizeScaleUI: 1.0
22:52:01.116 [FXGL Background Thread 3 ] DEBUG Engine               - fontText: Courier-Prime.ttf
22:52:01.116 [FXGL Background Thread 3 ] DEBUG Engine               - fontUI: VarelaRound-Regular.ttf
22:52:01.117 [FXGL Background Thread 3 ] DEBUG Engine               - fullScreen: BooleanProperty [value: false]
22:52:01.117 [FXGL Background Thread 3 ] DEBUG Engine               - gameDifficulty: MEDIUM
22:52:01.117 [FXGL Background Thread 3 ] DEBUG Engine               - gameDifficultyProperty: ObjectProperty [value: MEDIUM]
22:52:01.117 [FXGL Background Thread 3 ] DEBUG Engine               - globalMusicVolume: 0.5
22:52:01.117 [FXGL Background Thread 3 ] DEBUG Engine               - globalMusicVolumeProperty: DoubleProperty [value: 0.5]
22:52:01.117 [FXGL Background Thread 3 ] DEBUG Engine               - globalSoundVolume: 0.5
22:52:01.117 [FXGL Background Thread 3 ] DEBUG Engine               - globalSoundVolumeProperty: DoubleProperty [value: 0.5]
22:52:01.117 [FXGL Background Thread 3 ] DEBUG Engine               - height: 720
22:52:01.117 [FXGL Background Thread 3 ] DEBUG Engine               - is3D: false
22:52:01.117 [FXGL Background Thread 3 ] DEBUG Engine               - isAndroid: false
22:52:01.117 [FXGL Background Thread 3 ] DEBUG Engine               - isBrowser: false
22:52:01.117 [FXGL Background Thread 3 ] DEBUG Engine               - isClickFeedbackEnabled: false
22:52:01.117 [FXGL Background Thread 3 ] DEBUG Engine               - isCloseConfirmation: false
22:52:01.117 [FXGL Background Thread 3 ] DEBUG Engine               - isDesktop: true
22:52:01.117 [FXGL Background Thread 3 ] DEBUG Engine               - isDeveloperMenuEnabled: false
22:52:01.117 [FXGL Background Thread 3 ] DEBUG Engine               - isEmbedded: false
22:52:01.117 [FXGL Background Thread 3 ] DEBUG Engine               - isEntityPreloadEnabled: true
22:52:01.117 [FXGL Background Thread 3 ] DEBUG Engine               - isExperimentalTiledLargeMap: false
22:52:01.117 [FXGL Background Thread 3 ] DEBUG Engine               - isFileSystemWriteAllowed: true
22:52:01.117 [FXGL Background Thread 3 ] DEBUG Engine               - isFullScreenAllowed: false
22:52:01.117 [FXGL Background Thread 3 ] DEBUG Engine               - isFullScreenFromStart: false
22:52:01.117 [FXGL Background Thread 3 ] DEBUG Engine               - isGameMenuEnabled: true
22:52:01.117 [FXGL Background Thread 3 ] DEBUG Engine               - isIOS: false
22:52:01.117 [FXGL Background Thread 3 ] DEBUG Engine               - isIntroEnabled: false
22:52:01.117 [FXGL Background Thread 3 ] DEBUG Engine               - isLinux: false
22:52:01.117 [FXGL Background Thread 3 ] DEBUG Engine               - isMac: false
22:52:01.118 [FXGL Background Thread 3 ] DEBUG Engine               - isMainMenuEnabled: true
22:52:01.118 [FXGL Background Thread 3 ] DEBUG Engine               - isManualResizeEnabled: false
22:52:01.118 [FXGL Background Thread 3 ] DEBUG Engine               - isMobile: false
22:52:01.118 [FXGL Background Thread 3 ] DEBUG Engine               - isNative: false
22:52:01.118 [FXGL Background Thread 3 ] DEBUG Engine               - isPauseMusicWhenMinimized: true
22:52:01.118 [FXGL Background Thread 3 ] DEBUG Engine               - isPreserveResizeRatio: false
22:52:01.118 [FXGL Background Thread 3 ] DEBUG Engine               - isProfilingEnabled: false
22:52:01.118 [FXGL Background Thread 3 ] DEBUG Engine               - isScaleAffectedOnResize: true
22:52:01.118 [FXGL Background Thread 3 ] DEBUG Engine               - isSingleStep: false
22:52:01.118 [FXGL Background Thread 3 ] DEBUG Engine               - isUserProfileEnabled: false
22:52:01.118 [FXGL Background Thread 3 ] DEBUG Engine               - isWindows: true
22:52:01.118 [FXGL Background Thread 3 ] DEBUG Engine               - language: ObjectProperty [value: ENGLISH]
22:52:01.118 [FXGL Background Thread 3 ] DEBUG Engine               - menuKey: ESCAPE
22:52:01.118 [FXGL Background Thread 3 ] DEBUG Engine               - mouseSensitivity: 0.2
22:52:01.118 [FXGL Background Thread 3 ] DEBUG Engine               - notificationViewClass: class com.almasb.fxgl.notification.view.XboxNotificationView
22:52:01.118 [FXGL Background Thread 3 ] DEBUG Engine               - pixelsPerMeter: 50.0
22:52:01.118 [FXGL Background Thread 3 ] DEBUG Engine               - platform: WINDOWS
22:52:01.118 [FXGL Background Thread 3 ] DEBUG Engine               - prefHeightProperty: ReadOnlyDoubleProperty [value: 720.0]
22:52:01.118 [FXGL Background Thread 3 ] DEBUG Engine               - prefWidthProperty: ReadOnlyDoubleProperty [value: 1280.0]
22:52:01.118 [FXGL Background Thread 3 ] DEBUG Engine               - profileDir: profiles/
22:52:01.118 [FXGL Background Thread 3 ] DEBUG Engine               - profileName: StringProperty [value: DEFAULT]
22:52:01.118 [FXGL Background Thread 3 ] DEBUG Engine               - randomSeed: -1
22:52:01.119 [FXGL Background Thread 3 ] DEBUG Engine               - runtimeInfo: RuntimeInfo(platform=WINDOWS, version=17.3, build=30.03.2023 11.49)
22:52:01.119 [FXGL Background Thread 3 ] DEBUG Engine               - saveFileExt: sav
22:52:01.119 [FXGL Background Thread 3 ] DEBUG Engine               - scaledHeightProp$fxgl: DoubleProperty [bound, value: 720.0]
22:52:01.119 [FXGL Background Thread 3 ] DEBUG Engine               - scaledWidthProp$fxgl: DoubleProperty [bound, value: 1280.0]
22:52:01.119 [FXGL Background Thread 3 ] DEBUG Engine               - sceneFactory: com.example.csit228capstonesirjaysimulator.application.MenuFactory@6284d61b
22:52:01.119 [FXGL Background Thread 3 ] DEBUG Engine               - secondsIn24h: 60
22:52:01.119 [FXGL Background Thread 3 ] DEBUG Engine               - soundMenuBack: menu/back.wav
22:52:01.119 [FXGL Background Thread 3 ] DEBUG Engine               - soundMenuPress: menu/press.wav
22:52:01.119 [FXGL Background Thread 3 ] DEBUG Engine               - soundMenuSelect: menu/select.wav
22:52:01.119 [FXGL Background Thread 3 ] DEBUG Engine               - soundNotification: core/notification.wav
22:52:01.119 [FXGL Background Thread 3 ] DEBUG Engine               - stageStyle: DECORATED
22:52:01.119 [FXGL Background Thread 3 ] DEBUG Engine               - supportedLanguages: [ENGLISH, FRENCH, GERMAN, HUNGARIAN, RUSSIAN]
22:52:01.119 [FXGL Background Thread 3 ] DEBUG Engine               - ticksPerSecond: -1
22:52:01.119 [FXGL Background Thread 3 ] DEBUG Engine               - title: Sir Serato Simulator
22:52:01.119 [FXGL Background Thread 3 ] DEBUG Engine               - urlGithub: https://github.com/AlmasB/FXGL
22:52:01.119 [FXGL Background Thread 3 ] DEBUG Engine               - urlLeaderboard: http://fxgl-top.herokuapp.com/
22:52:01.119 [FXGL Background Thread 3 ] DEBUG Engine               - urlPOM: https://raw.githubusercontent.com/AlmasB/FXGL/release/README.md
22:52:01.119 [FXGL Background Thread 3 ] DEBUG Engine               - userAppClass: class com.example.csit228capstonesirjaysimulator.application.GameLevelApp
22:52:01.119 [FXGL Background Thread 3 ] DEBUG Engine               - version: 0.0
22:52:01.119 [FXGL Background Thread 3 ] DEBUG Engine               - versionCheckDays: 7
22:52:01.119 [FXGL Background Thread 3 ] DEBUG Engine               - width: 1280
22:52:01.119 [FXGL Background Thread 3 ] DEBUG Engine               - Logging services
22:52:01.119 [FXGL Background Thread 3 ] DEBUG Engine               - class com.almasb.fxgl.app.services.FXGLAssetLoaderService
22:52:01.120 [FXGL Background Thread 3 ] DEBUG Engine               - class com.almasb.fxgl.app.FXGLApplication$GameApplicationService
22:52:01.120 [FXGL Background Thread 3 ] DEBUG Engine               - class com.almasb.fxgl.app.services.FXGLDialogService
22:52:01.120 [FXGL Background Thread 3 ] DEBUG Engine               - class com.almasb.fxgl.app.services.IOTaskExecutorService
22:52:01.120 [FXGL Background Thread 3 ] DEBUG Engine               - class com.almasb.fxgl.io.FileSystemService
22:52:01.120 [FXGL Background Thread 3 ] DEBUG Engine               - class com.almasb.fxgl.localization.LocalizationService
22:52:01.120 [FXGL Background Thread 3 ] DEBUG Engine               - class com.almasb.fxgl.app.services.SystemBundleService
22:52:01.120 [FXGL Background Thread 3 ] DEBUG Engine               - class com.almasb.fxgl.profile.SaveLoadService
22:52:01.120 [FXGL Background Thread 3 ] DEBUG Engine               - class com.almasb.fxgl.ui.FXGLUIFactoryServiceProvider
22:52:01.120 [FXGL Background Thread 3 ] DEBUG Engine               - class com.almasb.fxgl.ui.FXGLDialogFactoryServiceProvider
22:52:01.120 [FXGL Background Thread 3 ] DEBUG Engine               - class com.almasb.fxgl.audio.AudioPlayer
22:52:01.120 [FXGL Background Thread 3 ] DEBUG Engine               - class com.almasb.fxgl.notification.impl.NotificationServiceProvider
22:52:01.120 [FXGL Background Thread 3 ] DEBUG Engine               - class com.almasb.fxgl.achievement.AchievementService
22:52:01.120 [FXGL Background Thread 3 ] DEBUG Engine               - class com.almasb.fxgl.cutscene.CutsceneService
22:52:01.120 [FXGL Background Thread 3 ] DEBUG Engine               - class com.almasb.fxgl.minigames.MiniGameService
22:52:01.120 [FXGL Background Thread 3 ] DEBUG Engine               - class com.almasb.fxgl.net.NetService
22:52:01.120 [FXGL Background Thread 3 ] DEBUG Engine               - class com.almasb.fxgl.app.services.UpdaterService
22:52:01.120 [FXGL Background Thread 3 ] DEBUG Engine               - class com.almasb.fxgl.dev.DevService
22:52:01.585 [JavaFX Application Thread] DEBUG LoopRunner           - Stopping loop
22:52:01.587 [JavaFX Application Thread] FATAL FXGLApplication      - Uncaught Exception:
java.lang.NullPointerException: Cannot invoke "java.sql.Connection.prepareStatement(String)" because "conn" is null
	at com.example.csit228capstonesirjaysimulator/com.example.csit228capstonesirjaysimulator.database.UserDatabaseService.getLeaderboard(UserDatabaseService.java:83)
	at com.example.csit228capstonesirjaysimulator/com.example.csit228capstonesirjaysimulator.scene.LeaderboardSubScene.refreshLeaderboard(LeaderboardSubScene.java:76)
	at com.example.csit228capstonesirjaysimulator/com.example.csit228capstonesirjaysimulator.scene.LeaderboardSubScene.<init>(LeaderboardSubScene.java:50)
	at com.example.csit228capstonesirjaysimulator/com.example.csit228capstonesirjaysimulator.scene.MainMenuApp.lambda$new$2(MainMenuApp.java:42)
	at javafx.base@21.0.6/com.sun.javafx.event.CompositeEventHandler.dispatchBubblingEvent(CompositeEventHandler.java:86)
	at javafx.base@21.0.6/com.sun.javafx.event.EventHandlerManager.dispatchBubblingEvent(EventHandlerManager.java:232)
	at javafx.base@21.0.6/com.sun.javafx.event.EventHandlerManager.dispatchBubblingEvent(EventHandlerManager.java:189)
	at javafx.base@21.0.6/com.sun.javafx.event.CompositeEventDispatcher.dispatchBubblingEvent(CompositeEventDispatcher.java:59)
	at javafx.base@21.0.6/com.sun.javafx.event.BasicEventDispatcher.dispatchEvent(BasicEventDispatcher.java:58)
	at javafx.base@21.0.6/com.sun.javafx.event.EventDispatchChainImpl.dispatchEvent(EventDispatchChainImpl.java:114)
	at javafx.base@21.0.6/com.sun.javafx.event.BasicEventDispatcher.dispatchEvent(BasicEventDispatcher.java:56)
	at javafx.base@21.0.6/com.sun.javafx.event.EventDispatchChainImpl.dispatchEvent(EventDispatchChainImpl.java:114)
	at javafx.base@21.0.6/com.sun.javafx.event.BasicEventDispatcher.dispatchEvent(BasicEventDispatcher.java:56)
	at javafx.base@21.0.6/com.sun.javafx.event.EventDispatchChainImpl.dispatchEvent(EventDispatchChainImpl.java:114)
	at javafx.base@21.0.6/com.sun.javafx.event.EventUtil.fireEventImpl(EventUtil.java:74)
	at javafx.base@21.0.6/com.sun.javafx.event.EventUtil.fireEvent(EventUtil.java:49)
	at javafx.base@21.0.6/javafx.event.Event.fireEvent(Event.java:198)
	at javafx.graphics@21.0.6/javafx.scene.Node.fireEvent(Node.java:8875)
	at javafx.controls@21.0.6/javafx.scene.control.Button.fire(Button.java:203)
	at javafx.controls@21.0.6/com.sun.javafx.scene.control.behavior.ButtonBehavior.mouseReleased(ButtonBehavior.java:207)
	at javafx.controls@21.0.6/com.sun.javafx.scene.control.inputmap.InputMap.handle(InputMap.java:274)
	at javafx.base@21.0.6/com.sun.javafx.event.CompositeEventHandler$NormalEventHandlerRecord.handleBubblingEvent(CompositeEventHandler.java:247)
	at javafx.base@21.0.6/com.sun.javafx.event.CompositeEventHandler.dispatchBubblingEvent(CompositeEventHandler.java:80)
	at javafx.base@21.0.6/com.sun.javafx.event.EventHandlerManager.dispatchBubblingEvent(EventHandlerManager.java:232)
	at javafx.base@21.0.6/com.sun.javafx.event.EventHandlerManager.dispatchBubblingEvent(EventHandlerManager.java:189)
	at javafx.base@21.0.6/com.sun.javafx.event.CompositeEventDispatcher.dispatchBubblingEvent(CompositeEventDispatcher.java:59)
	at javafx.base@21.0.6/com.sun.javafx.event.BasicEventDispatcher.dispatchEvent(BasicEventDispatcher.java:58)
	at javafx.base@21.0.6/com.sun.javafx.event.EventDispatchChainImpl.dispatchEvent(EventDispatchChainImpl.java:114)
	at javafx.base@21.0.6/com.sun.javafx.event.BasicEventDispatcher.dispatchEvent(BasicEventDispatcher.java:56)
	at javafx.base@21.0.6/com.sun.javafx.event.EventDispatchChainImpl.dispatchEvent(EventDispatchChainImpl.java:114)
	at javafx.base@21.0.6/com.sun.javafx.event.BasicEventDispatcher.dispatchEvent(BasicEventDispatcher.java:56)
	at javafx.base@21.0.6/com.sun.javafx.event.EventDispatchChainImpl.dispatchEvent(EventDispatchChainImpl.java:114)
	at javafx.base@21.0.6/com.sun.javafx.event.EventUtil.fireEventImpl(EventUtil.java:74)
	at javafx.base@21.0.6/com.sun.javafx.event.EventUtil.fireEvent(EventUtil.java:54)
	at javafx.base@21.0.6/javafx.event.Event.fireEvent(Event.java:198)
	at javafx.graphics@21.0.6/javafx.scene.Scene$MouseHandler.process(Scene.java:3984)
	at javafx.graphics@21.0.6/javafx.scene.Scene.processMouseEvent(Scene.java:1890)
	at javafx.graphics@21.0.6/javafx.scene.Scene$ScenePeerListener.mouseEvent(Scene.java:2708)
	at javafx.graphics@21.0.6/com.sun.javafx.tk.quantum.GlassViewEventHandler$MouseEventNotification.run(GlassViewEventHandler.java:411)
	at javafx.graphics@21.0.6/com.sun.javafx.tk.quantum.GlassViewEventHandler$MouseEventNotification.run(GlassViewEventHandler.java:301)
	at java.base/java.security.AccessController.doPrivileged(AccessController.java:138)
	at javafx.graphics@21.0.6/com.sun.javafx.tk.quantum.GlassViewEventHandler.lambda$handleMouseEvent$2(GlassViewEventHandler.java:450)
	at javafx.graphics@21.0.6/com.sun.javafx.tk.quantum.QuantumToolkit.runWithoutRenderLock(QuantumToolkit.java:424)
	at javafx.graphics@21.0.6/com.sun.javafx.tk.quantum.GlassViewEventHandler.handleMouseEvent(GlassViewEventHandler.java:449)
	at javafx.graphics@21.0.6/com.sun.glass.ui.View.handleMouseEvent(View.java:551)
	at javafx.graphics@21.0.6/com.sun.glass.ui.View.notifyMouse(View.java:937)
	at javafx.graphics@21.0.6/com.sun.glass.ui.win.WinApplication._runLoop(Native Method)
	at javafx.graphics@21.0.6/com.sun.glass.ui.win.WinApplication.lambda$runLoop$3(WinApplication.java:185)
	at java.base/java.lang.Thread.run(Thread.java:1447)

22:52:01.587 [JavaFX Application Thread] FATAL FXGLApplication      - Application will now exit
22:52:01.600 [JavaFX Application Thread] DEBUG PrimaryStageWindow   - Push state: ErrorSubScene
22:52:01.601 [JavaFX Application Thread] DEBUG Input                - Clearing active input actions
22:52:01.602 [JavaFX Application Thread] DEBUG GameApplicationServi - Removing overlay from MainMenuApp and adding to ErrorSubScene
22:52:01.602 [JavaFX Application Thread] DEBUG PrimaryStageWindow   - MainMenuApp -> ErrorSubScene
22:52:15.746 [JavaFX Application Thread] DEBUG FXGLApplication      - Exiting FXGL
22:52:15.746 [JavaFX Application Thread] DEBUG Async                - Shutting down background threads
22:52:15.746 [JavaFX Application Thread] DEBUG PrimaryStageWindow   - Closing main window
22:52:15.761 [JavaFX Application Thread] DEBUG Logger               - Closing Logger
