12:29:29.246 [main                     ] DEBUG Logger               - Configured Logger
12:29:29.249 [main                     ] DEBUG GameApplication      - Logging settings
Title: Sir Serato Simulator
Version: 0.0
Width: 1280
Height: 720
Fullscreen: false
Intro: false
Profiling: false
Single step:false
App Mode: DEVELOPER
Menu Key: ESCAPE
Stage Style: DECORATED
Scene Factory: class com.example.csit228capstonesirjaysimulator.application.MenuFactory

12:29:29.432 [JavaFX Application Thread] DEBUG FXGLApplication      - Initializing FXGL
12:29:29.433 [JavaFX Application Thread] INFO  Engine               - FXGL-17.3 (30.03.2023 11.49) on MAC (J:25.0.1 FX:21.0.6)
12:29:29.434 [JavaFX Application Thread] DEBUG Engine               - JRE Vendor Name: Oracle Corporation
12:29:29.434 [JavaFX Application Thread] DEBUG Engine               - Running on OS: Mac OS X version 14.6
12:29:29.434 [JavaFX Application Thread] DEBUG Engine               - Architecture: aarch64
12:29:29.434 [JavaFX Application Thread] INFO  Engine               - Source code and latest versions at: https://github.com/AlmasB/FXGL
12:29:29.434 [JavaFX Application Thread] INFO  Engine               -       Ask questions and discuss at: https://github.com/AlmasB/FXGL/discussions
12:29:29.434 [JavaFX Application Thread] INFO  Engine               -              Join the FXGL chat at: https://gitter.im/AlmasB/FXGL
12:29:29.473 [JavaFX Application Thread] DEBUG PrimaryStageWindow   - Creating a JavaFX scene
12:29:29.496 [JavaFX Application Thread] DEBUG PrimaryStageWindow   - Target settings size: 1280.0 x 720.0
12:29:29.497 [JavaFX Application Thread] DEBUG PrimaryStageWindow   - Scaled scene size:    1280.0 x 720.0
12:29:29.497 [JavaFX Application Thread] DEBUG PrimaryStageWindow   - Scaled ratio: (1.0, 1.0)
12:29:29.497 [JavaFX Application Thread] DEBUG PrimaryStageWindow   - Set initial scene to FXGLStartupScene
12:29:29.498 [JavaFX Application Thread] DEBUG PrimaryStageWindow   - Opening main window
12:29:29.546 [JavaFX Application Thread] DEBUG PrimaryStageWindow   - Window border size: (0.0, 28.0)
12:29:29.546 [JavaFX Application Thread] DEBUG PrimaryStageWindow   - Scaled size: 1280.0 x 720.0
12:29:29.546 [JavaFX Application Thread] DEBUG PrimaryStageWindow   - Scaled ratio: (1.0, 1.0)
12:29:29.546 [JavaFX Application Thread] DEBUG PrimaryStageWindow   - Scene size: 1280.0 x 720.0
12:29:29.546 [JavaFX Application Thread] DEBUG PrimaryStageWindow   - Stage size: 1280.0 x 748.0
12:29:29.549 [FXGL Background Thread 1 ] DEBUG Engine               - Initializing environment variables
12:29:29.577 [FXGL Background Thread 1 ] DEBUG FXGLAssetLoaderServi - User app class for loading assets: class com.example.csit228capstonesirjaysimulator.application.GameLevelApp
12:29:29.577 [FXGL Background Thread 1 ] DEBUG GameApplicationServi - Applying CSS: fxgl_dark.css
12:29:29.578 [FXGL Background Thread 1 ] DEBUG FXGLAssetLoaderServi - Loading from file system: jar:file:///Users/chloejuliageonzon/.m2/repository/com/github/almasb/fxgl/17.3/fxgl-17.3.jar!/fxglassets/ui/css/fxgl_dark.css
12:29:29.611 [FXGL Background Thread 1 ] DEBUG GameApplicationServi - Initializing application scenes
12:29:29.683 [FXGL Background Thread 1 ] DEBUG GameWorld            - Game world initialized
12:29:29.709 [FXGL Background Thread 1 ] DEBUG PhysicsWorld         - Physics world initialized: appHeight=720, physics.ppm=50.0
12:29:29.709 [FXGL Background Thread 1 ] DEBUG PhysicsWorld         - Using strategy: BRUTE_FORCE
12:29:29.711 [FXGL Background Thread 1 ] DEBUG GameScene            - Game scene initialized: 1280x720
12:29:30.191 [FXGL Background Thread 1 ] DEBUG FXGLAssetLoaderServi - Loading from file system: file:/Users/chloejuliageonzon/Documents/IdeaProjects/School/CSIT228-Capstone-Sir-Jay-Simulator/target/classes/assets/music/intro_music.wav
12:29:30.332 [FXGL Background Thread 1 ] DEBUG AudioPlayer          - Playing music com.almasb.fxgl.audio.Music@35f527bb
12:29:30.339 [FXGL Background Thread 1 ] DEBUG FXGL.DefaultMenu     - createMenuBodyGameMenu()
12:29:30.346 [FXGL Background Thread 1 ] DEBUG FXGL.DefaultMenu     - createOptionsMenu()
12:29:30.349 [FXGL Background Thread 1 ] DEBUG FXGLAssetLoaderServi - Loading from file system: jar:file:///Users/chloejuliageonzon/.m2/repository/com/github/almasb/fxgl/17.3/fxgl-17.3.jar!/fxglassets/textures/particles/smoke.png
12:29:30.386 [FXGL Background Thread 1 ] DEBUG FXGLAssetLoaderServi - Loading from file system: jar:file:///Users/chloejuliageonzon/.m2/repository/com/github/almasb/fxgl/17.3/fxgl-17.3.jar!/fxglassets/textures/particles/trace_horizontal.png
12:29:30.393 [FXGL Background Thread 1 ] DEBUG GameApplicationServi - Application scenes initialized
12:29:30.396 [FXGL Background Thread 1 ] DEBUG SystemBundleService  - Loading FXGL system data
12:29:30.398 [FXGL Background Thread 1 ] DEBUG FileSystemAccess     - Reading from: /Users/chloejuliageonzon/Documents/IdeaProjects/School/CSIT228-Capstone-Sir-Jay-Simulator/system/fxgl.bundle
12:29:30.400 [FXGL Background Thread 1 ] DEBUG SystemBundleService  - Bundle FXGL: {}
12:29:30.400 [FXGL Background Thread 1 ] DEBUG UpdaterService       - Checking for updates
12:29:30.401 [FXGL Background Thread 4 ] DEBUG FXGLApplication      - Loading fonts
12:29:30.401 [FXGL Background Thread 4 ] DEBUG FXGLAssetLoaderServi - Loading from file system: jar:file:///Users/chloejuliageonzon/.m2/repository/com/github/almasb/fxgl/17.3/fxgl-17.3.jar!/fxglassets/ui/fonts/VarelaRound-Regular.ttf
12:29:30.401 [FXGL Background Thread 1 ] DEBUG FXGLApplication      - Loading default localization
12:29:30.402 [FXGL Background Thread 1 ] DEBUG FXGLAssetLoaderServi - Loading from file system: jar:file:///Users/chloejuliageonzon/.m2/repository/com/github/almasb/fxgl/17.3/fxgl-17.3.jar!/fxglassets/languages/english.lang
12:29:30.414 [FXGL Background Thread 1 ] INFO  FXGLApplication      - FXGL initialization took: 0.865 sec
12:29:30.414 [FXGL Background Thread 4 ] DEBUG FXGLAssetLoaderServi - Loading from file system: jar:file:///Users/chloejuliageonzon/.m2/repository/com/github/almasb/fxgl/17.3/fxgl-17.3.jar!/fxglassets/ui/fonts/Abel-Regular.ttf
12:29:30.415 [JavaFX Application Thread] DEBUG Input                - Registered new binding: action0 - LMB
12:29:30.415 [FXGL Background Thread 4 ] DEBUG FXGLAssetLoaderServi - Loading from file system: jar:file:///Users/chloejuliageonzon/.m2/repository/com/github/almasb/fxgl/17.3/fxgl-17.3.jar!/fxglassets/ui/fonts/TerminalLandMono-Regular.otf
12:29:30.417 [FXGL Background Thread 4 ] DEBUG FXGLAssetLoaderServi - Loading from file system: jar:file:///Users/chloejuliageonzon/.m2/repository/com/github/almasb/fxgl/17.3/fxgl-17.3.jar!/fxglassets/ui/fonts/Courier-Prime.ttf
12:29:30.418 [JavaFX Application Thread] DEBUG Input                - Registered new binding: Switch Screen Left - A
12:29:30.418 [JavaFX Application Thread] DEBUG Input                - Registered new binding: Switch Screen Right - D
12:29:30.418 [JavaFX Application Thread] DEBUG Input                - Registered new binding: PAGHILOM! - E
12:29:30.418 [JavaFX Application Thread] DEBUG FXGLAssetLoaderServi - Loading from file system: jar:file:///Users/chloejuliageonzon/.m2/repository/com/github/almasb/fxgl/17.3/fxgl-17.3.jar!/fxglassets/textures/fxgl_icon.png
12:29:30.427 [JavaFX Application Thread] DEBUG FXGLAssetLoaderServi - Loading from file system: jar:file:///Users/chloejuliageonzon/.m2/repository/com/github/almasb/fxgl/17.3/fxgl-17.3.jar!/fxglassets/textures/fxgl_default_cursor.png
12:29:30.428 [JavaFX Application Thread] DEBUG Input                - Registered new binding: Screenshot - CTRL+8
12:29:30.428 [JavaFX Application Thread] DEBUG Input                - Registered new binding: System info dump - CTRL+9
12:29:30.428 [JavaFX Application Thread] DEBUG Input                - Registered new binding: Restart - CTRL+R
12:29:30.428 [JavaFX Application Thread] DEBUG Input                - Registered new binding: Toggle Debug Camera - CTRL+7
12:29:30.429 [JavaFX Application Thread] DEBUG LoopRunner           - Starting loop
12:29:30.429 [JavaFX Application Thread] DEBUG LoopRunner           - Initializing JavaFX AnimationTimerLoop
12:29:30.429 [JavaFX Application Thread] DEBUG Input                - Clearing active input actions
12:29:30.432 [JavaFX Application Thread] DEBUG GameApplicationServi - Removing overlay from FXGLStartupScene and adding to FXGLMainMenuDummyScene
12:29:30.432 [JavaFX Application Thread] DEBUG PrimaryStageWindow   - FXGLStartupScene -> FXGLMainMenuDummyScene
12:29:30.432 [JavaFX Application Thread] DEBUG PrimaryStageWindow   - Push state: MainMenuApp
12:29:30.433 [JavaFX Application Thread] DEBUG Input                - Clearing active input actions
12:29:30.433 [JavaFX Application Thread] DEBUG GameApplicationServi - Removing overlay from FXGLMainMenuDummyScene and adding to MainMenuApp
12:29:30.433 [JavaFX Application Thread] DEBUG PrimaryStageWindow   - FXGLMainMenuDummyScene -> MainMenuApp
12:29:30.448 [JavaFX Application Thread] DEBUG FXGLApplication      - Registering font factories with UI factory
12:29:31.105 [FXGL Background Thread 2 ] INFO  UpdaterService       - Your current version:  17.3
12:29:31.105 [FXGL Background Thread 2 ] INFO  UpdaterService       - Latest stable version: 25
12:29:33.406 [FXGL Background Thread 3 ] DEBUG Engine               - Logging environment variables
12:29:33.407 [FXGL Background Thread 3 ] DEBUG Engine               - achievements: []
12:29:33.408 [FXGL Background Thread 3 ] DEBUG Engine               - actualHeight: 720.0
12:29:33.408 [FXGL Background Thread 3 ] DEBUG Engine               - actualHeightProperty: ReadOnlyDoubleProperty [value: 720.0]
12:29:33.408 [FXGL Background Thread 3 ] DEBUG Engine               - actualWidth: 1280.0
12:29:33.408 [FXGL Background Thread 3 ] DEBUG Engine               - actualWidthProperty: ReadOnlyDoubleProperty [value: 1280.0]
12:29:33.408 [FXGL Background Thread 3 ] DEBUG Engine               - appIcon: fxgl_icon.png
12:29:33.408 [FXGL Background Thread 3 ] DEBUG Engine               - applicationMode: DEVELOPER
12:29:33.408 [FXGL Background Thread 3 ] DEBUG Engine               - cSSList: [fxgl_dark.css]
12:29:33.409 [FXGL Background Thread 3 ] DEBUG Engine               - collisionDetectionStrategy: BRUTE_FORCE
12:29:33.409 [FXGL Background Thread 3 ] DEBUG Engine               - configClass: Optional.empty
12:29:33.409 [FXGL Background Thread 3 ] DEBUG Engine               - credits: []
12:29:33.409 [FXGL Background Thread 3 ] DEBUG Engine               - defaultCursor: CursorInfo(imageName=fxgl_default_cursor.png, hotspotX=7.0, hotspotY=6.0)
12:29:33.409 [FXGL Background Thread 3 ] DEBUG Engine               - devBBoxColorProperty: ObjectProperty [value: 0xff0000ff]
12:29:33.410 [FXGL Background Thread 3 ] DEBUG Engine               - devEnableDebugCameraProperty: BooleanProperty [value: false]
12:29:33.410 [FXGL Background Thread 3 ] DEBUG Engine               - devSensorColorProperty: ObjectProperty [value: 0xffff00ff]
12:29:33.410 [FXGL Background Thread 3 ] DEBUG Engine               - devShowBBoxProperty: BooleanProperty [value: false]
12:29:33.410 [FXGL Background Thread 3 ] DEBUG Engine               - devShowPositionProperty: BooleanProperty [value: false]
12:29:33.410 [FXGL Background Thread 3 ] DEBUG Engine               - enabledMenuItems: []
12:29:33.410 [FXGL Background Thread 3 ] DEBUG Engine               - engineServices: [class com.almasb.fxgl.app.services.FXGLAssetLoaderService, class com.almasb.fxgl.app.FXGLApplication$GameApplicationService, class com.almasb.fxgl.app.services.FXGLDialogService, class com.almasb.fxgl.app.services.IOTaskExecutorService, class com.almasb.fxgl.io.FileSystemService, class com.almasb.fxgl.localization.LocalizationService, class com.almasb.fxgl.app.services.SystemBundleService, class com.almasb.fxgl.profile.SaveLoadService, class com.almasb.fxgl.ui.FXGLUIFactoryServiceProvider, class com.almasb.fxgl.ui.FXGLDialogFactoryServiceProvider, class com.almasb.fxgl.audio.AudioPlayer, class com.almasb.fxgl.notification.impl.NotificationServiceProvider, class com.almasb.fxgl.achievement.AchievementService, class com.almasb.fxgl.cutscene.CutsceneService, class com.almasb.fxgl.minigames.MiniGameService, class com.almasb.fxgl.net.NetService, class com.almasb.fxgl.app.services.UpdaterService, class com.almasb.fxgl.dev.DevService]
12:29:33.410 [FXGL Background Thread 3 ] DEBUG Engine               - fontGame: Abel-Regular.ttf
12:29:33.410 [FXGL Background Thread 3 ] DEBUG Engine               - fontMono: TerminalLandMono-Regular.otf
12:29:33.410 [FXGL Background Thread 3 ] DEBUG Engine               - fontSizeScaleUI: 1.0
12:29:33.410 [FXGL Background Thread 3 ] DEBUG Engine               - fontText: Courier-Prime.ttf
12:29:33.410 [FXGL Background Thread 3 ] DEBUG Engine               - fontUI: VarelaRound-Regular.ttf
12:29:33.410 [FXGL Background Thread 3 ] DEBUG Engine               - fullScreen: BooleanProperty [value: false]
12:29:33.410 [FXGL Background Thread 3 ] DEBUG Engine               - gameDifficulty: MEDIUM
12:29:33.410 [FXGL Background Thread 3 ] DEBUG Engine               - gameDifficultyProperty: ObjectProperty [value: MEDIUM]
12:29:33.411 [FXGL Background Thread 3 ] DEBUG Engine               - globalMusicVolume: 0.5
12:29:33.411 [FXGL Background Thread 3 ] DEBUG Engine               - globalMusicVolumeProperty: DoubleProperty [value: 0.5]
12:29:33.411 [FXGL Background Thread 3 ] DEBUG Engine               - globalSoundVolume: 0.5
12:29:33.411 [FXGL Background Thread 3 ] DEBUG Engine               - globalSoundVolumeProperty: DoubleProperty [value: 0.5]
12:29:33.411 [FXGL Background Thread 3 ] DEBUG Engine               - height: 720
12:29:33.411 [FXGL Background Thread 3 ] DEBUG Engine               - is3D: false
12:29:33.411 [FXGL Background Thread 3 ] DEBUG Engine               - isAndroid: false
12:29:33.411 [FXGL Background Thread 3 ] DEBUG Engine               - isBrowser: false
12:29:33.411 [FXGL Background Thread 3 ] DEBUG Engine               - isClickFeedbackEnabled: false
12:29:33.411 [FXGL Background Thread 3 ] DEBUG Engine               - isCloseConfirmation: false
12:29:33.411 [FXGL Background Thread 3 ] DEBUG Engine               - isDesktop: true
12:29:33.411 [FXGL Background Thread 3 ] DEBUG Engine               - isDeveloperMenuEnabled: false
12:29:33.411 [FXGL Background Thread 3 ] DEBUG Engine               - isEmbedded: false
12:29:33.411 [FXGL Background Thread 3 ] DEBUG Engine               - isEntityPreloadEnabled: true
12:29:33.412 [FXGL Background Thread 3 ] DEBUG Engine               - isExperimentalTiledLargeMap: false
12:29:33.412 [FXGL Background Thread 3 ] DEBUG Engine               - isFileSystemWriteAllowed: true
12:29:33.412 [FXGL Background Thread 3 ] DEBUG Engine               - isFullScreenAllowed: false
12:29:33.412 [FXGL Background Thread 3 ] DEBUG Engine               - isFullScreenFromStart: false
12:29:33.412 [FXGL Background Thread 3 ] DEBUG Engine               - isGameMenuEnabled: true
12:29:33.412 [FXGL Background Thread 3 ] DEBUG Engine               - isIOS: false
12:29:33.412 [FXGL Background Thread 3 ] DEBUG Engine               - isIntroEnabled: false
12:29:33.412 [FXGL Background Thread 3 ] DEBUG Engine               - isLinux: false
12:29:33.412 [FXGL Background Thread 3 ] DEBUG Engine               - isMac: true
12:29:33.412 [FXGL Background Thread 3 ] DEBUG Engine               - isMainMenuEnabled: true
12:29:33.412 [FXGL Background Thread 3 ] DEBUG Engine               - isManualResizeEnabled: false
12:29:33.412 [FXGL Background Thread 3 ] DEBUG Engine               - isMobile: false
12:29:33.412 [FXGL Background Thread 3 ] DEBUG Engine               - isNative: false
12:29:33.412 [FXGL Background Thread 3 ] DEBUG Engine               - isPauseMusicWhenMinimized: true
12:29:33.412 [FXGL Background Thread 3 ] DEBUG Engine               - isPreserveResizeRatio: false
12:29:33.412 [FXGL Background Thread 3 ] DEBUG Engine               - isProfilingEnabled: false
12:29:33.412 [FXGL Background Thread 3 ] DEBUG Engine               - isScaleAffectedOnResize: true
12:29:33.413 [FXGL Background Thread 3 ] DEBUG Engine               - isSingleStep: false
12:29:33.413 [FXGL Background Thread 3 ] DEBUG Engine               - isUserProfileEnabled: false
12:29:33.413 [FXGL Background Thread 3 ] DEBUG Engine               - isWindows: false
12:29:33.413 [FXGL Background Thread 3 ] DEBUG Engine               - language: ObjectProperty [value: ENGLISH]
12:29:33.413 [FXGL Background Thread 3 ] DEBUG Engine               - menuKey: ESCAPE
12:29:33.413 [FXGL Background Thread 3 ] DEBUG Engine               - mouseSensitivity: 0.2
12:29:33.413 [FXGL Background Thread 3 ] DEBUG Engine               - notificationViewClass: class com.almasb.fxgl.notification.view.XboxNotificationView
12:29:33.413 [FXGL Background Thread 3 ] DEBUG Engine               - pixelsPerMeter: 50.0
12:29:33.413 [FXGL Background Thread 3 ] DEBUG Engine               - platform: MAC
12:29:33.413 [FXGL Background Thread 3 ] DEBUG Engine               - prefHeightProperty: ReadOnlyDoubleProperty [value: 720.0]
12:29:33.413 [FXGL Background Thread 3 ] DEBUG Engine               - prefWidthProperty: ReadOnlyDoubleProperty [value: 1280.0]
12:29:33.413 [FXGL Background Thread 3 ] DEBUG Engine               - profileDir: profiles/
12:29:33.413 [FXGL Background Thread 3 ] DEBUG Engine               - profileName: StringProperty [value: DEFAULT]
12:29:33.413 [FXGL Background Thread 3 ] DEBUG Engine               - randomSeed: -1
12:29:33.414 [FXGL Background Thread 3 ] DEBUG Engine               - runtimeInfo: RuntimeInfo(platform=MAC, version=17.3, build=30.03.2023 11.49)
12:29:33.414 [FXGL Background Thread 3 ] DEBUG Engine               - saveFileExt: sav
12:29:33.414 [FXGL Background Thread 3 ] DEBUG Engine               - scaledHeightProp$fxgl: DoubleProperty [bound, value: 720.0]
12:29:33.414 [FXGL Background Thread 3 ] DEBUG Engine               - scaledWidthProp$fxgl: DoubleProperty [bound, value: 1280.0]
12:29:33.414 [FXGL Background Thread 3 ] DEBUG Engine               - sceneFactory: com.example.csit228capstonesirjaysimulator.application.MenuFactory@7532fa98
12:29:33.414 [FXGL Background Thread 3 ] DEBUG Engine               - secondsIn24h: 60
12:29:33.414 [FXGL Background Thread 3 ] DEBUG Engine               - soundMenuBack: menu/back.wav
12:29:33.414 [FXGL Background Thread 3 ] DEBUG Engine               - soundMenuPress: menu/press.wav
12:29:33.414 [FXGL Background Thread 3 ] DEBUG Engine               - soundMenuSelect: menu/select.wav
12:29:33.414 [FXGL Background Thread 3 ] DEBUG Engine               - soundNotification: core/notification.wav
12:29:33.414 [FXGL Background Thread 3 ] DEBUG Engine               - stageStyle: DECORATED
12:29:33.414 [FXGL Background Thread 3 ] DEBUG Engine               - supportedLanguages: [ENGLISH, FRENCH, GERMAN, HUNGARIAN, RUSSIAN]
12:29:33.414 [FXGL Background Thread 3 ] DEBUG Engine               - ticksPerSecond: -1
12:29:33.415 [FXGL Background Thread 3 ] DEBUG Engine               - title: Sir Serato Simulator
12:29:33.415 [FXGL Background Thread 3 ] DEBUG Engine               - urlGithub: https://github.com/AlmasB/FXGL
12:29:33.415 [FXGL Background Thread 3 ] DEBUG Engine               - urlLeaderboard: http://fxgl-top.herokuapp.com/
12:29:33.415 [FXGL Background Thread 3 ] DEBUG Engine               - urlPOM: https://raw.githubusercontent.com/AlmasB/FXGL/release/README.md
12:29:33.415 [FXGL Background Thread 3 ] DEBUG Engine               - userAppClass: class com.example.csit228capstonesirjaysimulator.application.GameLevelApp
12:29:33.415 [FXGL Background Thread 3 ] DEBUG Engine               - version: 0.0
12:29:33.415 [FXGL Background Thread 3 ] DEBUG Engine               - versionCheckDays: 7
12:29:33.415 [FXGL Background Thread 3 ] DEBUG Engine               - width: 1280
12:29:33.415 [FXGL Background Thread 3 ] DEBUG Engine               - Logging services
12:29:33.415 [FXGL Background Thread 3 ] DEBUG Engine               - class com.almasb.fxgl.app.services.FXGLAssetLoaderService
12:29:33.415 [FXGL Background Thread 3 ] DEBUG Engine               - class com.almasb.fxgl.app.FXGLApplication$GameApplicationService
12:29:33.415 [FXGL Background Thread 3 ] DEBUG Engine               - class com.almasb.fxgl.app.services.FXGLDialogService
12:29:33.415 [FXGL Background Thread 3 ] DEBUG Engine               - class com.almasb.fxgl.app.services.IOTaskExecutorService
12:29:33.415 [FXGL Background Thread 3 ] DEBUG Engine               - class com.almasb.fxgl.io.FileSystemService
12:29:33.415 [FXGL Background Thread 3 ] DEBUG Engine               - class com.almasb.fxgl.localization.LocalizationService
12:29:33.415 [FXGL Background Thread 3 ] DEBUG Engine               - class com.almasb.fxgl.app.services.SystemBundleService
12:29:33.415 [FXGL Background Thread 3 ] DEBUG Engine               - class com.almasb.fxgl.profile.SaveLoadService
12:29:33.415 [FXGL Background Thread 3 ] DEBUG Engine               - class com.almasb.fxgl.ui.FXGLUIFactoryServiceProvider
12:29:33.415 [FXGL Background Thread 3 ] DEBUG Engine               - class com.almasb.fxgl.ui.FXGLDialogFactoryServiceProvider
12:29:33.415 [FXGL Background Thread 3 ] DEBUG Engine               - class com.almasb.fxgl.audio.AudioPlayer
12:29:33.416 [FXGL Background Thread 3 ] DEBUG Engine               - class com.almasb.fxgl.notification.impl.NotificationServiceProvider
12:29:33.416 [FXGL Background Thread 3 ] DEBUG Engine               - class com.almasb.fxgl.achievement.AchievementService
12:29:33.416 [FXGL Background Thread 3 ] DEBUG Engine               - class com.almasb.fxgl.cutscene.CutsceneService
12:29:33.416 [FXGL Background Thread 3 ] DEBUG Engine               - class com.almasb.fxgl.minigames.MiniGameService
12:29:33.416 [FXGL Background Thread 3 ] DEBUG Engine               - class com.almasb.fxgl.net.NetService
12:29:33.416 [FXGL Background Thread 3 ] DEBUG Engine               - class com.almasb.fxgl.app.services.UpdaterService
12:29:33.416 [FXGL Background Thread 3 ] DEBUG Engine               - class com.almasb.fxgl.dev.DevService
12:29:35.400 [JavaFX Application Thread] DEBUG PrimaryStageWindow   - Push state: ProfileSelectScene
12:29:35.400 [JavaFX Application Thread] DEBUG Input                - Clearing active input actions
12:29:35.403 [JavaFX Application Thread] DEBUG GameApplicationServi - Removing overlay from MainMenuApp and adding to ProfileSelectScene
12:29:35.403 [JavaFX Application Thread] DEBUG PrimaryStageWindow   - MainMenuApp -> ProfileSelectScene
12:29:40.815 [JavaFX Application Thread] DEBUG PrimaryStageWindow   - Pop state: ProfileSelectScene
12:29:40.815 [JavaFX Application Thread] DEBUG Input                - Clearing active input actions
12:29:40.816 [JavaFX Application Thread] DEBUG GameApplicationServi - Removing overlay from ProfileSelectScene and adding to MainMenuApp
12:29:40.817 [JavaFX Application Thread] DEBUG PrimaryStageWindow   - MainMenuApp <- ProfileSelectScene
12:29:40.922 [JavaFX Application Thread] DEBUG Input                - Registered new binding: Advance - Enter
12:29:40.922 [JavaFX Application Thread] DEBUG FXGLAssetLoaderServi - Loading from file system: file:/Users/chloejuliageonzon/Documents/IdeaProjects/School/CSIT228-Capstone-Sir-Jay-Simulator/target/classes/assets/music/classroom.wav
12:29:40.924 [JavaFX Application Thread] DEBUG AudioPlayer          - Playing music com.almasb.fxgl.audio.Music@77ac0db0
12:29:40.926 [JavaFX Application Thread] DEBUG PrimaryStageWindow   - Push state: IntroCutScene
12:29:40.926 [JavaFX Application Thread] DEBUG Input                - Clearing active input actions
12:29:40.926 [JavaFX Application Thread] DEBUG GameApplicationServi - Removing overlay from MainMenuApp and adding to IntroCutScene
12:29:40.926 [JavaFX Application Thread] DEBUG PrimaryStageWindow   - MainMenuApp -> IntroCutScene
12:29:46.956 [JavaFX Application Thread] DEBUG FXGLAssetLoaderServi - Loading from file system: file:/Users/chloejuliageonzon/Documents/IdeaProjects/School/CSIT228-Capstone-Sir-Jay-Simulator/target/classes/assets/sounds/howsurdayeverybody2.wav
12:29:56.806 [JavaFX Application Thread] DEBUG FXGLAssetLoaderServi - Loading from file system: file:/Users/chloejuliageonzon/Documents/IdeaProjects/School/CSIT228-Capstone-Sir-Jay-Simulator/target/classes/assets/sounds/coolandnormal.wav
12:29:57.027 [JavaFX Application Thread] DEBUG FXGLAssetLoaderServi - Loading from file system: file:/Users/chloejuliageonzon/Documents/IdeaProjects/School/CSIT228-Capstone-Sir-Jay-Simulator/target/classes/assets/sounds/good2.wav
12:29:57.210 [JavaFX Application Thread] DEBUG FXGLAssetLoaderServi - Loading from file system: file:/Users/chloejuliageonzon/Documents/IdeaProjects/School/CSIT228-Capstone-Sir-Jay-Simulator/target/classes/assets/sounds/trees.wav
12:29:57.535 [JavaFX Application Thread] DEBUG FXGLAssetLoaderServi - Loading from file system: file:/Users/chloejuliageonzon/Documents/IdeaProjects/School/CSIT228-Capstone-Sir-Jay-Simulator/target/classes/assets/music/mii_discussion_boosted.mp3
12:29:57.547 [JavaFX Application Thread] DEBUG AudioPlayer          - Playing music com.almasb.fxgl.audio.Music@63c8c001
12:30:11.457 [JavaFX Application Thread] DEBUG FXGLAssetLoaderServi - Loading from file system: file:/Users/chloejuliageonzon/Documents/IdeaProjects/School/CSIT228-Capstone-Sir-Jay-Simulator/target/classes/assets/sounds/quiz.wav
12:30:11.957 [JavaFX Application Thread] DEBUG FXGLAssetLoaderServi - Loading from file system: file:/Users/chloejuliageonzon/Documents/IdeaProjects/School/CSIT228-Capstone-Sir-Jay-Simulator/target/classes/assets/sounds/waitsasir.wav
12:30:12.283 [JavaFX Application Thread] DEBUG FXGLAssetLoaderServi - Loading from file system: file:/Users/chloejuliageonzon/Documents/IdeaProjects/School/CSIT228-Capstone-Sir-Jay-Simulator/target/classes/assets/sounds/onefourth.wav
12:30:12.539 [JavaFX Application Thread] DEBUG AudioPlayer          - Stopping music com.almasb.fxgl.audio.Music@35f527bb
12:30:12.542 [JavaFX Application Thread] DEBUG AudioPlayer          - Stopping music com.almasb.fxgl.audio.Music@77ac0db0
12:30:12.542 [JavaFX Application Thread] DEBUG AudioPlayer          - Stopping music com.almasb.fxgl.audio.Music@63c8c001
12:30:12.544 [JavaFX Application Thread] DEBUG Menu                 - fireNewGame()
12:30:12.544 [JavaFX Application Thread] DEBUG GameApplicationServi - Starting new game
12:30:12.545 [JavaFX Application Thread] DEBUG PrimaryStageWindow   - Pop state: IntroCutScene
12:30:12.545 [JavaFX Application Thread] DEBUG Input                - Clearing active input actions
12:30:12.545 [JavaFX Application Thread] DEBUG GameApplicationServi - Removing overlay from IntroCutScene and adding to MainMenuApp
12:30:12.545 [JavaFX Application Thread] DEBUG PrimaryStageWindow   - MainMenuApp <- IntroCutScene
12:30:12.545 [JavaFX Application Thread] DEBUG PrimaryStageWindow   - Pop state: MainMenuApp
12:30:12.545 [JavaFX Application Thread] DEBUG Input                - Clearing active input actions
12:30:12.546 [JavaFX Application Thread] DEBUG GameApplicationServi - Removing overlay from MainMenuApp and adding to FXGLMainMenuDummyScene
12:30:12.546 [JavaFX Application Thread] DEBUG PrimaryStageWindow   - FXGLMainMenuDummyScene <- MainMenuApp
12:30:12.546 [JavaFX Application Thread] DEBUG Input                - Clearing active input actions
12:30:12.551 [JavaFX Application Thread] DEBUG GameApplicationServi - Removing overlay from FXGLMainMenuDummyScene and adding to FXGLLoadingScene
12:30:12.551 [JavaFX Application Thread] DEBUG PrimaryStageWindow   - FXGLMainMenuDummyScene -> FXGLLoadingScene
12:30:12.551 [JavaFX Application Thread] DEBUG GameApplicationServi - Clearing previous game
12:30:12.551 [JavaFX Application Thread] DEBUG GameScene            - Clearing game scene
12:30:12.551 [JavaFX Application Thread] DEBUG GameWorld            - Clearing game world
12:30:12.552 [JavaFX Application Thread] DEBUG PhysicsWorld         - Clearing physics world
12:30:12.554 [FXGL Background Thread 2 ] DEBUG FXGLApplication      - Initializing game
12:30:12.570 [FXGL Background Thread 2 ] DEBUG FXGLAssetLoaderServi - Loading from file system: file:/Users/chloejuliageonzon/Documents/IdeaProjects/School/CSIT228-Capstone-Sir-Jay-Simulator/target/classes/assets/textures/stud5_idle_state.png
12:30:12.583 [FXGL Background Thread 2 ] WARN  FXGLAssetLoaderServi - Asset "/assets/textures/stud5stud5_sus_state.png" was not found!
12:30:12.583 [FXGL Background Thread 2 ] WARN  FXGLAssetLoaderServi - Failed to load IMAGE
12:30:12.588 [FXGL Background Thread 2 ] WARN  FXGLAssetLoaderServi - Asset "/assets/textures/stud5stud5_cheat_state.png" was not found!
12:30:12.588 [FXGL Background Thread 2 ] WARN  FXGLAssetLoaderServi - Failed to load IMAGE
12:30:12.594 [FXGL Background Thread 2 ] DEBUG FXGLAssetLoaderServi - Loading from file system: file:/Users/chloejuliageonzon/Documents/IdeaProjects/School/CSIT228-Capstone-Sir-Jay-Simulator/target/classes/assets/textures/trey_idle_state.png
12:30:12.605 [FXGL Background Thread 2 ] WARN  FXGLAssetLoaderServi - Asset "/assets/textures/treystud5_sus_state.png" was not found!
12:30:12.605 [FXGL Background Thread 2 ] WARN  FXGLAssetLoaderServi - Failed to load IMAGE
12:30:12.605 [FXGL Background Thread 2 ] WARN  FXGLAssetLoaderServi - Asset "/assets/textures/treystud5_cheat_state.png" was not found!
12:30:12.605 [FXGL Background Thread 2 ] WARN  FXGLAssetLoaderServi - Failed to load IMAGE
12:30:12.606 [FXGL Background Thread 2 ] WARN  FXGLAssetLoaderServi - Asset "/assets/textures/stud5stud5_sus_state.png" was not found!
12:30:12.606 [FXGL Background Thread 2 ] WARN  FXGLAssetLoaderServi - Failed to load IMAGE
12:30:12.607 [FXGL Background Thread 2 ] WARN  FXGLAssetLoaderServi - Asset "/assets/textures/stud5stud5_cheat_state.png" was not found!
12:30:12.607 [FXGL Background Thread 2 ] WARN  FXGLAssetLoaderServi - Failed to load IMAGE
12:30:12.607 [FXGL Background Thread 2 ] WARN  FXGLAssetLoaderServi - Asset "/assets/textures/stud5stud5_sus_state.png" was not found!
12:30:12.607 [FXGL Background Thread 2 ] WARN  FXGLAssetLoaderServi - Failed to load IMAGE
12:30:12.607 [FXGL Background Thread 2 ] WARN  FXGLAssetLoaderServi - Asset "/assets/textures/stud5stud5_cheat_state.png" was not found!
12:30:12.607 [FXGL Background Thread 2 ] WARN  FXGLAssetLoaderServi - Failed to load IMAGE
12:30:12.608 [FXGL Background Thread 2 ] WARN  FXGLAssetLoaderServi - Asset "/assets/textures/stud5stud5_sus_state.png" was not found!
12:30:12.608 [FXGL Background Thread 2 ] WARN  FXGLAssetLoaderServi - Failed to load IMAGE
12:30:12.608 [FXGL Background Thread 2 ] WARN  FXGLAssetLoaderServi - Asset "/assets/textures/stud5stud5_cheat_state.png" was not found!
12:30:12.608 [FXGL Background Thread 2 ] WARN  FXGLAssetLoaderServi - Failed to load IMAGE
12:30:12.608 [FXGL Background Thread 2 ] WARN  FXGLAssetLoaderServi - Asset "/assets/textures/stud5stud5_sus_state.png" was not found!
12:30:12.608 [FXGL Background Thread 2 ] WARN  FXGLAssetLoaderServi - Failed to load IMAGE
12:30:12.608 [FXGL Background Thread 2 ] WARN  FXGLAssetLoaderServi - Asset "/assets/textures/stud5stud5_cheat_state.png" was not found!
12:30:12.608 [FXGL Background Thread 2 ] WARN  FXGLAssetLoaderServi - Failed to load IMAGE
12:30:12.609 [FXGL Background Thread 2 ] WARN  FXGLAssetLoaderServi - Asset "/assets/textures/stud5stud5_sus_state.png" was not found!
12:30:12.609 [FXGL Background Thread 2 ] WARN  FXGLAssetLoaderServi - Failed to load IMAGE
12:30:12.609 [FXGL Background Thread 2 ] WARN  FXGLAssetLoaderServi - Asset "/assets/textures/stud5stud5_cheat_state.png" was not found!
12:30:12.609 [FXGL Background Thread 2 ] WARN  FXGLAssetLoaderServi - Failed to load IMAGE
12:30:12.609 [FXGL Background Thread 2 ] WARN  FXGLAssetLoaderServi - Asset "/assets/textures/stud5stud5_sus_state.png" was not found!
12:30:12.609 [FXGL Background Thread 2 ] WARN  FXGLAssetLoaderServi - Failed to load IMAGE
12:30:12.609 [FXGL Background Thread 2 ] WARN  FXGLAssetLoaderServi - Asset "/assets/textures/stud5stud5_cheat_state.png" was not found!
12:30:12.609 [FXGL Background Thread 2 ] WARN  FXGLAssetLoaderServi - Failed to load IMAGE
12:30:12.609 [FXGL Background Thread 2 ] WARN  FXGLAssetLoaderServi - Asset "/assets/textures/stud5stud5_sus_state.png" was not found!
12:30:12.609 [FXGL Background Thread 2 ] WARN  FXGLAssetLoaderServi - Failed to load IMAGE
12:30:12.609 [FXGL Background Thread 2 ] WARN  FXGLAssetLoaderServi - Asset "/assets/textures/stud5stud5_cheat_state.png" was not found!
12:30:12.609 [FXGL Background Thread 2 ] WARN  FXGLAssetLoaderServi - Failed to load IMAGE
12:30:12.610 [FXGL Background Thread 2 ] WARN  FXGLAssetLoaderServi - Asset "/assets/textures/stud5stud5_sus_state.png" was not found!
12:30:12.610 [FXGL Background Thread 2 ] WARN  FXGLAssetLoaderServi - Failed to load IMAGE
12:30:12.610 [FXGL Background Thread 2 ] WARN  FXGLAssetLoaderServi - Asset "/assets/textures/stud5stud5_cheat_state.png" was not found!
12:30:12.610 [FXGL Background Thread 2 ] WARN  FXGLAssetLoaderServi - Failed to load IMAGE
12:30:12.610 [FXGL Background Thread 2 ] WARN  FXGLAssetLoaderServi - Asset "/assets/textures/stud5stud5_sus_state.png" was not found!
12:30:12.610 [FXGL Background Thread 2 ] WARN  FXGLAssetLoaderServi - Failed to load IMAGE
12:30:12.610 [FXGL Background Thread 2 ] WARN  FXGLAssetLoaderServi - Asset "/assets/textures/stud5stud5_cheat_state.png" was not found!
12:30:12.610 [FXGL Background Thread 2 ] WARN  FXGLAssetLoaderServi - Failed to load IMAGE
12:30:12.610 [FXGL Background Thread 2 ] WARN  FXGLAssetLoaderServi - Asset "/assets/textures/stud5stud5_sus_state.png" was not found!
12:30:12.610 [FXGL Background Thread 2 ] WARN  FXGLAssetLoaderServi - Failed to load IMAGE
12:30:12.611 [FXGL Background Thread 2 ] WARN  FXGLAssetLoaderServi - Asset "/assets/textures/stud5stud5_cheat_state.png" was not found!
12:30:12.611 [FXGL Background Thread 2 ] WARN  FXGLAssetLoaderServi - Failed to load IMAGE
12:30:12.611 [FXGL Background Thread 2 ] WARN  FXGLAssetLoaderServi - Asset "/assets/textures/stud5stud5_sus_state.png" was not found!
12:30:12.611 [FXGL Background Thread 2 ] WARN  FXGLAssetLoaderServi - Failed to load IMAGE
12:30:12.611 [FXGL Background Thread 2 ] WARN  FXGLAssetLoaderServi - Asset "/assets/textures/stud5stud5_cheat_state.png" was not found!
12:30:12.611 [FXGL Background Thread 2 ] WARN  FXGLAssetLoaderServi - Failed to load IMAGE
12:30:12.611 [FXGL Background Thread 2 ] WARN  FXGLAssetLoaderServi - Asset "/assets/textures/stud5stud5_sus_state.png" was not found!
12:30:12.611 [FXGL Background Thread 2 ] WARN  FXGLAssetLoaderServi - Failed to load IMAGE
12:30:12.611 [FXGL Background Thread 2 ] WARN  FXGLAssetLoaderServi - Asset "/assets/textures/stud5stud5_cheat_state.png" was not found!
12:30:12.611 [FXGL Background Thread 2 ] WARN  FXGLAssetLoaderServi - Failed to load IMAGE
12:30:12.612 [FXGL Background Thread 2 ] WARN  FXGLAssetLoaderServi - Asset "/assets/textures/stud5stud5_sus_state.png" was not found!
12:30:12.612 [FXGL Background Thread 2 ] WARN  FXGLAssetLoaderServi - Failed to load IMAGE
12:30:12.612 [FXGL Background Thread 2 ] WARN  FXGLAssetLoaderServi - Asset "/assets/textures/stud5stud5_cheat_state.png" was not found!
12:30:12.612 [FXGL Background Thread 2 ] WARN  FXGLAssetLoaderServi - Failed to load IMAGE
12:30:12.612 [FXGL Background Thread 2 ] WARN  FXGLAssetLoaderServi - Asset "/assets/textures/stud5stud5_sus_state.png" was not found!
12:30:12.612 [FXGL Background Thread 2 ] WARN  FXGLAssetLoaderServi - Failed to load IMAGE
12:30:12.612 [FXGL Background Thread 2 ] WARN  FXGLAssetLoaderServi - Asset "/assets/textures/stud5stud5_cheat_state.png" was not found!
12:30:12.612 [FXGL Background Thread 2 ] WARN  FXGLAssetLoaderServi - Failed to load IMAGE
12:30:12.612 [FXGL Background Thread 2 ] WARN  FXGLAssetLoaderServi - Asset "/assets/textures/stud5stud5_sus_state.png" was not found!
12:30:12.612 [FXGL Background Thread 2 ] WARN  FXGLAssetLoaderServi - Failed to load IMAGE
12:30:12.612 [FXGL Background Thread 2 ] WARN  FXGLAssetLoaderServi - Asset "/assets/textures/stud5stud5_cheat_state.png" was not found!
12:30:12.612 [FXGL Background Thread 2 ] WARN  FXGLAssetLoaderServi - Failed to load IMAGE
12:30:12.613 [FXGL Background Thread 2 ] WARN  FXGLAssetLoaderServi - Asset "/assets/textures/treystud5_sus_state.png" was not found!
12:30:12.613 [FXGL Background Thread 2 ] WARN  FXGLAssetLoaderServi - Failed to load IMAGE
12:30:12.613 [FXGL Background Thread 2 ] WARN  FXGLAssetLoaderServi - Asset "/assets/textures/treystud5_cheat_state.png" was not found!
12:30:12.613 [FXGL Background Thread 2 ] WARN  FXGLAssetLoaderServi - Failed to load IMAGE
12:30:12.619 [FXGL Background Thread 2 ] DEBUG FXGLAssetLoaderServi - Loading from file system: file:/Users/chloejuliageonzon/Documents/IdeaProjects/School/CSIT228-Capstone-Sir-Jay-Simulator/target/classes/assets/textures/teacherView_leftSide.PNG
12:30:12.798 [FXGL Background Thread 2 ] INFO  FXGLApplication      - Game initialization took: 0.244 sec
12:30:12.798 [JavaFX Application Thread] DEBUG Input                - Clearing active input actions
12:30:12.810 [JavaFX Application Thread] DEBUG GameApplicationServi - Removing overlay from FXGLLoadingScene and adding to GameScene
12:30:12.810 [JavaFX Application Thread] DEBUG PrimaryStageWindow   - FXGLLoadingScene -> GameScene
12:30:31.216 [JavaFX Application Thread] DEBUG FXGLApplication      - Exiting FXGL
12:30:31.216 [JavaFX Application Thread] DEBUG LoopRunner           - Stopping loop
12:30:31.216 [JavaFX Application Thread] DEBUG SystemBundleService  - Saving FXGL system data
12:30:31.219 [JavaFX Application Thread] DEBUG FileSystemAccess     - Writing to: /Users/chloejuliageonzon/Documents/IdeaProjects/School/CSIT228-Capstone-Sir-Jay-Simulator/system/fxgl.bundle
12:30:31.221 [JavaFX Application Thread] DEBUG Async                - Shutting down background threads
12:30:31.221 [JavaFX Application Thread] DEBUG PrimaryStageWindow   - Closing main window
12:30:31.228 [JavaFX Application Thread] DEBUG Logger               - Closing Logger
