16:47:40.646 [main                     ] DEBUG Logger               - Configured Logger
16:47:40.648 [main                     ] DEBUG GameApplication      - Logging settings
Title: Sir Serato Simulator
Version: 0.0
Width: 1280
Height: 720
Fullscreen: false
Intro: false
Profiling: false
Single step:false
App Mode: DEVELOPER
Menu Key: F12
Stage Style: DECORATED
Scene Factory: class com.example.csit228capstonesirjaysimulator.application.MenuFactory

16:47:40.826 [JavaFX Application Thread] DEBUG FXGLApplication      - Initializing FXGL
16:47:40.827 [JavaFX Application Thread] INFO  Engine               - FXGL-17.3 (30.03.2023 11.49) on MAC (J:25.0.1 FX:21.0.6)
16:47:40.828 [JavaFX Application Thread] DEBUG Engine               - JRE Vendor Name: Oracle Corporation
16:47:40.828 [JavaFX Application Thread] DEBUG Engine               - Running on OS: Mac OS X version 14.6
16:47:40.828 [JavaFX Application Thread] DEBUG Engine               - Architecture: aarch64
16:47:40.828 [JavaFX Application Thread] INFO  Engine               - Source code and latest versions at: https://github.com/AlmasB/FXGL
16:47:40.828 [JavaFX Application Thread] INFO  Engine               -       Ask questions and discuss at: https://github.com/AlmasB/FXGL/discussions
16:47:40.828 [JavaFX Application Thread] INFO  Engine               -              Join the FXGL chat at: https://gitter.im/AlmasB/FXGL
16:47:40.865 [JavaFX Application Thread] DEBUG PrimaryStageWindow   - Creating a JavaFX scene
16:47:40.883 [JavaFX Application Thread] DEBUG PrimaryStageWindow   - Target settings size: 1280.0 x 720.0
16:47:40.883 [JavaFX Application Thread] DEBUG PrimaryStageWindow   - Scaled scene size:    1280.0 x 720.0
16:47:40.883 [JavaFX Application Thread] DEBUG PrimaryStageWindow   - Scaled ratio: (1.0, 1.0)
16:47:40.883 [JavaFX Application Thread] DEBUG PrimaryStageWindow   - Set initial scene to FXGLStartupScene
16:47:40.884 [JavaFX Application Thread] DEBUG PrimaryStageWindow   - Opening main window
16:47:40.947 [JavaFX Application Thread] DEBUG PrimaryStageWindow   - Window border size: (0.0, 28.0)
16:47:40.947 [JavaFX Application Thread] DEBUG PrimaryStageWindow   - Scaled size: 1280.0 x 720.0
16:47:40.947 [JavaFX Application Thread] DEBUG PrimaryStageWindow   - Scaled ratio: (1.0, 1.0)
16:47:40.947 [JavaFX Application Thread] DEBUG PrimaryStageWindow   - Scene size: 1280.0 x 720.0
16:47:40.947 [JavaFX Application Thread] DEBUG PrimaryStageWindow   - Stage size: 1280.0 x 748.0
16:47:40.950 [FXGL Background Thread 1 ] DEBUG Engine               - Initializing environment variables
16:47:40.974 [FXGL Background Thread 1 ] DEBUG FXGLAssetLoaderServi - User app class for loading assets: class com.example.csit228capstonesirjaysimulator.application.GameLevelApp
16:47:40.975 [FXGL Background Thread 1 ] DEBUG GameApplicationServi - Applying CSS: fxgl_dark.css
16:47:40.975 [FXGL Background Thread 1 ] DEBUG FXGLAssetLoaderServi - Loading from file system: jar:file:///Users/chloejuliageonzon/.m2/repository/com/github/almasb/fxgl/17.3/fxgl-17.3.jar!/fxglassets/ui/css/fxgl_dark.css
16:47:41.008 [FXGL Background Thread 1 ] DEBUG GameApplicationServi - Initializing application scenes
16:47:41.083 [FXGL Background Thread 1 ] DEBUG GameWorld            - Game world initialized
16:47:41.108 [FXGL Background Thread 1 ] DEBUG PhysicsWorld         - Physics world initialized: appHeight=720, physics.ppm=50.0
16:47:41.108 [FXGL Background Thread 1 ] DEBUG PhysicsWorld         - Using strategy: BRUTE_FORCE
16:47:41.110 [FXGL Background Thread 1 ] DEBUG GameScene            - Game scene initialized: 1280x720
16:47:41.536 [FXGL Background Thread 1 ] DEBUG FXGLAssetLoaderServi - Loading from file system: file:/Users/chloejuliageonzon/Documents/IdeaProjects/School/CSIT228-Capstone-Sir-Jay-Simulator/target/classes/assets/music/intro_music.wav
16:47:41.678 [FXGL Background Thread 1 ] DEBUG AudioPlayer          - Playing music com.almasb.fxgl.audio.Music@19d5a668
16:47:41.684 [FXGL Background Thread 1 ] DEBUG FXGL.DefaultMenu     - createMenuBodyGameMenu()
16:47:41.692 [FXGL Background Thread 1 ] DEBUG FXGL.DefaultMenu     - createOptionsMenu()
16:47:41.694 [FXGL Background Thread 1 ] DEBUG FXGLAssetLoaderServi - Loading from file system: jar:file:///Users/chloejuliageonzon/.m2/repository/com/github/almasb/fxgl/17.3/fxgl-17.3.jar!/fxglassets/textures/particles/smoke.png
16:47:41.734 [FXGL Background Thread 1 ] DEBUG FXGLAssetLoaderServi - Loading from file system: jar:file:///Users/chloejuliageonzon/.m2/repository/com/github/almasb/fxgl/17.3/fxgl-17.3.jar!/fxglassets/textures/particles/trace_horizontal.png
16:47:41.741 [FXGL Background Thread 1 ] DEBUG GameApplicationServi - Application scenes initialized
16:47:41.744 [FXGL Background Thread 1 ] DEBUG SystemBundleService  - Loading FXGL system data
16:47:41.746 [FXGL Background Thread 1 ] DEBUG FileSystemAccess     - Reading from: /Users/chloejuliageonzon/Documents/IdeaProjects/School/CSIT228-Capstone-Sir-Jay-Simulator/system/fxgl.bundle
16:47:41.748 [FXGL Background Thread 1 ] DEBUG SystemBundleService  - Bundle FXGL: {}
16:47:41.748 [FXGL Background Thread 1 ] DEBUG UpdaterService       - Checking for updates
16:47:41.763 [FXGL Background Thread 4 ] DEBUG FXGLApplication      - Loading fonts
16:47:41.763 [FXGL Background Thread 1 ] DEBUG FXGLApplication      - Loading default localization
16:47:41.763 [FXGL Background Thread 1 ] DEBUG FXGLAssetLoaderServi - Loading from file system: jar:file:///Users/chloejuliageonzon/.m2/repository/com/github/almasb/fxgl/17.3/fxgl-17.3.jar!/fxglassets/languages/english.lang
16:47:41.763 [FXGL Background Thread 4 ] DEBUG FXGLAssetLoaderServi - Loading from file system: jar:file:///Users/chloejuliageonzon/.m2/repository/com/github/almasb/fxgl/17.3/fxgl-17.3.jar!/fxglassets/ui/fonts/VarelaRound-Regular.ttf
16:47:41.770 [FXGL Background Thread 1 ] INFO  FXGLApplication      - FXGL initialization took: 0.820 sec
16:47:41.770 [FXGL Background Thread 4 ] DEBUG FXGLAssetLoaderServi - Loading from file system: jar:file:///Users/chloejuliageonzon/.m2/repository/com/github/almasb/fxgl/17.3/fxgl-17.3.jar!/fxglassets/ui/fonts/Abel-Regular.ttf
16:47:41.771 [JavaFX Application Thread] DEBUG Input                - Registered new binding: action0 - LMB
16:47:41.772 [FXGL Background Thread 4 ] DEBUG FXGLAssetLoaderServi - Loading from file system: jar:file:///Users/chloejuliageonzon/.m2/repository/com/github/almasb/fxgl/17.3/fxgl-17.3.jar!/fxglassets/ui/fonts/TerminalLandMono-Regular.otf
16:47:41.774 [JavaFX Application Thread] DEBUG Input                - Registered new binding: Switch Screen Left - A
16:47:41.774 [JavaFX Application Thread] DEBUG Input                - Registered new binding: Switch Screen Right - D
16:47:41.774 [FXGL Background Thread 4 ] DEBUG FXGLAssetLoaderServi - Loading from file system: jar:file:///Users/chloejuliageonzon/.m2/repository/com/github/almasb/fxgl/17.3/fxgl-17.3.jar!/fxglassets/ui/fonts/Courier-Prime.ttf
16:47:41.774 [JavaFX Application Thread] DEBUG Input                - Registered new binding: PAGHILOM! - E
16:47:41.774 [JavaFX Application Thread] DEBUG Input                - Registered new binding: Pause Screen - Esc
16:47:41.774 [JavaFX Application Thread] DEBUG FXGLAssetLoaderServi - Loading from file system: jar:file:///Users/chloejuliageonzon/.m2/repository/com/github/almasb/fxgl/17.3/fxgl-17.3.jar!/fxglassets/textures/fxgl_icon.png
16:47:41.785 [JavaFX Application Thread] DEBUG FXGLAssetLoaderServi - Loading from file system: jar:file:///Users/chloejuliageonzon/.m2/repository/com/github/almasb/fxgl/17.3/fxgl-17.3.jar!/fxglassets/textures/fxgl_default_cursor.png
16:47:41.786 [JavaFX Application Thread] DEBUG Input                - Registered new binding: Screenshot - CTRL+8
16:47:41.786 [JavaFX Application Thread] DEBUG Input                - Registered new binding: Dev Options - 1
16:47:41.786 [JavaFX Application Thread] DEBUG Input                - Registered new binding: Dev Console - 2
16:47:41.786 [JavaFX Application Thread] DEBUG Input                - Registered new binding: System info dump - CTRL+9
16:47:41.786 [JavaFX Application Thread] DEBUG Input                - Registered new binding: Restart - CTRL+R
16:47:41.786 [JavaFX Application Thread] DEBUG Input                - Registered new binding: Toggle Debug Camera - CTRL+7
16:47:41.787 [JavaFX Application Thread] DEBUG LoopRunner           - Starting loop
16:47:41.792 [JavaFX Application Thread] DEBUG LoopRunner           - Initializing JavaFX AnimationTimerLoop
16:47:41.793 [JavaFX Application Thread] DEBUG Input                - Clearing active input actions
16:47:41.796 [JavaFX Application Thread] DEBUG GameApplicationServi - Removing overlay from FXGLStartupScene and adding to FXGLMainMenuDummyScene
16:47:41.797 [JavaFX Application Thread] DEBUG PrimaryStageWindow   - FXGLStartupScene -> FXGLMainMenuDummyScene
16:47:41.797 [JavaFX Application Thread] DEBUG PrimaryStageWindow   - Push state: MainMenuApp
16:47:41.797 [JavaFX Application Thread] DEBUG Input                - Clearing active input actions
16:47:41.798 [JavaFX Application Thread] DEBUG GameApplicationServi - Removing overlay from FXGLMainMenuDummyScene and adding to MainMenuApp
16:47:41.798 [JavaFX Application Thread] DEBUG PrimaryStageWindow   - FXGLMainMenuDummyScene -> MainMenuApp
16:47:41.811 [JavaFX Application Thread] DEBUG FXGLApplication      - Registering font factories with UI factory
16:47:42.642 [FXGL Background Thread 2 ] INFO  UpdaterService       - Your current version:  17.3
16:47:42.642 [FXGL Background Thread 2 ] INFO  UpdaterService       - Latest stable version: 25
16:47:44.768 [FXGL Background Thread 3 ] DEBUG Engine               - Logging environment variables
16:47:44.769 [FXGL Background Thread 3 ] DEBUG Engine               - achievements: []
16:47:44.770 [FXGL Background Thread 3 ] DEBUG Engine               - actualHeight: 720.0
16:47:44.770 [FXGL Background Thread 3 ] DEBUG Engine               - actualHeightProperty: ReadOnlyDoubleProperty [value: 720.0]
16:47:44.770 [FXGL Background Thread 3 ] DEBUG Engine               - actualWidth: 1280.0
16:47:44.770 [FXGL Background Thread 3 ] DEBUG Engine               - actualWidthProperty: ReadOnlyDoubleProperty [value: 1280.0]
16:47:44.770 [FXGL Background Thread 3 ] DEBUG Engine               - appIcon: fxgl_icon.png
16:47:44.770 [FXGL Background Thread 3 ] DEBUG Engine               - applicationMode: DEVELOPER
16:47:44.770 [FXGL Background Thread 3 ] DEBUG Engine               - cSSList: [fxgl_dark.css]
16:47:44.770 [FXGL Background Thread 3 ] DEBUG Engine               - collisionDetectionStrategy: BRUTE_FORCE
16:47:44.770 [FXGL Background Thread 3 ] DEBUG Engine               - configClass: Optional.empty
16:47:44.770 [FXGL Background Thread 3 ] DEBUG Engine               - credits: []
16:47:44.771 [FXGL Background Thread 3 ] DEBUG Engine               - defaultCursor: CursorInfo(imageName=fxgl_default_cursor.png, hotspotX=7.0, hotspotY=6.0)
16:47:44.771 [FXGL Background Thread 3 ] DEBUG Engine               - devBBoxColorProperty: ObjectProperty [value: 0xff0000ff]
16:47:44.771 [FXGL Background Thread 3 ] DEBUG Engine               - devEnableDebugCameraProperty: BooleanProperty [value: false]
16:47:44.771 [FXGL Background Thread 3 ] DEBUG Engine               - devSensorColorProperty: ObjectProperty [value: 0xffff00ff]
16:47:44.771 [FXGL Background Thread 3 ] DEBUG Engine               - devShowBBoxProperty: BooleanProperty [value: false]
16:47:44.771 [FXGL Background Thread 3 ] DEBUG Engine               - devShowPositionProperty: BooleanProperty [value: false]
16:47:44.772 [FXGL Background Thread 3 ] DEBUG Engine               - enabledMenuItems: []
16:47:44.772 [FXGL Background Thread 3 ] DEBUG Engine               - engineServices: [class com.almasb.fxgl.app.services.FXGLAssetLoaderService, class com.almasb.fxgl.app.FXGLApplication$GameApplicationService, class com.almasb.fxgl.app.services.FXGLDialogService, class com.almasb.fxgl.app.services.IOTaskExecutorService, class com.almasb.fxgl.io.FileSystemService, class com.almasb.fxgl.localization.LocalizationService, class com.almasb.fxgl.app.services.SystemBundleService, class com.almasb.fxgl.profile.SaveLoadService, class com.almasb.fxgl.ui.FXGLUIFactoryServiceProvider, class com.almasb.fxgl.ui.FXGLDialogFactoryServiceProvider, class com.almasb.fxgl.audio.AudioPlayer, class com.almasb.fxgl.notification.impl.NotificationServiceProvider, class com.almasb.fxgl.achievement.AchievementService, class com.almasb.fxgl.cutscene.CutsceneService, class com.almasb.fxgl.minigames.MiniGameService, class com.almasb.fxgl.net.NetService, class com.almasb.fxgl.app.services.UpdaterService, class com.almasb.fxgl.dev.DevService]
16:47:44.772 [FXGL Background Thread 3 ] DEBUG Engine               - fontGame: Abel-Regular.ttf
16:47:44.772 [FXGL Background Thread 3 ] DEBUG Engine               - fontMono: TerminalLandMono-Regular.otf
16:47:44.772 [FXGL Background Thread 3 ] DEBUG Engine               - fontSizeScaleUI: 1.0
16:47:44.772 [FXGL Background Thread 3 ] DEBUG Engine               - fontText: Courier-Prime.ttf
16:47:44.772 [FXGL Background Thread 3 ] DEBUG Engine               - fontUI: VarelaRound-Regular.ttf
16:47:44.772 [FXGL Background Thread 3 ] DEBUG Engine               - fullScreen: BooleanProperty [value: false]
16:47:44.772 [FXGL Background Thread 3 ] DEBUG Engine               - gameDifficulty: MEDIUM
16:47:44.772 [FXGL Background Thread 3 ] DEBUG Engine               - gameDifficultyProperty: ObjectProperty [value: MEDIUM]
16:47:44.773 [FXGL Background Thread 3 ] DEBUG Engine               - globalMusicVolume: 0.5
16:47:44.773 [FXGL Background Thread 3 ] DEBUG Engine               - globalMusicVolumeProperty: DoubleProperty [value: 0.5]
16:47:44.773 [FXGL Background Thread 3 ] DEBUG Engine               - globalSoundVolume: 0.5
16:47:44.774 [FXGL Background Thread 3 ] DEBUG Engine               - globalSoundVolumeProperty: DoubleProperty [value: 0.5]
16:47:44.774 [FXGL Background Thread 3 ] DEBUG Engine               - height: 720
16:47:44.774 [FXGL Background Thread 3 ] DEBUG Engine               - is3D: false
16:47:44.774 [FXGL Background Thread 3 ] DEBUG Engine               - isAndroid: false
16:47:44.774 [FXGL Background Thread 3 ] DEBUG Engine               - isBrowser: false
16:47:44.774 [FXGL Background Thread 3 ] DEBUG Engine               - isClickFeedbackEnabled: false
16:47:44.774 [FXGL Background Thread 3 ] DEBUG Engine               - isCloseConfirmation: false
16:47:44.774 [FXGL Background Thread 3 ] DEBUG Engine               - isDesktop: true
16:47:44.774 [FXGL Background Thread 3 ] DEBUG Engine               - isDeveloperMenuEnabled: true
16:47:44.774 [FXGL Background Thread 3 ] DEBUG Engine               - isEmbedded: false
16:47:44.774 [FXGL Background Thread 3 ] DEBUG Engine               - isEntityPreloadEnabled: true
16:47:44.774 [FXGL Background Thread 3 ] DEBUG Engine               - isExperimentalTiledLargeMap: false
16:47:44.774 [FXGL Background Thread 3 ] DEBUG Engine               - isFileSystemWriteAllowed: true
16:47:44.774 [FXGL Background Thread 3 ] DEBUG Engine               - isFullScreenAllowed: false
16:47:44.775 [FXGL Background Thread 3 ] DEBUG Engine               - isFullScreenFromStart: false
16:47:44.775 [FXGL Background Thread 3 ] DEBUG Engine               - isGameMenuEnabled: true
16:47:44.775 [FXGL Background Thread 3 ] DEBUG Engine               - isIOS: false
16:47:44.775 [FXGL Background Thread 3 ] DEBUG Engine               - isIntroEnabled: false
16:47:44.775 [FXGL Background Thread 3 ] DEBUG Engine               - isLinux: false
16:47:44.775 [FXGL Background Thread 3 ] DEBUG Engine               - isMac: true
16:47:44.775 [FXGL Background Thread 3 ] DEBUG Engine               - isMainMenuEnabled: true
16:47:44.775 [FXGL Background Thread 3 ] DEBUG Engine               - isManualResizeEnabled: false
16:47:44.775 [FXGL Background Thread 3 ] DEBUG Engine               - isMobile: false
16:47:44.775 [FXGL Background Thread 3 ] DEBUG Engine               - isNative: false
16:47:44.775 [FXGL Background Thread 3 ] DEBUG Engine               - isPauseMusicWhenMinimized: true
16:47:44.775 [FXGL Background Thread 3 ] DEBUG Engine               - isPreserveResizeRatio: false
16:47:44.775 [FXGL Background Thread 3 ] DEBUG Engine               - isProfilingEnabled: false
16:47:44.775 [FXGL Background Thread 3 ] DEBUG Engine               - isScaleAffectedOnResize: true
16:47:44.775 [FXGL Background Thread 3 ] DEBUG Engine               - isSingleStep: false
16:47:44.775 [FXGL Background Thread 3 ] DEBUG Engine               - isUserProfileEnabled: false
16:47:44.775 [FXGL Background Thread 3 ] DEBUG Engine               - isWindows: false
16:47:44.776 [FXGL Background Thread 3 ] DEBUG Engine               - language: ObjectProperty [value: ENGLISH]
16:47:44.776 [FXGL Background Thread 3 ] DEBUG Engine               - menuKey: F12
16:47:44.776 [FXGL Background Thread 3 ] DEBUG Engine               - mouseSensitivity: 0.2
16:47:44.776 [FXGL Background Thread 3 ] DEBUG Engine               - notificationViewClass: class com.almasb.fxgl.notification.view.XboxNotificationView
16:47:44.776 [FXGL Background Thread 3 ] DEBUG Engine               - pixelsPerMeter: 50.0
16:47:44.776 [FXGL Background Thread 3 ] DEBUG Engine               - platform: MAC
16:47:44.776 [FXGL Background Thread 3 ] DEBUG Engine               - prefHeightProperty: ReadOnlyDoubleProperty [value: 720.0]
16:47:44.776 [FXGL Background Thread 3 ] DEBUG Engine               - prefWidthProperty: ReadOnlyDoubleProperty [value: 1280.0]
16:47:44.776 [FXGL Background Thread 3 ] DEBUG Engine               - profileDir: profiles/
16:47:44.776 [FXGL Background Thread 3 ] DEBUG Engine               - profileName: StringProperty [value: DEFAULT]
16:47:44.776 [FXGL Background Thread 3 ] DEBUG Engine               - randomSeed: -1
16:47:44.777 [FXGL Background Thread 3 ] DEBUG Engine               - runtimeInfo: RuntimeInfo(platform=MAC, version=17.3, build=30.03.2023 11.49)
16:47:44.777 [FXGL Background Thread 3 ] DEBUG Engine               - saveFileExt: sav
16:47:44.777 [FXGL Background Thread 3 ] DEBUG Engine               - scaledHeightProp$fxgl: DoubleProperty [bound, value: 720.0]
16:47:44.777 [FXGL Background Thread 3 ] DEBUG Engine               - scaledWidthProp$fxgl: DoubleProperty [bound, value: 1280.0]
16:47:44.777 [FXGL Background Thread 3 ] DEBUG Engine               - sceneFactory: com.example.csit228capstonesirjaysimulator.application.MenuFactory@26ffa5e
16:47:44.777 [FXGL Background Thread 3 ] DEBUG Engine               - secondsIn24h: 60
16:47:44.777 [FXGL Background Thread 3 ] DEBUG Engine               - soundMenuBack: menu/back.wav
16:47:44.777 [FXGL Background Thread 3 ] DEBUG Engine               - soundMenuPress: menu/press.wav
16:47:44.777 [FXGL Background Thread 3 ] DEBUG Engine               - soundMenuSelect: menu/select.wav
16:47:44.777 [FXGL Background Thread 3 ] DEBUG Engine               - soundNotification: core/notification.wav
16:47:44.777 [FXGL Background Thread 3 ] DEBUG Engine               - stageStyle: DECORATED
16:47:44.777 [FXGL Background Thread 3 ] DEBUG Engine               - supportedLanguages: [ENGLISH, FRENCH, GERMAN, HUNGARIAN, RUSSIAN]
16:47:44.777 [FXGL Background Thread 3 ] DEBUG Engine               - ticksPerSecond: -1
16:47:44.777 [FXGL Background Thread 3 ] DEBUG Engine               - title: Sir Serato Simulator
16:47:44.778 [FXGL Background Thread 3 ] DEBUG Engine               - urlGithub: https://github.com/AlmasB/FXGL
16:47:44.778 [FXGL Background Thread 3 ] DEBUG Engine               - urlLeaderboard: http://fxgl-top.herokuapp.com/
16:47:44.778 [FXGL Background Thread 3 ] DEBUG Engine               - urlPOM: https://raw.githubusercontent.com/AlmasB/FXGL/release/README.md
16:47:44.778 [FXGL Background Thread 3 ] DEBUG Engine               - userAppClass: class com.example.csit228capstonesirjaysimulator.application.GameLevelApp
16:47:44.778 [FXGL Background Thread 3 ] DEBUG Engine               - version: 0.0
16:47:44.778 [FXGL Background Thread 3 ] DEBUG Engine               - versionCheckDays: 7
16:47:44.778 [FXGL Background Thread 3 ] DEBUG Engine               - width: 1280
16:47:44.778 [FXGL Background Thread 3 ] DEBUG Engine               - Logging services
16:47:44.778 [FXGL Background Thread 3 ] DEBUG Engine               - class com.almasb.fxgl.app.services.FXGLAssetLoaderService
16:47:44.778 [FXGL Background Thread 3 ] DEBUG Engine               - class com.almasb.fxgl.app.FXGLApplication$GameApplicationService
16:47:44.778 [FXGL Background Thread 3 ] DEBUG Engine               - class com.almasb.fxgl.app.services.FXGLDialogService
16:47:44.778 [FXGL Background Thread 3 ] DEBUG Engine               - class com.almasb.fxgl.app.services.IOTaskExecutorService
16:47:44.778 [FXGL Background Thread 3 ] DEBUG Engine               - class com.almasb.fxgl.io.FileSystemService
16:47:44.778 [FXGL Background Thread 3 ] DEBUG Engine               - class com.almasb.fxgl.localization.LocalizationService
16:47:44.778 [FXGL Background Thread 3 ] DEBUG Engine               - class com.almasb.fxgl.app.services.SystemBundleService
16:47:44.778 [FXGL Background Thread 3 ] DEBUG Engine               - class com.almasb.fxgl.profile.SaveLoadService
16:47:44.778 [FXGL Background Thread 3 ] DEBUG Engine               - class com.almasb.fxgl.ui.FXGLUIFactoryServiceProvider
16:47:44.778 [FXGL Background Thread 3 ] DEBUG Engine               - class com.almasb.fxgl.ui.FXGLDialogFactoryServiceProvider
16:47:44.778 [FXGL Background Thread 3 ] DEBUG Engine               - class com.almasb.fxgl.audio.AudioPlayer
16:47:44.779 [FXGL Background Thread 3 ] DEBUG Engine               - class com.almasb.fxgl.notification.impl.NotificationServiceProvider
16:47:44.779 [FXGL Background Thread 3 ] DEBUG Engine               - class com.almasb.fxgl.achievement.AchievementService
16:47:44.779 [FXGL Background Thread 3 ] DEBUG Engine               - class com.almasb.fxgl.cutscene.CutsceneService
16:47:44.780 [FXGL Background Thread 3 ] DEBUG Engine               - class com.almasb.fxgl.minigames.MiniGameService
16:47:44.780 [FXGL Background Thread 3 ] DEBUG Engine               - class com.almasb.fxgl.net.NetService
16:47:44.780 [FXGL Background Thread 3 ] DEBUG Engine               - class com.almasb.fxgl.app.services.UpdaterService
16:47:44.780 [FXGL Background Thread 3 ] DEBUG Engine               - class com.almasb.fxgl.dev.DevService
16:47:45.442 [JavaFX Application Thread] DEBUG PrimaryStageWindow   - Push state: ProfileSelectScene
16:47:45.442 [JavaFX Application Thread] DEBUG Input                - Clearing active input actions
16:47:45.444 [JavaFX Application Thread] DEBUG GameApplicationServi - Removing overlay from MainMenuApp and adding to ProfileSelectScene
16:47:45.445 [JavaFX Application Thread] DEBUG PrimaryStageWindow   - MainMenuApp -> ProfileSelectScene
16:47:50.797 [JavaFX Application Thread] DEBUG PrimaryStageWindow   - Pop state: ProfileSelectScene
16:47:50.798 [JavaFX Application Thread] DEBUG Input                - Clearing active input actions
16:47:50.799 [JavaFX Application Thread] DEBUG GameApplicationServi - Removing overlay from ProfileSelectScene and adding to MainMenuApp
16:47:50.802 [JavaFX Application Thread] DEBUG PrimaryStageWindow   - MainMenuApp <- ProfileSelectScene
16:47:50.927 [JavaFX Application Thread] DEBUG Input                - Registered new binding: Advance - Enter
16:47:50.927 [JavaFX Application Thread] DEBUG FXGLAssetLoaderServi - Loading from file system: file:/Users/chloejuliageonzon/Documents/IdeaProjects/School/CSIT228-Capstone-Sir-Jay-Simulator/target/classes/assets/music/classroom.wav
16:47:50.930 [JavaFX Application Thread] DEBUG AudioPlayer          - Playing music com.almasb.fxgl.audio.Music@2b99f2e3
16:47:50.931 [JavaFX Application Thread] DEBUG PrimaryStageWindow   - Push state: IntroCutScene
16:47:50.931 [JavaFX Application Thread] DEBUG Input                - Clearing active input actions
16:47:50.932 [JavaFX Application Thread] DEBUG GameApplicationServi - Removing overlay from MainMenuApp and adding to IntroCutScene
16:47:50.932 [JavaFX Application Thread] DEBUG PrimaryStageWindow   - MainMenuApp -> IntroCutScene
16:47:52.734 [JavaFX Application Thread] DEBUG AudioPlayer          - Stopping music com.almasb.fxgl.audio.Music@19d5a668
16:47:52.737 [JavaFX Application Thread] DEBUG AudioPlayer          - Stopping music com.almasb.fxgl.audio.Music@2b99f2e3
16:47:52.738 [JavaFX Application Thread] DEBUG Menu                 - fireNewGame()
16:47:52.738 [JavaFX Application Thread] DEBUG GameApplicationServi - Starting new game
16:47:52.738 [JavaFX Application Thread] DEBUG PrimaryStageWindow   - Pop state: IntroCutScene
16:47:52.738 [JavaFX Application Thread] DEBUG Input                - Clearing active input actions
16:47:52.739 [JavaFX Application Thread] DEBUG GameApplicationServi - Removing overlay from IntroCutScene and adding to MainMenuApp
16:47:52.740 [JavaFX Application Thread] DEBUG PrimaryStageWindow   - MainMenuApp <- IntroCutScene
16:47:52.740 [JavaFX Application Thread] DEBUG PrimaryStageWindow   - Pop state: MainMenuApp
16:47:52.740 [JavaFX Application Thread] DEBUG Input                - Clearing active input actions
16:47:52.740 [JavaFX Application Thread] DEBUG GameApplicationServi - Removing overlay from MainMenuApp and adding to FXGLMainMenuDummyScene
16:47:52.741 [JavaFX Application Thread] DEBUG PrimaryStageWindow   - FXGLMainMenuDummyScene <- MainMenuApp
16:47:52.741 [JavaFX Application Thread] DEBUG Input                - Clearing active input actions
16:47:52.746 [JavaFX Application Thread] DEBUG GameApplicationServi - Removing overlay from FXGLMainMenuDummyScene and adding to FXGLLoadingScene
16:47:52.753 [JavaFX Application Thread] DEBUG PrimaryStageWindow   - FXGLMainMenuDummyScene -> FXGLLoadingScene
16:47:52.753 [JavaFX Application Thread] DEBUG GameApplicationServi - Clearing previous game
16:47:52.753 [JavaFX Application Thread] DEBUG GameScene            - Clearing game scene
16:47:52.753 [JavaFX Application Thread] DEBUG GameWorld            - Clearing game world
16:47:52.753 [JavaFX Application Thread] DEBUG PhysicsWorld         - Clearing physics world
16:47:52.754 [FXGL Background Thread 2 ] DEBUG FXGLApplication      - Initializing game
16:47:52.755 [FXGL Background Thread 2 ] DEBUG FXGLAssetLoaderServi - Loading from file system: file:/Users/chloejuliageonzon/Documents/IdeaProjects/School/CSIT228-Capstone-Sir-Jay-Simulator/target/classes/assets/sounds/correct.mp3
16:47:52.763 [FXGL Background Thread 2 ] DEBUG FXGLAssetLoaderServi - Loading from file system: file:/Users/chloejuliageonzon/Documents/IdeaProjects/School/CSIT228-Capstone-Sir-Jay-Simulator/target/classes/assets/sounds/wrong.mp3
16:47:52.764 [FXGL Background Thread 2 ] DEBUG FXGLAssetLoaderServi - Loading from file system: file:/Users/chloejuliageonzon/Documents/IdeaProjects/School/CSIT228-Capstone-Sir-Jay-Simulator/target/classes/assets/sounds/tap.mp3
16:47:52.767 [FXGL Background Thread 2 ] DEBUG FXGLAssetLoaderServi - Loading from file system: file:/Users/chloejuliageonzon/Documents/IdeaProjects/School/CSIT228-Capstone-Sir-Jay-Simulator/target/classes/assets/textures/Chair.PNG
16:47:52.808 [FXGL Background Thread 2 ] WARN  FXGLAssetLoaderServi - Asset "/assets/textures/stud4_idle_state.png" was not found!
16:47:52.808 [FXGL Background Thread 2 ] WARN  FXGLAssetLoaderServi - Failed to load IMAGE
16:47:52.812 [FXGL Background Thread 2 ] WARN  FXGLAssetLoaderServi - Asset "/assets/textures/stud4_sus_state.png" was not found!
16:47:52.812 [FXGL Background Thread 2 ] WARN  FXGLAssetLoaderServi - Failed to load IMAGE
16:47:52.812 [FXGL Background Thread 2 ] WARN  FXGLAssetLoaderServi - Asset "/assets/textures/stud4_cheat_state.png" was not found!
16:47:52.812 [FXGL Background Thread 2 ] WARN  FXGLAssetLoaderServi - Failed to load IMAGE
16:47:52.813 [FXGL Background Thread 2 ] WARN  FXGLAssetLoaderServi - Asset "/assets/textures/stud4_talking_state.png" was not found!
16:47:52.813 [FXGL Background Thread 2 ] WARN  FXGLAssetLoaderServi - Failed to load IMAGE
16:47:52.816 [FXGL Background Thread 2 ] WARN  FXGLAssetLoaderServi - Asset "/assets/textures/stud4_idle_state.png" was not found!
16:47:52.816 [FXGL Background Thread 2 ] WARN  FXGLAssetLoaderServi - Failed to load IMAGE
16:47:52.816 [FXGL Background Thread 2 ] WARN  FXGLAssetLoaderServi - Asset "/assets/textures/stud4_sus_state.png" was not found!
16:47:52.816 [FXGL Background Thread 2 ] WARN  FXGLAssetLoaderServi - Failed to load IMAGE
16:47:52.816 [FXGL Background Thread 2 ] WARN  FXGLAssetLoaderServi - Asset "/assets/textures/stud4_cheat_state.png" was not found!
16:47:52.816 [FXGL Background Thread 2 ] WARN  FXGLAssetLoaderServi - Failed to load IMAGE
16:47:52.816 [FXGL Background Thread 2 ] WARN  FXGLAssetLoaderServi - Asset "/assets/textures/stud4_talking_state.png" was not found!
16:47:52.816 [FXGL Background Thread 2 ] WARN  FXGLAssetLoaderServi - Failed to load IMAGE
16:47:52.817 [FXGL Background Thread 2 ] WARN  FXGLAssetLoaderServi - Asset "/assets/textures/stud1_idle_state.png" was not found!
16:47:52.817 [FXGL Background Thread 2 ] WARN  FXGLAssetLoaderServi - Failed to load IMAGE
16:47:52.817 [FXGL Background Thread 2 ] WARN  FXGLAssetLoaderServi - Asset "/assets/textures/stud1_sus_state.png" was not found!
16:47:52.817 [FXGL Background Thread 2 ] WARN  FXGLAssetLoaderServi - Failed to load IMAGE
16:47:52.817 [FXGL Background Thread 2 ] WARN  FXGLAssetLoaderServi - Asset "/assets/textures/stud1_cheat_state.png" was not found!
16:47:52.817 [FXGL Background Thread 2 ] WARN  FXGLAssetLoaderServi - Failed to load IMAGE
16:47:52.817 [FXGL Background Thread 2 ] WARN  FXGLAssetLoaderServi - Asset "/assets/textures/stud1_talking_state.png" was not found!
16:47:52.817 [FXGL Background Thread 2 ] WARN  FXGLAssetLoaderServi - Failed to load IMAGE
16:47:52.817 [FXGL Background Thread 2 ] DEBUG FXGLAssetLoaderServi - Loading from file system: file:/Users/chloejuliageonzon/Documents/IdeaProjects/School/CSIT228-Capstone-Sir-Jay-Simulator/target/classes/assets/textures/trey_idle_state.png
16:47:52.824 [FXGL Background Thread 2 ] DEBUG FXGLAssetLoaderServi - Loading from file system: file:/Users/chloejuliageonzon/Documents/IdeaProjects/School/CSIT228-Capstone-Sir-Jay-Simulator/target/classes/assets/textures/trey_sus_state.png
16:47:52.831 [FXGL Background Thread 2 ] DEBUG FXGLAssetLoaderServi - Loading from file system: file:/Users/chloejuliageonzon/Documents/IdeaProjects/School/CSIT228-Capstone-Sir-Jay-Simulator/target/classes/assets/textures/trey_cheat_state.png
16:47:52.838 [FXGL Background Thread 2 ] DEBUG FXGLAssetLoaderServi - Loading from file system: file:/Users/chloejuliageonzon/Documents/IdeaProjects/School/CSIT228-Capstone-Sir-Jay-Simulator/target/classes/assets/textures/trey_talking_state.png
16:47:52.845 [FXGL Background Thread 2 ] WARN  FXGLAssetLoaderServi - Asset "/assets/textures/stud3_idle_state.png" was not found!
16:47:52.845 [FXGL Background Thread 2 ] WARN  FXGLAssetLoaderServi - Failed to load IMAGE
16:47:52.845 [FXGL Background Thread 2 ] WARN  FXGLAssetLoaderServi - Asset "/assets/textures/stud3_sus_state.png" was not found!
16:47:52.845 [FXGL Background Thread 2 ] WARN  FXGLAssetLoaderServi - Failed to load IMAGE
16:47:52.845 [FXGL Background Thread 2 ] WARN  FXGLAssetLoaderServi - Asset "/assets/textures/stud3_cheat_state.png" was not found!
16:47:52.845 [FXGL Background Thread 2 ] WARN  FXGLAssetLoaderServi - Failed to load IMAGE
16:47:52.845 [FXGL Background Thread 2 ] WARN  FXGLAssetLoaderServi - Asset "/assets/textures/stud3_talking_state.png" was not found!
16:47:52.845 [FXGL Background Thread 2 ] WARN  FXGLAssetLoaderServi - Failed to load IMAGE
16:47:52.846 [FXGL Background Thread 2 ] WARN  FXGLAssetLoaderServi - Asset "/assets/textures/stud1_idle_state.png" was not found!
16:47:52.846 [FXGL Background Thread 2 ] WARN  FXGLAssetLoaderServi - Failed to load IMAGE
16:47:52.846 [FXGL Background Thread 2 ] WARN  FXGLAssetLoaderServi - Asset "/assets/textures/stud1_sus_state.png" was not found!
16:47:52.846 [FXGL Background Thread 2 ] WARN  FXGLAssetLoaderServi - Failed to load IMAGE
16:47:52.846 [FXGL Background Thread 2 ] WARN  FXGLAssetLoaderServi - Asset "/assets/textures/stud1_cheat_state.png" was not found!
16:47:52.846 [FXGL Background Thread 2 ] WARN  FXGLAssetLoaderServi - Failed to load IMAGE
16:47:52.846 [FXGL Background Thread 2 ] WARN  FXGLAssetLoaderServi - Asset "/assets/textures/stud1_talking_state.png" was not found!
16:47:52.846 [FXGL Background Thread 2 ] WARN  FXGLAssetLoaderServi - Failed to load IMAGE
16:47:52.846 [FXGL Background Thread 2 ] WARN  FXGLAssetLoaderServi - Asset "/assets/textures/stud4_idle_state.png" was not found!
16:47:52.846 [FXGL Background Thread 2 ] WARN  FXGLAssetLoaderServi - Failed to load IMAGE
16:47:52.846 [FXGL Background Thread 2 ] WARN  FXGLAssetLoaderServi - Asset "/assets/textures/stud4_sus_state.png" was not found!
16:47:52.846 [FXGL Background Thread 2 ] WARN  FXGLAssetLoaderServi - Failed to load IMAGE
16:47:52.847 [FXGL Background Thread 2 ] WARN  FXGLAssetLoaderServi - Asset "/assets/textures/stud4_cheat_state.png" was not found!
16:47:52.847 [FXGL Background Thread 2 ] WARN  FXGLAssetLoaderServi - Failed to load IMAGE
16:47:52.847 [FXGL Background Thread 2 ] WARN  FXGLAssetLoaderServi - Asset "/assets/textures/stud4_talking_state.png" was not found!
16:47:52.847 [FXGL Background Thread 2 ] WARN  FXGLAssetLoaderServi - Failed to load IMAGE
16:47:52.847 [FXGL Background Thread 2 ] WARN  FXGLAssetLoaderServi - Asset "/assets/textures/stud3_idle_state.png" was not found!
16:47:52.847 [FXGL Background Thread 2 ] WARN  FXGLAssetLoaderServi - Failed to load IMAGE
16:47:52.847 [FXGL Background Thread 2 ] WARN  FXGLAssetLoaderServi - Asset "/assets/textures/stud3_sus_state.png" was not found!
16:47:52.847 [FXGL Background Thread 2 ] WARN  FXGLAssetLoaderServi - Failed to load IMAGE
16:47:52.847 [FXGL Background Thread 2 ] WARN  FXGLAssetLoaderServi - Asset "/assets/textures/stud3_cheat_state.png" was not found!
16:47:52.847 [FXGL Background Thread 2 ] WARN  FXGLAssetLoaderServi - Failed to load IMAGE
16:47:52.847 [FXGL Background Thread 2 ] WARN  FXGLAssetLoaderServi - Asset "/assets/textures/stud3_talking_state.png" was not found!
16:47:52.847 [FXGL Background Thread 2 ] WARN  FXGLAssetLoaderServi - Failed to load IMAGE
16:47:52.848 [FXGL Background Thread 2 ] WARN  FXGLAssetLoaderServi - Asset "/assets/textures/stud3_idle_state.png" was not found!
16:47:52.848 [FXGL Background Thread 2 ] WARN  FXGLAssetLoaderServi - Failed to load IMAGE
16:47:52.848 [FXGL Background Thread 2 ] WARN  FXGLAssetLoaderServi - Asset "/assets/textures/stud3_sus_state.png" was not found!
16:47:52.848 [FXGL Background Thread 2 ] WARN  FXGLAssetLoaderServi - Failed to load IMAGE
16:47:52.848 [FXGL Background Thread 2 ] WARN  FXGLAssetLoaderServi - Asset "/assets/textures/stud3_cheat_state.png" was not found!
16:47:52.848 [FXGL Background Thread 2 ] WARN  FXGLAssetLoaderServi - Failed to load IMAGE
16:47:52.848 [FXGL Background Thread 2 ] WARN  FXGLAssetLoaderServi - Asset "/assets/textures/stud3_talking_state.png" was not found!
16:47:52.848 [FXGL Background Thread 2 ] WARN  FXGLAssetLoaderServi - Failed to load IMAGE
16:47:52.848 [FXGL Background Thread 2 ] WARN  FXGLAssetLoaderServi - Asset "/assets/textures/stud1_idle_state.png" was not found!
16:47:52.848 [FXGL Background Thread 2 ] WARN  FXGLAssetLoaderServi - Failed to load IMAGE
16:47:52.848 [FXGL Background Thread 2 ] WARN  FXGLAssetLoaderServi - Asset "/assets/textures/stud1_sus_state.png" was not found!
16:47:52.849 [FXGL Background Thread 2 ] WARN  FXGLAssetLoaderServi - Failed to load IMAGE
16:47:52.849 [FXGL Background Thread 2 ] WARN  FXGLAssetLoaderServi - Asset "/assets/textures/stud1_cheat_state.png" was not found!
16:47:52.849 [FXGL Background Thread 2 ] WARN  FXGLAssetLoaderServi - Failed to load IMAGE
16:47:52.849 [FXGL Background Thread 2 ] WARN  FXGLAssetLoaderServi - Asset "/assets/textures/stud1_talking_state.png" was not found!
16:47:52.849 [FXGL Background Thread 2 ] WARN  FXGLAssetLoaderServi - Failed to load IMAGE
16:47:52.849 [FXGL Background Thread 2 ] WARN  FXGLAssetLoaderServi - Asset "/assets/textures/stud3_idle_state.png" was not found!
16:47:52.849 [FXGL Background Thread 2 ] WARN  FXGLAssetLoaderServi - Failed to load IMAGE
16:47:52.849 [FXGL Background Thread 2 ] WARN  FXGLAssetLoaderServi - Asset "/assets/textures/stud3_sus_state.png" was not found!
16:47:52.849 [FXGL Background Thread 2 ] WARN  FXGLAssetLoaderServi - Failed to load IMAGE
16:47:52.849 [FXGL Background Thread 2 ] WARN  FXGLAssetLoaderServi - Asset "/assets/textures/stud3_cheat_state.png" was not found!
16:47:52.849 [FXGL Background Thread 2 ] WARN  FXGLAssetLoaderServi - Failed to load IMAGE
16:47:52.849 [FXGL Background Thread 2 ] WARN  FXGLAssetLoaderServi - Asset "/assets/textures/stud3_talking_state.png" was not found!
16:47:52.849 [FXGL Background Thread 2 ] WARN  FXGLAssetLoaderServi - Failed to load IMAGE
16:47:52.849 [FXGL Background Thread 2 ] WARN  FXGLAssetLoaderServi - Asset "/assets/textures/stud3_idle_state.png" was not found!
16:47:52.849 [FXGL Background Thread 2 ] WARN  FXGLAssetLoaderServi - Failed to load IMAGE
16:47:52.850 [FXGL Background Thread 2 ] WARN  FXGLAssetLoaderServi - Asset "/assets/textures/stud3_sus_state.png" was not found!
16:47:52.850 [FXGL Background Thread 2 ] WARN  FXGLAssetLoaderServi - Failed to load IMAGE
16:47:52.850 [FXGL Background Thread 2 ] WARN  FXGLAssetLoaderServi - Asset "/assets/textures/stud3_cheat_state.png" was not found!
16:47:52.850 [FXGL Background Thread 2 ] WARN  FXGLAssetLoaderServi - Failed to load IMAGE
16:47:52.850 [FXGL Background Thread 2 ] WARN  FXGLAssetLoaderServi - Asset "/assets/textures/stud3_talking_state.png" was not found!
16:47:52.850 [FXGL Background Thread 2 ] WARN  FXGLAssetLoaderServi - Failed to load IMAGE
16:47:52.851 [FXGL Background Thread 2 ] WARN  FXGLAssetLoaderServi - Asset "/assets/textures/stud1_idle_state.png" was not found!
16:47:52.851 [FXGL Background Thread 2 ] WARN  FXGLAssetLoaderServi - Failed to load IMAGE
16:47:52.851 [FXGL Background Thread 2 ] WARN  FXGLAssetLoaderServi - Asset "/assets/textures/stud1_sus_state.png" was not found!
16:47:52.851 [FXGL Background Thread 2 ] WARN  FXGLAssetLoaderServi - Failed to load IMAGE
16:47:52.851 [FXGL Background Thread 2 ] WARN  FXGLAssetLoaderServi - Asset "/assets/textures/stud1_cheat_state.png" was not found!
16:47:52.851 [FXGL Background Thread 2 ] WARN  FXGLAssetLoaderServi - Failed to load IMAGE
16:47:52.851 [FXGL Background Thread 2 ] WARN  FXGLAssetLoaderServi - Asset "/assets/textures/stud1_talking_state.png" was not found!
16:47:52.851 [FXGL Background Thread 2 ] WARN  FXGLAssetLoaderServi - Failed to load IMAGE
16:47:52.851 [FXGL Background Thread 2 ] WARN  FXGLAssetLoaderServi - Asset "/assets/textures/stud1_idle_state.png" was not found!
16:47:52.851 [FXGL Background Thread 2 ] WARN  FXGLAssetLoaderServi - Failed to load IMAGE
16:47:52.851 [FXGL Background Thread 2 ] WARN  FXGLAssetLoaderServi - Asset "/assets/textures/stud1_sus_state.png" was not found!
16:47:52.851 [FXGL Background Thread 2 ] WARN  FXGLAssetLoaderServi - Failed to load IMAGE
16:47:52.852 [FXGL Background Thread 2 ] WARN  FXGLAssetLoaderServi - Asset "/assets/textures/stud1_cheat_state.png" was not found!
16:47:52.852 [FXGL Background Thread 2 ] WARN  FXGLAssetLoaderServi - Failed to load IMAGE
16:47:52.852 [FXGL Background Thread 2 ] WARN  FXGLAssetLoaderServi - Asset "/assets/textures/stud1_talking_state.png" was not found!
16:47:52.852 [FXGL Background Thread 2 ] WARN  FXGLAssetLoaderServi - Failed to load IMAGE
16:47:52.852 [FXGL Background Thread 2 ] WARN  FXGLAssetLoaderServi - Asset "/assets/textures/stud1_idle_state.png" was not found!
16:47:52.852 [FXGL Background Thread 2 ] WARN  FXGLAssetLoaderServi - Failed to load IMAGE
16:47:52.852 [FXGL Background Thread 2 ] WARN  FXGLAssetLoaderServi - Asset "/assets/textures/stud1_sus_state.png" was not found!
16:47:52.852 [FXGL Background Thread 2 ] WARN  FXGLAssetLoaderServi - Failed to load IMAGE
16:47:52.852 [FXGL Background Thread 2 ] WARN  FXGLAssetLoaderServi - Asset "/assets/textures/stud1_cheat_state.png" was not found!
16:47:52.852 [FXGL Background Thread 2 ] WARN  FXGLAssetLoaderServi - Failed to load IMAGE
16:47:52.852 [FXGL Background Thread 2 ] WARN  FXGLAssetLoaderServi - Asset "/assets/textures/stud1_talking_state.png" was not found!
16:47:52.852 [FXGL Background Thread 2 ] WARN  FXGLAssetLoaderServi - Failed to load IMAGE
16:47:52.852 [FXGL Background Thread 2 ] WARN  FXGLAssetLoaderServi - Asset "/assets/textures/stud2_idle_state.png" was not found!
16:47:52.852 [FXGL Background Thread 2 ] WARN  FXGLAssetLoaderServi - Failed to load IMAGE
16:47:52.852 [FXGL Background Thread 2 ] WARN  FXGLAssetLoaderServi - Asset "/assets/textures/stud2_sus_state.png" was not found!
16:47:52.852 [FXGL Background Thread 2 ] WARN  FXGLAssetLoaderServi - Failed to load IMAGE
16:47:52.852 [FXGL Background Thread 2 ] WARN  FXGLAssetLoaderServi - Asset "/assets/textures/stud2_cheat_state.png" was not found!
16:47:52.853 [FXGL Background Thread 2 ] WARN  FXGLAssetLoaderServi - Failed to load IMAGE
16:47:52.853 [FXGL Background Thread 2 ] WARN  FXGLAssetLoaderServi - Asset "/assets/textures/stud2_talking_state.png" was not found!
16:47:52.853 [FXGL Background Thread 2 ] WARN  FXGLAssetLoaderServi - Failed to load IMAGE
16:47:52.853 [FXGL Background Thread 2 ] WARN  FXGLAssetLoaderServi - Asset "/assets/textures/stud1_idle_state.png" was not found!
16:47:52.853 [FXGL Background Thread 2 ] WARN  FXGLAssetLoaderServi - Failed to load IMAGE
16:47:52.853 [FXGL Background Thread 2 ] WARN  FXGLAssetLoaderServi - Asset "/assets/textures/stud1_sus_state.png" was not found!
16:47:52.853 [FXGL Background Thread 2 ] WARN  FXGLAssetLoaderServi - Failed to load IMAGE
16:47:52.853 [FXGL Background Thread 2 ] WARN  FXGLAssetLoaderServi - Asset "/assets/textures/stud1_cheat_state.png" was not found!
16:47:52.853 [FXGL Background Thread 2 ] WARN  FXGLAssetLoaderServi - Failed to load IMAGE
16:47:52.853 [FXGL Background Thread 2 ] WARN  FXGLAssetLoaderServi - Asset "/assets/textures/stud1_talking_state.png" was not found!
16:47:52.853 [FXGL Background Thread 2 ] WARN  FXGLAssetLoaderServi - Failed to load IMAGE
16:47:52.862 [FXGL Background Thread 2 ] DEBUG FXGLAssetLoaderServi - Loading from file system: file:/Users/chloejuliageonzon/Documents/IdeaProjects/School/CSIT228-Capstone-Sir-Jay-Simulator/target/classes/assets/textures/teacherView_leftSide.PNG
16:47:52.883 [FXGL Background Thread 2 ] DEBUG FXGLAssetLoaderServi - Loading from file system: file:/Users/chloejuliageonzon/Documents/IdeaProjects/School/CSIT228-Capstone-Sir-Jay-Simulator/target/classes/assets/textures/Table.PNG
16:47:53.067 [FXGL Background Thread 2 ] INFO  FXGLApplication      - Game initialization took: 0.313 sec
16:47:53.068 [JavaFX Application Thread] DEBUG Input                - Clearing active input actions
16:47:53.070 [JavaFX Application Thread] DEBUG GameApplicationServi - Removing overlay from FXGLLoadingScene and adding to GameScene
16:47:53.071 [JavaFX Application Thread] DEBUG PrimaryStageWindow   - FXGLLoadingScene -> GameScene
16:47:54.263 [JavaFX Application Thread] DEBUG FXGLAssetLoaderServi - Loading from file system: file:/Users/chloejuliageonzon/Documents/IdeaProjects/School/CSIT228-Capstone-Sir-Jay-Simulator/target/classes/assets/textures/teacherView_rightSide.PNG
16:47:56.963 [JavaFX Application Thread] DEBUG FXGLAssetLoaderServi - Loading from file system: file:/Users/chloejuliageonzon/Documents/IdeaProjects/School/CSIT228-Capstone-Sir-Jay-Simulator/target/classes/assets/sounds/howsurdayeverybody2.wav
16:47:58.013 [JavaFX Application Thread] DEBUG FXGLAssetLoaderServi - Loading from file system: file:/Users/chloejuliageonzon/Documents/IdeaProjects/School/CSIT228-Capstone-Sir-Jay-Simulator/target/classes/assets/music/distractor_sfx.wav
16:47:58.020 [JavaFX Application Thread] DEBUG AudioPlayer          - Playing music com.almasb.fxgl.audio.Music@5b0a614f
16:47:58.170 [JavaFX Application Thread] DEBUG FXGLApplication      - Exiting FXGL
16:47:58.170 [JavaFX Application Thread] DEBUG LoopRunner           - Stopping loop
16:47:58.170 [JavaFX Application Thread] DEBUG SystemBundleService  - Saving FXGL system data
16:47:58.171 [JavaFX Application Thread] DEBUG FileSystemAccess     - Writing to: /Users/chloejuliageonzon/Documents/IdeaProjects/School/CSIT228-Capstone-Sir-Jay-Simulator/system/fxgl.bundle
16:47:58.172 [JavaFX Application Thread] DEBUG Async                - Shutting down background threads
16:47:58.172 [JavaFX Application Thread] DEBUG PrimaryStageWindow   - Closing main window
16:47:58.180 [JavaFX Application Thread] DEBUG Logger               - Closing Logger
