16:20:45.271 [main                     ] DEBUG Logger               - Configured Logger
16:20:45.273 [main                     ] DEBUG GameApplication      - Logging settings
Title: Sir Serato Simulator
Version: 0.0
Width: 1280
Height: 720
Fullscreen: false
Intro: false
Profiling: false
Single step:false
App Mode: DEVELOPER
Menu Key: F12
Stage Style: DECORATED
Scene Factory: class com.example.csit228capstonesirjaysimulator.application.MenuFactory

16:20:45.452 [JavaFX Application Thread] DEBUG FXGLApplication      - Initializing FXGL
16:20:45.453 [JavaFX Application Thread] INFO  Engine               - FXGL-17.3 (30.03.2023 11.49) on MAC (J:25.0.1 FX:21.0.6)
16:20:45.453 [JavaFX Application Thread] DEBUG Engine               - JRE Vendor Name: Oracle Corporation
16:20:45.453 [JavaFX Application Thread] DEBUG Engine               - Running on OS: Mac OS X version 14.6
16:20:45.453 [JavaFX Application Thread] DEBUG Engine               - Architecture: aarch64
16:20:45.453 [JavaFX Application Thread] INFO  Engine               - Source code and latest versions at: https://github.com/AlmasB/FXGL
16:20:45.453 [JavaFX Application Thread] INFO  Engine               -       Ask questions and discuss at: https://github.com/AlmasB/FXGL/discussions
16:20:45.453 [JavaFX Application Thread] INFO  Engine               -              Join the FXGL chat at: https://gitter.im/AlmasB/FXGL
16:20:45.491 [JavaFX Application Thread] DEBUG PrimaryStageWindow   - Creating a JavaFX scene
16:20:45.509 [JavaFX Application Thread] DEBUG PrimaryStageWindow   - Target settings size: 1280.0 x 720.0
16:20:45.509 [JavaFX Application Thread] DEBUG PrimaryStageWindow   - Scaled scene size:    1280.0 x 720.0
16:20:45.509 [JavaFX Application Thread] DEBUG PrimaryStageWindow   - Scaled ratio: (1.0, 1.0)
16:20:45.509 [JavaFX Application Thread] DEBUG PrimaryStageWindow   - Set initial scene to FXGLStartupScene
16:20:45.510 [JavaFX Application Thread] DEBUG PrimaryStageWindow   - Opening main window
16:20:45.569 [JavaFX Application Thread] DEBUG PrimaryStageWindow   - Window border size: (0.0, 28.0)
16:20:45.569 [JavaFX Application Thread] DEBUG PrimaryStageWindow   - Scaled size: 1280.0 x 720.0
16:20:45.569 [JavaFX Application Thread] DEBUG PrimaryStageWindow   - Scaled ratio: (1.0, 1.0)
16:20:45.569 [JavaFX Application Thread] DEBUG PrimaryStageWindow   - Scene size: 1280.0 x 720.0
16:20:45.569 [JavaFX Application Thread] DEBUG PrimaryStageWindow   - Stage size: 1280.0 x 748.0
16:20:45.572 [FXGL Background Thread 1 ] DEBUG Engine               - Initializing environment variables
16:20:45.603 [FXGL Background Thread 1 ] DEBUG FXGLAssetLoaderServi - User app class for loading assets: class com.example.csit228capstonesirjaysimulator.application.GameLevelApp
16:20:45.603 [FXGL Background Thread 1 ] DEBUG GameApplicationServi - Applying CSS: fxgl_dark.css
16:20:45.603 [FXGL Background Thread 1 ] DEBUG FXGLAssetLoaderServi - Loading from file system: jar:file:///Users/chloejuliageonzon/.m2/repository/com/github/almasb/fxgl/17.3/fxgl-17.3.jar!/fxglassets/ui/css/fxgl_dark.css
16:20:45.637 [FXGL Background Thread 1 ] DEBUG GameApplicationServi - Initializing application scenes
16:20:45.718 [FXGL Background Thread 1 ] DEBUG GameWorld            - Game world initialized
16:20:45.798 [FXGL Background Thread 1 ] DEBUG PhysicsWorld         - Physics world initialized: appHeight=720, physics.ppm=50.0
16:20:45.799 [FXGL Background Thread 1 ] DEBUG PhysicsWorld         - Using strategy: BRUTE_FORCE
16:20:45.811 [FXGL Background Thread 1 ] DEBUG GameScene            - Game scene initialized: 1280x720
16:20:46.215 [FXGL Background Thread 1 ] DEBUG FXGLAssetLoaderServi - Loading from file system: file:/Users/chloejuliageonzon/Documents/IdeaProjects/School/CSIT228-Capstone-Sir-Jay-Simulator/target/classes/assets/music/intro_music.wav
16:20:46.364 [FXGL Background Thread 1 ] DEBUG AudioPlayer          - Playing music com.almasb.fxgl.audio.Music@36a5f575
16:20:46.369 [FXGL Background Thread 1 ] DEBUG FXGL.DefaultMenu     - createMenuBodyGameMenu()
16:20:46.375 [FXGL Background Thread 1 ] DEBUG FXGL.DefaultMenu     - createOptionsMenu()
16:20:46.378 [FXGL Background Thread 1 ] DEBUG FXGLAssetLoaderServi - Loading from file system: jar:file:///Users/chloejuliageonzon/.m2/repository/com/github/almasb/fxgl/17.3/fxgl-17.3.jar!/fxglassets/textures/particles/smoke.png
16:20:46.412 [FXGL Background Thread 1 ] DEBUG FXGLAssetLoaderServi - Loading from file system: jar:file:///Users/chloejuliageonzon/.m2/repository/com/github/almasb/fxgl/17.3/fxgl-17.3.jar!/fxglassets/textures/particles/trace_horizontal.png
16:20:46.420 [FXGL Background Thread 1 ] DEBUG GameApplicationServi - Application scenes initialized
16:20:46.424 [FXGL Background Thread 1 ] DEBUG SystemBundleService  - Loading FXGL system data
16:20:46.425 [FXGL Background Thread 1 ] DEBUG FileSystemAccess     - Reading from: /Users/chloejuliageonzon/Documents/IdeaProjects/School/CSIT228-Capstone-Sir-Jay-Simulator/system/fxgl.bundle
16:20:46.428 [FXGL Background Thread 1 ] DEBUG SystemBundleService  - Bundle FXGL: {}
16:20:46.428 [FXGL Background Thread 1 ] DEBUG UpdaterService       - Checking for updates
16:20:46.443 [FXGL Background Thread 4 ] DEBUG FXGLApplication      - Loading fonts
16:20:46.443 [FXGL Background Thread 1 ] DEBUG FXGLApplication      - Loading default localization
16:20:46.443 [FXGL Background Thread 4 ] DEBUG FXGLAssetLoaderServi - Loading from file system: jar:file:///Users/chloejuliageonzon/.m2/repository/com/github/almasb/fxgl/17.3/fxgl-17.3.jar!/fxglassets/ui/fonts/VarelaRound-Regular.ttf
16:20:46.443 [FXGL Background Thread 1 ] DEBUG FXGLAssetLoaderServi - Loading from file system: jar:file:///Users/chloejuliageonzon/.m2/repository/com/github/almasb/fxgl/17.3/fxgl-17.3.jar!/fxglassets/languages/english.lang
16:20:46.451 [FXGL Background Thread 1 ] INFO  FXGLApplication      - FXGL initialization took: 0.878 sec
16:20:46.451 [FXGL Background Thread 4 ] DEBUG FXGLAssetLoaderServi - Loading from file system: jar:file:///Users/chloejuliageonzon/.m2/repository/com/github/almasb/fxgl/17.3/fxgl-17.3.jar!/fxglassets/ui/fonts/Abel-Regular.ttf
16:20:46.453 [FXGL Background Thread 4 ] DEBUG FXGLAssetLoaderServi - Loading from file system: jar:file:///Users/chloejuliageonzon/.m2/repository/com/github/almasb/fxgl/17.3/fxgl-17.3.jar!/fxglassets/ui/fonts/TerminalLandMono-Regular.otf
16:20:46.455 [FXGL Background Thread 4 ] DEBUG FXGLAssetLoaderServi - Loading from file system: jar:file:///Users/chloejuliageonzon/.m2/repository/com/github/almasb/fxgl/17.3/fxgl-17.3.jar!/fxglassets/ui/fonts/Courier-Prime.ttf
16:20:46.528 [JavaFX Application Thread] DEBUG Input                - Registered new binding: action0 - LMB
16:20:46.531 [JavaFX Application Thread] DEBUG Input                - Registered new binding: Switch Screen Left - A
16:20:46.531 [JavaFX Application Thread] DEBUG Input                - Registered new binding: Switch Screen Right - D
16:20:46.531 [JavaFX Application Thread] DEBUG Input                - Registered new binding: PAGHILOM! - E
16:20:46.531 [JavaFX Application Thread] DEBUG Input                - Registered new binding: Pause Screen - Esc
16:20:46.531 [JavaFX Application Thread] DEBUG FXGLAssetLoaderServi - Loading from file system: jar:file:///Users/chloejuliageonzon/.m2/repository/com/github/almasb/fxgl/17.3/fxgl-17.3.jar!/fxglassets/textures/fxgl_icon.png
16:20:46.541 [JavaFX Application Thread] DEBUG FXGLAssetLoaderServi - Loading from file system: jar:file:///Users/chloejuliageonzon/.m2/repository/com/github/almasb/fxgl/17.3/fxgl-17.3.jar!/fxglassets/textures/fxgl_default_cursor.png
16:20:46.541 [JavaFX Application Thread] DEBUG Input                - Registered new binding: Screenshot - CTRL+8
16:20:46.542 [JavaFX Application Thread] DEBUG Input                - Registered new binding: Dev Options - 1
16:20:46.542 [JavaFX Application Thread] DEBUG Input                - Registered new binding: Dev Console - 2
16:20:46.542 [JavaFX Application Thread] DEBUG Input                - Registered new binding: System info dump - CTRL+9
16:20:46.542 [JavaFX Application Thread] DEBUG Input                - Registered new binding: Restart - CTRL+R
16:20:46.542 [JavaFX Application Thread] DEBUG Input                - Registered new binding: Toggle Debug Camera - CTRL+7
16:20:46.543 [JavaFX Application Thread] DEBUG LoopRunner           - Starting loop
16:20:46.548 [JavaFX Application Thread] DEBUG LoopRunner           - Initializing JavaFX AnimationTimerLoop
16:20:46.549 [JavaFX Application Thread] DEBUG Input                - Clearing active input actions
16:20:46.551 [JavaFX Application Thread] DEBUG GameApplicationServi - Removing overlay from FXGLStartupScene and adding to FXGLMainMenuDummyScene
16:20:46.552 [JavaFX Application Thread] DEBUG PrimaryStageWindow   - FXGLStartupScene -> FXGLMainMenuDummyScene
16:20:46.552 [JavaFX Application Thread] DEBUG PrimaryStageWindow   - Push state: MainMenuApp
16:20:46.553 [JavaFX Application Thread] DEBUG Input                - Clearing active input actions
16:20:46.553 [JavaFX Application Thread] DEBUG GameApplicationServi - Removing overlay from FXGLMainMenuDummyScene and adding to MainMenuApp
16:20:46.553 [JavaFX Application Thread] DEBUG PrimaryStageWindow   - FXGLMainMenuDummyScene -> MainMenuApp
16:20:46.567 [JavaFX Application Thread] DEBUG FXGLApplication      - Registering font factories with UI factory
16:20:47.615 [FXGL Background Thread 2 ] INFO  UpdaterService       - Your current version:  17.3
16:20:47.615 [FXGL Background Thread 2 ] INFO  UpdaterService       - Latest stable version: 25
16:20:49.448 [FXGL Background Thread 3 ] DEBUG Engine               - Logging environment variables
16:20:49.449 [FXGL Background Thread 3 ] DEBUG Engine               - achievements: []
16:20:49.449 [FXGL Background Thread 3 ] DEBUG Engine               - actualHeight: 720.0
16:20:49.449 [FXGL Background Thread 3 ] DEBUG Engine               - actualHeightProperty: ReadOnlyDoubleProperty [value: 720.0]
16:20:49.450 [FXGL Background Thread 3 ] DEBUG Engine               - actualWidth: 1280.0
16:20:49.450 [FXGL Background Thread 3 ] DEBUG Engine               - actualWidthProperty: ReadOnlyDoubleProperty [value: 1280.0]
16:20:49.450 [FXGL Background Thread 3 ] DEBUG Engine               - appIcon: fxgl_icon.png
16:20:49.450 [FXGL Background Thread 3 ] DEBUG Engine               - applicationMode: DEVELOPER
16:20:49.450 [FXGL Background Thread 3 ] DEBUG Engine               - cSSList: [fxgl_dark.css]
16:20:49.450 [FXGL Background Thread 3 ] DEBUG Engine               - collisionDetectionStrategy: BRUTE_FORCE
16:20:49.450 [FXGL Background Thread 3 ] DEBUG Engine               - configClass: Optional.empty
16:20:49.450 [FXGL Background Thread 3 ] DEBUG Engine               - credits: []
16:20:49.450 [FXGL Background Thread 3 ] DEBUG Engine               - defaultCursor: CursorInfo(imageName=fxgl_default_cursor.png, hotspotX=7.0, hotspotY=6.0)
16:20:49.451 [FXGL Background Thread 3 ] DEBUG Engine               - devBBoxColorProperty: ObjectProperty [value: 0xff0000ff]
16:20:49.451 [FXGL Background Thread 3 ] DEBUG Engine               - devEnableDebugCameraProperty: BooleanProperty [value: false]
16:20:49.451 [FXGL Background Thread 3 ] DEBUG Engine               - devSensorColorProperty: ObjectProperty [value: 0xffff00ff]
16:20:49.451 [FXGL Background Thread 3 ] DEBUG Engine               - devShowBBoxProperty: BooleanProperty [value: false]
16:20:49.451 [FXGL Background Thread 3 ] DEBUG Engine               - devShowPositionProperty: BooleanProperty [value: false]
16:20:49.451 [FXGL Background Thread 3 ] DEBUG Engine               - enabledMenuItems: []
16:20:49.451 [FXGL Background Thread 3 ] DEBUG Engine               - engineServices: [class com.almasb.fxgl.app.services.FXGLAssetLoaderService, class com.almasb.fxgl.app.FXGLApplication$GameApplicationService, class com.almasb.fxgl.app.services.FXGLDialogService, class com.almasb.fxgl.app.services.IOTaskExecutorService, class com.almasb.fxgl.io.FileSystemService, class com.almasb.fxgl.localization.LocalizationService, class com.almasb.fxgl.app.services.SystemBundleService, class com.almasb.fxgl.profile.SaveLoadService, class com.almasb.fxgl.ui.FXGLUIFactoryServiceProvider, class com.almasb.fxgl.ui.FXGLDialogFactoryServiceProvider, class com.almasb.fxgl.audio.AudioPlayer, class com.almasb.fxgl.notification.impl.NotificationServiceProvider, class com.almasb.fxgl.achievement.AchievementService, class com.almasb.fxgl.cutscene.CutsceneService, class com.almasb.fxgl.minigames.MiniGameService, class com.almasb.fxgl.net.NetService, class com.almasb.fxgl.app.services.UpdaterService, class com.almasb.fxgl.dev.DevService]
16:20:49.451 [FXGL Background Thread 3 ] DEBUG Engine               - fontGame: Abel-Regular.ttf
16:20:49.451 [FXGL Background Thread 3 ] DEBUG Engine               - fontMono: TerminalLandMono-Regular.otf
16:20:49.451 [FXGL Background Thread 3 ] DEBUG Engine               - fontSizeScaleUI: 1.0
16:20:49.451 [FXGL Background Thread 3 ] DEBUG Engine               - fontText: Courier-Prime.ttf
16:20:49.452 [FXGL Background Thread 3 ] DEBUG Engine               - fontUI: VarelaRound-Regular.ttf
16:20:49.452 [FXGL Background Thread 3 ] DEBUG Engine               - fullScreen: BooleanProperty [value: false]
16:20:49.452 [FXGL Background Thread 3 ] DEBUG Engine               - gameDifficulty: MEDIUM
16:20:49.452 [FXGL Background Thread 3 ] DEBUG Engine               - gameDifficultyProperty: ObjectProperty [value: MEDIUM]
16:20:49.452 [FXGL Background Thread 3 ] DEBUG Engine               - globalMusicVolume: 0.5
16:20:49.452 [FXGL Background Thread 3 ] DEBUG Engine               - globalMusicVolumeProperty: DoubleProperty [value: 0.5]
16:20:49.452 [FXGL Background Thread 3 ] DEBUG Engine               - globalSoundVolume: 0.5
16:20:49.452 [FXGL Background Thread 3 ] DEBUG Engine               - globalSoundVolumeProperty: DoubleProperty [value: 0.5]
16:20:49.452 [FXGL Background Thread 3 ] DEBUG Engine               - height: 720
16:20:49.452 [FXGL Background Thread 3 ] DEBUG Engine               - is3D: false
16:20:49.452 [FXGL Background Thread 3 ] DEBUG Engine               - isAndroid: false
16:20:49.452 [FXGL Background Thread 3 ] DEBUG Engine               - isBrowser: false
16:20:49.453 [FXGL Background Thread 3 ] DEBUG Engine               - isClickFeedbackEnabled: false
16:20:49.453 [FXGL Background Thread 3 ] DEBUG Engine               - isCloseConfirmation: false
16:20:49.453 [FXGL Background Thread 3 ] DEBUG Engine               - isDesktop: true
16:20:49.453 [FXGL Background Thread 3 ] DEBUG Engine               - isDeveloperMenuEnabled: true
16:20:49.453 [FXGL Background Thread 3 ] DEBUG Engine               - isEmbedded: false
16:20:49.453 [FXGL Background Thread 3 ] DEBUG Engine               - isEntityPreloadEnabled: true
16:20:49.453 [FXGL Background Thread 3 ] DEBUG Engine               - isExperimentalTiledLargeMap: false
16:20:49.453 [FXGL Background Thread 3 ] DEBUG Engine               - isFileSystemWriteAllowed: true
16:20:49.453 [FXGL Background Thread 3 ] DEBUG Engine               - isFullScreenAllowed: false
16:20:49.453 [FXGL Background Thread 3 ] DEBUG Engine               - isFullScreenFromStart: false
16:20:49.453 [FXGL Background Thread 3 ] DEBUG Engine               - isGameMenuEnabled: true
16:20:49.453 [FXGL Background Thread 3 ] DEBUG Engine               - isIOS: false
16:20:49.453 [FXGL Background Thread 3 ] DEBUG Engine               - isIntroEnabled: false
16:20:49.453 [FXGL Background Thread 3 ] DEBUG Engine               - isLinux: false
16:20:49.454 [FXGL Background Thread 3 ] DEBUG Engine               - isMac: true
16:20:49.454 [FXGL Background Thread 3 ] DEBUG Engine               - isMainMenuEnabled: true
16:20:49.454 [FXGL Background Thread 3 ] DEBUG Engine               - isManualResizeEnabled: false
16:20:49.454 [FXGL Background Thread 3 ] DEBUG Engine               - isMobile: false
16:20:49.454 [FXGL Background Thread 3 ] DEBUG Engine               - isNative: false
16:20:49.454 [FXGL Background Thread 3 ] DEBUG Engine               - isPauseMusicWhenMinimized: true
16:20:49.454 [FXGL Background Thread 3 ] DEBUG Engine               - isPreserveResizeRatio: false
16:20:49.454 [FXGL Background Thread 3 ] DEBUG Engine               - isProfilingEnabled: false
16:20:49.454 [FXGL Background Thread 3 ] DEBUG Engine               - isScaleAffectedOnResize: true
16:20:49.455 [FXGL Background Thread 3 ] DEBUG Engine               - isSingleStep: false
16:20:49.455 [FXGL Background Thread 3 ] DEBUG Engine               - isUserProfileEnabled: false
16:20:49.455 [FXGL Background Thread 3 ] DEBUG Engine               - isWindows: false
16:20:49.455 [FXGL Background Thread 3 ] DEBUG Engine               - language: ObjectProperty [value: ENGLISH]
16:20:49.455 [FXGL Background Thread 3 ] DEBUG Engine               - menuKey: F12
16:20:49.455 [FXGL Background Thread 3 ] DEBUG Engine               - mouseSensitivity: 0.2
16:20:49.455 [FXGL Background Thread 3 ] DEBUG Engine               - notificationViewClass: class com.almasb.fxgl.notification.view.XboxNotificationView
16:20:49.455 [FXGL Background Thread 3 ] DEBUG Engine               - pixelsPerMeter: 50.0
16:20:49.455 [FXGL Background Thread 3 ] DEBUG Engine               - platform: MAC
16:20:49.455 [FXGL Background Thread 3 ] DEBUG Engine               - prefHeightProperty: ReadOnlyDoubleProperty [value: 720.0]
16:20:49.455 [FXGL Background Thread 3 ] DEBUG Engine               - prefWidthProperty: ReadOnlyDoubleProperty [value: 1280.0]
16:20:49.455 [FXGL Background Thread 3 ] DEBUG Engine               - profileDir: profiles/
16:20:49.455 [FXGL Background Thread 3 ] DEBUG Engine               - profileName: StringProperty [value: DEFAULT]
16:20:49.455 [FXGL Background Thread 3 ] DEBUG Engine               - randomSeed: -1
16:20:49.456 [FXGL Background Thread 3 ] DEBUG Engine               - runtimeInfo: RuntimeInfo(platform=MAC, version=17.3, build=30.03.2023 11.49)
16:20:49.456 [FXGL Background Thread 3 ] DEBUG Engine               - saveFileExt: sav
16:20:49.456 [FXGL Background Thread 3 ] DEBUG Engine               - scaledHeightProp$fxgl: DoubleProperty [bound, value: 720.0]
16:20:49.456 [FXGL Background Thread 3 ] DEBUG Engine               - scaledWidthProp$fxgl: DoubleProperty [bound, value: 1280.0]
16:20:49.456 [FXGL Background Thread 3 ] DEBUG Engine               - sceneFactory: com.example.csit228capstonesirjaysimulator.application.MenuFactory@32501094
16:20:49.456 [FXGL Background Thread 3 ] DEBUG Engine               - secondsIn24h: 60
16:20:49.456 [FXGL Background Thread 3 ] DEBUG Engine               - soundMenuBack: menu/back.wav
16:20:49.456 [FXGL Background Thread 3 ] DEBUG Engine               - soundMenuPress: menu/press.wav
16:20:49.456 [FXGL Background Thread 3 ] DEBUG Engine               - soundMenuSelect: menu/select.wav
16:20:49.456 [FXGL Background Thread 3 ] DEBUG Engine               - soundNotification: core/notification.wav
16:20:49.456 [FXGL Background Thread 3 ] DEBUG Engine               - stageStyle: DECORATED
16:20:49.456 [FXGL Background Thread 3 ] DEBUG Engine               - supportedLanguages: [ENGLISH, FRENCH, GERMAN, HUNGARIAN, RUSSIAN]
16:20:49.456 [FXGL Background Thread 3 ] DEBUG Engine               - ticksPerSecond: -1
16:20:49.456 [FXGL Background Thread 3 ] DEBUG Engine               - title: Sir Serato Simulator
16:20:49.456 [FXGL Background Thread 3 ] DEBUG Engine               - urlGithub: https://github.com/AlmasB/FXGL
16:20:49.457 [FXGL Background Thread 3 ] DEBUG Engine               - urlLeaderboard: http://fxgl-top.herokuapp.com/
16:20:49.457 [FXGL Background Thread 3 ] DEBUG Engine               - urlPOM: https://raw.githubusercontent.com/AlmasB/FXGL/release/README.md
16:20:49.457 [FXGL Background Thread 3 ] DEBUG Engine               - userAppClass: class com.example.csit228capstonesirjaysimulator.application.GameLevelApp
16:20:49.457 [FXGL Background Thread 3 ] DEBUG Engine               - version: 0.0
16:20:49.457 [FXGL Background Thread 3 ] DEBUG Engine               - versionCheckDays: 7
16:20:49.457 [FXGL Background Thread 3 ] DEBUG Engine               - width: 1280
16:20:49.457 [FXGL Background Thread 3 ] DEBUG Engine               - Logging services
16:20:49.457 [FXGL Background Thread 3 ] DEBUG Engine               - class com.almasb.fxgl.app.services.FXGLAssetLoaderService
16:20:49.457 [FXGL Background Thread 3 ] DEBUG Engine               - class com.almasb.fxgl.app.FXGLApplication$GameApplicationService
16:20:49.457 [FXGL Background Thread 3 ] DEBUG Engine               - class com.almasb.fxgl.app.services.FXGLDialogService
16:20:49.457 [FXGL Background Thread 3 ] DEBUG Engine               - class com.almasb.fxgl.app.services.IOTaskExecutorService
16:20:49.457 [FXGL Background Thread 3 ] DEBUG Engine               - class com.almasb.fxgl.io.FileSystemService
16:20:49.457 [FXGL Background Thread 3 ] DEBUG Engine               - class com.almasb.fxgl.localization.LocalizationService
16:20:49.457 [FXGL Background Thread 3 ] DEBUG Engine               - class com.almasb.fxgl.app.services.SystemBundleService
16:20:49.458 [FXGL Background Thread 3 ] DEBUG Engine               - class com.almasb.fxgl.profile.SaveLoadService
16:20:49.458 [FXGL Background Thread 3 ] DEBUG Engine               - class com.almasb.fxgl.ui.FXGLUIFactoryServiceProvider
16:20:49.458 [FXGL Background Thread 3 ] DEBUG Engine               - class com.almasb.fxgl.ui.FXGLDialogFactoryServiceProvider
16:20:49.458 [FXGL Background Thread 3 ] DEBUG Engine               - class com.almasb.fxgl.audio.AudioPlayer
16:20:49.458 [FXGL Background Thread 3 ] DEBUG Engine               - class com.almasb.fxgl.notification.impl.NotificationServiceProvider
16:20:49.458 [FXGL Background Thread 3 ] DEBUG Engine               - class com.almasb.fxgl.achievement.AchievementService
16:20:49.458 [FXGL Background Thread 3 ] DEBUG Engine               - class com.almasb.fxgl.cutscene.CutsceneService
16:20:49.458 [FXGL Background Thread 3 ] DEBUG Engine               - class com.almasb.fxgl.minigames.MiniGameService
16:20:49.458 [FXGL Background Thread 3 ] DEBUG Engine               - class com.almasb.fxgl.net.NetService
16:20:49.458 [FXGL Background Thread 3 ] DEBUG Engine               - class com.almasb.fxgl.app.services.UpdaterService
16:20:49.458 [FXGL Background Thread 3 ] DEBUG Engine               - class com.almasb.fxgl.dev.DevService
16:20:51.371 [JavaFX Application Thread] DEBUG PrimaryStageWindow   - Push state: ProfileSelectScene
16:20:51.371 [JavaFX Application Thread] DEBUG Input                - Clearing active input actions
16:20:51.373 [JavaFX Application Thread] DEBUG GameApplicationServi - Removing overlay from MainMenuApp and adding to ProfileSelectScene
16:20:51.374 [JavaFX Application Thread] DEBUG PrimaryStageWindow   - MainMenuApp -> ProfileSelectScene
16:20:57.822 [JavaFX Application Thread] DEBUG PrimaryStageWindow   - Pop state: ProfileSelectScene
16:20:57.823 [JavaFX Application Thread] DEBUG Input                - Clearing active input actions
16:20:57.824 [JavaFX Application Thread] DEBUG GameApplicationServi - Removing overlay from ProfileSelectScene and adding to MainMenuApp
16:20:57.826 [JavaFX Application Thread] DEBUG PrimaryStageWindow   - MainMenuApp <- ProfileSelectScene
16:20:57.952 [JavaFX Application Thread] DEBUG Input                - Registered new binding: Advance - Enter
16:20:57.952 [JavaFX Application Thread] DEBUG FXGLAssetLoaderServi - Loading from file system: file:/Users/chloejuliageonzon/Documents/IdeaProjects/School/CSIT228-Capstone-Sir-Jay-Simulator/target/classes/assets/music/classroom.wav
16:20:57.954 [JavaFX Application Thread] DEBUG AudioPlayer          - Playing music com.almasb.fxgl.audio.Music@4ecc90fb
16:20:57.956 [JavaFX Application Thread] DEBUG PrimaryStageWindow   - Push state: IntroCutScene
16:20:57.956 [JavaFX Application Thread] DEBUG Input                - Clearing active input actions
16:20:57.956 [JavaFX Application Thread] DEBUG GameApplicationServi - Removing overlay from MainMenuApp and adding to IntroCutScene
16:20:57.956 [JavaFX Application Thread] DEBUG PrimaryStageWindow   - MainMenuApp -> IntroCutScene
16:20:59.777 [JavaFX Application Thread] DEBUG AudioPlayer          - Stopping music com.almasb.fxgl.audio.Music@36a5f575
16:20:59.780 [JavaFX Application Thread] DEBUG AudioPlayer          - Stopping music com.almasb.fxgl.audio.Music@4ecc90fb
16:20:59.781 [JavaFX Application Thread] DEBUG Menu                 - fireNewGame()
16:20:59.781 [JavaFX Application Thread] DEBUG GameApplicationServi - Starting new game
16:20:59.781 [JavaFX Application Thread] DEBUG PrimaryStageWindow   - Pop state: IntroCutScene
16:20:59.781 [JavaFX Application Thread] DEBUG Input                - Clearing active input actions
16:20:59.782 [JavaFX Application Thread] DEBUG GameApplicationServi - Removing overlay from IntroCutScene and adding to MainMenuApp
16:20:59.784 [JavaFX Application Thread] DEBUG PrimaryStageWindow   - MainMenuApp <- IntroCutScene
16:20:59.784 [JavaFX Application Thread] DEBUG PrimaryStageWindow   - Pop state: MainMenuApp
16:20:59.784 [JavaFX Application Thread] DEBUG Input                - Clearing active input actions
16:20:59.784 [JavaFX Application Thread] DEBUG GameApplicationServi - Removing overlay from MainMenuApp and adding to FXGLMainMenuDummyScene
16:20:59.784 [JavaFX Application Thread] DEBUG PrimaryStageWindow   - FXGLMainMenuDummyScene <- MainMenuApp
16:20:59.785 [JavaFX Application Thread] DEBUG Input                - Clearing active input actions
16:20:59.791 [JavaFX Application Thread] DEBUG GameApplicationServi - Removing overlay from FXGLMainMenuDummyScene and adding to FXGLLoadingScene
16:20:59.799 [JavaFX Application Thread] DEBUG PrimaryStageWindow   - FXGLMainMenuDummyScene -> FXGLLoadingScene
16:20:59.799 [JavaFX Application Thread] DEBUG GameApplicationServi - Clearing previous game
16:20:59.799 [JavaFX Application Thread] DEBUG GameScene            - Clearing game scene
16:20:59.799 [JavaFX Application Thread] DEBUG GameWorld            - Clearing game world
16:20:59.799 [JavaFX Application Thread] DEBUG PhysicsWorld         - Clearing physics world
16:20:59.800 [FXGL Background Thread 2 ] DEBUG FXGLApplication      - Initializing game
16:20:59.801 [FXGL Background Thread 2 ] DEBUG FXGLAssetLoaderServi - Loading from file system: file:/Users/chloejuliageonzon/Documents/IdeaProjects/School/CSIT228-Capstone-Sir-Jay-Simulator/target/classes/assets/sounds/correct.mp3
16:20:59.810 [FXGL Background Thread 2 ] DEBUG FXGLAssetLoaderServi - Loading from file system: file:/Users/chloejuliageonzon/Documents/IdeaProjects/School/CSIT228-Capstone-Sir-Jay-Simulator/target/classes/assets/sounds/wrong.mp3
16:20:59.811 [FXGL Background Thread 2 ] DEBUG FXGLAssetLoaderServi - Loading from file system: file:/Users/chloejuliageonzon/Documents/IdeaProjects/School/CSIT228-Capstone-Sir-Jay-Simulator/target/classes/assets/sounds/tap.mp3
16:20:59.814 [FXGL Background Thread 2 ] DEBUG FXGLAssetLoaderServi - Loading from file system: file:/Users/chloejuliageonzon/Documents/IdeaProjects/School/CSIT228-Capstone-Sir-Jay-Simulator/target/classes/assets/textures/Chair.PNG
16:20:59.856 [FXGL Background Thread 2 ] WARN  FXGLAssetLoaderServi - Asset "/assets/textures/stud2_idle_state.png" was not found!
16:20:59.857 [FXGL Background Thread 2 ] WARN  FXGLAssetLoaderServi - Failed to load IMAGE
16:20:59.862 [FXGL Background Thread 2 ] WARN  FXGLAssetLoaderServi - Asset "/assets/textures/stud2_sus_state.png" was not found!
16:20:59.862 [FXGL Background Thread 2 ] WARN  FXGLAssetLoaderServi - Failed to load IMAGE
16:20:59.862 [FXGL Background Thread 2 ] WARN  FXGLAssetLoaderServi - Asset "/assets/textures/stud2_cheat_state.png" was not found!
16:20:59.862 [FXGL Background Thread 2 ] WARN  FXGLAssetLoaderServi - Failed to load IMAGE
16:20:59.862 [FXGL Background Thread 2 ] WARN  FXGLAssetLoaderServi - Asset "/assets/textures/stud2_talking_state.png" was not found!
16:20:59.862 [FXGL Background Thread 2 ] WARN  FXGLAssetLoaderServi - Failed to load IMAGE
16:20:59.866 [FXGL Background Thread 2 ] WARN  FXGLAssetLoaderServi - Asset "/assets/textures/stud3_idle_state.png" was not found!
16:20:59.866 [FXGL Background Thread 2 ] WARN  FXGLAssetLoaderServi - Failed to load IMAGE
16:20:59.866 [FXGL Background Thread 2 ] WARN  FXGLAssetLoaderServi - Asset "/assets/textures/stud3_sus_state.png" was not found!
16:20:59.866 [FXGL Background Thread 2 ] WARN  FXGLAssetLoaderServi - Failed to load IMAGE
16:20:59.866 [FXGL Background Thread 2 ] WARN  FXGLAssetLoaderServi - Asset "/assets/textures/stud3_cheat_state.png" was not found!
16:20:59.866 [FXGL Background Thread 2 ] WARN  FXGLAssetLoaderServi - Failed to load IMAGE
16:20:59.867 [FXGL Background Thread 2 ] WARN  FXGLAssetLoaderServi - Asset "/assets/textures/stud3_talking_state.png" was not found!
16:20:59.867 [FXGL Background Thread 2 ] WARN  FXGLAssetLoaderServi - Failed to load IMAGE
16:20:59.867 [FXGL Background Thread 2 ] WARN  FXGLAssetLoaderServi - Asset "/assets/textures/stud4_idle_state.png" was not found!
16:20:59.867 [FXGL Background Thread 2 ] WARN  FXGLAssetLoaderServi - Failed to load IMAGE
16:20:59.867 [FXGL Background Thread 2 ] WARN  FXGLAssetLoaderServi - Asset "/assets/textures/stud4_sus_state.png" was not found!
16:20:59.867 [FXGL Background Thread 2 ] WARN  FXGLAssetLoaderServi - Failed to load IMAGE
16:20:59.867 [FXGL Background Thread 2 ] WARN  FXGLAssetLoaderServi - Asset "/assets/textures/stud4_cheat_state.png" was not found!
16:20:59.867 [FXGL Background Thread 2 ] WARN  FXGLAssetLoaderServi - Failed to load IMAGE
16:20:59.867 [FXGL Background Thread 2 ] WARN  FXGLAssetLoaderServi - Asset "/assets/textures/stud4_talking_state.png" was not found!
16:20:59.867 [FXGL Background Thread 2 ] WARN  FXGLAssetLoaderServi - Failed to load IMAGE
16:20:59.867 [FXGL Background Thread 2 ] WARN  FXGLAssetLoaderServi - Asset "/assets/textures/stud1_idle_state.png" was not found!
16:20:59.867 [FXGL Background Thread 2 ] WARN  FXGLAssetLoaderServi - Failed to load IMAGE
16:20:59.867 [FXGL Background Thread 2 ] WARN  FXGLAssetLoaderServi - Asset "/assets/textures/stud1_sus_state.png" was not found!
16:20:59.868 [FXGL Background Thread 2 ] WARN  FXGLAssetLoaderServi - Failed to load IMAGE
16:20:59.868 [FXGL Background Thread 2 ] WARN  FXGLAssetLoaderServi - Asset "/assets/textures/stud1_cheat_state.png" was not found!
16:20:59.868 [FXGL Background Thread 2 ] WARN  FXGLAssetLoaderServi - Failed to load IMAGE
16:20:59.868 [FXGL Background Thread 2 ] WARN  FXGLAssetLoaderServi - Asset "/assets/textures/stud1_talking_state.png" was not found!
16:20:59.868 [FXGL Background Thread 2 ] WARN  FXGLAssetLoaderServi - Failed to load IMAGE
16:20:59.868 [FXGL Background Thread 2 ] WARN  FXGLAssetLoaderServi - Asset "/assets/textures/stud4_idle_state.png" was not found!
16:20:59.868 [FXGL Background Thread 2 ] WARN  FXGLAssetLoaderServi - Failed to load IMAGE
16:20:59.868 [FXGL Background Thread 2 ] WARN  FXGLAssetLoaderServi - Asset "/assets/textures/stud4_sus_state.png" was not found!
16:20:59.868 [FXGL Background Thread 2 ] WARN  FXGLAssetLoaderServi - Failed to load IMAGE
16:20:59.868 [FXGL Background Thread 2 ] WARN  FXGLAssetLoaderServi - Asset "/assets/textures/stud4_cheat_state.png" was not found!
16:20:59.868 [FXGL Background Thread 2 ] WARN  FXGLAssetLoaderServi - Failed to load IMAGE
16:20:59.868 [FXGL Background Thread 2 ] WARN  FXGLAssetLoaderServi - Asset "/assets/textures/stud4_talking_state.png" was not found!
16:20:59.868 [FXGL Background Thread 2 ] WARN  FXGLAssetLoaderServi - Failed to load IMAGE
16:20:59.869 [FXGL Background Thread 2 ] WARN  FXGLAssetLoaderServi - Asset "/assets/textures/stud2_idle_state.png" was not found!
16:20:59.869 [FXGL Background Thread 2 ] WARN  FXGLAssetLoaderServi - Failed to load IMAGE
16:20:59.869 [FXGL Background Thread 2 ] WARN  FXGLAssetLoaderServi - Asset "/assets/textures/stud2_sus_state.png" was not found!
16:20:59.869 [FXGL Background Thread 2 ] WARN  FXGLAssetLoaderServi - Failed to load IMAGE
16:20:59.869 [FXGL Background Thread 2 ] WARN  FXGLAssetLoaderServi - Asset "/assets/textures/stud2_cheat_state.png" was not found!
16:20:59.869 [FXGL Background Thread 2 ] WARN  FXGLAssetLoaderServi - Failed to load IMAGE
16:20:59.869 [FXGL Background Thread 2 ] WARN  FXGLAssetLoaderServi - Asset "/assets/textures/stud2_talking_state.png" was not found!
16:20:59.869 [FXGL Background Thread 2 ] WARN  FXGLAssetLoaderServi - Failed to load IMAGE
16:20:59.869 [FXGL Background Thread 2 ] WARN  FXGLAssetLoaderServi - Asset "/assets/textures/stud1_idle_state.png" was not found!
16:20:59.869 [FXGL Background Thread 2 ] WARN  FXGLAssetLoaderServi - Failed to load IMAGE
16:20:59.870 [FXGL Background Thread 2 ] WARN  FXGLAssetLoaderServi - Asset "/assets/textures/stud1_sus_state.png" was not found!
16:20:59.870 [FXGL Background Thread 2 ] WARN  FXGLAssetLoaderServi - Failed to load IMAGE
16:20:59.870 [FXGL Background Thread 2 ] WARN  FXGLAssetLoaderServi - Asset "/assets/textures/stud1_cheat_state.png" was not found!
16:20:59.870 [FXGL Background Thread 2 ] WARN  FXGLAssetLoaderServi - Failed to load IMAGE
16:20:59.870 [FXGL Background Thread 2 ] WARN  FXGLAssetLoaderServi - Asset "/assets/textures/stud1_talking_state.png" was not found!
16:20:59.870 [FXGL Background Thread 2 ] WARN  FXGLAssetLoaderServi - Failed to load IMAGE
16:20:59.870 [FXGL Background Thread 2 ] DEBUG FXGLAssetLoaderServi - Loading from file system: file:/Users/chloejuliageonzon/Documents/IdeaProjects/School/CSIT228-Capstone-Sir-Jay-Simulator/target/classes/assets/textures/trey_idle_state.png
16:20:59.878 [FXGL Background Thread 2 ] DEBUG FXGLAssetLoaderServi - Loading from file system: file:/Users/chloejuliageonzon/Documents/IdeaProjects/School/CSIT228-Capstone-Sir-Jay-Simulator/target/classes/assets/textures/trey_sus_state.png
16:20:59.885 [FXGL Background Thread 2 ] DEBUG FXGLAssetLoaderServi - Loading from file system: file:/Users/chloejuliageonzon/Documents/IdeaProjects/School/CSIT228-Capstone-Sir-Jay-Simulator/target/classes/assets/textures/trey_cheat_state.png
16:20:59.892 [FXGL Background Thread 2 ] DEBUG FXGLAssetLoaderServi - Loading from file system: file:/Users/chloejuliageonzon/Documents/IdeaProjects/School/CSIT228-Capstone-Sir-Jay-Simulator/target/classes/assets/textures/trey_talking_state.png
16:20:59.900 [JavaFX Application Thread] DEBUG LoopRunner           - Stopping loop
16:20:59.901 [JavaFX Application Thread] FATAL FXGLApplication      - Uncaught Exception:
java.lang.RuntimeException: Initialization failed
	at com.almasb.fxgl.all@17.3/com.almasb.fxgl.app.FXGLApplication$InitAppTask.failed(FXGLApplication.kt:343)
	at javafx.graphics@21.0.6/javafx.concurrent.Task.setState(Task.java:710)
	at javafx.graphics@21.0.6/javafx.concurrent.Task$TaskCallable.lambda$call$2(Task.java:1429)
	at javafx.graphics@21.0.6/com.sun.javafx.application.PlatformImpl.lambda$runLater$10(PlatformImpl.java:456)
	at java.base/java.security.AccessController.doPrivileged(AccessController.java:138)
	at javafx.graphics@21.0.6/com.sun.javafx.application.PlatformImpl.lambda$runLater$11(PlatformImpl.java:455)
	at javafx.graphics@21.0.6/com.sun.glass.ui.InvokeLaterDispatcher$Future.run(InvokeLaterDispatcher.java:95)
Caused by: java.lang.ArrayIndexOutOfBoundsException: Index 4 out of bounds for length 4
	at java.base/java.util.ImmutableCollections$ListN.get(ImmutableCollections.java:725)
	at com.example.csit228capstonesirjaysimulator/com.example.csit228capstonesirjaysimulator.entity.MyEntityFactory.getRandomPrefix(MyEntityFactory.java:21)
	at com.example.csit228capstonesirjaysimulator/com.example.csit228capstonesirjaysimulator.entity.MyEntityFactory.newStudent(MyEntityFactory.java:26)
	at java.base/jdk.internal.reflect.DirectMethodHandleAccessor.invoke(DirectMethodHandleAccessor.java:104)
	at java.base/java.lang.reflect.Method.invoke(Method.java:565)
	at com.almasb.fxgl.core@17.3/com.almasb.fxgl.core.reflect.ReflectionUtils.call(ReflectionUtils.java:104)
	at com.almasb.fxgl.core@17.3/com.almasb.fxgl.core.reflect.ReflectionUtils.lambda$mapToFunction$3(ReflectionUtils.java:111)
	at com.almasb.fxgl.entity@17.3/com.almasb.fxgl.entity.GameWorld$create$2.invoke(GameWorld.kt:430)
	at com.almasb.fxgl.entity@17.3/com.almasb.fxgl.entity.GameWorld$create$2.invoke(GameWorld.kt:430)
	at com.almasb.fxgl.core@17.3/com.almasb.fxgl.core.util.DSLKt.tryCatchRoot(DSL.kt:34)
	at com.almasb.fxgl.entity@17.3/com.almasb.fxgl.entity.GameWorld.create(GameWorld.kt:430)
	at com.almasb.fxgl.entity@17.3/com.almasb.fxgl.entity.GameWorld.spawn(GameWorld.kt:396)
	at com.almasb.fxgl.all@17.3/com.almasb.fxgl.dsl.FXGL$Companion.spawn(FXGL.kt:565)
	at com.almasb.fxgl.all@17.3/com.almasb.fxgl.dsl.FXGL.spawn(FXGL.kt)
	at com.example.csit228capstonesirjaysimulator/com.example.csit228capstonesirjaysimulator.application.GameLevelApp.spawnStudentGrid(GameLevelApp.java:324)
	at com.example.csit228capstonesirjaysimulator/com.example.csit228capstonesirjaysimulator.application.GameLevelApp.initGame(GameLevelApp.java:239)
	at com.almasb.fxgl.all@17.3/com.almasb.fxgl.app.FXGLApplication$InitAppTask.initGame(FXGLApplication.kt:339)
	at com.almasb.fxgl.all@17.3/com.almasb.fxgl.app.FXGLApplication$InitAppTask.call(FXGLApplication.kt:319)
	at com.almasb.fxgl.all@17.3/com.almasb.fxgl.app.FXGLApplication$InitAppTask.call(FXGLApplication.kt:311)
	at javafx.graphics@21.0.6/javafx.concurrent.Task$TaskCallable.call(Task.java:1399)
	at java.base/java.util.concurrent.FutureTask.run(FutureTask.java:328)
	at java.base/java.util.concurrent.Executors$RunnableAdapter.call(Executors.java:545)
	at java.base/java.util.concurrent.FutureTask.run(FutureTask.java:328)
	at java.base/java.util.concurrent.ThreadPoolExecutor.runWorker(ThreadPoolExecutor.java:1090)
	at java.base/java.util.concurrent.ThreadPoolExecutor$Worker.run(ThreadPoolExecutor.java:614)
	at java.base/java.lang.Thread.run(Thread.java:1474)

16:20:59.901 [JavaFX Application Thread] FATAL FXGLApplication      - Application will now exit
16:20:59.902 [JavaFX Application Thread] DEBUG PrimaryStageWindow   - Push state: ErrorSubScene
16:20:59.902 [JavaFX Application Thread] DEBUG Input                - Clearing active input actions
16:20:59.903 [JavaFX Application Thread] DEBUG GameApplicationServi - Removing overlay from FXGLLoadingScene and adding to ErrorSubScene
16:20:59.903 [JavaFX Application Thread] DEBUG PrimaryStageWindow   - FXGLLoadingScene -> ErrorSubScene
16:21:02.423 [JavaFX Application Thread] DEBUG FXGLApplication      - Exiting FXGL
16:21:02.423 [JavaFX Application Thread] DEBUG Async                - Shutting down background threads
16:21:02.423 [JavaFX Application Thread] DEBUG PrimaryStageWindow   - Closing main window
16:21:02.435 [JavaFX Application Thread] DEBUG Logger               - Closing Logger
