15:09:40.776 [main                     ] DEBUG Logger               - Configured Logger
15:09:40.780 [main                     ] DEBUG GameApplication      - Logging settings
Title: Sir Serato Simulator
Version: 0.0
Width: 1280
Height: 720
Fullscreen: false
Intro: false
Profiling: false
Single step:false
App Mode: DEVELOPER
Menu Key: F12
Stage Style: DECORATED
Scene Factory: class com.example.csit228capstonesirjaysimulator.application.MenuFactory

15:09:41.308 [JavaFX Application Thread] DEBUG FXGLApplication      - Initializing FXGL
15:09:41.310 [JavaFX Application Thread] INFO  Engine               - FXGL-17.3 (30.03.2023 11.49) on WINDOWS (J:24.0.2 FX:21.0.6)
15:09:41.311 [JavaFX Application Thread] DEBUG Engine               - JRE Vendor Name: Oracle Corporation
15:09:41.311 [JavaFX Application Thread] DEBUG Engine               - Running on OS: Windows 11 version 10.0
15:09:41.311 [JavaFX Application Thread] DEBUG Engine               - Architecture: amd64
15:09:41.311 [JavaFX Application Thread] INFO  Engine               - Source code and latest versions at: https://github.com/AlmasB/FXGL
15:09:41.311 [JavaFX Application Thread] INFO  Engine               -       Ask questions and discuss at: https://github.com/AlmasB/FXGL/discussions
15:09:41.311 [JavaFX Application Thread] INFO  Engine               -              Join the FXGL chat at: https://gitter.im/AlmasB/FXGL
15:09:41.397 [JavaFX Application Thread] DEBUG PrimaryStageWindow   - Creating a JavaFX scene
15:09:41.441 [JavaFX Application Thread] DEBUG PrimaryStageWindow   - Target settings size: 1280.0 x 720.0
15:09:41.441 [JavaFX Application Thread] DEBUG PrimaryStageWindow   - Scaled scene size:    1280.0 x 720.0
15:09:41.441 [JavaFX Application Thread] DEBUG PrimaryStageWindow   - Scaled ratio: (1.0, 1.0)
15:09:41.442 [JavaFX Application Thread] DEBUG PrimaryStageWindow   - Set initial scene to FXGLStartupScene
15:09:41.444 [JavaFX Application Thread] DEBUG PrimaryStageWindow   - Opening main window
15:09:41.520 [JavaFX Application Thread] DEBUG PrimaryStageWindow   - Window border size: (14.4000244140625, 37.5999755859375)
15:09:41.520 [JavaFX Application Thread] DEBUG PrimaryStageWindow   - Scaled size: 1280.0 x 720.0
15:09:41.520 [JavaFX Application Thread] DEBUG PrimaryStageWindow   - Scaled ratio: (1.0, 1.0)
15:09:41.520 [JavaFX Application Thread] DEBUG PrimaryStageWindow   - Scene size: 1280.0 x 720.0
15:09:41.520 [JavaFX Application Thread] DEBUG PrimaryStageWindow   - Stage size: 1294.4000244140625 x 757.5999755859375
15:09:41.528 [FXGL Background Thread 1 ] DEBUG Engine               - Initializing environment variables
15:09:41.575 [FXGL Background Thread 1 ] DEBUG FXGLAssetLoaderServi - User app class for loading assets: class com.example.csit228capstonesirjaysimulator.application.GameLevelApp
15:09:41.575 [FXGL Background Thread 1 ] DEBUG GameApplicationServi - Applying CSS: fxgl_dark.css
15:09:41.576 [FXGL Background Thread 1 ] DEBUG FXGLAssetLoaderServi - Loading from file system: jar:file:///C:/Users/Aissha/.m2/repository/com/github/almasb/fxgl/17.3/fxgl-17.3.jar!/fxglassets/ui/css/fxgl_dark.css
15:09:41.604 [FXGL Background Thread 1 ] DEBUG GameApplicationServi - Initializing application scenes
15:09:41.636 [FXGL Background Thread 1 ] DEBUG GameWorld            - Game world initialized
15:09:41.691 [FXGL Background Thread 1 ] DEBUG PhysicsWorld         - Physics world initialized: appHeight=720, physics.ppm=50.0
15:09:41.691 [FXGL Background Thread 1 ] DEBUG PhysicsWorld         - Using strategy: BRUTE_FORCE
15:09:41.694 [FXGL Background Thread 1 ] DEBUG GameScene            - Game scene initialized: 1280x720
15:09:42.066 [FXGL Background Thread 1 ] DEBUG FXGLAssetLoaderServi - Loading from file system: file:/C:/Users/Aissha/IdeaProjects/JavaFX%20Projects/CSIT228-Capstone-Sir-Jay-Simulator/target/classes/assets/music/intro_music.wav
15:09:42.173 [FXGL Background Thread 1 ] DEBUG AudioPlayer          - Playing music com.almasb.fxgl.audio.Music@7ae7879c
15:09:42.182 [FXGL Background Thread 1 ] DEBUG FXGL.DefaultMenu     - createMenuBodyGameMenu()
15:09:42.192 [FXGL Background Thread 1 ] DEBUG FXGL.DefaultMenu     - createOptionsMenu()
15:09:42.197 [FXGL Background Thread 1 ] DEBUG FXGLAssetLoaderServi - Loading from file system: jar:file:///C:/Users/Aissha/.m2/repository/com/github/almasb/fxgl/17.3/fxgl-17.3.jar!/fxglassets/textures/particles/smoke.png
15:09:42.260 [FXGL Background Thread 1 ] DEBUG FXGLAssetLoaderServi - Loading from file system: jar:file:///C:/Users/Aissha/.m2/repository/com/github/almasb/fxgl/17.3/fxgl-17.3.jar!/fxglassets/textures/particles/trace_horizontal.png
15:09:42.272 [FXGL Background Thread 1 ] DEBUG GameApplicationServi - Application scenes initialized
15:09:42.280 [FXGL Background Thread 1 ] DEBUG SystemBundleService  - Loading FXGL system data
15:09:42.285 [FXGL Background Thread 1 ] DEBUG FileSystemAccess     - Reading from: C:\Users\Aissha\IdeaProjects\JavaFX Projects\CSIT228-Capstone-Sir-Jay-Simulator\system\fxgl.bundle
15:09:42.291 [FXGL Background Thread 1 ] DEBUG SystemBundleService  - Bundle FXGL: {}
15:09:42.291 [FXGL Background Thread 1 ] DEBUG UpdaterService       - Checking for updates
15:09:42.319 [FXGL Background Thread 4 ] DEBUG FXGLApplication      - Loading fonts
15:09:42.320 [FXGL Background Thread 1 ] DEBUG FXGLApplication      - Loading default localization
15:09:42.320 [FXGL Background Thread 4 ] DEBUG FXGLAssetLoaderServi - Loading from file system: jar:file:///C:/Users/Aissha/.m2/repository/com/github/almasb/fxgl/17.3/fxgl-17.3.jar!/fxglassets/ui/fonts/VarelaRound-Regular.ttf
15:09:42.320 [FXGL Background Thread 1 ] DEBUG FXGLAssetLoaderServi - Loading from file system: jar:file:///C:/Users/Aissha/.m2/repository/com/github/almasb/fxgl/17.3/fxgl-17.3.jar!/fxglassets/languages/english.lang
15:09:42.342 [FXGL Background Thread 1 ] INFO  FXGLApplication      - FXGL initialization took: 0.813 sec
15:09:42.343 [FXGL Background Thread 4 ] DEBUG FXGLAssetLoaderServi - Loading from file system: jar:file:///C:/Users/Aissha/.m2/repository/com/github/almasb/fxgl/17.3/fxgl-17.3.jar!/fxglassets/ui/fonts/Abel-Regular.ttf
15:09:42.345 [FXGL Background Thread 4 ] DEBUG FXGLAssetLoaderServi - Loading from file system: jar:file:///C:/Users/Aissha/.m2/repository/com/github/almasb/fxgl/17.3/fxgl-17.3.jar!/fxglassets/ui/fonts/TerminalLandMono-Regular.otf
15:09:42.346 [JavaFX Application Thread] DEBUG Input                - Registered new binding: action0 - LMB
15:09:42.348 [FXGL Background Thread 4 ] DEBUG FXGLAssetLoaderServi - Loading from file system: jar:file:///C:/Users/Aissha/.m2/repository/com/github/almasb/fxgl/17.3/fxgl-17.3.jar!/fxglassets/ui/fonts/Courier-Prime.ttf
15:09:42.350 [JavaFX Application Thread] DEBUG Input                - Registered new binding: Switch Screen Left - A
15:09:42.350 [JavaFX Application Thread] DEBUG Input                - Registered new binding: Switch Screen Right - D
15:09:42.350 [JavaFX Application Thread] DEBUG Input                - Registered new binding: PAGHILOM! - E
15:09:42.350 [JavaFX Application Thread] DEBUG Input                - Registered new binding: Pause Screen - Esc
15:09:42.350 [JavaFX Application Thread] DEBUG FXGLAssetLoaderServi - Loading from file system: jar:file:///C:/Users/Aissha/.m2/repository/com/github/almasb/fxgl/17.3/fxgl-17.3.jar!/fxglassets/textures/fxgl_icon.png
15:09:42.356 [JavaFX Application Thread] DEBUG FXGLAssetLoaderServi - Loading from file system: jar:file:///C:/Users/Aissha/.m2/repository/com/github/almasb/fxgl/17.3/fxgl-17.3.jar!/fxglassets/textures/fxgl_default_cursor.png
15:09:42.357 [JavaFX Application Thread] DEBUG Input                - Registered new binding: Screenshot - CTRL+8
15:09:42.357 [JavaFX Application Thread] DEBUG Input                - Registered new binding: Dev Options - 1
15:09:42.357 [JavaFX Application Thread] DEBUG Input                - Registered new binding: Dev Console - 2
15:09:42.357 [JavaFX Application Thread] DEBUG Input                - Registered new binding: System info dump - CTRL+9
15:09:42.358 [JavaFX Application Thread] DEBUG Input                - Registered new binding: Restart - CTRL+R
15:09:42.358 [JavaFX Application Thread] DEBUG Input                - Registered new binding: Toggle Debug Camera - CTRL+7
15:09:42.360 [JavaFX Application Thread] DEBUG LoopRunner           - Starting loop
15:09:42.374 [JavaFX Application Thread] DEBUG LoopRunner           - Initializing JavaFX AnimationTimerLoop
15:09:42.376 [JavaFX Application Thread] DEBUG Input                - Clearing active input actions
15:09:42.381 [JavaFX Application Thread] DEBUG GameApplicationServi - Removing overlay from FXGLStartupScene and adding to FXGLMainMenuDummyScene
15:09:42.384 [JavaFX Application Thread] DEBUG PrimaryStageWindow   - FXGLStartupScene -> FXGLMainMenuDummyScene
15:09:42.385 [JavaFX Application Thread] DEBUG PrimaryStageWindow   - Push state: MainMenuApp
15:09:42.385 [JavaFX Application Thread] DEBUG Input                - Clearing active input actions
15:09:42.386 [JavaFX Application Thread] DEBUG GameApplicationServi - Removing overlay from FXGLMainMenuDummyScene and adding to MainMenuApp
15:09:42.386 [JavaFX Application Thread] DEBUG PrimaryStageWindow   - FXGLMainMenuDummyScene -> MainMenuApp
15:09:42.386 [JavaFX Application Thread] DEBUG FXGLApplication      - Registering font factories with UI factory
15:09:43.656 [FXGL Background Thread 2 ] INFO  UpdaterService       - Your current version:  17.3
15:09:43.656 [FXGL Background Thread 2 ] INFO  UpdaterService       - Latest stable version: 25
15:09:45.318 [FXGL Background Thread 3 ] DEBUG Engine               - Logging environment variables
15:09:45.318 [FXGL Background Thread 3 ] DEBUG Engine               - achievements: []
15:09:45.318 [FXGL Background Thread 3 ] DEBUG Engine               - actualHeight: 720.0
15:09:45.318 [FXGL Background Thread 3 ] DEBUG Engine               - actualHeightProperty: ReadOnlyDoubleProperty [value: 720.0]
15:09:45.318 [FXGL Background Thread 3 ] DEBUG Engine               - actualWidth: 1280.0
15:09:45.318 [FXGL Background Thread 3 ] DEBUG Engine               - actualWidthProperty: ReadOnlyDoubleProperty [value: 1280.0]
15:09:45.318 [FXGL Background Thread 3 ] DEBUG Engine               - appIcon: fxgl_icon.png
15:09:45.318 [FXGL Background Thread 3 ] DEBUG Engine               - applicationMode: DEVELOPER
15:09:45.318 [FXGL Background Thread 3 ] DEBUG Engine               - cSSList: [fxgl_dark.css]
15:09:45.319 [FXGL Background Thread 3 ] DEBUG Engine               - collisionDetectionStrategy: BRUTE_FORCE
15:09:45.319 [FXGL Background Thread 3 ] DEBUG Engine               - configClass: Optional.empty
15:09:45.319 [FXGL Background Thread 3 ] DEBUG Engine               - credits: []
15:09:45.319 [FXGL Background Thread 3 ] DEBUG Engine               - defaultCursor: CursorInfo(imageName=fxgl_default_cursor.png, hotspotX=7.0, hotspotY=6.0)
15:09:45.319 [FXGL Background Thread 3 ] DEBUG Engine               - devBBoxColorProperty: ObjectProperty [value: 0xff0000ff]
15:09:45.319 [FXGL Background Thread 3 ] DEBUG Engine               - devEnableDebugCameraProperty: BooleanProperty [value: false]
15:09:45.319 [FXGL Background Thread 3 ] DEBUG Engine               - devSensorColorProperty: ObjectProperty [value: 0xffff00ff]
15:09:45.319 [FXGL Background Thread 3 ] DEBUG Engine               - devShowBBoxProperty: BooleanProperty [value: false]
15:09:45.319 [FXGL Background Thread 3 ] DEBUG Engine               - devShowPositionProperty: BooleanProperty [value: false]
15:09:45.319 [FXGL Background Thread 3 ] DEBUG Engine               - enabledMenuItems: []
15:09:45.319 [FXGL Background Thread 3 ] DEBUG Engine               - engineServices: [class com.almasb.fxgl.app.services.FXGLAssetLoaderService, class com.almasb.fxgl.app.FXGLApplication$GameApplicationService, class com.almasb.fxgl.app.services.FXGLDialogService, class com.almasb.fxgl.app.services.IOTaskExecutorService, class com.almasb.fxgl.io.FileSystemService, class com.almasb.fxgl.localization.LocalizationService, class com.almasb.fxgl.app.services.SystemBundleService, class com.almasb.fxgl.profile.SaveLoadService, class com.almasb.fxgl.ui.FXGLUIFactoryServiceProvider, class com.almasb.fxgl.ui.FXGLDialogFactoryServiceProvider, class com.almasb.fxgl.audio.AudioPlayer, class com.almasb.fxgl.notification.impl.NotificationServiceProvider, class com.almasb.fxgl.achievement.AchievementService, class com.almasb.fxgl.cutscene.CutsceneService, class com.almasb.fxgl.minigames.MiniGameService, class com.almasb.fxgl.net.NetService, class com.almasb.fxgl.app.services.UpdaterService, class com.almasb.fxgl.dev.DevService]
15:09:45.319 [FXGL Background Thread 3 ] DEBUG Engine               - fontGame: Abel-Regular.ttf
15:09:45.319 [FXGL Background Thread 3 ] DEBUG Engine               - fontMono: TerminalLandMono-Regular.otf
15:09:45.319 [FXGL Background Thread 3 ] DEBUG Engine               - fontSizeScaleUI: 1.0
15:09:45.319 [FXGL Background Thread 3 ] DEBUG Engine               - fontText: Courier-Prime.ttf
15:09:45.319 [FXGL Background Thread 3 ] DEBUG Engine               - fontUI: VarelaRound-Regular.ttf
15:09:45.319 [FXGL Background Thread 3 ] DEBUG Engine               - fullScreen: BooleanProperty [value: false]
15:09:45.319 [FXGL Background Thread 3 ] DEBUG Engine               - gameDifficulty: MEDIUM
15:09:45.319 [FXGL Background Thread 3 ] DEBUG Engine               - gameDifficultyProperty: ObjectProperty [value: MEDIUM]
15:09:45.319 [FXGL Background Thread 3 ] DEBUG Engine               - globalMusicVolume: 0.5
15:09:45.320 [FXGL Background Thread 3 ] DEBUG Engine               - globalMusicVolumeProperty: DoubleProperty [value: 0.5]
15:09:45.320 [FXGL Background Thread 3 ] DEBUG Engine               - globalSoundVolume: 0.5
15:09:45.320 [FXGL Background Thread 3 ] DEBUG Engine               - globalSoundVolumeProperty: DoubleProperty [value: 0.5]
15:09:45.320 [FXGL Background Thread 3 ] DEBUG Engine               - height: 720
15:09:45.320 [FXGL Background Thread 3 ] DEBUG Engine               - is3D: false
15:09:45.320 [FXGL Background Thread 3 ] DEBUG Engine               - isAndroid: false
15:09:45.320 [FXGL Background Thread 3 ] DEBUG Engine               - isBrowser: false
15:09:45.320 [FXGL Background Thread 3 ] DEBUG Engine               - isClickFeedbackEnabled: false
15:09:45.320 [FXGL Background Thread 3 ] DEBUG Engine               - isCloseConfirmation: false
15:09:45.320 [FXGL Background Thread 3 ] DEBUG Engine               - isDesktop: true
15:09:45.320 [FXGL Background Thread 3 ] DEBUG Engine               - isDeveloperMenuEnabled: true
15:09:45.320 [FXGL Background Thread 3 ] DEBUG Engine               - isEmbedded: false
15:09:45.320 [FXGL Background Thread 3 ] DEBUG Engine               - isEntityPreloadEnabled: true
15:09:45.320 [FXGL Background Thread 3 ] DEBUG Engine               - isExperimentalTiledLargeMap: false
15:09:45.320 [FXGL Background Thread 3 ] DEBUG Engine               - isFileSystemWriteAllowed: true
15:09:45.320 [FXGL Background Thread 3 ] DEBUG Engine               - isFullScreenAllowed: false
15:09:45.320 [FXGL Background Thread 3 ] DEBUG Engine               - isFullScreenFromStart: false
15:09:45.320 [FXGL Background Thread 3 ] DEBUG Engine               - isGameMenuEnabled: true
15:09:45.320 [FXGL Background Thread 3 ] DEBUG Engine               - isIOS: false
15:09:45.320 [FXGL Background Thread 3 ] DEBUG Engine               - isIntroEnabled: false
15:09:45.320 [FXGL Background Thread 3 ] DEBUG Engine               - isLinux: false
15:09:45.320 [FXGL Background Thread 3 ] DEBUG Engine               - isMac: false
15:09:45.320 [FXGL Background Thread 3 ] DEBUG Engine               - isMainMenuEnabled: true
15:09:45.320 [FXGL Background Thread 3 ] DEBUG Engine               - isManualResizeEnabled: false
15:09:45.320 [FXGL Background Thread 3 ] DEBUG Engine               - isMobile: false
15:09:45.320 [FXGL Background Thread 3 ] DEBUG Engine               - isNative: false
15:09:45.320 [FXGL Background Thread 3 ] DEBUG Engine               - isPauseMusicWhenMinimized: true
15:09:45.320 [FXGL Background Thread 3 ] DEBUG Engine               - isPreserveResizeRatio: false
15:09:45.320 [FXGL Background Thread 3 ] DEBUG Engine               - isProfilingEnabled: false
15:09:45.320 [FXGL Background Thread 3 ] DEBUG Engine               - isScaleAffectedOnResize: true
15:09:45.320 [FXGL Background Thread 3 ] DEBUG Engine               - isSingleStep: false
15:09:45.320 [FXGL Background Thread 3 ] DEBUG Engine               - isUserProfileEnabled: false
15:09:45.321 [FXGL Background Thread 3 ] DEBUG Engine               - isWindows: true
15:09:45.321 [FXGL Background Thread 3 ] DEBUG Engine               - language: ObjectProperty [value: ENGLISH]
15:09:45.321 [FXGL Background Thread 3 ] DEBUG Engine               - menuKey: F12
15:09:45.321 [FXGL Background Thread 3 ] DEBUG Engine               - mouseSensitivity: 0.2
15:09:45.321 [FXGL Background Thread 3 ] DEBUG Engine               - notificationViewClass: class com.almasb.fxgl.notification.view.XboxNotificationView
15:09:45.321 [FXGL Background Thread 3 ] DEBUG Engine               - pixelsPerMeter: 50.0
15:09:45.321 [FXGL Background Thread 3 ] DEBUG Engine               - platform: WINDOWS
15:09:45.321 [FXGL Background Thread 3 ] DEBUG Engine               - prefHeightProperty: ReadOnlyDoubleProperty [value: 720.0]
15:09:45.321 [FXGL Background Thread 3 ] DEBUG Engine               - prefWidthProperty: ReadOnlyDoubleProperty [value: 1280.0]
15:09:45.321 [FXGL Background Thread 3 ] DEBUG Engine               - profileDir: profiles/
15:09:45.321 [FXGL Background Thread 3 ] DEBUG Engine               - profileName: StringProperty [value: DEFAULT]
15:09:45.321 [FXGL Background Thread 3 ] DEBUG Engine               - randomSeed: -1
15:09:45.321 [FXGL Background Thread 3 ] DEBUG Engine               - runtimeInfo: RuntimeInfo(platform=WINDOWS, version=17.3, build=30.03.2023 11.49)
15:09:45.321 [FXGL Background Thread 3 ] DEBUG Engine               - saveFileExt: sav
15:09:45.321 [FXGL Background Thread 3 ] DEBUG Engine               - scaledHeightProp$fxgl: DoubleProperty [bound, value: 720.0]
15:09:45.321 [FXGL Background Thread 3 ] DEBUG Engine               - scaledWidthProp$fxgl: DoubleProperty [bound, value: 1280.0]
15:09:45.321 [FXGL Background Thread 3 ] DEBUG Engine               - sceneFactory: com.example.csit228capstonesirjaysimulator.application.MenuFactory@188de7d0
15:09:45.321 [FXGL Background Thread 3 ] DEBUG Engine               - secondsIn24h: 60
15:09:45.321 [FXGL Background Thread 3 ] DEBUG Engine               - soundMenuBack: menu/back.wav
15:09:45.321 [FXGL Background Thread 3 ] DEBUG Engine               - soundMenuPress: menu/press.wav
15:09:45.321 [FXGL Background Thread 3 ] DEBUG Engine               - soundMenuSelect: menu/select.wav
15:09:45.321 [FXGL Background Thread 3 ] DEBUG Engine               - soundNotification: core/notification.wav
15:09:45.321 [FXGL Background Thread 3 ] DEBUG Engine               - stageStyle: DECORATED
15:09:45.321 [FXGL Background Thread 3 ] DEBUG Engine               - supportedLanguages: [ENGLISH, FRENCH, GERMAN, HUNGARIAN, RUSSIAN]
15:09:45.321 [FXGL Background Thread 3 ] DEBUG Engine               - ticksPerSecond: -1
15:09:45.321 [FXGL Background Thread 3 ] DEBUG Engine               - title: Sir Serato Simulator
15:09:45.321 [FXGL Background Thread 3 ] DEBUG Engine               - urlGithub: https://github.com/AlmasB/FXGL
15:09:45.321 [FXGL Background Thread 3 ] DEBUG Engine               - urlLeaderboard: http://fxgl-top.herokuapp.com/
15:09:45.321 [FXGL Background Thread 3 ] DEBUG Engine               - urlPOM: https://raw.githubusercontent.com/AlmasB/FXGL/release/README.md
15:09:45.321 [FXGL Background Thread 3 ] DEBUG Engine               - userAppClass: class com.example.csit228capstonesirjaysimulator.application.GameLevelApp
15:09:45.321 [FXGL Background Thread 3 ] DEBUG Engine               - version: 0.0
15:09:45.322 [FXGL Background Thread 3 ] DEBUG Engine               - versionCheckDays: 7
15:09:45.322 [FXGL Background Thread 3 ] DEBUG Engine               - width: 1280
15:09:45.322 [FXGL Background Thread 3 ] DEBUG Engine               - Logging services
15:09:45.322 [FXGL Background Thread 3 ] DEBUG Engine               - class com.almasb.fxgl.app.services.FXGLAssetLoaderService
15:09:45.322 [FXGL Background Thread 3 ] DEBUG Engine               - class com.almasb.fxgl.app.FXGLApplication$GameApplicationService
15:09:45.322 [FXGL Background Thread 3 ] DEBUG Engine               - class com.almasb.fxgl.app.services.FXGLDialogService
15:09:45.322 [FXGL Background Thread 3 ] DEBUG Engine               - class com.almasb.fxgl.app.services.IOTaskExecutorService
15:09:45.322 [FXGL Background Thread 3 ] DEBUG Engine               - class com.almasb.fxgl.io.FileSystemService
15:09:45.322 [FXGL Background Thread 3 ] DEBUG Engine               - class com.almasb.fxgl.localization.LocalizationService
15:09:45.322 [FXGL Background Thread 3 ] DEBUG Engine               - class com.almasb.fxgl.app.services.SystemBundleService
15:09:45.322 [FXGL Background Thread 3 ] DEBUG Engine               - class com.almasb.fxgl.profile.SaveLoadService
15:09:45.322 [FXGL Background Thread 3 ] DEBUG Engine               - class com.almasb.fxgl.ui.FXGLUIFactoryServiceProvider
15:09:45.322 [FXGL Background Thread 3 ] DEBUG Engine               - class com.almasb.fxgl.ui.FXGLDialogFactoryServiceProvider
15:09:45.322 [FXGL Background Thread 3 ] DEBUG Engine               - class com.almasb.fxgl.audio.AudioPlayer
15:09:45.322 [FXGL Background Thread 3 ] DEBUG Engine               - class com.almasb.fxgl.notification.impl.NotificationServiceProvider
15:09:45.322 [FXGL Background Thread 3 ] DEBUG Engine               - class com.almasb.fxgl.achievement.AchievementService
15:09:45.322 [FXGL Background Thread 3 ] DEBUG Engine               - class com.almasb.fxgl.cutscene.CutsceneService
15:09:45.322 [FXGL Background Thread 3 ] DEBUG Engine               - class com.almasb.fxgl.minigames.MiniGameService
15:09:45.322 [FXGL Background Thread 3 ] DEBUG Engine               - class com.almasb.fxgl.net.NetService
15:09:45.322 [FXGL Background Thread 3 ] DEBUG Engine               - class com.almasb.fxgl.app.services.UpdaterService
15:09:45.322 [FXGL Background Thread 3 ] DEBUG Engine               - class com.almasb.fxgl.dev.DevService
15:09:49.639 [JavaFX Application Thread] DEBUG PrimaryStageWindow   - Push state: ProfileSelectScene
15:09:49.639 [JavaFX Application Thread] DEBUG Input                - Clearing active input actions
15:09:49.640 [JavaFX Application Thread] DEBUG GameApplicationServi - Removing overlay from MainMenuApp and adding to ProfileSelectScene
15:09:49.642 [JavaFX Application Thread] DEBUG PrimaryStageWindow   - MainMenuApp -> ProfileSelectScene
15:10:40.058 [JavaFX Application Thread] DEBUG PrimaryStageWindow   - Pop state: ProfileSelectScene
15:10:40.058 [JavaFX Application Thread] DEBUG Input                - Clearing active input actions
15:10:40.059 [JavaFX Application Thread] DEBUG GameApplicationServi - Removing overlay from ProfileSelectScene and adding to MainMenuApp
15:10:40.059 [JavaFX Application Thread] DEBUG PrimaryStageWindow   - MainMenuApp <- ProfileSelectScene
15:10:40.183 [JavaFX Application Thread] DEBUG Input                - Registered new binding: Advance - Enter
15:10:40.183 [JavaFX Application Thread] DEBUG FXGLAssetLoaderServi - Loading from file system: file:/C:/Users/Aissha/IdeaProjects/JavaFX%20Projects/CSIT228-Capstone-Sir-Jay-Simulator/target/classes/assets/music/classroom.wav
15:10:40.187 [JavaFX Application Thread] DEBUG AudioPlayer          - Playing music com.almasb.fxgl.audio.Music@64c8f045
15:10:40.192 [JavaFX Application Thread] DEBUG PrimaryStageWindow   - Push state: IntroCutScene
15:10:40.192 [JavaFX Application Thread] DEBUG Input                - Clearing active input actions
15:10:40.192 [JavaFX Application Thread] DEBUG GameApplicationServi - Removing overlay from MainMenuApp and adding to IntroCutScene
15:10:40.192 [JavaFX Application Thread] DEBUG PrimaryStageWindow   - MainMenuApp -> IntroCutScene
15:10:46.227 [JavaFX Application Thread] DEBUG FXGLAssetLoaderServi - Loading from file system: file:/C:/Users/Aissha/IdeaProjects/JavaFX%20Projects/CSIT228-Capstone-Sir-Jay-Simulator/target/classes/assets/sounds/howsurdayeverybody2.wav
15:10:48.743 [JavaFX Application Thread] DEBUG FXGLAssetLoaderServi - Loading from file system: file:/C:/Users/Aissha/IdeaProjects/JavaFX%20Projects/CSIT228-Capstone-Sir-Jay-Simulator/target/classes/assets/sounds/coolandnormal.wav
15:10:50.998 [JavaFX Application Thread] DEBUG FXGLAssetLoaderServi - Loading from file system: file:/C:/Users/Aissha/IdeaProjects/JavaFX%20Projects/CSIT228-Capstone-Sir-Jay-Simulator/target/classes/assets/sounds/good2.wav
15:10:53.029 [JavaFX Application Thread] DEBUG FXGLAssetLoaderServi - Loading from file system: file:/C:/Users/Aissha/IdeaProjects/JavaFX%20Projects/CSIT228-Capstone-Sir-Jay-Simulator/target/classes/assets/sounds/trees.wav
15:11:00.376 [JavaFX Application Thread] DEBUG FXGLAssetLoaderServi - Loading from file system: file:/C:/Users/Aissha/IdeaProjects/JavaFX%20Projects/CSIT228-Capstone-Sir-Jay-Simulator/target/classes/assets/music/mii_discussion_boosted.mp3
15:11:00.380 [JavaFX Application Thread] DEBUG AudioPlayer          - Playing music com.almasb.fxgl.audio.Music@31081164
15:11:15.422 [JavaFX Application Thread] DEBUG FXGLAssetLoaderServi - Loading from file system: file:/C:/Users/Aissha/IdeaProjects/JavaFX%20Projects/CSIT228-Capstone-Sir-Jay-Simulator/target/classes/assets/sounds/quiz.wav
15:11:20.488 [JavaFX Application Thread] DEBUG FXGLAssetLoaderServi - Loading from file system: file:/C:/Users/Aissha/IdeaProjects/JavaFX%20Projects/CSIT228-Capstone-Sir-Jay-Simulator/target/classes/assets/sounds/waitsasir.wav
15:11:23.361 [JavaFX Application Thread] DEBUG FXGLAssetLoaderServi - Loading from file system: file:/C:/Users/Aissha/IdeaProjects/JavaFX%20Projects/CSIT228-Capstone-Sir-Jay-Simulator/target/classes/assets/sounds/onefourth.wav
15:11:25.378 [JavaFX Application Thread] DEBUG AudioPlayer          - Stopping music com.almasb.fxgl.audio.Music@7ae7879c
15:11:25.419 [JavaFX Application Thread] DEBUG AudioPlayer          - Stopping music com.almasb.fxgl.audio.Music@64c8f045
15:11:25.463 [JavaFX Application Thread] DEBUG AudioPlayer          - Stopping music com.almasb.fxgl.audio.Music@31081164
15:11:25.466 [JavaFX Application Thread] DEBUG Menu                 - fireNewGame()
15:11:25.466 [JavaFX Application Thread] DEBUG GameApplicationServi - Starting new game
15:11:25.466 [JavaFX Application Thread] DEBUG PrimaryStageWindow   - Pop state: IntroCutScene
15:11:25.466 [JavaFX Application Thread] DEBUG Input                - Clearing active input actions
15:11:25.466 [JavaFX Application Thread] DEBUG GameApplicationServi - Removing overlay from IntroCutScene and adding to MainMenuApp
15:11:25.467 [JavaFX Application Thread] DEBUG PrimaryStageWindow   - MainMenuApp <- IntroCutScene
15:11:25.467 [JavaFX Application Thread] DEBUG PrimaryStageWindow   - Pop state: MainMenuApp
15:11:25.467 [JavaFX Application Thread] DEBUG Input                - Clearing active input actions
15:11:25.467 [JavaFX Application Thread] DEBUG GameApplicationServi - Removing overlay from MainMenuApp and adding to FXGLMainMenuDummyScene
15:11:25.467 [JavaFX Application Thread] DEBUG PrimaryStageWindow   - FXGLMainMenuDummyScene <- MainMenuApp
15:11:25.467 [JavaFX Application Thread] DEBUG Input                - Clearing active input actions
15:11:25.470 [JavaFX Application Thread] DEBUG GameApplicationServi - Removing overlay from FXGLMainMenuDummyScene and adding to FXGLLoadingScene
15:11:25.473 [JavaFX Application Thread] DEBUG PrimaryStageWindow   - FXGLMainMenuDummyScene -> FXGLLoadingScene
15:11:25.473 [JavaFX Application Thread] DEBUG GameApplicationServi - Clearing previous game
15:11:25.473 [JavaFX Application Thread] DEBUG GameScene            - Clearing game scene
15:11:25.473 [JavaFX Application Thread] DEBUG GameWorld            - Clearing game world
15:11:25.474 [JavaFX Application Thread] DEBUG PhysicsWorld         - Clearing physics world
15:11:25.476 [FXGL Background Thread 5 ] DEBUG FXGLApplication      - Initializing game
15:11:25.496 [FXGL Background Thread 5 ] DEBUG FXGLAssetLoaderServi - Loading from file system: file:/C:/Users/Aissha/IdeaProjects/JavaFX%20Projects/CSIT228-Capstone-Sir-Jay-Simulator/target/classes/assets/textures/stud5_idle_state.png
15:11:25.508 [FXGL Background Thread 5 ] DEBUG FXGLAssetLoaderServi - Loading from file system: file:/C:/Users/Aissha/IdeaProjects/JavaFX%20Projects/CSIT228-Capstone-Sir-Jay-Simulator/target/classes/assets/textures/stud5_sus_state.png
15:11:25.519 [FXGL Background Thread 5 ] DEBUG FXGLAssetLoaderServi - Loading from file system: file:/C:/Users/Aissha/IdeaProjects/JavaFX%20Projects/CSIT228-Capstone-Sir-Jay-Simulator/target/classes/assets/textures/stud5_cheat_state.png
15:11:25.530 [FXGL Background Thread 5 ] WARN  FXGLAssetLoaderServi - Asset "/assets/textures/stud5_talking_state.png" was not found!
15:11:25.530 [FXGL Background Thread 5 ] WARN  FXGLAssetLoaderServi - Failed to load IMAGE
15:11:25.561 [FXGL Background Thread 5 ] WARN  FXGLAssetLoaderServi - Asset "/assets/textures/stud5_talking_state.png" was not found!
15:11:25.562 [FXGL Background Thread 5 ] WARN  FXGLAssetLoaderServi - Failed to load IMAGE
15:11:25.562 [FXGL Background Thread 5 ] WARN  FXGLAssetLoaderServi - Asset "/assets/textures/stud5_talking_state.png" was not found!
15:11:25.562 [FXGL Background Thread 5 ] WARN  FXGLAssetLoaderServi - Failed to load IMAGE
15:11:25.563 [FXGL Background Thread 5 ] WARN  FXGLAssetLoaderServi - Asset "/assets/textures/stud5_talking_state.png" was not found!
15:11:25.563 [FXGL Background Thread 5 ] WARN  FXGLAssetLoaderServi - Failed to load IMAGE
15:11:25.564 [FXGL Background Thread 5 ] WARN  FXGLAssetLoaderServi - Asset "/assets/textures/stud5_talking_state.png" was not found!
15:11:25.564 [FXGL Background Thread 5 ] WARN  FXGLAssetLoaderServi - Failed to load IMAGE
15:11:25.564 [FXGL Background Thread 5 ] WARN  FXGLAssetLoaderServi - Asset "/assets/textures/stud5_talking_state.png" was not found!
15:11:25.565 [FXGL Background Thread 5 ] WARN  FXGLAssetLoaderServi - Failed to load IMAGE
15:11:25.565 [FXGL Background Thread 5 ] WARN  FXGLAssetLoaderServi - Asset "/assets/textures/stud5_talking_state.png" was not found!
15:11:25.565 [FXGL Background Thread 5 ] WARN  FXGLAssetLoaderServi - Failed to load IMAGE
15:11:25.566 [FXGL Background Thread 5 ] WARN  FXGLAssetLoaderServi - Asset "/assets/textures/stud5_talking_state.png" was not found!
15:11:25.566 [FXGL Background Thread 5 ] WARN  FXGLAssetLoaderServi - Failed to load IMAGE
15:11:25.567 [FXGL Background Thread 5 ] DEBUG FXGLAssetLoaderServi - Loading from file system: file:/C:/Users/Aissha/IdeaProjects/JavaFX%20Projects/CSIT228-Capstone-Sir-Jay-Simulator/target/classes/assets/textures/trey_idle_state.png
15:11:25.575 [FXGL Background Thread 5 ] DEBUG FXGLAssetLoaderServi - Loading from file system: file:/C:/Users/Aissha/IdeaProjects/JavaFX%20Projects/CSIT228-Capstone-Sir-Jay-Simulator/target/classes/assets/textures/trey_sus_state.png
15:11:25.583 [FXGL Background Thread 5 ] DEBUG FXGLAssetLoaderServi - Loading from file system: file:/C:/Users/Aissha/IdeaProjects/JavaFX%20Projects/CSIT228-Capstone-Sir-Jay-Simulator/target/classes/assets/textures/trey_cheat_state.png
15:11:25.592 [FXGL Background Thread 5 ] DEBUG FXGLAssetLoaderServi - Loading from file system: file:/C:/Users/Aissha/IdeaProjects/JavaFX%20Projects/CSIT228-Capstone-Sir-Jay-Simulator/target/classes/assets/textures/trey_talking_state.png
15:11:25.601 [FXGL Background Thread 5 ] WARN  FXGLAssetLoaderServi - Asset "/assets/textures/stud5_talking_state.png" was not found!
15:11:25.601 [FXGL Background Thread 5 ] WARN  FXGLAssetLoaderServi - Failed to load IMAGE
15:11:25.603 [FXGL Background Thread 5 ] WARN  FXGLAssetLoaderServi - Asset "/assets/textures/stud5_talking_state.png" was not found!
15:11:25.603 [FXGL Background Thread 5 ] WARN  FXGLAssetLoaderServi - Failed to load IMAGE
15:11:25.604 [FXGL Background Thread 5 ] WARN  FXGLAssetLoaderServi - Asset "/assets/textures/stud5_talking_state.png" was not found!
15:11:25.604 [FXGL Background Thread 5 ] WARN  FXGLAssetLoaderServi - Failed to load IMAGE
15:11:25.604 [FXGL Background Thread 5 ] WARN  FXGLAssetLoaderServi - Asset "/assets/textures/stud5_talking_state.png" was not found!
15:11:25.604 [FXGL Background Thread 5 ] WARN  FXGLAssetLoaderServi - Failed to load IMAGE
15:11:25.605 [FXGL Background Thread 5 ] WARN  FXGLAssetLoaderServi - Asset "/assets/textures/stud5_talking_state.png" was not found!
15:11:25.605 [FXGL Background Thread 5 ] WARN  FXGLAssetLoaderServi - Failed to load IMAGE
15:11:25.606 [FXGL Background Thread 5 ] WARN  FXGLAssetLoaderServi - Asset "/assets/textures/stud5_talking_state.png" was not found!
15:11:25.606 [FXGL Background Thread 5 ] WARN  FXGLAssetLoaderServi - Failed to load IMAGE
15:11:25.606 [FXGL Background Thread 5 ] WARN  FXGLAssetLoaderServi - Asset "/assets/textures/stud5_talking_state.png" was not found!
15:11:25.606 [FXGL Background Thread 5 ] WARN  FXGLAssetLoaderServi - Failed to load IMAGE
15:11:25.607 [FXGL Background Thread 5 ] WARN  FXGLAssetLoaderServi - Asset "/assets/textures/stud5_talking_state.png" was not found!
15:11:25.607 [FXGL Background Thread 5 ] WARN  FXGLAssetLoaderServi - Failed to load IMAGE
15:11:25.616 [FXGL Background Thread 5 ] DEBUG FXGLAssetLoaderServi - Loading from file system: file:/C:/Users/Aissha/IdeaProjects/JavaFX%20Projects/CSIT228-Capstone-Sir-Jay-Simulator/target/classes/assets/textures/teacherView_leftSide.PNG
15:11:25.826 [FXGL Background Thread 5 ] INFO  FXGLApplication      - Game initialization took: 0.350 sec
15:11:25.827 [JavaFX Application Thread] DEBUG Input                - Clearing active input actions
15:11:25.830 [JavaFX Application Thread] DEBUG GameApplicationServi - Removing overlay from FXGLLoadingScene and adding to GameScene
15:11:25.832 [JavaFX Application Thread] DEBUG PrimaryStageWindow   - FXGLLoadingScene -> GameScene
15:11:39.811 [JavaFX Application Thread] DEBUG FXGLAssetLoaderServi - Loading from file system: file:/C:/Users/Aissha/IdeaProjects/JavaFX%20Projects/CSIT228-Capstone-Sir-Jay-Simulator/target/classes/assets/sounds/wrong.mp3
15:12:04.322 [JavaFX Application Thread] DEBUG PrimaryStageWindow   - Push state: FinishScene
15:12:04.322 [JavaFX Application Thread] DEBUG Input                - Clearing active input actions
15:12:04.323 [JavaFX Application Thread] DEBUG GameApplicationServi - Removing overlay from GameScene and adding to FinishScene
15:12:04.323 [JavaFX Application Thread] DEBUG PrimaryStageWindow   - GameScene -> FinishScene
15:12:05.895 [JavaFX Application Thread] DEBUG PrimaryStageWindow   - Pop state: FinishScene
15:12:05.895 [JavaFX Application Thread] DEBUG Input                - Clearing active input actions
15:12:05.895 [JavaFX Application Thread] DEBUG GameApplicationServi - Removing overlay from FinishScene and adding to GameScene
15:12:05.895 [JavaFX Application Thread] DEBUG PrimaryStageWindow   - GameScene <- FinishScene
15:12:05.895 [JavaFX Application Thread] DEBUG Input                - Clearing active input actions
15:12:05.898 [JavaFX Application Thread] DEBUG GameApplicationServi - Removing overlay from GameScene and adding to FXGLMainMenuDummyScene
15:12:05.898 [JavaFX Application Thread] DEBUG PrimaryStageWindow   - GameScene -> FXGLMainMenuDummyScene
15:12:05.898 [JavaFX Application Thread] DEBUG PrimaryStageWindow   - Push state: MainMenuApp
15:12:05.898 [JavaFX Application Thread] DEBUG Input                - Clearing active input actions
15:12:05.898 [JavaFX Application Thread] DEBUG GameApplicationServi - Removing overlay from FXGLMainMenuDummyScene and adding to MainMenuApp
15:12:05.901 [JavaFX Application Thread] DEBUG PrimaryStageWindow   - FXGLMainMenuDummyScene -> MainMenuApp
15:12:07.601 [JavaFX Application Thread] DEBUG PrimaryStageWindow   - Push state: ProfileSelectScene
15:12:07.601 [JavaFX Application Thread] DEBUG Input                - Clearing active input actions
15:12:07.601 [JavaFX Application Thread] DEBUG GameApplicationServi - Removing overlay from MainMenuApp and adding to ProfileSelectScene
15:12:07.602 [JavaFX Application Thread] DEBUG PrimaryStageWindow   - MainMenuApp -> ProfileSelectScene
15:12:09.758 [JavaFX Application Thread] DEBUG PrimaryStageWindow   - Pop state: ProfileSelectScene
15:12:09.758 [JavaFX Application Thread] DEBUG Input                - Clearing active input actions
15:12:09.758 [JavaFX Application Thread] DEBUG GameApplicationServi - Removing overlay from ProfileSelectScene and adding to MainMenuApp
15:12:09.759 [JavaFX Application Thread] DEBUG PrimaryStageWindow   - MainMenuApp <- ProfileSelectScene
15:13:24.460 [JavaFX Application Thread] DEBUG PrimaryStageWindow   - Push state: LeaderboardScene
15:13:24.460 [JavaFX Application Thread] DEBUG Input                - Clearing active input actions
15:13:24.460 [JavaFX Application Thread] DEBUG GameApplicationServi - Removing overlay from MainMenuApp and adding to LeaderboardScene
15:13:24.460 [JavaFX Application Thread] DEBUG PrimaryStageWindow   - MainMenuApp -> LeaderboardScene
15:13:25.956 [JavaFX Application Thread] DEBUG PrimaryStageWindow   - Pop state: LeaderboardScene
15:13:25.956 [JavaFX Application Thread] DEBUG Input                - Clearing active input actions
15:13:25.956 [JavaFX Application Thread] DEBUG GameApplicationServi - Removing overlay from LeaderboardScene and adding to MainMenuApp
15:13:25.957 [JavaFX Application Thread] DEBUG PrimaryStageWindow   - MainMenuApp <- LeaderboardScene
15:13:28.015 [JavaFX Application Thread] DEBUG Menu                 - fireExit()
15:13:28.017 [JavaFX Application Thread] DEBUG PrimaryStageWindow   - Push state: DialogSubScene
15:13:28.017 [JavaFX Application Thread] DEBUG Input                - Clearing active input actions
15:13:28.017 [JavaFX Application Thread] DEBUG GameApplicationServi - Removing overlay from MainMenuApp and adding to DialogSubScene
15:13:28.017 [JavaFX Application Thread] DEBUG PrimaryStageWindow   - MainMenuApp -> DialogSubScene
15:13:30.283 [JavaFX Application Thread] DEBUG PrimaryStageWindow   - Pop state: DialogSubScene
15:13:30.283 [JavaFX Application Thread] DEBUG Input                - Clearing active input actions
15:13:30.284 [JavaFX Application Thread] DEBUG GameApplicationServi - Removing overlay from DialogSubScene and adding to MainMenuApp
15:13:30.284 [JavaFX Application Thread] DEBUG PrimaryStageWindow   - MainMenuApp <- DialogSubScene
15:13:30.284 [JavaFX Application Thread] DEBUG FXGLApplication      - Exiting FXGL
15:13:30.284 [JavaFX Application Thread] DEBUG LoopRunner           - Stopping loop
15:13:30.284 [JavaFX Application Thread] DEBUG SystemBundleService  - Saving FXGL system data
15:13:30.287 [JavaFX Application Thread] DEBUG FileSystemAccess     - Writing to: C:\Users\Aissha\IdeaProjects\JavaFX Projects\CSIT228-Capstone-Sir-Jay-Simulator\system\fxgl.bundle
15:13:30.288 [JavaFX Application Thread] DEBUG Async                - Shutting down background threads
15:13:30.289 [JavaFX Application Thread] DEBUG PrimaryStageWindow   - Closing main window
15:13:30.296 [JavaFX Application Thread] DEBUG Logger               - Closing Logger
