12:17:30.706 [main                     ] DEBUG Logger               - Configured Logger
12:17:30.708 [main                     ] DEBUG GameApplication      - Logging settings
Title: Sir Serato Simulator
Version: 0.0
Width: 1280
Height: 720
Fullscreen: false
Intro: false
Profiling: false
Single step:false
App Mode: DEVELOPER
Menu Key: ESCAPE
Stage Style: DECORATED
Scene Factory: class com.example.csit228capstonesirjaysimulator.application.MenuFactory

12:17:30.865 [JavaFX Application Thread] DEBUG FXGLApplication      - Initializing FXGL
12:17:30.866 [JavaFX Application Thread] INFO  Engine               - FXGL-17.3 (30.03.2023 11.49) on MAC (J:25.0.1 FX:21.0.6)
12:17:30.866 [JavaFX Application Thread] DEBUG Engine               - JRE Vendor Name: Oracle Corporation
12:17:30.866 [JavaFX Application Thread] DEBUG Engine               - Running on OS: Mac OS X version 14.6
12:17:30.866 [JavaFX Application Thread] DEBUG Engine               - Architecture: aarch64
12:17:30.866 [JavaFX Application Thread] INFO  Engine               - Source code and latest versions at: https://github.com/AlmasB/FXGL
12:17:30.866 [JavaFX Application Thread] INFO  Engine               -       Ask questions and discuss at: https://github.com/AlmasB/FXGL/discussions
12:17:30.866 [JavaFX Application Thread] INFO  Engine               -              Join the FXGL chat at: https://gitter.im/AlmasB/FXGL
12:17:30.902 [JavaFX Application Thread] DEBUG PrimaryStageWindow   - Creating a JavaFX scene
12:17:30.920 [JavaFX Application Thread] DEBUG PrimaryStageWindow   - Target settings size: 1280.0 x 720.0
12:17:30.920 [JavaFX Application Thread] DEBUG PrimaryStageWindow   - Scaled scene size:    1280.0 x 720.0
12:17:30.920 [JavaFX Application Thread] DEBUG PrimaryStageWindow   - Scaled ratio: (1.0, 1.0)
12:17:30.920 [JavaFX Application Thread] DEBUG PrimaryStageWindow   - Set initial scene to FXGLStartupScene
12:17:30.921 [JavaFX Application Thread] DEBUG PrimaryStageWindow   - Opening main window
12:17:30.974 [JavaFX Application Thread] DEBUG PrimaryStageWindow   - Window border size: (0.0, 28.0)
12:17:30.974 [JavaFX Application Thread] DEBUG PrimaryStageWindow   - Scaled size: 1280.0 x 720.0
12:17:30.974 [JavaFX Application Thread] DEBUG PrimaryStageWindow   - Scaled ratio: (1.0, 1.0)
12:17:30.974 [JavaFX Application Thread] DEBUG PrimaryStageWindow   - Scene size: 1280.0 x 720.0
12:17:30.974 [JavaFX Application Thread] DEBUG PrimaryStageWindow   - Stage size: 1280.0 x 748.0
12:17:30.977 [FXGL Background Thread 1 ] DEBUG Engine               - Initializing environment variables
12:17:31.001 [FXGL Background Thread 1 ] DEBUG FXGLAssetLoaderServi - User app class for loading assets: class com.example.csit228capstonesirjaysimulator.application.GameLevelApp
12:17:31.002 [FXGL Background Thread 1 ] DEBUG GameApplicationServi - Applying CSS: fxgl_dark.css
12:17:31.002 [FXGL Background Thread 1 ] DEBUG FXGLAssetLoaderServi - Loading from file system: jar:file:///Users/chloejuliageonzon/.m2/repository/com/github/almasb/fxgl/17.3/fxgl-17.3.jar!/fxglassets/ui/css/fxgl_dark.css
12:17:31.032 [FXGL Background Thread 1 ] DEBUG GameApplicationServi - Initializing application scenes
12:17:31.094 [FXGL Background Thread 1 ] DEBUG GameWorld            - Game world initialized
12:17:31.117 [FXGL Background Thread 1 ] DEBUG PhysicsWorld         - Physics world initialized: appHeight=720, physics.ppm=50.0
12:17:31.117 [FXGL Background Thread 1 ] DEBUG PhysicsWorld         - Using strategy: BRUTE_FORCE
12:17:31.118 [FXGL Background Thread 1 ] DEBUG GameScene            - Game scene initialized: 1280x720
12:17:31.467 [FXGL Background Thread 1 ] DEBUG FXGLAssetLoaderServi - Loading from file system: file:/Users/chloejuliageonzon/Documents/IdeaProjects/School/CSIT228-Capstone-Sir-Jay-Simulator/target/classes/assets/music/intro_music.wav
12:17:31.597 [FXGL Background Thread 1 ] DEBUG AudioPlayer          - Playing music com.almasb.fxgl.audio.Music@5039b166
12:17:31.603 [FXGL Background Thread 1 ] DEBUG FXGL.DefaultMenu     - createMenuBodyGameMenu()
12:17:31.610 [FXGL Background Thread 1 ] DEBUG FXGL.DefaultMenu     - createOptionsMenu()
12:17:31.613 [FXGL Background Thread 1 ] DEBUG FXGLAssetLoaderServi - Loading from file system: jar:file:///Users/chloejuliageonzon/.m2/repository/com/github/almasb/fxgl/17.3/fxgl-17.3.jar!/fxglassets/textures/particles/smoke.png
12:17:31.655 [FXGL Background Thread 1 ] DEBUG FXGLAssetLoaderServi - Loading from file system: jar:file:///Users/chloejuliageonzon/.m2/repository/com/github/almasb/fxgl/17.3/fxgl-17.3.jar!/fxglassets/textures/particles/trace_horizontal.png
12:17:31.665 [FXGL Background Thread 1 ] DEBUG GameApplicationServi - Application scenes initialized
12:17:31.669 [FXGL Background Thread 1 ] DEBUG SystemBundleService  - Loading FXGL system data
12:17:31.670 [FXGL Background Thread 1 ] DEBUG FileSystemAccess     - Reading from: /Users/chloejuliageonzon/Documents/IdeaProjects/School/CSIT228-Capstone-Sir-Jay-Simulator/system/fxgl.bundle
12:17:31.673 [FXGL Background Thread 1 ] DEBUG SystemBundleService  - Bundle FXGL: {}
12:17:31.673 [FXGL Background Thread 1 ] DEBUG UpdaterService       - Checking for updates
12:17:31.674 [FXGL Background Thread 4 ] DEBUG FXGLApplication      - Loading fonts
12:17:31.674 [FXGL Background Thread 4 ] DEBUG FXGLAssetLoaderServi - Loading from file system: jar:file:///Users/chloejuliageonzon/.m2/repository/com/github/almasb/fxgl/17.3/fxgl-17.3.jar!/fxglassets/ui/fonts/VarelaRound-Regular.ttf
12:17:31.674 [FXGL Background Thread 1 ] DEBUG FXGLApplication      - Loading default localization
12:17:31.674 [FXGL Background Thread 1 ] DEBUG FXGLAssetLoaderServi - Loading from file system: jar:file:///Users/chloejuliageonzon/.m2/repository/com/github/almasb/fxgl/17.3/fxgl-17.3.jar!/fxglassets/languages/english.lang
12:17:31.697 [FXGL Background Thread 4 ] DEBUG FXGLAssetLoaderServi - Loading from file system: jar:file:///Users/chloejuliageonzon/.m2/repository/com/github/almasb/fxgl/17.3/fxgl-17.3.jar!/fxglassets/ui/fonts/Abel-Regular.ttf
12:17:31.699 [FXGL Background Thread 4 ] DEBUG FXGLAssetLoaderServi - Loading from file system: jar:file:///Users/chloejuliageonzon/.m2/repository/com/github/almasb/fxgl/17.3/fxgl-17.3.jar!/fxglassets/ui/fonts/TerminalLandMono-Regular.otf
12:17:31.699 [FXGL Background Thread 1 ] INFO  FXGLApplication      - FXGL initialization took: 0.722 sec
12:17:31.700 [FXGL Background Thread 4 ] DEBUG FXGLAssetLoaderServi - Loading from file system: jar:file:///Users/chloejuliageonzon/.m2/repository/com/github/almasb/fxgl/17.3/fxgl-17.3.jar!/fxglassets/ui/fonts/Courier-Prime.ttf
12:17:31.700 [JavaFX Application Thread] DEBUG Input                - Registered new binding: action0 - LMB
12:17:31.703 [JavaFX Application Thread] DEBUG Input                - Registered new binding: Switch Screen Left - A
12:17:31.703 [JavaFX Application Thread] DEBUG Input                - Registered new binding: Switch Screen Right - D
12:17:31.703 [JavaFX Application Thread] DEBUG Input                - Registered new binding: PAGHILOM! - E
12:17:31.703 [JavaFX Application Thread] DEBUG FXGLAssetLoaderServi - Loading from file system: jar:file:///Users/chloejuliageonzon/.m2/repository/com/github/almasb/fxgl/17.3/fxgl-17.3.jar!/fxglassets/textures/fxgl_icon.png
12:17:31.712 [JavaFX Application Thread] DEBUG FXGLAssetLoaderServi - Loading from file system: jar:file:///Users/chloejuliageonzon/.m2/repository/com/github/almasb/fxgl/17.3/fxgl-17.3.jar!/fxglassets/textures/fxgl_default_cursor.png
12:17:31.714 [JavaFX Application Thread] DEBUG Input                - Registered new binding: Screenshot - CTRL+8
12:17:31.714 [JavaFX Application Thread] DEBUG Input                - Registered new binding: System info dump - CTRL+9
12:17:31.714 [JavaFX Application Thread] DEBUG Input                - Registered new binding: Restart - CTRL+R
12:17:31.714 [JavaFX Application Thread] DEBUG Input                - Registered new binding: Toggle Debug Camera - CTRL+7
12:17:31.715 [JavaFX Application Thread] DEBUG LoopRunner           - Starting loop
12:17:31.715 [JavaFX Application Thread] DEBUG LoopRunner           - Initializing JavaFX AnimationTimerLoop
12:17:31.716 [JavaFX Application Thread] DEBUG Input                - Clearing active input actions
12:17:31.719 [JavaFX Application Thread] DEBUG GameApplicationServi - Removing overlay from FXGLStartupScene and adding to FXGLMainMenuDummyScene
12:17:31.719 [JavaFX Application Thread] DEBUG PrimaryStageWindow   - FXGLStartupScene -> FXGLMainMenuDummyScene
12:17:31.719 [JavaFX Application Thread] DEBUG PrimaryStageWindow   - Push state: MainMenuApp
12:17:31.719 [JavaFX Application Thread] DEBUG Input                - Clearing active input actions
12:17:31.719 [JavaFX Application Thread] DEBUG GameApplicationServi - Removing overlay from FXGLMainMenuDummyScene and adding to MainMenuApp
12:17:31.720 [JavaFX Application Thread] DEBUG PrimaryStageWindow   - FXGLMainMenuDummyScene -> MainMenuApp
12:17:31.731 [JavaFX Application Thread] DEBUG FXGLApplication      - Registering font factories with UI factory
12:17:32.328 [FXGL Background Thread 2 ] INFO  UpdaterService       - Your current version:  17.3
12:17:32.329 [FXGL Background Thread 2 ] INFO  UpdaterService       - Latest stable version: 25
12:17:34.679 [FXGL Background Thread 3 ] DEBUG Engine               - Logging environment variables
12:17:34.680 [FXGL Background Thread 3 ] DEBUG Engine               - achievements: []
12:17:34.680 [FXGL Background Thread 3 ] DEBUG Engine               - actualHeight: 720.0
12:17:34.681 [FXGL Background Thread 3 ] DEBUG Engine               - actualHeightProperty: ReadOnlyDoubleProperty [value: 720.0]
12:17:34.681 [FXGL Background Thread 3 ] DEBUG Engine               - actualWidth: 1280.0
12:17:34.681 [FXGL Background Thread 3 ] DEBUG Engine               - actualWidthProperty: ReadOnlyDoubleProperty [value: 1280.0]
12:17:34.681 [FXGL Background Thread 3 ] DEBUG Engine               - appIcon: fxgl_icon.png
12:17:34.681 [FXGL Background Thread 3 ] DEBUG Engine               - applicationMode: DEVELOPER
12:17:34.681 [FXGL Background Thread 3 ] DEBUG Engine               - cSSList: [fxgl_dark.css]
12:17:34.681 [FXGL Background Thread 3 ] DEBUG Engine               - collisionDetectionStrategy: BRUTE_FORCE
12:17:34.681 [FXGL Background Thread 3 ] DEBUG Engine               - configClass: Optional.empty
12:17:34.681 [FXGL Background Thread 3 ] DEBUG Engine               - credits: []
12:17:34.682 [FXGL Background Thread 3 ] DEBUG Engine               - defaultCursor: CursorInfo(imageName=fxgl_default_cursor.png, hotspotX=7.0, hotspotY=6.0)
12:17:34.682 [FXGL Background Thread 3 ] DEBUG Engine               - devBBoxColorProperty: ObjectProperty [value: 0xff0000ff]
12:17:34.682 [FXGL Background Thread 3 ] DEBUG Engine               - devEnableDebugCameraProperty: BooleanProperty [value: false]
12:17:34.683 [FXGL Background Thread 3 ] DEBUG Engine               - devSensorColorProperty: ObjectProperty [value: 0xffff00ff]
12:17:34.683 [FXGL Background Thread 3 ] DEBUG Engine               - devShowBBoxProperty: BooleanProperty [value: false]
12:17:34.683 [FXGL Background Thread 3 ] DEBUG Engine               - devShowPositionProperty: BooleanProperty [value: false]
12:17:34.683 [FXGL Background Thread 3 ] DEBUG Engine               - enabledMenuItems: []
12:17:34.683 [FXGL Background Thread 3 ] DEBUG Engine               - engineServices: [class com.almasb.fxgl.app.services.FXGLAssetLoaderService, class com.almasb.fxgl.app.FXGLApplication$GameApplicationService, class com.almasb.fxgl.app.services.FXGLDialogService, class com.almasb.fxgl.app.services.IOTaskExecutorService, class com.almasb.fxgl.io.FileSystemService, class com.almasb.fxgl.localization.LocalizationService, class com.almasb.fxgl.app.services.SystemBundleService, class com.almasb.fxgl.profile.SaveLoadService, class com.almasb.fxgl.ui.FXGLUIFactoryServiceProvider, class com.almasb.fxgl.ui.FXGLDialogFactoryServiceProvider, class com.almasb.fxgl.audio.AudioPlayer, class com.almasb.fxgl.notification.impl.NotificationServiceProvider, class com.almasb.fxgl.achievement.AchievementService, class com.almasb.fxgl.cutscene.CutsceneService, class com.almasb.fxgl.minigames.MiniGameService, class com.almasb.fxgl.net.NetService, class com.almasb.fxgl.app.services.UpdaterService, class com.almasb.fxgl.dev.DevService]
12:17:34.683 [FXGL Background Thread 3 ] DEBUG Engine               - fontGame: Abel-Regular.ttf
12:17:34.683 [FXGL Background Thread 3 ] DEBUG Engine               - fontMono: TerminalLandMono-Regular.otf
12:17:34.683 [FXGL Background Thread 3 ] DEBUG Engine               - fontSizeScaleUI: 1.0
12:17:34.683 [FXGL Background Thread 3 ] DEBUG Engine               - fontText: Courier-Prime.ttf
12:17:34.683 [FXGL Background Thread 3 ] DEBUG Engine               - fontUI: VarelaRound-Regular.ttf
12:17:34.683 [FXGL Background Thread 3 ] DEBUG Engine               - fullScreen: BooleanProperty [value: false]
12:17:34.683 [FXGL Background Thread 3 ] DEBUG Engine               - gameDifficulty: MEDIUM
12:17:34.683 [FXGL Background Thread 3 ] DEBUG Engine               - gameDifficultyProperty: ObjectProperty [value: MEDIUM]
12:17:34.683 [FXGL Background Thread 3 ] DEBUG Engine               - globalMusicVolume: 0.5
12:17:34.683 [FXGL Background Thread 3 ] DEBUG Engine               - globalMusicVolumeProperty: DoubleProperty [value: 0.5]
12:17:34.684 [FXGL Background Thread 3 ] DEBUG Engine               - globalSoundVolume: 0.5
12:17:34.684 [FXGL Background Thread 3 ] DEBUG Engine               - globalSoundVolumeProperty: DoubleProperty [value: 0.5]
12:17:34.684 [FXGL Background Thread 3 ] DEBUG Engine               - height: 720
12:17:34.684 [FXGL Background Thread 3 ] DEBUG Engine               - is3D: false
12:17:34.684 [FXGL Background Thread 3 ] DEBUG Engine               - isAndroid: false
12:17:34.684 [FXGL Background Thread 3 ] DEBUG Engine               - isBrowser: false
12:17:34.684 [FXGL Background Thread 3 ] DEBUG Engine               - isClickFeedbackEnabled: false
12:17:34.684 [FXGL Background Thread 3 ] DEBUG Engine               - isCloseConfirmation: false
12:17:34.684 [FXGL Background Thread 3 ] DEBUG Engine               - isDesktop: true
12:17:34.684 [FXGL Background Thread 3 ] DEBUG Engine               - isDeveloperMenuEnabled: false
12:17:34.684 [FXGL Background Thread 3 ] DEBUG Engine               - isEmbedded: false
12:17:34.684 [FXGL Background Thread 3 ] DEBUG Engine               - isEntityPreloadEnabled: true
12:17:34.684 [FXGL Background Thread 3 ] DEBUG Engine               - isExperimentalTiledLargeMap: false
12:17:34.684 [FXGL Background Thread 3 ] DEBUG Engine               - isFileSystemWriteAllowed: true
12:17:34.684 [FXGL Background Thread 3 ] DEBUG Engine               - isFullScreenAllowed: false
12:17:34.684 [FXGL Background Thread 3 ] DEBUG Engine               - isFullScreenFromStart: false
12:17:34.685 [FXGL Background Thread 3 ] DEBUG Engine               - isGameMenuEnabled: true
12:17:34.685 [FXGL Background Thread 3 ] DEBUG Engine               - isIOS: false
12:17:34.685 [FXGL Background Thread 3 ] DEBUG Engine               - isIntroEnabled: false
12:17:34.685 [FXGL Background Thread 3 ] DEBUG Engine               - isLinux: false
12:17:34.685 [FXGL Background Thread 3 ] DEBUG Engine               - isMac: true
12:17:34.685 [FXGL Background Thread 3 ] DEBUG Engine               - isMainMenuEnabled: true
12:17:34.685 [FXGL Background Thread 3 ] DEBUG Engine               - isManualResizeEnabled: false
12:17:34.685 [FXGL Background Thread 3 ] DEBUG Engine               - isMobile: false
12:17:34.685 [FXGL Background Thread 3 ] DEBUG Engine               - isNative: false
12:17:34.685 [FXGL Background Thread 3 ] DEBUG Engine               - isPauseMusicWhenMinimized: true
12:17:34.685 [FXGL Background Thread 3 ] DEBUG Engine               - isPreserveResizeRatio: false
12:17:34.685 [FXGL Background Thread 3 ] DEBUG Engine               - isProfilingEnabled: false
12:17:34.685 [FXGL Background Thread 3 ] DEBUG Engine               - isScaleAffectedOnResize: true
12:17:34.685 [FXGL Background Thread 3 ] DEBUG Engine               - isSingleStep: false
12:17:34.685 [FXGL Background Thread 3 ] DEBUG Engine               - isUserProfileEnabled: false
12:17:34.685 [FXGL Background Thread 3 ] DEBUG Engine               - isWindows: false
12:17:34.685 [FXGL Background Thread 3 ] DEBUG Engine               - language: ObjectProperty [value: ENGLISH]
12:17:34.686 [FXGL Background Thread 3 ] DEBUG Engine               - menuKey: ESCAPE
12:17:34.686 [FXGL Background Thread 3 ] DEBUG Engine               - mouseSensitivity: 0.2
12:17:34.686 [FXGL Background Thread 3 ] DEBUG Engine               - notificationViewClass: class com.almasb.fxgl.notification.view.XboxNotificationView
12:17:34.686 [FXGL Background Thread 3 ] DEBUG Engine               - pixelsPerMeter: 50.0
12:17:34.686 [FXGL Background Thread 3 ] DEBUG Engine               - platform: MAC
12:17:34.686 [FXGL Background Thread 3 ] DEBUG Engine               - prefHeightProperty: ReadOnlyDoubleProperty [value: 720.0]
12:17:34.686 [FXGL Background Thread 3 ] DEBUG Engine               - prefWidthProperty: ReadOnlyDoubleProperty [value: 1280.0]
12:17:34.686 [FXGL Background Thread 3 ] DEBUG Engine               - profileDir: profiles/
12:17:34.686 [FXGL Background Thread 3 ] DEBUG Engine               - profileName: StringProperty [value: DEFAULT]
12:17:34.686 [FXGL Background Thread 3 ] DEBUG Engine               - randomSeed: -1
12:17:34.686 [FXGL Background Thread 3 ] DEBUG Engine               - runtimeInfo: RuntimeInfo(platform=MAC, version=17.3, build=30.03.2023 11.49)
12:17:34.686 [FXGL Background Thread 3 ] DEBUG Engine               - saveFileExt: sav
12:17:34.686 [FXGL Background Thread 3 ] DEBUG Engine               - scaledHeightProp$fxgl: DoubleProperty [bound, value: 720.0]
12:17:34.687 [FXGL Background Thread 3 ] DEBUG Engine               - scaledWidthProp$fxgl: DoubleProperty [bound, value: 1280.0]
12:17:34.687 [FXGL Background Thread 3 ] DEBUG Engine               - sceneFactory: com.example.csit228capstonesirjaysimulator.application.MenuFactory@220080dd
12:17:34.687 [FXGL Background Thread 3 ] DEBUG Engine               - secondsIn24h: 60
12:17:34.687 [FXGL Background Thread 3 ] DEBUG Engine               - soundMenuBack: menu/back.wav
12:17:34.687 [FXGL Background Thread 3 ] DEBUG Engine               - soundMenuPress: menu/press.wav
12:17:34.687 [FXGL Background Thread 3 ] DEBUG Engine               - soundMenuSelect: menu/select.wav
12:17:34.687 [FXGL Background Thread 3 ] DEBUG Engine               - soundNotification: core/notification.wav
12:17:34.687 [FXGL Background Thread 3 ] DEBUG Engine               - stageStyle: DECORATED
12:17:34.687 [FXGL Background Thread 3 ] DEBUG Engine               - supportedLanguages: [ENGLISH, FRENCH, GERMAN, HUNGARIAN, RUSSIAN]
12:17:34.687 [FXGL Background Thread 3 ] DEBUG Engine               - ticksPerSecond: -1
12:17:34.687 [FXGL Background Thread 3 ] DEBUG Engine               - title: Sir Serato Simulator
12:17:34.687 [FXGL Background Thread 3 ] DEBUG Engine               - urlGithub: https://github.com/AlmasB/FXGL
12:17:34.687 [FXGL Background Thread 3 ] DEBUG Engine               - urlLeaderboard: http://fxgl-top.herokuapp.com/
12:17:34.687 [FXGL Background Thread 3 ] DEBUG Engine               - urlPOM: https://raw.githubusercontent.com/AlmasB/FXGL/release/README.md
12:17:34.687 [FXGL Background Thread 3 ] DEBUG Engine               - userAppClass: class com.example.csit228capstonesirjaysimulator.application.GameLevelApp
12:17:34.687 [FXGL Background Thread 3 ] DEBUG Engine               - version: 0.0
12:17:34.687 [FXGL Background Thread 3 ] DEBUG Engine               - versionCheckDays: 7
12:17:34.687 [FXGL Background Thread 3 ] DEBUG Engine               - width: 1280
12:17:34.687 [FXGL Background Thread 3 ] DEBUG Engine               - Logging services
12:17:34.687 [FXGL Background Thread 3 ] DEBUG Engine               - class com.almasb.fxgl.app.services.FXGLAssetLoaderService
12:17:34.687 [FXGL Background Thread 3 ] DEBUG Engine               - class com.almasb.fxgl.app.FXGLApplication$GameApplicationService
12:17:34.687 [FXGL Background Thread 3 ] DEBUG Engine               - class com.almasb.fxgl.app.services.FXGLDialogService
12:17:34.687 [FXGL Background Thread 3 ] DEBUG Engine               - class com.almasb.fxgl.app.services.IOTaskExecutorService
12:17:34.687 [FXGL Background Thread 3 ] DEBUG Engine               - class com.almasb.fxgl.io.FileSystemService
12:17:34.688 [FXGL Background Thread 3 ] DEBUG Engine               - class com.almasb.fxgl.localization.LocalizationService
12:17:34.688 [FXGL Background Thread 3 ] DEBUG Engine               - class com.almasb.fxgl.app.services.SystemBundleService
12:17:34.688 [FXGL Background Thread 3 ] DEBUG Engine               - class com.almasb.fxgl.profile.SaveLoadService
12:17:34.688 [FXGL Background Thread 3 ] DEBUG Engine               - class com.almasb.fxgl.ui.FXGLUIFactoryServiceProvider
12:17:34.688 [FXGL Background Thread 3 ] DEBUG Engine               - class com.almasb.fxgl.ui.FXGLDialogFactoryServiceProvider
12:17:34.688 [FXGL Background Thread 3 ] DEBUG Engine               - class com.almasb.fxgl.audio.AudioPlayer
12:17:34.688 [FXGL Background Thread 3 ] DEBUG Engine               - class com.almasb.fxgl.notification.impl.NotificationServiceProvider
12:17:34.688 [FXGL Background Thread 3 ] DEBUG Engine               - class com.almasb.fxgl.achievement.AchievementService
12:17:34.688 [FXGL Background Thread 3 ] DEBUG Engine               - class com.almasb.fxgl.cutscene.CutsceneService
12:17:34.688 [FXGL Background Thread 3 ] DEBUG Engine               - class com.almasb.fxgl.minigames.MiniGameService
12:17:34.688 [FXGL Background Thread 3 ] DEBUG Engine               - class com.almasb.fxgl.net.NetService
12:17:34.688 [FXGL Background Thread 3 ] DEBUG Engine               - class com.almasb.fxgl.app.services.UpdaterService
12:17:34.688 [FXGL Background Thread 3 ] DEBUG Engine               - class com.almasb.fxgl.dev.DevService
12:17:36.504 [JavaFX Application Thread] DEBUG PrimaryStageWindow   - Push state: ProfileSelectScene
12:17:36.504 [JavaFX Application Thread] DEBUG Input                - Clearing active input actions
12:17:36.509 [JavaFX Application Thread] DEBUG GameApplicationServi - Removing overlay from MainMenuApp and adding to ProfileSelectScene
12:17:36.509 [JavaFX Application Thread] DEBUG PrimaryStageWindow   - MainMenuApp -> ProfileSelectScene
12:17:45.131 [JavaFX Application Thread] DEBUG PrimaryStageWindow   - Pop state: ProfileSelectScene
12:17:45.131 [JavaFX Application Thread] DEBUG Input                - Clearing active input actions
12:17:45.133 [JavaFX Application Thread] DEBUG GameApplicationServi - Removing overlay from ProfileSelectScene and adding to MainMenuApp
12:17:45.133 [JavaFX Application Thread] DEBUG PrimaryStageWindow   - MainMenuApp <- ProfileSelectScene
12:17:45.238 [JavaFX Application Thread] DEBUG Input                - Registered new binding: Advance - Enter
12:17:45.239 [JavaFX Application Thread] DEBUG FXGLAssetLoaderServi - Loading from file system: file:/Users/chloejuliageonzon/Documents/IdeaProjects/School/CSIT228-Capstone-Sir-Jay-Simulator/target/classes/assets/music/classroom.wav
12:17:45.241 [JavaFX Application Thread] DEBUG AudioPlayer          - Playing music com.almasb.fxgl.audio.Music@551e5e8b
12:17:45.243 [JavaFX Application Thread] DEBUG PrimaryStageWindow   - Push state: IntroCutScene
12:17:45.243 [JavaFX Application Thread] DEBUG Input                - Clearing active input actions
12:17:45.243 [JavaFX Application Thread] DEBUG GameApplicationServi - Removing overlay from MainMenuApp and adding to IntroCutScene
12:17:45.243 [JavaFX Application Thread] DEBUG PrimaryStageWindow   - MainMenuApp -> IntroCutScene
12:17:47.210 [JavaFX Application Thread] DEBUG FXGLAssetLoaderServi - Loading from file system: file:/Users/chloejuliageonzon/Documents/IdeaProjects/School/CSIT228-Capstone-Sir-Jay-Simulator/target/classes/assets/sounds/howsurdayeverybody2.wav
12:17:47.418 [JavaFX Application Thread] DEBUG FXGLAssetLoaderServi - Loading from file system: file:/Users/chloejuliageonzon/Documents/IdeaProjects/School/CSIT228-Capstone-Sir-Jay-Simulator/target/classes/assets/sounds/coolandnormal.wav
12:17:47.610 [JavaFX Application Thread] DEBUG FXGLAssetLoaderServi - Loading from file system: file:/Users/chloejuliageonzon/Documents/IdeaProjects/School/CSIT228-Capstone-Sir-Jay-Simulator/target/classes/assets/sounds/good2.wav
12:17:47.859 [JavaFX Application Thread] DEBUG FXGLAssetLoaderServi - Loading from file system: file:/Users/chloejuliageonzon/Documents/IdeaProjects/School/CSIT228-Capstone-Sir-Jay-Simulator/target/classes/assets/sounds/trees.wav
12:17:48.549 [JavaFX Application Thread] DEBUG FXGLAssetLoaderServi - Loading from file system: file:/Users/chloejuliageonzon/Documents/IdeaProjects/School/CSIT228-Capstone-Sir-Jay-Simulator/target/classes/assets/music/mii_discussion_boosted.mp3
12:17:48.561 [JavaFX Application Thread] DEBUG AudioPlayer          - Playing music com.almasb.fxgl.audio.Music@69b065f0
12:17:51.246 [JavaFX Application Thread] DEBUG AudioPlayer          - Playing music com.almasb.fxgl.audio.Music@69b065f0
12:18:06.546 [JavaFX Application Thread] DEBUG FXGLAssetLoaderServi - Loading from file system: file:/Users/chloejuliageonzon/Documents/IdeaProjects/School/CSIT228-Capstone-Sir-Jay-Simulator/target/classes/assets/sounds/waitsasir.wav
12:18:06.753 [JavaFX Application Thread] DEBUG FXGLAssetLoaderServi - Loading from file system: file:/Users/chloejuliageonzon/Documents/IdeaProjects/School/CSIT228-Capstone-Sir-Jay-Simulator/target/classes/assets/sounds/onefourth.wav
12:18:06.931 [JavaFX Application Thread] DEBUG AudioPlayer          - Stopping music com.almasb.fxgl.audio.Music@5039b166
12:18:06.934 [JavaFX Application Thread] DEBUG AudioPlayer          - Stopping music com.almasb.fxgl.audio.Music@551e5e8b
12:18:06.934 [JavaFX Application Thread] DEBUG AudioPlayer          - Stopping music com.almasb.fxgl.audio.Music@69b065f0
12:18:06.936 [JavaFX Application Thread] DEBUG Menu                 - fireNewGame()
12:18:06.937 [JavaFX Application Thread] DEBUG GameApplicationServi - Starting new game
12:18:06.937 [JavaFX Application Thread] DEBUG PrimaryStageWindow   - Pop state: IntroCutScene
12:18:06.937 [JavaFX Application Thread] DEBUG Input                - Clearing active input actions
12:18:06.938 [JavaFX Application Thread] DEBUG GameApplicationServi - Removing overlay from IntroCutScene and adding to MainMenuApp
12:18:06.938 [JavaFX Application Thread] DEBUG PrimaryStageWindow   - MainMenuApp <- IntroCutScene
12:18:06.938 [JavaFX Application Thread] DEBUG PrimaryStageWindow   - Pop state: MainMenuApp
12:18:06.938 [JavaFX Application Thread] DEBUG Input                - Clearing active input actions
12:18:06.938 [JavaFX Application Thread] DEBUG GameApplicationServi - Removing overlay from MainMenuApp and adding to FXGLMainMenuDummyScene
12:18:06.938 [JavaFX Application Thread] DEBUG PrimaryStageWindow   - FXGLMainMenuDummyScene <- MainMenuApp
12:18:06.939 [JavaFX Application Thread] DEBUG Input                - Clearing active input actions
12:18:06.946 [JavaFX Application Thread] DEBUG GameApplicationServi - Removing overlay from FXGLMainMenuDummyScene and adding to FXGLLoadingScene
12:18:06.947 [JavaFX Application Thread] DEBUG PrimaryStageWindow   - FXGLMainMenuDummyScene -> FXGLLoadingScene
12:18:06.947 [JavaFX Application Thread] DEBUG GameApplicationServi - Clearing previous game
12:18:06.947 [JavaFX Application Thread] DEBUG GameScene            - Clearing game scene
12:18:06.947 [JavaFX Application Thread] DEBUG GameWorld            - Clearing game world
12:18:06.948 [JavaFX Application Thread] DEBUG PhysicsWorld         - Clearing physics world
12:18:06.949 [FXGL Background Thread 2 ] DEBUG FXGLApplication      - Initializing game
12:18:06.957 [FXGL Background Thread 2 ] DEBUG FXGLAssetLoaderServi - Loading from file system: file:/Users/chloejuliageonzon/Documents/IdeaProjects/School/CSIT228-Capstone-Sir-Jay-Simulator/target/classes/assets/textures/stud5_idle_state.png
12:18:06.976 [FXGL Background Thread 2 ] DEBUG FXGLAssetLoaderServi - Loading from file system: file:/Users/chloejuliageonzon/Documents/IdeaProjects/School/CSIT228-Capstone-Sir-Jay-Simulator/target/classes/assets/textures/stud5_sus_state.png
12:18:06.986 [FXGL Background Thread 2 ] DEBUG FXGLAssetLoaderServi - Loading from file system: file:/Users/chloejuliageonzon/Documents/IdeaProjects/School/CSIT228-Capstone-Sir-Jay-Simulator/target/classes/assets/textures/stud5_cheat_state.png
12:18:06.999 [FXGL Background Thread 2 ] WARN  FXGLAssetLoaderServi - Asset "/assets/textures/trey_idle_state.png" was not found!
12:18:06.999 [FXGL Background Thread 2 ] WARN  FXGLAssetLoaderServi - Failed to load IMAGE
12:18:07.006 [FXGL Background Thread 2 ] WARN  FXGLAssetLoaderServi - Asset "/assets/textures/trey_idle_state.png" was not found!
12:18:07.006 [FXGL Background Thread 2 ] WARN  FXGLAssetLoaderServi - Failed to load IMAGE
12:18:07.011 [FXGL Background Thread 2 ] DEBUG FXGLAssetLoaderServi - Loading from file system: file:/Users/chloejuliageonzon/Documents/IdeaProjects/School/CSIT228-Capstone-Sir-Jay-Simulator/target/classes/assets/textures/teacherView_leftSide.PNG
12:18:07.177 [FXGL Background Thread 2 ] INFO  FXGLApplication      - Game initialization took: 0.228 sec
12:18:07.177 [JavaFX Application Thread] DEBUG Input                - Clearing active input actions
12:18:07.179 [JavaFX Application Thread] DEBUG GameApplicationServi - Removing overlay from FXGLLoadingScene and adding to GameScene
12:18:07.179 [JavaFX Application Thread] DEBUG PrimaryStageWindow   - FXGLLoadingScene -> GameScene
12:18:19.440 [JavaFX Application Thread] DEBUG FXGLApplication      - Exiting FXGL
12:18:19.440 [JavaFX Application Thread] DEBUG LoopRunner           - Stopping loop
12:18:19.440 [JavaFX Application Thread] DEBUG SystemBundleService  - Saving FXGL system data
12:18:19.443 [JavaFX Application Thread] DEBUG FileSystemAccess     - Writing to: /Users/chloejuliageonzon/Documents/IdeaProjects/School/CSIT228-Capstone-Sir-Jay-Simulator/system/fxgl.bundle
12:18:19.444 [JavaFX Application Thread] DEBUG Async                - Shutting down background threads
12:18:19.444 [JavaFX Application Thread] DEBUG PrimaryStageWindow   - Closing main window
12:18:19.452 [JavaFX Application Thread] DEBUG Logger               - Closing Logger
