15:38:24.611 [main                     ] DEBUG Logger               - Configured Logger
15:38:24.615 [main                     ] DEBUG GameApplication      - Logging settings
Title: Sir Serato Simulator
Version: 0.0
Width: 1280
Height: 720
Fullscreen: false
Intro: false
Profiling: false
Single step:false
App Mode: DEVELOPER
Menu Key: F12
Stage Style: DECORATED
Scene Factory: class com.example.csit228capstonesirjaysimulator.application.MenuFactory

15:38:24.900 [JavaFX Application Thread] DEBUG FXGLApplication      - Initializing FXGL
15:38:24.902 [JavaFX Application Thread] INFO  Engine               - FXGL-17.3 (30.03.2023 11.49) on WINDOWS (J:24.0.2 FX:21.0.6)
15:38:24.902 [JavaFX Application Thread] DEBUG Engine               - JRE Vendor Name: Oracle Corporation
15:38:24.902 [JavaFX Application Thread] DEBUG Engine               - Running on OS: Windows 11 version 10.0
15:38:24.902 [JavaFX Application Thread] DEBUG Engine               - Architecture: amd64
15:38:24.902 [JavaFX Application Thread] INFO  Engine               - Source code and latest versions at: https://github.com/AlmasB/FXGL
15:38:24.903 [JavaFX Application Thread] INFO  Engine               -       Ask questions and discuss at: https://github.com/AlmasB/FXGL/discussions
15:38:24.903 [JavaFX Application Thread] INFO  Engine               -              Join the FXGL chat at: https://gitter.im/AlmasB/FXGL
15:38:24.965 [JavaFX Application Thread] DEBUG PrimaryStageWindow   - Creating a JavaFX scene
15:38:25.002 [JavaFX Application Thread] DEBUG PrimaryStageWindow   - Target settings size: 1280.0 x 720.0
15:38:25.002 [JavaFX Application Thread] DEBUG PrimaryStageWindow   - Scaled scene size:    1280.0 x 720.0
15:38:25.002 [JavaFX Application Thread] DEBUG PrimaryStageWindow   - Scaled ratio: (1.0, 1.0)
15:38:25.003 [JavaFX Application Thread] DEBUG PrimaryStageWindow   - Set initial scene to FXGLStartupScene
15:38:25.005 [JavaFX Application Thread] DEBUG PrimaryStageWindow   - Opening main window
15:38:25.078 [JavaFX Application Thread] DEBUG PrimaryStageWindow   - Window border size: (14.4000244140625, 37.5999755859375)
15:38:25.078 [JavaFX Application Thread] DEBUG PrimaryStageWindow   - Scaled size: 1280.0 x 720.0
15:38:25.078 [JavaFX Application Thread] DEBUG PrimaryStageWindow   - Scaled ratio: (1.0, 1.0)
15:38:25.078 [JavaFX Application Thread] DEBUG PrimaryStageWindow   - Scene size: 1280.0 x 720.0
15:38:25.079 [JavaFX Application Thread] DEBUG PrimaryStageWindow   - Stage size: 1294.4000244140625 x 757.5999755859375
15:38:25.084 [FXGL Background Thread 1 ] DEBUG Engine               - Initializing environment variables
15:38:25.150 [FXGL Background Thread 1 ] DEBUG FXGLAssetLoaderServi - User app class for loading assets: class com.example.csit228capstonesirjaysimulator.application.GameLevelApp
15:38:25.150 [FXGL Background Thread 1 ] DEBUG GameApplicationServi - Applying CSS: fxgl_dark.css
15:38:25.150 [FXGL Background Thread 1 ] DEBUG FXGLAssetLoaderServi - Loading from file system: jar:file:///C:/Users/Aissha/.m2/repository/com/github/almasb/fxgl/17.3/fxgl-17.3.jar!/fxglassets/ui/css/fxgl_dark.css
15:38:25.187 [FXGL Background Thread 1 ] DEBUG GameApplicationServi - Initializing application scenes
15:38:25.226 [FXGL Background Thread 1 ] DEBUG GameWorld            - Game world initialized
15:38:25.286 [FXGL Background Thread 1 ] DEBUG PhysicsWorld         - Physics world initialized: appHeight=720, physics.ppm=50.0
15:38:25.286 [FXGL Background Thread 1 ] DEBUG PhysicsWorld         - Using strategy: BRUTE_FORCE
15:38:25.289 [FXGL Background Thread 1 ] DEBUG GameScene            - Game scene initialized: 1280x720
15:38:25.659 [FXGL Background Thread 1 ] DEBUG FXGLAssetLoaderServi - Loading from file system: file:/C:/Users/Aissha/IdeaProjects/JavaFX%20Projects/CSIT228-Capstone-Sir-Jay-Simulator/target/classes/assets/music/intro_music.wav
15:38:25.741 [FXGL Background Thread 1 ] DEBUG AudioPlayer          - Playing music com.almasb.fxgl.audio.Music@7ec09ee7
15:38:25.748 [FXGL Background Thread 1 ] DEBUG FXGL.DefaultMenu     - createMenuBodyGameMenu()
15:38:25.757 [FXGL Background Thread 1 ] DEBUG FXGL.DefaultMenu     - createOptionsMenu()
15:38:25.762 [FXGL Background Thread 1 ] DEBUG FXGLAssetLoaderServi - Loading from file system: jar:file:///C:/Users/Aissha/.m2/repository/com/github/almasb/fxgl/17.3/fxgl-17.3.jar!/fxglassets/textures/particles/smoke.png
15:38:25.843 [FXGL Background Thread 1 ] DEBUG FXGLAssetLoaderServi - Loading from file system: jar:file:///C:/Users/Aissha/.m2/repository/com/github/almasb/fxgl/17.3/fxgl-17.3.jar!/fxglassets/textures/particles/trace_horizontal.png
15:38:25.857 [FXGL Background Thread 1 ] DEBUG GameApplicationServi - Application scenes initialized
15:38:25.870 [FXGL Background Thread 1 ] DEBUG SystemBundleService  - Loading FXGL system data
15:38:25.876 [FXGL Background Thread 1 ] DEBUG FileSystemAccess     - Reading from: C:\Users\Aissha\IdeaProjects\JavaFX Projects\CSIT228-Capstone-Sir-Jay-Simulator\system\fxgl.bundle
15:38:25.883 [FXGL Background Thread 1 ] DEBUG SystemBundleService  - Bundle FXGL: {}
15:38:25.883 [FXGL Background Thread 1 ] DEBUG UpdaterService       - Checking for updates
15:38:25.922 [FXGL Background Thread 4 ] DEBUG FXGLApplication      - Loading fonts
15:38:25.922 [FXGL Background Thread 4 ] DEBUG FXGLAssetLoaderServi - Loading from file system: jar:file:///C:/Users/Aissha/.m2/repository/com/github/almasb/fxgl/17.3/fxgl-17.3.jar!/fxglassets/ui/fonts/VarelaRound-Regular.ttf
15:38:25.922 [FXGL Background Thread 1 ] DEBUG FXGLApplication      - Loading default localization
15:38:25.922 [FXGL Background Thread 1 ] DEBUG FXGLAssetLoaderServi - Loading from file system: jar:file:///C:/Users/Aissha/.m2/repository/com/github/almasb/fxgl/17.3/fxgl-17.3.jar!/fxglassets/languages/english.lang
15:38:25.969 [FXGL Background Thread 4 ] DEBUG FXGLAssetLoaderServi - Loading from file system: jar:file:///C:/Users/Aissha/.m2/repository/com/github/almasb/fxgl/17.3/fxgl-17.3.jar!/fxglassets/ui/fonts/Abel-Regular.ttf
15:38:25.971 [FXGL Background Thread 4 ] DEBUG FXGLAssetLoaderServi - Loading from file system: jar:file:///C:/Users/Aissha/.m2/repository/com/github/almasb/fxgl/17.3/fxgl-17.3.jar!/fxglassets/ui/fonts/TerminalLandMono-Regular.otf
15:38:25.973 [FXGL Background Thread 4 ] DEBUG FXGLAssetLoaderServi - Loading from file system: jar:file:///C:/Users/Aissha/.m2/repository/com/github/almasb/fxgl/17.3/fxgl-17.3.jar!/fxglassets/ui/fonts/Courier-Prime.ttf
15:38:25.981 [JavaFX Application Thread] DEBUG FXGLApplication      - Registering font factories with UI factory
15:38:25.991 [FXGL Background Thread 1 ] INFO  FXGLApplication      - FXGL initialization took: 0.907 sec
15:38:26.000 [JavaFX Application Thread] DEBUG Input                - Registered new binding: action0 - LMB
15:38:26.004 [JavaFX Application Thread] DEBUG Input                - Registered new binding: Switch Screen Left - A
15:38:26.004 [JavaFX Application Thread] DEBUG Input                - Registered new binding: Switch Screen Right - D
15:38:26.005 [JavaFX Application Thread] DEBUG Input                - Registered new binding: PAGHILOM! - E
15:38:26.005 [JavaFX Application Thread] DEBUG Input                - Registered new binding: Pause Screen - Esc
15:38:26.005 [JavaFX Application Thread] DEBUG FXGLAssetLoaderServi - Loading from file system: jar:file:///C:/Users/Aissha/.m2/repository/com/github/almasb/fxgl/17.3/fxgl-17.3.jar!/fxglassets/textures/fxgl_icon.png
15:38:26.012 [JavaFX Application Thread] DEBUG FXGLAssetLoaderServi - Loading from file system: jar:file:///C:/Users/Aissha/.m2/repository/com/github/almasb/fxgl/17.3/fxgl-17.3.jar!/fxglassets/textures/fxgl_default_cursor.png
15:38:26.015 [JavaFX Application Thread] DEBUG Input                - Registered new binding: Screenshot - CTRL+8
15:38:26.016 [JavaFX Application Thread] DEBUG Input                - Registered new binding: Dev Options - 1
15:38:26.017 [JavaFX Application Thread] DEBUG Input                - Registered new binding: Dev Console - 2
15:38:26.017 [JavaFX Application Thread] DEBUG Input                - Registered new binding: System info dump - CTRL+9
15:38:26.018 [JavaFX Application Thread] DEBUG Input                - Registered new binding: Restart - CTRL+R
15:38:26.019 [JavaFX Application Thread] DEBUG Input                - Registered new binding: Toggle Debug Camera - CTRL+7
15:38:26.026 [JavaFX Application Thread] DEBUG LoopRunner           - Starting loop
15:38:26.047 [JavaFX Application Thread] DEBUG LoopRunner           - Initializing JavaFX AnimationTimerLoop
15:38:26.049 [JavaFX Application Thread] DEBUG Input                - Clearing active input actions
15:38:26.054 [JavaFX Application Thread] DEBUG GameApplicationServi - Removing overlay from FXGLStartupScene and adding to FXGLMainMenuDummyScene
15:38:26.062 [JavaFX Application Thread] DEBUG PrimaryStageWindow   - FXGLStartupScene -> FXGLMainMenuDummyScene
15:38:26.062 [JavaFX Application Thread] DEBUG PrimaryStageWindow   - Push state: MainMenuApp
15:38:26.062 [JavaFX Application Thread] DEBUG Input                - Clearing active input actions
15:38:26.065 [JavaFX Application Thread] DEBUG GameApplicationServi - Removing overlay from FXGLMainMenuDummyScene and adding to MainMenuApp
15:38:26.065 [JavaFX Application Thread] DEBUG PrimaryStageWindow   - FXGLMainMenuDummyScene -> MainMenuApp
15:38:27.035 [FXGL Background Thread 2 ] INFO  UpdaterService       - Your current version:  17.3
15:38:27.035 [FXGL Background Thread 2 ] INFO  UpdaterService       - Latest stable version: 25
15:38:28.921 [FXGL Background Thread 3 ] DEBUG Engine               - Logging environment variables
15:38:28.921 [FXGL Background Thread 3 ] DEBUG Engine               - achievements: []
15:38:28.921 [FXGL Background Thread 3 ] DEBUG Engine               - actualHeight: 720.0
15:38:28.921 [FXGL Background Thread 3 ] DEBUG Engine               - actualHeightProperty: ReadOnlyDoubleProperty [value: 720.0]
15:38:28.921 [FXGL Background Thread 3 ] DEBUG Engine               - actualWidth: 1280.0
15:38:28.921 [FXGL Background Thread 3 ] DEBUG Engine               - actualWidthProperty: ReadOnlyDoubleProperty [value: 1280.0]
15:38:28.921 [FXGL Background Thread 3 ] DEBUG Engine               - appIcon: fxgl_icon.png
15:38:28.921 [FXGL Background Thread 3 ] DEBUG Engine               - applicationMode: DEVELOPER
15:38:28.921 [FXGL Background Thread 3 ] DEBUG Engine               - cSSList: [fxgl_dark.css]
15:38:28.921 [FXGL Background Thread 3 ] DEBUG Engine               - collisionDetectionStrategy: BRUTE_FORCE
15:38:28.921 [FXGL Background Thread 3 ] DEBUG Engine               - configClass: Optional.empty
15:38:28.921 [FXGL Background Thread 3 ] DEBUG Engine               - credits: []
15:38:28.922 [FXGL Background Thread 3 ] DEBUG Engine               - defaultCursor: CursorInfo(imageName=fxgl_default_cursor.png, hotspotX=7.0, hotspotY=6.0)
15:38:28.922 [FXGL Background Thread 3 ] DEBUG Engine               - devBBoxColorProperty: ObjectProperty [value: 0xff0000ff]
15:38:28.922 [FXGL Background Thread 3 ] DEBUG Engine               - devEnableDebugCameraProperty: BooleanProperty [value: false]
15:38:28.922 [FXGL Background Thread 3 ] DEBUG Engine               - devSensorColorProperty: ObjectProperty [value: 0xffff00ff]
15:38:28.922 [FXGL Background Thread 3 ] DEBUG Engine               - devShowBBoxProperty: BooleanProperty [value: false]
15:38:28.922 [FXGL Background Thread 3 ] DEBUG Engine               - devShowPositionProperty: BooleanProperty [value: false]
15:38:28.922 [FXGL Background Thread 3 ] DEBUG Engine               - enabledMenuItems: []
15:38:28.922 [FXGL Background Thread 3 ] DEBUG Engine               - engineServices: [class com.almasb.fxgl.app.services.FXGLAssetLoaderService, class com.almasb.fxgl.app.FXGLApplication$GameApplicationService, class com.almasb.fxgl.app.services.FXGLDialogService, class com.almasb.fxgl.app.services.IOTaskExecutorService, class com.almasb.fxgl.io.FileSystemService, class com.almasb.fxgl.localization.LocalizationService, class com.almasb.fxgl.app.services.SystemBundleService, class com.almasb.fxgl.profile.SaveLoadService, class com.almasb.fxgl.ui.FXGLUIFactoryServiceProvider, class com.almasb.fxgl.ui.FXGLDialogFactoryServiceProvider, class com.almasb.fxgl.audio.AudioPlayer, class com.almasb.fxgl.notification.impl.NotificationServiceProvider, class com.almasb.fxgl.achievement.AchievementService, class com.almasb.fxgl.cutscene.CutsceneService, class com.almasb.fxgl.minigames.MiniGameService, class com.almasb.fxgl.net.NetService, class com.almasb.fxgl.app.services.UpdaterService, class com.almasb.fxgl.dev.DevService]
15:38:28.922 [FXGL Background Thread 3 ] DEBUG Engine               - fontGame: Abel-Regular.ttf
15:38:28.922 [FXGL Background Thread 3 ] DEBUG Engine               - fontMono: TerminalLandMono-Regular.otf
15:38:28.922 [FXGL Background Thread 3 ] DEBUG Engine               - fontSizeScaleUI: 1.0
15:38:28.922 [FXGL Background Thread 3 ] DEBUG Engine               - fontText: Courier-Prime.ttf
15:38:28.922 [FXGL Background Thread 3 ] DEBUG Engine               - fontUI: VarelaRound-Regular.ttf
15:38:28.922 [FXGL Background Thread 3 ] DEBUG Engine               - fullScreen: BooleanProperty [value: false]
15:38:28.922 [FXGL Background Thread 3 ] DEBUG Engine               - gameDifficulty: MEDIUM
15:38:28.922 [FXGL Background Thread 3 ] DEBUG Engine               - gameDifficultyProperty: ObjectProperty [value: MEDIUM]
15:38:28.922 [FXGL Background Thread 3 ] DEBUG Engine               - globalMusicVolume: 0.5
15:38:28.922 [FXGL Background Thread 3 ] DEBUG Engine               - globalMusicVolumeProperty: DoubleProperty [value: 0.5]
15:38:28.922 [FXGL Background Thread 3 ] DEBUG Engine               - globalSoundVolume: 0.5
15:38:28.922 [FXGL Background Thread 3 ] DEBUG Engine               - globalSoundVolumeProperty: DoubleProperty [value: 0.5]
15:38:28.923 [FXGL Background Thread 3 ] DEBUG Engine               - height: 720
15:38:28.923 [FXGL Background Thread 3 ] DEBUG Engine               - is3D: false
15:38:28.923 [FXGL Background Thread 3 ] DEBUG Engine               - isAndroid: false
15:38:28.923 [FXGL Background Thread 3 ] DEBUG Engine               - isBrowser: false
15:38:28.923 [FXGL Background Thread 3 ] DEBUG Engine               - isClickFeedbackEnabled: false
15:38:28.923 [FXGL Background Thread 3 ] DEBUG Engine               - isCloseConfirmation: false
15:38:28.923 [FXGL Background Thread 3 ] DEBUG Engine               - isDesktop: true
15:38:28.923 [FXGL Background Thread 3 ] DEBUG Engine               - isDeveloperMenuEnabled: true
15:38:28.923 [FXGL Background Thread 3 ] DEBUG Engine               - isEmbedded: false
15:38:28.923 [FXGL Background Thread 3 ] DEBUG Engine               - isEntityPreloadEnabled: true
15:38:28.923 [FXGL Background Thread 3 ] DEBUG Engine               - isExperimentalTiledLargeMap: false
15:38:28.923 [FXGL Background Thread 3 ] DEBUG Engine               - isFileSystemWriteAllowed: true
15:38:28.923 [FXGL Background Thread 3 ] DEBUG Engine               - isFullScreenAllowed: false
15:38:28.923 [FXGL Background Thread 3 ] DEBUG Engine               - isFullScreenFromStart: false
15:38:28.923 [FXGL Background Thread 3 ] DEBUG Engine               - isGameMenuEnabled: true
15:38:28.923 [FXGL Background Thread 3 ] DEBUG Engine               - isIOS: false
15:38:28.923 [FXGL Background Thread 3 ] DEBUG Engine               - isIntroEnabled: false
15:38:28.923 [FXGL Background Thread 3 ] DEBUG Engine               - isLinux: false
15:38:28.923 [FXGL Background Thread 3 ] DEBUG Engine               - isMac: false
15:38:28.923 [FXGL Background Thread 3 ] DEBUG Engine               - isMainMenuEnabled: true
15:38:28.923 [FXGL Background Thread 3 ] DEBUG Engine               - isManualResizeEnabled: false
15:38:28.923 [FXGL Background Thread 3 ] DEBUG Engine               - isMobile: false
15:38:28.923 [FXGL Background Thread 3 ] DEBUG Engine               - isNative: false
15:38:28.923 [FXGL Background Thread 3 ] DEBUG Engine               - isPauseMusicWhenMinimized: true
15:38:28.923 [FXGL Background Thread 3 ] DEBUG Engine               - isPreserveResizeRatio: false
15:38:28.923 [FXGL Background Thread 3 ] DEBUG Engine               - isProfilingEnabled: false
15:38:28.923 [FXGL Background Thread 3 ] DEBUG Engine               - isScaleAffectedOnResize: true
15:38:28.923 [FXGL Background Thread 3 ] DEBUG Engine               - isSingleStep: false
15:38:28.923 [FXGL Background Thread 3 ] DEBUG Engine               - isUserProfileEnabled: false
15:38:28.923 [FXGL Background Thread 3 ] DEBUG Engine               - isWindows: true
15:38:28.923 [FXGL Background Thread 3 ] DEBUG Engine               - language: ObjectProperty [value: ENGLISH]
15:38:28.924 [FXGL Background Thread 3 ] DEBUG Engine               - menuKey: F12
15:38:28.924 [FXGL Background Thread 3 ] DEBUG Engine               - mouseSensitivity: 0.2
15:38:28.924 [FXGL Background Thread 3 ] DEBUG Engine               - notificationViewClass: class com.almasb.fxgl.notification.view.XboxNotificationView
15:38:28.924 [FXGL Background Thread 3 ] DEBUG Engine               - pixelsPerMeter: 50.0
15:38:28.924 [FXGL Background Thread 3 ] DEBUG Engine               - platform: WINDOWS
15:38:28.924 [FXGL Background Thread 3 ] DEBUG Engine               - prefHeightProperty: ReadOnlyDoubleProperty [value: 720.0]
15:38:28.924 [FXGL Background Thread 3 ] DEBUG Engine               - prefWidthProperty: ReadOnlyDoubleProperty [value: 1280.0]
15:38:28.924 [FXGL Background Thread 3 ] DEBUG Engine               - profileDir: profiles/
15:38:28.924 [FXGL Background Thread 3 ] DEBUG Engine               - profileName: StringProperty [value: DEFAULT]
15:38:28.924 [FXGL Background Thread 3 ] DEBUG Engine               - randomSeed: -1
15:38:28.924 [FXGL Background Thread 3 ] DEBUG Engine               - runtimeInfo: RuntimeInfo(platform=WINDOWS, version=17.3, build=30.03.2023 11.49)
15:38:28.924 [FXGL Background Thread 3 ] DEBUG Engine               - saveFileExt: sav
15:38:28.924 [FXGL Background Thread 3 ] DEBUG Engine               - scaledHeightProp$fxgl: DoubleProperty [bound, value: 720.0]
15:38:28.924 [FXGL Background Thread 3 ] DEBUG Engine               - scaledWidthProp$fxgl: DoubleProperty [bound, value: 1280.0]
15:38:28.924 [FXGL Background Thread 3 ] DEBUG Engine               - sceneFactory: com.example.csit228capstonesirjaysimulator.application.MenuFactory@4effdb30
15:38:28.924 [FXGL Background Thread 3 ] DEBUG Engine               - secondsIn24h: 60
15:38:28.924 [FXGL Background Thread 3 ] DEBUG Engine               - soundMenuBack: menu/back.wav
15:38:28.924 [FXGL Background Thread 3 ] DEBUG Engine               - soundMenuPress: menu/press.wav
15:38:28.924 [FXGL Background Thread 3 ] DEBUG Engine               - soundMenuSelect: menu/select.wav
15:38:28.924 [FXGL Background Thread 3 ] DEBUG Engine               - soundNotification: core/notification.wav
15:38:28.924 [FXGL Background Thread 3 ] DEBUG Engine               - stageStyle: DECORATED
15:38:28.924 [FXGL Background Thread 3 ] DEBUG Engine               - supportedLanguages: [ENGLISH, FRENCH, GERMAN, HUNGARIAN, RUSSIAN]
15:38:28.924 [FXGL Background Thread 3 ] DEBUG Engine               - ticksPerSecond: -1
15:38:28.924 [FXGL Background Thread 3 ] DEBUG Engine               - title: Sir Serato Simulator
15:38:28.924 [FXGL Background Thread 3 ] DEBUG Engine               - urlGithub: https://github.com/AlmasB/FXGL
15:38:28.924 [FXGL Background Thread 3 ] DEBUG Engine               - urlLeaderboard: http://fxgl-top.herokuapp.com/
15:38:28.924 [FXGL Background Thread 3 ] DEBUG Engine               - urlPOM: https://raw.githubusercontent.com/AlmasB/FXGL/release/README.md
15:38:28.924 [FXGL Background Thread 3 ] DEBUG Engine               - userAppClass: class com.example.csit228capstonesirjaysimulator.application.GameLevelApp
15:38:28.924 [FXGL Background Thread 3 ] DEBUG Engine               - version: 0.0
15:38:28.925 [FXGL Background Thread 3 ] DEBUG Engine               - versionCheckDays: 7
15:38:28.925 [FXGL Background Thread 3 ] DEBUG Engine               - width: 1280
15:38:28.925 [FXGL Background Thread 3 ] DEBUG Engine               - Logging services
15:38:28.925 [FXGL Background Thread 3 ] DEBUG Engine               - class com.almasb.fxgl.app.services.FXGLAssetLoaderService
15:38:28.925 [FXGL Background Thread 3 ] DEBUG Engine               - class com.almasb.fxgl.app.FXGLApplication$GameApplicationService
15:38:28.925 [FXGL Background Thread 3 ] DEBUG Engine               - class com.almasb.fxgl.app.services.FXGLDialogService
15:38:28.925 [FXGL Background Thread 3 ] DEBUG Engine               - class com.almasb.fxgl.app.services.IOTaskExecutorService
15:38:28.925 [FXGL Background Thread 3 ] DEBUG Engine               - class com.almasb.fxgl.io.FileSystemService
15:38:28.925 [FXGL Background Thread 3 ] DEBUG Engine               - class com.almasb.fxgl.localization.LocalizationService
15:38:28.925 [FXGL Background Thread 3 ] DEBUG Engine               - class com.almasb.fxgl.app.services.SystemBundleService
15:38:28.925 [FXGL Background Thread 3 ] DEBUG Engine               - class com.almasb.fxgl.profile.SaveLoadService
15:38:28.925 [FXGL Background Thread 3 ] DEBUG Engine               - class com.almasb.fxgl.ui.FXGLUIFactoryServiceProvider
15:38:28.925 [FXGL Background Thread 3 ] DEBUG Engine               - class com.almasb.fxgl.ui.FXGLDialogFactoryServiceProvider
15:38:28.925 [FXGL Background Thread 3 ] DEBUG Engine               - class com.almasb.fxgl.audio.AudioPlayer
15:38:28.925 [FXGL Background Thread 3 ] DEBUG Engine               - class com.almasb.fxgl.notification.impl.NotificationServiceProvider
15:38:28.925 [FXGL Background Thread 3 ] DEBUG Engine               - class com.almasb.fxgl.achievement.AchievementService
15:38:28.925 [FXGL Background Thread 3 ] DEBUG Engine               - class com.almasb.fxgl.cutscene.CutsceneService
15:38:28.925 [FXGL Background Thread 3 ] DEBUG Engine               - class com.almasb.fxgl.minigames.MiniGameService
15:38:28.925 [FXGL Background Thread 3 ] DEBUG Engine               - class com.almasb.fxgl.net.NetService
15:38:28.925 [FXGL Background Thread 3 ] DEBUG Engine               - class com.almasb.fxgl.app.services.UpdaterService
15:38:28.925 [FXGL Background Thread 3 ] DEBUG Engine               - class com.almasb.fxgl.dev.DevService
15:38:29.944 [JavaFX Application Thread] DEBUG PrimaryStageWindow   - Push state: ProfileSelectScene
15:38:29.944 [JavaFX Application Thread] DEBUG Input                - Clearing active input actions
15:38:29.945 [JavaFX Application Thread] DEBUG GameApplicationServi - Removing overlay from MainMenuApp and adding to ProfileSelectScene
15:38:29.946 [JavaFX Application Thread] DEBUG PrimaryStageWindow   - MainMenuApp -> ProfileSelectScene
15:38:49.401 [JavaFX Application Thread] DEBUG PrimaryStageWindow   - Pop state: ProfileSelectScene
15:38:49.401 [JavaFX Application Thread] DEBUG Input                - Clearing active input actions
15:38:49.401 [JavaFX Application Thread] DEBUG GameApplicationServi - Removing overlay from ProfileSelectScene and adding to MainMenuApp
15:38:49.402 [JavaFX Application Thread] DEBUG PrimaryStageWindow   - MainMenuApp <- ProfileSelectScene
15:38:49.521 [JavaFX Application Thread] DEBUG Input                - Registered new binding: Advance - Enter
15:38:49.521 [JavaFX Application Thread] DEBUG FXGLAssetLoaderServi - Loading from file system: file:/C:/Users/Aissha/IdeaProjects/JavaFX%20Projects/CSIT228-Capstone-Sir-Jay-Simulator/target/classes/assets/music/classroom.wav
15:38:49.525 [JavaFX Application Thread] DEBUG AudioPlayer          - Playing music com.almasb.fxgl.audio.Music@6e5a9139
15:38:49.528 [JavaFX Application Thread] DEBUG PrimaryStageWindow   - Push state: IntroCutScene
15:38:49.528 [JavaFX Application Thread] DEBUG Input                - Clearing active input actions
15:38:49.529 [JavaFX Application Thread] DEBUG GameApplicationServi - Removing overlay from MainMenuApp and adding to IntroCutScene
15:38:49.530 [JavaFX Application Thread] DEBUG PrimaryStageWindow   - MainMenuApp -> IntroCutScene
15:38:52.247 [JavaFX Application Thread] DEBUG AudioPlayer          - Stopping music com.almasb.fxgl.audio.Music@7ec09ee7
15:38:52.248 [JavaFX Application Thread] DEBUG AudioPlayer          - Stopping music com.almasb.fxgl.audio.Music@6e5a9139
15:38:52.254 [JavaFX Application Thread] DEBUG Menu                 - fireNewGame()
15:38:52.254 [JavaFX Application Thread] DEBUG GameApplicationServi - Starting new game
15:38:52.254 [JavaFX Application Thread] DEBUG PrimaryStageWindow   - Pop state: IntroCutScene
15:38:52.254 [JavaFX Application Thread] DEBUG Input                - Clearing active input actions
15:38:52.254 [JavaFX Application Thread] DEBUG GameApplicationServi - Removing overlay from IntroCutScene and adding to MainMenuApp
15:38:52.255 [JavaFX Application Thread] DEBUG PrimaryStageWindow   - MainMenuApp <- IntroCutScene
15:38:52.255 [JavaFX Application Thread] DEBUG PrimaryStageWindow   - Pop state: MainMenuApp
15:38:52.255 [JavaFX Application Thread] DEBUG Input                - Clearing active input actions
15:38:52.255 [JavaFX Application Thread] DEBUG GameApplicationServi - Removing overlay from MainMenuApp and adding to FXGLMainMenuDummyScene
15:38:52.255 [JavaFX Application Thread] DEBUG PrimaryStageWindow   - FXGLMainMenuDummyScene <- MainMenuApp
15:38:52.255 [JavaFX Application Thread] DEBUG Input                - Clearing active input actions
15:38:52.259 [JavaFX Application Thread] DEBUG GameApplicationServi - Removing overlay from FXGLMainMenuDummyScene and adding to FXGLLoadingScene
15:38:52.262 [JavaFX Application Thread] DEBUG PrimaryStageWindow   - FXGLMainMenuDummyScene -> FXGLLoadingScene
15:38:52.262 [JavaFX Application Thread] DEBUG GameApplicationServi - Clearing previous game
15:38:52.262 [JavaFX Application Thread] DEBUG GameScene            - Clearing game scene
15:38:52.262 [JavaFX Application Thread] DEBUG GameWorld            - Clearing game world
15:38:52.262 [JavaFX Application Thread] DEBUG PhysicsWorld         - Clearing physics world
15:38:52.264 [FXGL Background Thread 2 ] DEBUG FXGLApplication      - Initializing game
15:38:52.288 [FXGL Background Thread 2 ] DEBUG FXGLAssetLoaderServi - Loading from file system: file:/C:/Users/Aissha/IdeaProjects/JavaFX%20Projects/CSIT228-Capstone-Sir-Jay-Simulator/target/classes/assets/textures/stud5_idle_state.png
15:38:52.305 [FXGL Background Thread 2 ] DEBUG FXGLAssetLoaderServi - Loading from file system: file:/C:/Users/Aissha/IdeaProjects/JavaFX%20Projects/CSIT228-Capstone-Sir-Jay-Simulator/target/classes/assets/textures/stud5_sus_state.png
15:38:52.320 [FXGL Background Thread 2 ] DEBUG FXGLAssetLoaderServi - Loading from file system: file:/C:/Users/Aissha/IdeaProjects/JavaFX%20Projects/CSIT228-Capstone-Sir-Jay-Simulator/target/classes/assets/textures/stud5_cheat_state.png
15:38:52.328 [FXGL Background Thread 2 ] WARN  FXGLAssetLoaderServi - Asset "/assets/textures/stud5_talking_state.png" was not found!
15:38:52.328 [FXGL Background Thread 2 ] WARN  FXGLAssetLoaderServi - Failed to load IMAGE
15:38:52.356 [FXGL Background Thread 2 ] WARN  FXGLAssetLoaderServi - Asset "/assets/textures/stud5_talking_state.png" was not found!
15:38:52.356 [FXGL Background Thread 2 ] WARN  FXGLAssetLoaderServi - Failed to load IMAGE
15:38:52.357 [FXGL Background Thread 2 ] WARN  FXGLAssetLoaderServi - Asset "/assets/textures/stud5_talking_state.png" was not found!
15:38:52.357 [FXGL Background Thread 2 ] WARN  FXGLAssetLoaderServi - Failed to load IMAGE
15:38:52.358 [FXGL Background Thread 2 ] WARN  FXGLAssetLoaderServi - Asset "/assets/textures/stud5_talking_state.png" was not found!
15:38:52.358 [FXGL Background Thread 2 ] WARN  FXGLAssetLoaderServi - Failed to load IMAGE
15:38:52.359 [FXGL Background Thread 2 ] DEBUG FXGLAssetLoaderServi - Loading from file system: file:/C:/Users/Aissha/IdeaProjects/JavaFX%20Projects/CSIT228-Capstone-Sir-Jay-Simulator/target/classes/assets/textures/trey_idle_state.png
15:38:52.367 [FXGL Background Thread 2 ] DEBUG FXGLAssetLoaderServi - Loading from file system: file:/C:/Users/Aissha/IdeaProjects/JavaFX%20Projects/CSIT228-Capstone-Sir-Jay-Simulator/target/classes/assets/textures/trey_sus_state.png
15:38:52.374 [FXGL Background Thread 2 ] DEBUG FXGLAssetLoaderServi - Loading from file system: file:/C:/Users/Aissha/IdeaProjects/JavaFX%20Projects/CSIT228-Capstone-Sir-Jay-Simulator/target/classes/assets/textures/trey_cheat_state.png
15:38:52.381 [FXGL Background Thread 2 ] DEBUG FXGLAssetLoaderServi - Loading from file system: file:/C:/Users/Aissha/IdeaProjects/JavaFX%20Projects/CSIT228-Capstone-Sir-Jay-Simulator/target/classes/assets/textures/trey_talking_state.png
15:38:52.391 [FXGL Background Thread 2 ] WARN  FXGLAssetLoaderServi - Asset "/assets/textures/stud5_talking_state.png" was not found!
15:38:52.391 [FXGL Background Thread 2 ] WARN  FXGLAssetLoaderServi - Failed to load IMAGE
15:38:52.392 [FXGL Background Thread 2 ] WARN  FXGLAssetLoaderServi - Asset "/assets/textures/stud5_talking_state.png" was not found!
15:38:52.392 [FXGL Background Thread 2 ] WARN  FXGLAssetLoaderServi - Failed to load IMAGE
15:38:52.393 [FXGL Background Thread 2 ] WARN  FXGLAssetLoaderServi - Asset "/assets/textures/stud5_talking_state.png" was not found!
15:38:52.393 [FXGL Background Thread 2 ] WARN  FXGLAssetLoaderServi - Failed to load IMAGE
15:38:52.394 [FXGL Background Thread 2 ] WARN  FXGLAssetLoaderServi - Asset "/assets/textures/stud5_talking_state.png" was not found!
15:38:52.394 [FXGL Background Thread 2 ] WARN  FXGLAssetLoaderServi - Failed to load IMAGE
15:38:52.395 [FXGL Background Thread 2 ] WARN  FXGLAssetLoaderServi - Asset "/assets/textures/stud5_talking_state.png" was not found!
15:38:52.395 [FXGL Background Thread 2 ] WARN  FXGLAssetLoaderServi - Failed to load IMAGE
15:38:52.395 [FXGL Background Thread 2 ] WARN  FXGLAssetLoaderServi - Asset "/assets/textures/stud5_talking_state.png" was not found!
15:38:52.395 [FXGL Background Thread 2 ] WARN  FXGLAssetLoaderServi - Failed to load IMAGE
15:38:52.396 [FXGL Background Thread 2 ] WARN  FXGLAssetLoaderServi - Asset "/assets/textures/stud5_talking_state.png" was not found!
15:38:52.396 [FXGL Background Thread 2 ] WARN  FXGLAssetLoaderServi - Failed to load IMAGE
15:38:52.397 [FXGL Background Thread 2 ] WARN  FXGLAssetLoaderServi - Asset "/assets/textures/stud5_talking_state.png" was not found!
15:38:52.397 [FXGL Background Thread 2 ] WARN  FXGLAssetLoaderServi - Failed to load IMAGE
15:38:52.398 [FXGL Background Thread 2 ] WARN  FXGLAssetLoaderServi - Asset "/assets/textures/stud5_talking_state.png" was not found!
15:38:52.398 [FXGL Background Thread 2 ] WARN  FXGLAssetLoaderServi - Failed to load IMAGE
15:38:52.399 [FXGL Background Thread 2 ] WARN  FXGLAssetLoaderServi - Asset "/assets/textures/stud5_talking_state.png" was not found!
15:38:52.399 [FXGL Background Thread 2 ] WARN  FXGLAssetLoaderServi - Failed to load IMAGE
15:38:52.400 [FXGL Background Thread 2 ] WARN  FXGLAssetLoaderServi - Asset "/assets/textures/stud5_talking_state.png" was not found!
15:38:52.400 [FXGL Background Thread 2 ] WARN  FXGLAssetLoaderServi - Failed to load IMAGE
15:38:52.401 [FXGL Background Thread 2 ] WARN  FXGLAssetLoaderServi - Asset "/assets/textures/stud5_talking_state.png" was not found!
15:38:52.401 [FXGL Background Thread 2 ] WARN  FXGLAssetLoaderServi - Failed to load IMAGE
15:38:52.408 [FXGL Background Thread 2 ] DEBUG FXGLAssetLoaderServi - Loading from file system: file:/C:/Users/Aissha/IdeaProjects/JavaFX%20Projects/CSIT228-Capstone-Sir-Jay-Simulator/target/classes/assets/textures/teacherView_leftSide.PNG
15:38:52.611 [FXGL Background Thread 2 ] INFO  FXGLApplication      - Game initialization took: 0.347 sec
15:38:52.614 [JavaFX Application Thread] DEBUG Input                - Clearing active input actions
15:38:52.617 [JavaFX Application Thread] DEBUG GameApplicationServi - Removing overlay from FXGLLoadingScene and adding to GameScene
15:38:52.618 [JavaFX Application Thread] DEBUG PrimaryStageWindow   - FXGLLoadingScene -> GameScene
15:38:53.657 [JavaFX Application Thread] DEBUG FXGLAssetLoaderServi - Loading from file system: file:/C:/Users/Aissha/IdeaProjects/JavaFX%20Projects/CSIT228-Capstone-Sir-Jay-Simulator/target/classes/assets/textures/teacherView_rightSide.PNG
15:38:55.544 [JavaFX Application Thread] DEBUG FXGLAssetLoaderServi - Loading from file system: file:/C:/Users/Aissha/IdeaProjects/JavaFX%20Projects/CSIT228-Capstone-Sir-Jay-Simulator/target/classes/assets/sounds/howsurdayeverybody2.wav
15:39:07.451 [JavaFX Application Thread] DEBUG FXGLAssetLoaderServi - Loading from file system: file:/C:/Users/Aissha/IdeaProjects/JavaFX%20Projects/CSIT228-Capstone-Sir-Jay-Simulator/target/classes/assets/sounds/tap.mp3
15:39:09.130 [JavaFX Application Thread] DEBUG FXGLAssetLoaderServi - Loading from file system: file:/C:/Users/Aissha/IdeaProjects/JavaFX%20Projects/CSIT228-Capstone-Sir-Jay-Simulator/target/classes/assets/sounds/correct.mp3
15:39:11.631 [JavaFX Application Thread] DEBUG FXGLAssetLoaderServi - Loading from file system: file:/C:/Users/Aissha/IdeaProjects/JavaFX%20Projects/CSIT228-Capstone-Sir-Jay-Simulator/target/classes/assets/sounds/wrong.mp3
15:39:36.310 [JavaFX Application Thread] DEBUG PrimaryStageWindow   - Push state: FinishScene
15:39:36.310 [JavaFX Application Thread] DEBUG Input                - Clearing active input actions
15:39:36.310 [JavaFX Application Thread] DEBUG GameApplicationServi - Removing overlay from GameScene and adding to FinishScene
15:39:36.310 [JavaFX Application Thread] DEBUG PrimaryStageWindow   - GameScene -> FinishScene
15:39:38.001 [JavaFX Application Thread] DEBUG PrimaryStageWindow   - Pop state: FinishScene
15:39:38.001 [JavaFX Application Thread] DEBUG Input                - Clearing active input actions
15:39:38.002 [JavaFX Application Thread] DEBUG GameApplicationServi - Removing overlay from FinishScene and adding to GameScene
15:39:38.002 [JavaFX Application Thread] DEBUG PrimaryStageWindow   - GameScene <- FinishScene
15:39:38.002 [JavaFX Application Thread] DEBUG Input                - Clearing active input actions
15:39:38.005 [JavaFX Application Thread] DEBUG GameApplicationServi - Removing overlay from GameScene and adding to FXGLMainMenuDummyScene
15:39:38.005 [JavaFX Application Thread] DEBUG PrimaryStageWindow   - GameScene -> FXGLMainMenuDummyScene
15:39:38.006 [JavaFX Application Thread] DEBUG PrimaryStageWindow   - Push state: MainMenuApp
15:39:38.006 [JavaFX Application Thread] DEBUG Input                - Clearing active input actions
15:39:38.006 [JavaFX Application Thread] DEBUG GameApplicationServi - Removing overlay from FXGLMainMenuDummyScene and adding to MainMenuApp
15:39:38.008 [JavaFX Application Thread] DEBUG PrimaryStageWindow   - FXGLMainMenuDummyScene -> MainMenuApp
15:39:40.216 [JavaFX Application Thread] DEBUG Menu                 - fireExit()
15:39:40.217 [JavaFX Application Thread] DEBUG PrimaryStageWindow   - Push state: DialogSubScene
15:39:40.217 [JavaFX Application Thread] DEBUG Input                - Clearing active input actions
15:39:40.218 [JavaFX Application Thread] DEBUG GameApplicationServi - Removing overlay from MainMenuApp and adding to DialogSubScene
15:39:40.218 [JavaFX Application Thread] DEBUG PrimaryStageWindow   - MainMenuApp -> DialogSubScene
15:39:41.564 [JavaFX Application Thread] DEBUG PrimaryStageWindow   - Pop state: DialogSubScene
15:39:41.564 [JavaFX Application Thread] DEBUG Input                - Clearing active input actions
15:39:41.565 [JavaFX Application Thread] DEBUG GameApplicationServi - Removing overlay from DialogSubScene and adding to MainMenuApp
15:39:41.565 [JavaFX Application Thread] DEBUG PrimaryStageWindow   - MainMenuApp <- DialogSubScene
15:39:41.565 [JavaFX Application Thread] DEBUG FXGLApplication      - Exiting FXGL
15:39:41.565 [JavaFX Application Thread] DEBUG LoopRunner           - Stopping loop
15:39:41.565 [JavaFX Application Thread] DEBUG SystemBundleService  - Saving FXGL system data
15:39:41.567 [JavaFX Application Thread] DEBUG FileSystemAccess     - Writing to: C:\Users\Aissha\IdeaProjects\JavaFX Projects\CSIT228-Capstone-Sir-Jay-Simulator\system\fxgl.bundle
15:39:41.569 [JavaFX Application Thread] DEBUG Async                - Shutting down background threads
15:39:41.569 [JavaFX Application Thread] DEBUG PrimaryStageWindow   - Closing main window
15:39:41.580 [JavaFX Application Thread] DEBUG Logger               - Closing Logger
