20:15:56.122 [main                     ] DEBUG Logger               - Configured Logger
20:15:56.124 [main                     ] DEBUG GameApplication      - Logging settings
Title: Sir Serato Simulator
Version: 0.0
Width: 1280
Height: 720
Fullscreen: false
Intro: false
Profiling: false
Single step:false
App Mode: DEVELOPER
Menu Key: F12
Stage Style: DECORATED
Scene Factory: class com.example.csit228capstonesirjaysimulator.application.MenuFactory

20:15:56.411 [JavaFX Application Thread] DEBUG FXGLApplication      - Initializing FXGL
20:15:56.412 [JavaFX Application Thread] INFO  Engine               - FXGL-17.3 (30.03.2023 11.49) on MAC (J:25.0.1 FX:21.0.6)
20:15:56.412 [JavaFX Application Thread] DEBUG Engine               - JRE Vendor Name: Oracle Corporation
20:15:56.412 [JavaFX Application Thread] DEBUG Engine               - Running on OS: Mac OS X version 14.6
20:15:56.412 [JavaFX Application Thread] DEBUG Engine               - Architecture: aarch64
20:15:56.412 [JavaFX Application Thread] INFO  Engine               - Source code and latest versions at: https://github.com/AlmasB/FXGL
20:15:56.412 [JavaFX Application Thread] INFO  Engine               -       Ask questions and discuss at: https://github.com/AlmasB/FXGL/discussions
20:15:56.412 [JavaFX Application Thread] INFO  Engine               -              Join the FXGL chat at: https://gitter.im/AlmasB/FXGL
20:15:56.449 [JavaFX Application Thread] DEBUG PrimaryStageWindow   - Creating a JavaFX scene
20:15:56.467 [JavaFX Application Thread] DEBUG PrimaryStageWindow   - Target settings size: 1280.0 x 720.0
20:15:56.467 [JavaFX Application Thread] DEBUG PrimaryStageWindow   - Scaled scene size:    1280.0 x 720.0
20:15:56.468 [JavaFX Application Thread] DEBUG PrimaryStageWindow   - Scaled ratio: (1.0, 1.0)
20:15:56.468 [JavaFX Application Thread] DEBUG PrimaryStageWindow   - Set initial scene to FXGLStartupScene
20:15:56.469 [JavaFX Application Thread] DEBUG PrimaryStageWindow   - Opening main window
20:15:56.525 [JavaFX Application Thread] DEBUG PrimaryStageWindow   - Window border size: (0.0, 28.0)
20:15:56.525 [JavaFX Application Thread] DEBUG PrimaryStageWindow   - Scaled size: 1280.0 x 720.0
20:15:56.525 [JavaFX Application Thread] DEBUG PrimaryStageWindow   - Scaled ratio: (1.0, 1.0)
20:15:56.525 [JavaFX Application Thread] DEBUG PrimaryStageWindow   - Scene size: 1280.0 x 720.0
20:15:56.525 [JavaFX Application Thread] DEBUG PrimaryStageWindow   - Stage size: 1280.0 x 748.0
20:15:56.528 [FXGL Background Thread 1 ] DEBUG Engine               - Initializing environment variables
20:15:56.549 [FXGL Background Thread 1 ] DEBUG FXGLAssetLoaderServi - User app class for loading assets: class com.example.csit228capstonesirjaysimulator.application.GameLevelApp
20:15:56.549 [FXGL Background Thread 1 ] DEBUG GameApplicationServi - Applying CSS: fxgl_dark.css
20:15:56.550 [FXGL Background Thread 1 ] DEBUG FXGLAssetLoaderServi - Loading from file system: jar:file:///Users/chloejuliageonzon/.m2/repository/com/github/almasb/fxgl/17.3/fxgl-17.3.jar!/fxglassets/ui/css/fxgl_dark.css
20:15:56.571 [FXGL Background Thread 1 ] DEBUG GameApplicationServi - Initializing application scenes
20:15:56.637 [FXGL Background Thread 1 ] DEBUG GameWorld            - Game world initialized
20:15:56.666 [FXGL Background Thread 1 ] DEBUG PhysicsWorld         - Physics world initialized: appHeight=720, physics.ppm=50.0
20:15:56.666 [FXGL Background Thread 1 ] DEBUG PhysicsWorld         - Using strategy: BRUTE_FORCE
20:15:56.668 [FXGL Background Thread 1 ] DEBUG GameScene            - Game scene initialized: 1280x720
20:15:57.095 [FXGL Background Thread 1 ] DEBUG FXGLAssetLoaderServi - Loading from file system: file:/Users/chloejuliageonzon/Documents/IdeaProjects/School/CSIT228-Capstone-Sir-Jay-Simulator/target/classes/assets/music/intro_music.wav
20:15:57.666 [FXGL Background Thread 1 ] DEBUG AudioPlayer          - Playing music com.almasb.fxgl.audio.Music@4bd9f096
20:15:57.675 [FXGL Background Thread 1 ] DEBUG FXGL.DefaultMenu     - createMenuBodyGameMenu()
20:15:57.689 [FXGL Background Thread 1 ] DEBUG FXGL.DefaultMenu     - createOptionsMenu()
20:15:57.694 [FXGL Background Thread 1 ] DEBUG FXGLAssetLoaderServi - Loading from file system: jar:file:///Users/chloejuliageonzon/.m2/repository/com/github/almasb/fxgl/17.3/fxgl-17.3.jar!/fxglassets/textures/particles/smoke.png
20:15:57.738 [FXGL Background Thread 1 ] DEBUG FXGLAssetLoaderServi - Loading from file system: jar:file:///Users/chloejuliageonzon/.m2/repository/com/github/almasb/fxgl/17.3/fxgl-17.3.jar!/fxglassets/textures/particles/trace_horizontal.png
20:15:57.744 [FXGL Background Thread 1 ] DEBUG GameApplicationServi - Application scenes initialized
20:15:57.748 [FXGL Background Thread 1 ] DEBUG SystemBundleService  - Loading FXGL system data
20:15:57.749 [FXGL Background Thread 1 ] DEBUG FileSystemAccess     - Reading from: /Users/chloejuliageonzon/Documents/IdeaProjects/School/CSIT228-Capstone-Sir-Jay-Simulator/system/fxgl.bundle
20:15:57.752 [FXGL Background Thread 1 ] DEBUG SystemBundleService  - Bundle FXGL: {}
20:15:57.752 [FXGL Background Thread 1 ] DEBUG UpdaterService       - Checking for updates
20:15:57.765 [FXGL Background Thread 4 ] DEBUG FXGLApplication      - Loading fonts
20:15:57.765 [FXGL Background Thread 1 ] DEBUG FXGLApplication      - Loading default localization
20:15:57.765 [FXGL Background Thread 1 ] DEBUG FXGLAssetLoaderServi - Loading from file system: jar:file:///Users/chloejuliageonzon/.m2/repository/com/github/almasb/fxgl/17.3/fxgl-17.3.jar!/fxglassets/languages/english.lang
20:15:57.765 [FXGL Background Thread 4 ] DEBUG FXGLAssetLoaderServi - Loading from file system: jar:file:///Users/chloejuliageonzon/.m2/repository/com/github/almasb/fxgl/17.3/fxgl-17.3.jar!/fxglassets/ui/fonts/VarelaRound-Regular.ttf
20:15:57.774 [FXGL Background Thread 4 ] DEBUG FXGLAssetLoaderServi - Loading from file system: jar:file:///Users/chloejuliageonzon/.m2/repository/com/github/almasb/fxgl/17.3/fxgl-17.3.jar!/fxglassets/ui/fonts/Abel-Regular.ttf
20:15:57.774 [FXGL Background Thread 1 ] INFO  FXGLApplication      - FXGL initialization took: 1.247 sec
20:15:57.776 [JavaFX Application Thread] DEBUG Input                - Registered new binding: action0 - LMB
20:15:57.777 [FXGL Background Thread 4 ] DEBUG FXGLAssetLoaderServi - Loading from file system: jar:file:///Users/chloejuliageonzon/.m2/repository/com/github/almasb/fxgl/17.3/fxgl-17.3.jar!/fxglassets/ui/fonts/TerminalLandMono-Regular.otf
20:15:57.778 [FXGL Background Thread 4 ] DEBUG FXGLAssetLoaderServi - Loading from file system: jar:file:///Users/chloejuliageonzon/.m2/repository/com/github/almasb/fxgl/17.3/fxgl-17.3.jar!/fxglassets/ui/fonts/Courier-Prime.ttf
20:15:57.781 [JavaFX Application Thread] DEBUG Input                - Registered new binding: Switch Screen Left - A
20:15:57.781 [JavaFX Application Thread] DEBUG Input                - Registered new binding: Switch Screen Right - D
20:15:57.781 [JavaFX Application Thread] DEBUG Input                - Registered new binding: PAGHILOM! - E
20:15:57.781 [JavaFX Application Thread] DEBUG Input                - Registered new binding: Pause Screen - Esc
20:15:57.781 [JavaFX Application Thread] DEBUG FXGLAssetLoaderServi - Loading from file system: jar:file:///Users/chloejuliageonzon/.m2/repository/com/github/almasb/fxgl/17.3/fxgl-17.3.jar!/fxglassets/textures/fxgl_icon.png
20:15:57.790 [JavaFX Application Thread] DEBUG FXGLAssetLoaderServi - Loading from file system: jar:file:///Users/chloejuliageonzon/.m2/repository/com/github/almasb/fxgl/17.3/fxgl-17.3.jar!/fxglassets/textures/fxgl_default_cursor.png
20:15:57.790 [JavaFX Application Thread] DEBUG Input                - Registered new binding: Screenshot - CTRL+8
20:15:57.791 [JavaFX Application Thread] DEBUG Input                - Registered new binding: Dev Options - 1
20:15:57.791 [JavaFX Application Thread] DEBUG Input                - Registered new binding: Dev Console - 2
20:15:57.791 [JavaFX Application Thread] DEBUG Input                - Registered new binding: System info dump - CTRL+9
20:15:57.791 [JavaFX Application Thread] DEBUG Input                - Registered new binding: Restart - CTRL+R
20:15:57.791 [JavaFX Application Thread] DEBUG Input                - Registered new binding: Toggle Debug Camera - CTRL+7
20:15:57.792 [JavaFX Application Thread] DEBUG LoopRunner           - Starting loop
20:15:57.796 [JavaFX Application Thread] DEBUG LoopRunner           - Initializing JavaFX AnimationTimerLoop
20:15:57.797 [JavaFX Application Thread] DEBUG Input                - Clearing active input actions
20:15:57.800 [JavaFX Application Thread] DEBUG GameApplicationServi - Removing overlay from FXGLStartupScene and adding to FXGLMainMenuDummyScene
20:15:57.801 [JavaFX Application Thread] DEBUG PrimaryStageWindow   - FXGLStartupScene -> FXGLMainMenuDummyScene
20:15:57.801 [JavaFX Application Thread] DEBUG PrimaryStageWindow   - Push state: MainMenuApp
20:15:57.801 [JavaFX Application Thread] DEBUG Input                - Clearing active input actions
20:15:57.801 [JavaFX Application Thread] DEBUG GameApplicationServi - Removing overlay from FXGLMainMenuDummyScene and adding to MainMenuApp
20:15:57.801 [JavaFX Application Thread] DEBUG PrimaryStageWindow   - FXGLMainMenuDummyScene -> MainMenuApp
20:15:57.866 [JavaFX Application Thread] DEBUG FXGLApplication      - Registering font factories with UI factory
20:15:58.318 [FXGL Background Thread 2 ] INFO  UpdaterService       - Your current version:  17.3
20:15:58.318 [FXGL Background Thread 2 ] INFO  UpdaterService       - Latest stable version: 25
20:16:00.766 [FXGL Background Thread 3 ] DEBUG Engine               - Logging environment variables
20:16:00.767 [FXGL Background Thread 3 ] DEBUG Engine               - achievements: []
20:16:00.767 [FXGL Background Thread 3 ] DEBUG Engine               - actualHeight: 720.0
20:16:00.767 [FXGL Background Thread 3 ] DEBUG Engine               - actualHeightProperty: ReadOnlyDoubleProperty [value: 720.0]
20:16:00.767 [FXGL Background Thread 3 ] DEBUG Engine               - actualWidth: 1280.0
20:16:00.767 [FXGL Background Thread 3 ] DEBUG Engine               - actualWidthProperty: ReadOnlyDoubleProperty [value: 1280.0]
20:16:00.768 [FXGL Background Thread 3 ] DEBUG Engine               - appIcon: fxgl_icon.png
20:16:00.768 [FXGL Background Thread 3 ] DEBUG Engine               - applicationMode: DEVELOPER
20:16:00.768 [FXGL Background Thread 3 ] DEBUG Engine               - cSSList: [fxgl_dark.css]
20:16:00.768 [FXGL Background Thread 3 ] DEBUG Engine               - collisionDetectionStrategy: BRUTE_FORCE
20:16:00.768 [FXGL Background Thread 3 ] DEBUG Engine               - configClass: Optional.empty
20:16:00.768 [FXGL Background Thread 3 ] DEBUG Engine               - credits: []
20:16:00.768 [FXGL Background Thread 3 ] DEBUG Engine               - defaultCursor: CursorInfo(imageName=fxgl_default_cursor.png, hotspotX=7.0, hotspotY=6.0)
20:16:00.769 [FXGL Background Thread 3 ] DEBUG Engine               - devBBoxColorProperty: ObjectProperty [value: 0xff0000ff]
20:16:00.769 [FXGL Background Thread 3 ] DEBUG Engine               - devEnableDebugCameraProperty: BooleanProperty [value: false]
20:16:00.769 [FXGL Background Thread 3 ] DEBUG Engine               - devSensorColorProperty: ObjectProperty [value: 0xffff00ff]
20:16:00.769 [FXGL Background Thread 3 ] DEBUG Engine               - devShowBBoxProperty: BooleanProperty [value: false]
20:16:00.769 [FXGL Background Thread 3 ] DEBUG Engine               - devShowPositionProperty: BooleanProperty [value: false]
20:16:00.769 [FXGL Background Thread 3 ] DEBUG Engine               - enabledMenuItems: []
20:16:00.769 [FXGL Background Thread 3 ] DEBUG Engine               - engineServices: [class com.almasb.fxgl.app.services.FXGLAssetLoaderService, class com.almasb.fxgl.app.FXGLApplication$GameApplicationService, class com.almasb.fxgl.app.services.FXGLDialogService, class com.almasb.fxgl.app.services.IOTaskExecutorService, class com.almasb.fxgl.io.FileSystemService, class com.almasb.fxgl.localization.LocalizationService, class com.almasb.fxgl.app.services.SystemBundleService, class com.almasb.fxgl.profile.SaveLoadService, class com.almasb.fxgl.ui.FXGLUIFactoryServiceProvider, class com.almasb.fxgl.ui.FXGLDialogFactoryServiceProvider, class com.almasb.fxgl.audio.AudioPlayer, class com.almasb.fxgl.notification.impl.NotificationServiceProvider, class com.almasb.fxgl.achievement.AchievementService, class com.almasb.fxgl.cutscene.CutsceneService, class com.almasb.fxgl.minigames.MiniGameService, class com.almasb.fxgl.net.NetService, class com.almasb.fxgl.app.services.UpdaterService, class com.almasb.fxgl.dev.DevService]
20:16:00.769 [FXGL Background Thread 3 ] DEBUG Engine               - fontGame: Abel-Regular.ttf
20:16:00.769 [FXGL Background Thread 3 ] DEBUG Engine               - fontMono: TerminalLandMono-Regular.otf
20:16:00.770 [FXGL Background Thread 3 ] DEBUG Engine               - fontSizeScaleUI: 1.0
20:16:00.770 [FXGL Background Thread 3 ] DEBUG Engine               - fontText: Courier-Prime.ttf
20:16:00.770 [FXGL Background Thread 3 ] DEBUG Engine               - fontUI: VarelaRound-Regular.ttf
20:16:00.770 [FXGL Background Thread 3 ] DEBUG Engine               - fullScreen: BooleanProperty [value: false]
20:16:00.770 [FXGL Background Thread 3 ] DEBUG Engine               - gameDifficulty: MEDIUM
20:16:00.770 [FXGL Background Thread 3 ] DEBUG Engine               - gameDifficultyProperty: ObjectProperty [value: MEDIUM]
20:16:00.770 [FXGL Background Thread 3 ] DEBUG Engine               - globalMusicVolume: 0.5
20:16:00.770 [FXGL Background Thread 3 ] DEBUG Engine               - globalMusicVolumeProperty: DoubleProperty [value: 0.5]
20:16:00.770 [FXGL Background Thread 3 ] DEBUG Engine               - globalSoundVolume: 0.5
20:16:00.770 [FXGL Background Thread 3 ] DEBUG Engine               - globalSoundVolumeProperty: DoubleProperty [value: 0.5]
20:16:00.770 [FXGL Background Thread 3 ] DEBUG Engine               - height: 720
20:16:00.770 [FXGL Background Thread 3 ] DEBUG Engine               - is3D: false
20:16:00.770 [FXGL Background Thread 3 ] DEBUG Engine               - isAndroid: false
20:16:00.771 [FXGL Background Thread 3 ] DEBUG Engine               - isBrowser: false
20:16:00.771 [FXGL Background Thread 3 ] DEBUG Engine               - isClickFeedbackEnabled: false
20:16:00.771 [FXGL Background Thread 3 ] DEBUG Engine               - isCloseConfirmation: false
20:16:00.771 [FXGL Background Thread 3 ] DEBUG Engine               - isDesktop: true
20:16:00.771 [FXGL Background Thread 3 ] DEBUG Engine               - isDeveloperMenuEnabled: true
20:16:00.771 [FXGL Background Thread 3 ] DEBUG Engine               - isEmbedded: false
20:16:00.771 [FXGL Background Thread 3 ] DEBUG Engine               - isEntityPreloadEnabled: true
20:16:00.771 [FXGL Background Thread 3 ] DEBUG Engine               - isExperimentalTiledLargeMap: false
20:16:00.771 [FXGL Background Thread 3 ] DEBUG Engine               - isFileSystemWriteAllowed: true
20:16:00.771 [FXGL Background Thread 3 ] DEBUG Engine               - isFullScreenAllowed: false
20:16:00.771 [FXGL Background Thread 3 ] DEBUG Engine               - isFullScreenFromStart: false
20:16:00.771 [FXGL Background Thread 3 ] DEBUG Engine               - isGameMenuEnabled: true
20:16:00.771 [FXGL Background Thread 3 ] DEBUG Engine               - isIOS: false
20:16:00.771 [FXGL Background Thread 3 ] DEBUG Engine               - isIntroEnabled: false
20:16:00.771 [FXGL Background Thread 3 ] DEBUG Engine               - isLinux: false
20:16:00.771 [FXGL Background Thread 3 ] DEBUG Engine               - isMac: true
20:16:00.771 [FXGL Background Thread 3 ] DEBUG Engine               - isMainMenuEnabled: true
20:16:00.771 [FXGL Background Thread 3 ] DEBUG Engine               - isManualResizeEnabled: false
20:16:00.771 [FXGL Background Thread 3 ] DEBUG Engine               - isMobile: false
20:16:00.771 [FXGL Background Thread 3 ] DEBUG Engine               - isNative: false
20:16:00.771 [FXGL Background Thread 3 ] DEBUG Engine               - isPauseMusicWhenMinimized: true
20:16:00.771 [FXGL Background Thread 3 ] DEBUG Engine               - isPreserveResizeRatio: false
20:16:00.772 [FXGL Background Thread 3 ] DEBUG Engine               - isProfilingEnabled: false
20:16:00.772 [FXGL Background Thread 3 ] DEBUG Engine               - isScaleAffectedOnResize: true
20:16:00.772 [FXGL Background Thread 3 ] DEBUG Engine               - isSingleStep: false
20:16:00.772 [FXGL Background Thread 3 ] DEBUG Engine               - isUserProfileEnabled: false
20:16:00.772 [FXGL Background Thread 3 ] DEBUG Engine               - isWindows: false
20:16:00.772 [FXGL Background Thread 3 ] DEBUG Engine               - language: ObjectProperty [value: ENGLISH]
20:16:00.772 [FXGL Background Thread 3 ] DEBUG Engine               - menuKey: F12
20:16:00.772 [FXGL Background Thread 3 ] DEBUG Engine               - mouseSensitivity: 0.2
20:16:00.772 [FXGL Background Thread 3 ] DEBUG Engine               - notificationViewClass: class com.almasb.fxgl.notification.view.XboxNotificationView
20:16:00.772 [FXGL Background Thread 3 ] DEBUG Engine               - pixelsPerMeter: 50.0
20:16:00.772 [FXGL Background Thread 3 ] DEBUG Engine               - platform: MAC
20:16:00.772 [FXGL Background Thread 3 ] DEBUG Engine               - prefHeightProperty: ReadOnlyDoubleProperty [value: 720.0]
20:16:00.772 [FXGL Background Thread 3 ] DEBUG Engine               - prefWidthProperty: ReadOnlyDoubleProperty [value: 1280.0]
20:16:00.772 [FXGL Background Thread 3 ] DEBUG Engine               - profileDir: profiles/
20:16:00.772 [FXGL Background Thread 3 ] DEBUG Engine               - profileName: StringProperty [value: DEFAULT]
20:16:00.773 [FXGL Background Thread 3 ] DEBUG Engine               - randomSeed: -1
20:16:00.773 [FXGL Background Thread 3 ] DEBUG Engine               - runtimeInfo: RuntimeInfo(platform=MAC, version=17.3, build=30.03.2023 11.49)
20:16:00.773 [FXGL Background Thread 3 ] DEBUG Engine               - saveFileExt: sav
20:16:00.773 [FXGL Background Thread 3 ] DEBUG Engine               - scaledHeightProp$fxgl: DoubleProperty [bound, value: 720.0]
20:16:00.773 [FXGL Background Thread 3 ] DEBUG Engine               - scaledWidthProp$fxgl: DoubleProperty [bound, value: 1280.0]
20:16:00.773 [FXGL Background Thread 3 ] DEBUG Engine               - sceneFactory: com.example.csit228capstonesirjaysimulator.application.MenuFactory@3343f805
20:16:00.773 [FXGL Background Thread 3 ] DEBUG Engine               - secondsIn24h: 60
20:16:00.773 [FXGL Background Thread 3 ] DEBUG Engine               - soundMenuBack: menu/back.wav
20:16:00.773 [FXGL Background Thread 3 ] DEBUG Engine               - soundMenuPress: menu/press.wav
20:16:00.773 [FXGL Background Thread 3 ] DEBUG Engine               - soundMenuSelect: menu/select.wav
20:16:00.773 [FXGL Background Thread 3 ] DEBUG Engine               - soundNotification: core/notification.wav
20:16:00.773 [FXGL Background Thread 3 ] DEBUG Engine               - stageStyle: DECORATED
20:16:00.773 [FXGL Background Thread 3 ] DEBUG Engine               - supportedLanguages: [ENGLISH, FRENCH, GERMAN, HUNGARIAN, RUSSIAN]
20:16:00.773 [FXGL Background Thread 3 ] DEBUG Engine               - ticksPerSecond: -1
20:16:00.773 [FXGL Background Thread 3 ] DEBUG Engine               - title: Sir Serato Simulator
20:16:00.773 [FXGL Background Thread 3 ] DEBUG Engine               - urlGithub: https://github.com/AlmasB/FXGL
20:16:00.774 [FXGL Background Thread 3 ] DEBUG Engine               - urlLeaderboard: http://fxgl-top.herokuapp.com/
20:16:00.774 [FXGL Background Thread 3 ] DEBUG Engine               - urlPOM: https://raw.githubusercontent.com/AlmasB/FXGL/release/README.md
20:16:00.774 [FXGL Background Thread 3 ] DEBUG Engine               - userAppClass: class com.example.csit228capstonesirjaysimulator.application.GameLevelApp
20:16:00.774 [FXGL Background Thread 3 ] DEBUG Engine               - version: 0.0
20:16:00.774 [FXGL Background Thread 3 ] DEBUG Engine               - versionCheckDays: 7
20:16:00.774 [FXGL Background Thread 3 ] DEBUG Engine               - width: 1280
20:16:00.774 [FXGL Background Thread 3 ] DEBUG Engine               - Logging services
20:16:00.774 [FXGL Background Thread 3 ] DEBUG Engine               - class com.almasb.fxgl.app.services.FXGLAssetLoaderService
20:16:00.774 [FXGL Background Thread 3 ] DEBUG Engine               - class com.almasb.fxgl.app.FXGLApplication$GameApplicationService
20:16:00.774 [FXGL Background Thread 3 ] DEBUG Engine               - class com.almasb.fxgl.app.services.FXGLDialogService
20:16:00.774 [FXGL Background Thread 3 ] DEBUG Engine               - class com.almasb.fxgl.app.services.IOTaskExecutorService
20:16:00.774 [FXGL Background Thread 3 ] DEBUG Engine               - class com.almasb.fxgl.io.FileSystemService
20:16:00.774 [FXGL Background Thread 3 ] DEBUG Engine               - class com.almasb.fxgl.localization.LocalizationService
20:16:00.774 [FXGL Background Thread 3 ] DEBUG Engine               - class com.almasb.fxgl.app.services.SystemBundleService
20:16:00.774 [FXGL Background Thread 3 ] DEBUG Engine               - class com.almasb.fxgl.profile.SaveLoadService
20:16:00.774 [FXGL Background Thread 3 ] DEBUG Engine               - class com.almasb.fxgl.ui.FXGLUIFactoryServiceProvider
20:16:00.774 [FXGL Background Thread 3 ] DEBUG Engine               - class com.almasb.fxgl.ui.FXGLDialogFactoryServiceProvider
20:16:00.774 [FXGL Background Thread 3 ] DEBUG Engine               - class com.almasb.fxgl.audio.AudioPlayer
20:16:00.775 [FXGL Background Thread 3 ] DEBUG Engine               - class com.almasb.fxgl.notification.impl.NotificationServiceProvider
20:16:00.775 [FXGL Background Thread 3 ] DEBUG Engine               - class com.almasb.fxgl.achievement.AchievementService
20:16:00.775 [FXGL Background Thread 3 ] DEBUG Engine               - class com.almasb.fxgl.cutscene.CutsceneService
20:16:00.775 [FXGL Background Thread 3 ] DEBUG Engine               - class com.almasb.fxgl.minigames.MiniGameService
20:16:00.775 [FXGL Background Thread 3 ] DEBUG Engine               - class com.almasb.fxgl.net.NetService
20:16:00.775 [FXGL Background Thread 3 ] DEBUG Engine               - class com.almasb.fxgl.app.services.UpdaterService
20:16:00.775 [FXGL Background Thread 3 ] DEBUG Engine               - class com.almasb.fxgl.dev.DevService
20:16:01.895 [JavaFX Application Thread] DEBUG PrimaryStageWindow   - Push state: ProfileSelectScene
20:16:01.895 [JavaFX Application Thread] DEBUG Input                - Clearing active input actions
20:16:01.896 [JavaFX Application Thread] DEBUG GameApplicationServi - Removing overlay from MainMenuApp and adding to ProfileSelectScene
20:16:01.897 [JavaFX Application Thread] DEBUG PrimaryStageWindow   - MainMenuApp -> ProfileSelectScene
20:16:06.831 [JavaFX Application Thread] DEBUG PrimaryStageWindow   - Pop state: ProfileSelectScene
20:16:06.832 [JavaFX Application Thread] DEBUG Input                - Clearing active input actions
20:16:06.833 [JavaFX Application Thread] DEBUG GameApplicationServi - Removing overlay from ProfileSelectScene and adding to MainMenuApp
20:16:06.835 [JavaFX Application Thread] DEBUG PrimaryStageWindow   - MainMenuApp <- ProfileSelectScene
20:16:06.958 [JavaFX Application Thread] DEBUG Input                - Registered new binding: Advance - Enter
20:16:06.958 [JavaFX Application Thread] DEBUG FXGLAssetLoaderServi - Loading from file system: file:/Users/chloejuliageonzon/Documents/IdeaProjects/School/CSIT228-Capstone-Sir-Jay-Simulator/target/classes/assets/music/classroom.wav
20:16:06.960 [JavaFX Application Thread] DEBUG AudioPlayer          - Playing music com.almasb.fxgl.audio.Music@4f4883eb
20:16:06.962 [JavaFX Application Thread] DEBUG PrimaryStageWindow   - Push state: IntroCutScene
20:16:06.962 [JavaFX Application Thread] DEBUG Input                - Clearing active input actions
20:16:06.962 [JavaFX Application Thread] DEBUG GameApplicationServi - Removing overlay from MainMenuApp and adding to IntroCutScene
20:16:06.963 [JavaFX Application Thread] DEBUG PrimaryStageWindow   - MainMenuApp -> IntroCutScene
20:16:09.184 [JavaFX Application Thread] DEBUG AudioPlayer          - Stopping music com.almasb.fxgl.audio.Music@4bd9f096
20:16:09.187 [JavaFX Application Thread] DEBUG AudioPlayer          - Stopping music com.almasb.fxgl.audio.Music@4f4883eb
20:16:09.187 [JavaFX Application Thread] DEBUG Menu                 - fireNewGame()
20:16:09.187 [JavaFX Application Thread] DEBUG GameApplicationServi - Starting new game
20:16:09.187 [JavaFX Application Thread] DEBUG PrimaryStageWindow   - Pop state: IntroCutScene
20:16:09.187 [JavaFX Application Thread] DEBUG Input                - Clearing active input actions
20:16:09.188 [JavaFX Application Thread] DEBUG GameApplicationServi - Removing overlay from IntroCutScene and adding to MainMenuApp
20:16:09.190 [JavaFX Application Thread] DEBUG PrimaryStageWindow   - MainMenuApp <- IntroCutScene
20:16:09.190 [JavaFX Application Thread] DEBUG PrimaryStageWindow   - Pop state: MainMenuApp
20:16:09.190 [JavaFX Application Thread] DEBUG Input                - Clearing active input actions
20:16:09.190 [JavaFX Application Thread] DEBUG GameApplicationServi - Removing overlay from MainMenuApp and adding to FXGLMainMenuDummyScene
20:16:09.191 [JavaFX Application Thread] DEBUG PrimaryStageWindow   - FXGLMainMenuDummyScene <- MainMenuApp
20:16:09.191 [JavaFX Application Thread] DEBUG Input                - Clearing active input actions
20:16:09.198 [JavaFX Application Thread] DEBUG GameApplicationServi - Removing overlay from FXGLMainMenuDummyScene and adding to FXGLLoadingScene
20:16:09.206 [JavaFX Application Thread] DEBUG PrimaryStageWindow   - FXGLMainMenuDummyScene -> FXGLLoadingScene
20:16:09.206 [JavaFX Application Thread] DEBUG GameApplicationServi - Clearing previous game
20:16:09.206 [JavaFX Application Thread] DEBUG GameScene            - Clearing game scene
20:16:09.206 [JavaFX Application Thread] DEBUG GameWorld            - Clearing game world
20:16:09.206 [JavaFX Application Thread] DEBUG PhysicsWorld         - Clearing physics world
20:16:09.207 [FXGL Background Thread 2 ] DEBUG FXGLApplication      - Initializing game
20:16:09.208 [FXGL Background Thread 2 ] DEBUG FXGLAssetLoaderServi - Loading from file system: file:/Users/chloejuliageonzon/Documents/IdeaProjects/School/CSIT228-Capstone-Sir-Jay-Simulator/target/classes/assets/sounds/correct.mp3
20:16:09.216 [FXGL Background Thread 2 ] DEBUG FXGLAssetLoaderServi - Loading from file system: file:/Users/chloejuliageonzon/Documents/IdeaProjects/School/CSIT228-Capstone-Sir-Jay-Simulator/target/classes/assets/sounds/wrong.mp3
20:16:09.217 [FXGL Background Thread 2 ] DEBUG FXGLAssetLoaderServi - Loading from file system: file:/Users/chloejuliageonzon/Documents/IdeaProjects/School/CSIT228-Capstone-Sir-Jay-Simulator/target/classes/assets/sounds/tap.mp3
20:16:09.221 [FXGL Background Thread 2 ] DEBUG FXGLAssetLoaderServi - Loading from file system: file:/Users/chloejuliageonzon/Documents/IdeaProjects/School/CSIT228-Capstone-Sir-Jay-Simulator/target/classes/assets/textures/Chair.PNG
20:16:09.263 [FXGL Background Thread 2 ] DEBUG FXGLAssetLoaderServi - Loading from file system: file:/Users/chloejuliageonzon/Documents/IdeaProjects/School/CSIT228-Capstone-Sir-Jay-Simulator/target/classes/assets/textures/students/stud3_idle_state.png
20:16:09.271 [FXGL Background Thread 2 ] DEBUG FXGLAssetLoaderServi - Loading from file system: file:/Users/chloejuliageonzon/Documents/IdeaProjects/School/CSIT228-Capstone-Sir-Jay-Simulator/target/classes/assets/textures/students/stud3_sus_state.png
20:16:09.278 [FXGL Background Thread 2 ] DEBUG FXGLAssetLoaderServi - Loading from file system: file:/Users/chloejuliageonzon/Documents/IdeaProjects/School/CSIT228-Capstone-Sir-Jay-Simulator/target/classes/assets/textures/students/stud3_cheat_state.png
20:16:09.287 [FXGL Background Thread 2 ] WARN  FXGLAssetLoaderServi - Asset "/assets/textures/students/stud3_talking_state.png" was not found!
20:16:09.287 [FXGL Background Thread 2 ] WARN  FXGLAssetLoaderServi - Failed to load IMAGE
20:16:09.298 [FXGL Background Thread 2 ] DEBUG FXGLAssetLoaderServi - Loading from file system: file:/Users/chloejuliageonzon/Documents/IdeaProjects/School/CSIT228-Capstone-Sir-Jay-Simulator/target/classes/assets/textures/students/stud1_idle_state.png
20:16:09.306 [FXGL Background Thread 2 ] DEBUG FXGLAssetLoaderServi - Loading from file system: file:/Users/chloejuliageonzon/Documents/IdeaProjects/School/CSIT228-Capstone-Sir-Jay-Simulator/target/classes/assets/textures/students/stud1_sus_state.png
20:16:09.314 [FXGL Background Thread 2 ] DEBUG FXGLAssetLoaderServi - Loading from file system: file:/Users/chloejuliageonzon/Documents/IdeaProjects/School/CSIT228-Capstone-Sir-Jay-Simulator/target/classes/assets/textures/students/stud1_cheat_state.png
20:16:09.321 [FXGL Background Thread 2 ] WARN  FXGLAssetLoaderServi - Asset "/assets/textures/students/stud1_talking_state.png" was not found!
20:16:09.321 [FXGL Background Thread 2 ] WARN  FXGLAssetLoaderServi - Failed to load IMAGE
20:16:09.321 [FXGL Background Thread 2 ] DEBUG FXGLAssetLoaderServi - Loading from file system: file:/Users/chloejuliageonzon/Documents/IdeaProjects/School/CSIT228-Capstone-Sir-Jay-Simulator/target/classes/assets/textures/students/stud2_idle_state.png
20:16:09.328 [FXGL Background Thread 2 ] DEBUG FXGLAssetLoaderServi - Loading from file system: file:/Users/chloejuliageonzon/Documents/IdeaProjects/School/CSIT228-Capstone-Sir-Jay-Simulator/target/classes/assets/textures/students/stud2_sus_state.png
20:16:09.335 [FXGL Background Thread 2 ] DEBUG FXGLAssetLoaderServi - Loading from file system: file:/Users/chloejuliageonzon/Documents/IdeaProjects/School/CSIT228-Capstone-Sir-Jay-Simulator/target/classes/assets/textures/students/stud2_cheat_state.png
20:16:09.342 [FXGL Background Thread 2 ] WARN  FXGLAssetLoaderServi - Asset "/assets/textures/students/stud2_talking_state.png" was not found!
20:16:09.342 [FXGL Background Thread 2 ] WARN  FXGLAssetLoaderServi - Failed to load IMAGE
20:16:09.343 [FXGL Background Thread 2 ] WARN  FXGLAssetLoaderServi - Asset "/assets/textures/students/stud3_talking_state.png" was not found!
20:16:09.343 [FXGL Background Thread 2 ] WARN  FXGLAssetLoaderServi - Failed to load IMAGE
20:16:09.343 [FXGL Background Thread 2 ] DEBUG FXGLAssetLoaderServi - Loading from file system: file:/Users/chloejuliageonzon/Documents/IdeaProjects/School/CSIT228-Capstone-Sir-Jay-Simulator/target/classes/assets/textures/students/trey_idle_state.png
20:16:09.350 [FXGL Background Thread 2 ] DEBUG FXGLAssetLoaderServi - Loading from file system: file:/Users/chloejuliageonzon/Documents/IdeaProjects/School/CSIT228-Capstone-Sir-Jay-Simulator/target/classes/assets/textures/students/trey_sus_state.png
20:16:09.357 [FXGL Background Thread 2 ] DEBUG FXGLAssetLoaderServi - Loading from file system: file:/Users/chloejuliageonzon/Documents/IdeaProjects/School/CSIT228-Capstone-Sir-Jay-Simulator/target/classes/assets/textures/students/trey_cheat_state.png
20:16:09.371 [FXGL Background Thread 2 ] DEBUG FXGLAssetLoaderServi - Loading from file system: file:/Users/chloejuliageonzon/Documents/IdeaProjects/School/CSIT228-Capstone-Sir-Jay-Simulator/target/classes/assets/textures/students/trey_talking_state.png
20:16:09.379 [FXGL Background Thread 2 ] WARN  FXGLAssetLoaderServi - Asset "/assets/textures/students/stud2_talking_state.png" was not found!
20:16:09.379 [FXGL Background Thread 2 ] WARN  FXGLAssetLoaderServi - Failed to load IMAGE
20:16:09.380 [FXGL Background Thread 2 ] WARN  FXGLAssetLoaderServi - Asset "/assets/textures/students/stud3_talking_state.png" was not found!
20:16:09.380 [FXGL Background Thread 2 ] WARN  FXGLAssetLoaderServi - Failed to load IMAGE
20:16:09.380 [FXGL Background Thread 2 ] WARN  FXGLAssetLoaderServi - Asset "/assets/textures/students/stud2_talking_state.png" was not found!
20:16:09.380 [FXGL Background Thread 2 ] WARN  FXGLAssetLoaderServi - Failed to load IMAGE
20:16:09.381 [FXGL Background Thread 2 ] WARN  FXGLAssetLoaderServi - Asset "/assets/textures/students/stud1_talking_state.png" was not found!
20:16:09.381 [FXGL Background Thread 2 ] WARN  FXGLAssetLoaderServi - Failed to load IMAGE
20:16:09.381 [FXGL Background Thread 2 ] WARN  FXGLAssetLoaderServi - Asset "/assets/textures/students/stud1_talking_state.png" was not found!
20:16:09.381 [FXGL Background Thread 2 ] WARN  FXGLAssetLoaderServi - Failed to load IMAGE
20:16:09.382 [FXGL Background Thread 2 ] WARN  FXGLAssetLoaderServi - Asset "/assets/textures/students/stud1_talking_state.png" was not found!
20:16:09.382 [FXGL Background Thread 2 ] WARN  FXGLAssetLoaderServi - Failed to load IMAGE
20:16:09.382 [FXGL Background Thread 2 ] DEBUG FXGLAssetLoaderServi - Loading from file system: file:/Users/chloejuliageonzon/Documents/IdeaProjects/School/CSIT228-Capstone-Sir-Jay-Simulator/target/classes/assets/textures/students/stud4_idle_state.png
20:16:09.392 [FXGL Background Thread 2 ] DEBUG FXGLAssetLoaderServi - Loading from file system: file:/Users/chloejuliageonzon/Documents/IdeaProjects/School/CSIT228-Capstone-Sir-Jay-Simulator/target/classes/assets/textures/students/stud4_sus_state.png
20:16:09.399 [FXGL Background Thread 2 ] DEBUG FXGLAssetLoaderServi - Loading from file system: file:/Users/chloejuliageonzon/Documents/IdeaProjects/School/CSIT228-Capstone-Sir-Jay-Simulator/target/classes/assets/textures/students/stud4_cheat_state.png
20:16:09.405 [FXGL Background Thread 2 ] WARN  FXGLAssetLoaderServi - Asset "/assets/textures/students/stud4_talking_state.png" was not found!
20:16:09.405 [FXGL Background Thread 2 ] WARN  FXGLAssetLoaderServi - Failed to load IMAGE
20:16:09.405 [FXGL Background Thread 2 ] WARN  FXGLAssetLoaderServi - Asset "/assets/textures/students/stud4_talking_state.png" was not found!
20:16:09.405 [FXGL Background Thread 2 ] WARN  FXGLAssetLoaderServi - Failed to load IMAGE
20:16:09.406 [FXGL Background Thread 2 ] WARN  FXGLAssetLoaderServi - Asset "/assets/textures/students/stud1_talking_state.png" was not found!
20:16:09.406 [FXGL Background Thread 2 ] WARN  FXGLAssetLoaderServi - Failed to load IMAGE
20:16:09.407 [FXGL Background Thread 2 ] WARN  FXGLAssetLoaderServi - Asset "/assets/textures/students/stud3_talking_state.png" was not found!
20:16:09.407 [FXGL Background Thread 2 ] WARN  FXGLAssetLoaderServi - Failed to load IMAGE
20:16:09.407 [FXGL Background Thread 2 ] WARN  FXGLAssetLoaderServi - Asset "/assets/textures/students/stud2_talking_state.png" was not found!
20:16:09.407 [FXGL Background Thread 2 ] WARN  FXGLAssetLoaderServi - Failed to load IMAGE
20:16:09.407 [FXGL Background Thread 2 ] WARN  FXGLAssetLoaderServi - Asset "/assets/textures/students/stud4_talking_state.png" was not found!
20:16:09.407 [FXGL Background Thread 2 ] WARN  FXGLAssetLoaderServi - Failed to load IMAGE
20:16:09.416 [FXGL Background Thread 2 ] DEBUG FXGLAssetLoaderServi - Loading from file system: file:/Users/chloejuliageonzon/Documents/IdeaProjects/School/CSIT228-Capstone-Sir-Jay-Simulator/target/classes/assets/textures/teacherView_leftSide.PNG
20:16:09.440 [FXGL Background Thread 2 ] DEBUG FXGLAssetLoaderServi - Loading from file system: file:/Users/chloejuliageonzon/Documents/IdeaProjects/School/CSIT228-Capstone-Sir-Jay-Simulator/target/classes/assets/textures/Table.PNG
20:16:09.622 [FXGL Background Thread 2 ] INFO  FXGLApplication      - Game initialization took: 0.414 sec
20:16:09.622 [JavaFX Application Thread] DEBUG Input                - Clearing active input actions
20:16:09.624 [JavaFX Application Thread] DEBUG GameApplicationServi - Removing overlay from FXGLLoadingScene and adding to GameScene
20:16:09.625 [JavaFX Application Thread] DEBUG PrimaryStageWindow   - FXGLLoadingScene -> GameScene
20:16:12.833 [JavaFX Application Thread] DEBUG FXGLAssetLoaderServi - Loading from file system: file:/Users/chloejuliageonzon/Documents/IdeaProjects/School/CSIT228-Capstone-Sir-Jay-Simulator/target/classes/assets/textures/teacherView_rightSide.PNG
20:16:12.975 [JavaFX Application Thread] DEBUG FXGLAssetLoaderServi - Loading from file system: file:/Users/chloejuliageonzon/Documents/IdeaProjects/School/CSIT228-Capstone-Sir-Jay-Simulator/target/classes/assets/sounds/howsurdayeverybody2.wav
20:16:17.549 [JavaFX Application Thread] DEBUG PrimaryStageWindow   - Push state: PauseScene
20:16:17.549 [JavaFX Application Thread] DEBUG Input                - Clearing active input actions
20:16:17.549 [JavaFX Application Thread] DEBUG GameApplicationServi - Removing overlay from GameScene and adding to PauseScene
20:16:17.549 [JavaFX Application Thread] DEBUG PrimaryStageWindow   - GameScene -> PauseScene
20:16:18.728 [JavaFX Application Thread] DEBUG PrimaryStageWindow   - Pop state: PauseScene
20:16:18.728 [JavaFX Application Thread] DEBUG Input                - Clearing active input actions
20:16:18.729 [JavaFX Application Thread] DEBUG GameApplicationServi - Removing overlay from PauseScene and adding to GameScene
20:16:18.730 [JavaFX Application Thread] DEBUG PrimaryStageWindow   - GameScene <- PauseScene
20:16:18.731 [JavaFX Application Thread] DEBUG Input                - Clearing active input actions
20:16:18.736 [JavaFX Application Thread] DEBUG GameApplicationServi - Removing overlay from GameScene and adding to FXGLMainMenuDummyScene
20:16:18.736 [JavaFX Application Thread] DEBUG PrimaryStageWindow   - GameScene -> FXGLMainMenuDummyScene
20:16:18.736 [JavaFX Application Thread] DEBUG PrimaryStageWindow   - Push state: MainMenuApp
20:16:18.736 [JavaFX Application Thread] DEBUG Input                - Clearing active input actions
20:16:18.737 [JavaFX Application Thread] DEBUG GameApplicationServi - Removing overlay from FXGLMainMenuDummyScene and adding to MainMenuApp
20:16:18.744 [JavaFX Application Thread] DEBUG PrimaryStageWindow   - FXGLMainMenuDummyScene -> MainMenuApp
20:16:20.155 [JavaFX Application Thread] DEBUG Menu                 - fireExit()
20:16:20.160 [JavaFX Application Thread] DEBUG PrimaryStageWindow   - Push state: DialogSubScene
20:16:20.160 [JavaFX Application Thread] DEBUG Input                - Clearing active input actions
20:16:20.161 [JavaFX Application Thread] DEBUG GameApplicationServi - Removing overlay from MainMenuApp and adding to DialogSubScene
20:16:20.162 [JavaFX Application Thread] DEBUG PrimaryStageWindow   - MainMenuApp -> DialogSubScene
20:16:21.231 [JavaFX Application Thread] DEBUG PrimaryStageWindow   - Pop state: DialogSubScene
20:16:21.231 [JavaFX Application Thread] DEBUG Input                - Clearing active input actions
20:16:21.232 [JavaFX Application Thread] DEBUG GameApplicationServi - Removing overlay from DialogSubScene and adding to MainMenuApp
20:16:21.233 [JavaFX Application Thread] DEBUG PrimaryStageWindow   - MainMenuApp <- DialogSubScene
20:16:21.234 [JavaFX Application Thread] DEBUG FXGLApplication      - Exiting FXGL
20:16:21.234 [JavaFX Application Thread] DEBUG LoopRunner           - Stopping loop
20:16:21.234 [JavaFX Application Thread] DEBUG SystemBundleService  - Saving FXGL system data
20:16:21.239 [JavaFX Application Thread] DEBUG FileSystemAccess     - Writing to: /Users/chloejuliageonzon/Documents/IdeaProjects/School/CSIT228-Capstone-Sir-Jay-Simulator/system/fxgl.bundle
20:16:21.243 [JavaFX Application Thread] DEBUG Async                - Shutting down background threads
20:16:21.244 [JavaFX Application Thread] DEBUG PrimaryStageWindow   - Closing main window
20:16:21.261 [JavaFX Application Thread] DEBUG Logger               - Closing Logger
