20:32:50.110 [main                     ] DEBUG Logger               - Configured Logger
20:32:50.112 [main                     ] DEBUG GameApplication      - Logging settings
Title: Sir Serato Simulator
Version: 0.0
Width: 1280
Height: 720
Fullscreen: false
Intro: false
Profiling: false
Single step:false
App Mode: DEVELOPER
Menu Key: F12
Stage Style: DECORATED
Scene Factory: class com.example.csit228capstonesirjaysimulator.application.MenuFactory

20:32:50.273 [JavaFX Application Thread] DEBUG FXGLApplication      - Initializing FXGL
20:32:50.274 [JavaFX Application Thread] INFO  Engine               - FXGL-17.3 (30.03.2023 11.49) on MAC (J:25.0.1 FX:21.0.6)
20:32:50.274 [JavaFX Application Thread] DEBUG Engine               - JRE Vendor Name: Oracle Corporation
20:32:50.274 [JavaFX Application Thread] DEBUG Engine               - Running on OS: Mac OS X version 14.6
20:32:50.274 [JavaFX Application Thread] DEBUG Engine               - Architecture: aarch64
20:32:50.274 [JavaFX Application Thread] INFO  Engine               - Source code and latest versions at: https://github.com/AlmasB/FXGL
20:32:50.274 [JavaFX Application Thread] INFO  Engine               -       Ask questions and discuss at: https://github.com/AlmasB/FXGL/discussions
20:32:50.274 [JavaFX Application Thread] INFO  Engine               -              Join the FXGL chat at: https://gitter.im/AlmasB/FXGL
20:32:50.314 [JavaFX Application Thread] DEBUG PrimaryStageWindow   - Creating a JavaFX scene
20:32:50.332 [JavaFX Application Thread] DEBUG PrimaryStageWindow   - Target settings size: 1280.0 x 720.0
20:32:50.332 [JavaFX Application Thread] DEBUG PrimaryStageWindow   - Scaled scene size:    1280.0 x 720.0
20:32:50.332 [JavaFX Application Thread] DEBUG PrimaryStageWindow   - Scaled ratio: (1.0, 1.0)
20:32:50.333 [JavaFX Application Thread] DEBUG PrimaryStageWindow   - Set initial scene to FXGLStartupScene
20:32:50.334 [JavaFX Application Thread] DEBUG PrimaryStageWindow   - Opening main window
20:32:50.384 [JavaFX Application Thread] DEBUG PrimaryStageWindow   - Window border size: (0.0, 28.0)
20:32:50.385 [JavaFX Application Thread] DEBUG PrimaryStageWindow   - Scaled size: 1280.0 x 720.0
20:32:50.385 [JavaFX Application Thread] DEBUG PrimaryStageWindow   - Scaled ratio: (1.0, 1.0)
20:32:50.385 [JavaFX Application Thread] DEBUG PrimaryStageWindow   - Scene size: 1280.0 x 720.0
20:32:50.385 [JavaFX Application Thread] DEBUG PrimaryStageWindow   - Stage size: 1280.0 x 748.0
20:32:50.388 [FXGL Background Thread 1 ] DEBUG Engine               - Initializing environment variables
20:32:50.415 [FXGL Background Thread 1 ] DEBUG FXGLAssetLoaderServi - User app class for loading assets: class com.example.csit228capstonesirjaysimulator.application.GameLevelApp
20:32:50.415 [FXGL Background Thread 1 ] DEBUG GameApplicationServi - Applying CSS: fxgl_dark.css
20:32:50.416 [FXGL Background Thread 1 ] DEBUG FXGLAssetLoaderServi - Loading from file system: jar:file:///Users/chloejuliageonzon/.m2/repository/com/github/almasb/fxgl/17.3/fxgl-17.3.jar!/fxglassets/ui/css/fxgl_dark.css
20:32:50.450 [FXGL Background Thread 1 ] DEBUG GameApplicationServi - Initializing application scenes
20:32:50.517 [FXGL Background Thread 1 ] DEBUG GameWorld            - Game world initialized
20:32:50.539 [FXGL Background Thread 1 ] DEBUG PhysicsWorld         - Physics world initialized: appHeight=720, physics.ppm=50.0
20:32:50.540 [FXGL Background Thread 1 ] DEBUG PhysicsWorld         - Using strategy: BRUTE_FORCE
20:32:50.541 [FXGL Background Thread 1 ] DEBUG GameScene            - Game scene initialized: 1280x720
20:32:50.830 [FXGL Background Thread 1 ] DEBUG FXGLAssetLoaderServi - Loading from file system: file:/Users/chloejuliageonzon/Documents/IdeaProjects/School/CSIT228-Capstone-Sir-Jay-Simulator/target/classes/assets/music/intro_music.wav
20:32:50.971 [FXGL Background Thread 1 ] DEBUG AudioPlayer          - Playing music com.almasb.fxgl.audio.Music@2304c5e2
20:32:50.976 [FXGL Background Thread 1 ] DEBUG FXGL.DefaultMenu     - createMenuBodyGameMenu()
20:32:50.983 [FXGL Background Thread 1 ] DEBUG FXGL.DefaultMenu     - createOptionsMenu()
20:32:50.986 [FXGL Background Thread 1 ] DEBUG FXGLAssetLoaderServi - Loading from file system: jar:file:///Users/chloejuliageonzon/.m2/repository/com/github/almasb/fxgl/17.3/fxgl-17.3.jar!/fxglassets/textures/particles/smoke.png
20:32:51.026 [FXGL Background Thread 1 ] DEBUG FXGLAssetLoaderServi - Loading from file system: jar:file:///Users/chloejuliageonzon/.m2/repository/com/github/almasb/fxgl/17.3/fxgl-17.3.jar!/fxglassets/textures/particles/trace_horizontal.png
20:32:51.032 [FXGL Background Thread 1 ] DEBUG GameApplicationServi - Application scenes initialized
20:32:51.036 [FXGL Background Thread 1 ] DEBUG SystemBundleService  - Loading FXGL system data
20:32:51.037 [FXGL Background Thread 1 ] DEBUG FileSystemAccess     - Reading from: /Users/chloejuliageonzon/Documents/IdeaProjects/School/CSIT228-Capstone-Sir-Jay-Simulator/system/fxgl.bundle
20:32:51.040 [FXGL Background Thread 1 ] DEBUG SystemBundleService  - Bundle FXGL: {}
20:32:51.040 [FXGL Background Thread 1 ] DEBUG UpdaterService       - Checking for updates
20:32:51.053 [FXGL Background Thread 4 ] DEBUG FXGLApplication      - Loading fonts
20:32:51.053 [FXGL Background Thread 1 ] DEBUG FXGLApplication      - Loading default localization
20:32:51.053 [FXGL Background Thread 4 ] DEBUG FXGLAssetLoaderServi - Loading from file system: jar:file:///Users/chloejuliageonzon/.m2/repository/com/github/almasb/fxgl/17.3/fxgl-17.3.jar!/fxglassets/ui/fonts/VarelaRound-Regular.ttf
20:32:51.053 [FXGL Background Thread 1 ] DEBUG FXGLAssetLoaderServi - Loading from file system: jar:file:///Users/chloejuliageonzon/.m2/repository/com/github/almasb/fxgl/17.3/fxgl-17.3.jar!/fxglassets/languages/english.lang
20:32:51.058 [FXGL Background Thread 4 ] DEBUG FXGLAssetLoaderServi - Loading from file system: jar:file:///Users/chloejuliageonzon/.m2/repository/com/github/almasb/fxgl/17.3/fxgl-17.3.jar!/fxglassets/ui/fonts/Abel-Regular.ttf
20:32:51.060 [FXGL Background Thread 4 ] DEBUG FXGLAssetLoaderServi - Loading from file system: jar:file:///Users/chloejuliageonzon/.m2/repository/com/github/almasb/fxgl/17.3/fxgl-17.3.jar!/fxglassets/ui/fonts/TerminalLandMono-Regular.otf
20:32:51.060 [FXGL Background Thread 1 ] INFO  FXGLApplication      - FXGL initialization took: 0.672 sec
20:32:51.061 [JavaFX Application Thread] DEBUG Input                - Registered new binding: action0 - LMB
20:32:51.061 [FXGL Background Thread 4 ] DEBUG FXGLAssetLoaderServi - Loading from file system: jar:file:///Users/chloejuliageonzon/.m2/repository/com/github/almasb/fxgl/17.3/fxgl-17.3.jar!/fxglassets/ui/fonts/Courier-Prime.ttf
20:32:51.064 [JavaFX Application Thread] DEBUG Input                - Registered new binding: Switch Screen Left - A
20:32:51.064 [JavaFX Application Thread] DEBUG Input                - Registered new binding: Switch Screen Right - D
20:32:51.064 [JavaFX Application Thread] DEBUG Input                - Registered new binding: PAGHILOM! - E
20:32:51.064 [JavaFX Application Thread] DEBUG Input                - Registered new binding: Pause Screen - Esc
20:32:51.064 [JavaFX Application Thread] DEBUG FXGLAssetLoaderServi - Loading from file system: jar:file:///Users/chloejuliageonzon/.m2/repository/com/github/almasb/fxgl/17.3/fxgl-17.3.jar!/fxglassets/textures/fxgl_icon.png
20:32:51.075 [JavaFX Application Thread] DEBUG FXGLAssetLoaderServi - Loading from file system: jar:file:///Users/chloejuliageonzon/.m2/repository/com/github/almasb/fxgl/17.3/fxgl-17.3.jar!/fxglassets/textures/fxgl_default_cursor.png
20:32:51.075 [JavaFX Application Thread] DEBUG Input                - Registered new binding: Screenshot - CTRL+8
20:32:51.075 [JavaFX Application Thread] DEBUG Input                - Registered new binding: Dev Options - 1
20:32:51.075 [JavaFX Application Thread] DEBUG Input                - Registered new binding: Dev Console - 2
20:32:51.076 [JavaFX Application Thread] DEBUG Input                - Registered new binding: System info dump - CTRL+9
20:32:51.076 [JavaFX Application Thread] DEBUG Input                - Registered new binding: Restart - CTRL+R
20:32:51.076 [JavaFX Application Thread] DEBUG Input                - Registered new binding: Toggle Debug Camera - CTRL+7
20:32:51.077 [JavaFX Application Thread] DEBUG LoopRunner           - Starting loop
20:32:51.081 [JavaFX Application Thread] DEBUG LoopRunner           - Initializing JavaFX AnimationTimerLoop
20:32:51.082 [JavaFX Application Thread] DEBUG Input                - Clearing active input actions
20:32:51.085 [JavaFX Application Thread] DEBUG GameApplicationServi - Removing overlay from FXGLStartupScene and adding to FXGLMainMenuDummyScene
20:32:51.086 [JavaFX Application Thread] DEBUG PrimaryStageWindow   - FXGLStartupScene -> FXGLMainMenuDummyScene
20:32:51.086 [JavaFX Application Thread] DEBUG PrimaryStageWindow   - Push state: MainMenuApp
20:32:51.086 [JavaFX Application Thread] DEBUG Input                - Clearing active input actions
20:32:51.086 [JavaFX Application Thread] DEBUG GameApplicationServi - Removing overlay from FXGLMainMenuDummyScene and adding to MainMenuApp
20:32:51.086 [JavaFX Application Thread] DEBUG PrimaryStageWindow   - FXGLMainMenuDummyScene -> MainMenuApp
20:32:51.155 [JavaFX Application Thread] DEBUG FXGLApplication      - Registering font factories with UI factory
20:32:51.312 [FXGL Background Thread 2 ] INFO  UpdaterService       - Your current version:  17.3
20:32:51.312 [FXGL Background Thread 2 ] INFO  UpdaterService       - Latest stable version: 25
20:32:54.058 [FXGL Background Thread 3 ] DEBUG Engine               - Logging environment variables
20:32:54.059 [FXGL Background Thread 3 ] DEBUG Engine               - achievements: []
20:32:54.059 [FXGL Background Thread 3 ] DEBUG Engine               - actualHeight: 720.0
20:32:54.060 [FXGL Background Thread 3 ] DEBUG Engine               - actualHeightProperty: ReadOnlyDoubleProperty [value: 720.0]
20:32:54.060 [FXGL Background Thread 3 ] DEBUG Engine               - actualWidth: 1280.0
20:32:54.060 [FXGL Background Thread 3 ] DEBUG Engine               - actualWidthProperty: ReadOnlyDoubleProperty [value: 1280.0]
20:32:54.060 [FXGL Background Thread 3 ] DEBUG Engine               - appIcon: fxgl_icon.png
20:32:54.060 [FXGL Background Thread 3 ] DEBUG Engine               - applicationMode: DEVELOPER
20:32:54.060 [FXGL Background Thread 3 ] DEBUG Engine               - cSSList: [fxgl_dark.css]
20:32:54.060 [FXGL Background Thread 3 ] DEBUG Engine               - collisionDetectionStrategy: BRUTE_FORCE
20:32:54.060 [FXGL Background Thread 3 ] DEBUG Engine               - configClass: Optional.empty
20:32:54.060 [FXGL Background Thread 3 ] DEBUG Engine               - credits: []
20:32:54.061 [FXGL Background Thread 3 ] DEBUG Engine               - defaultCursor: CursorInfo(imageName=fxgl_default_cursor.png, hotspotX=7.0, hotspotY=6.0)
20:32:54.061 [FXGL Background Thread 3 ] DEBUG Engine               - devBBoxColorProperty: ObjectProperty [value: 0xff0000ff]
20:32:54.061 [FXGL Background Thread 3 ] DEBUG Engine               - devEnableDebugCameraProperty: BooleanProperty [value: false]
20:32:54.062 [FXGL Background Thread 3 ] DEBUG Engine               - devSensorColorProperty: ObjectProperty [value: 0xffff00ff]
20:32:54.062 [FXGL Background Thread 3 ] DEBUG Engine               - devShowBBoxProperty: BooleanProperty [value: false]
20:32:54.062 [FXGL Background Thread 3 ] DEBUG Engine               - devShowPositionProperty: BooleanProperty [value: false]
20:32:54.062 [FXGL Background Thread 3 ] DEBUG Engine               - enabledMenuItems: []
20:32:54.062 [FXGL Background Thread 3 ] DEBUG Engine               - engineServices: [class com.almasb.fxgl.app.services.FXGLAssetLoaderService, class com.almasb.fxgl.app.FXGLApplication$GameApplicationService, class com.almasb.fxgl.app.services.FXGLDialogService, class com.almasb.fxgl.app.services.IOTaskExecutorService, class com.almasb.fxgl.io.FileSystemService, class com.almasb.fxgl.localization.LocalizationService, class com.almasb.fxgl.app.services.SystemBundleService, class com.almasb.fxgl.profile.SaveLoadService, class com.almasb.fxgl.ui.FXGLUIFactoryServiceProvider, class com.almasb.fxgl.ui.FXGLDialogFactoryServiceProvider, class com.almasb.fxgl.audio.AudioPlayer, class com.almasb.fxgl.notification.impl.NotificationServiceProvider, class com.almasb.fxgl.achievement.AchievementService, class com.almasb.fxgl.cutscene.CutsceneService, class com.almasb.fxgl.minigames.MiniGameService, class com.almasb.fxgl.net.NetService, class com.almasb.fxgl.app.services.UpdaterService, class com.almasb.fxgl.dev.DevService]
20:32:54.062 [FXGL Background Thread 3 ] DEBUG Engine               - fontGame: Abel-Regular.ttf
20:32:54.062 [FXGL Background Thread 3 ] DEBUG Engine               - fontMono: TerminalLandMono-Regular.otf
20:32:54.062 [FXGL Background Thread 3 ] DEBUG Engine               - fontSizeScaleUI: 1.0
20:32:54.062 [FXGL Background Thread 3 ] DEBUG Engine               - fontText: Courier-Prime.ttf
20:32:54.062 [FXGL Background Thread 3 ] DEBUG Engine               - fontUI: VarelaRound-Regular.ttf
20:32:54.063 [FXGL Background Thread 3 ] DEBUG Engine               - fullScreen: BooleanProperty [value: false]
20:32:54.063 [FXGL Background Thread 3 ] DEBUG Engine               - gameDifficulty: MEDIUM
20:32:54.063 [FXGL Background Thread 3 ] DEBUG Engine               - gameDifficultyProperty: ObjectProperty [value: MEDIUM]
20:32:54.063 [FXGL Background Thread 3 ] DEBUG Engine               - globalMusicVolume: 0.5
20:32:54.063 [FXGL Background Thread 3 ] DEBUG Engine               - globalMusicVolumeProperty: DoubleProperty [value: 0.5]
20:32:54.063 [FXGL Background Thread 3 ] DEBUG Engine               - globalSoundVolume: 0.5
20:32:54.063 [FXGL Background Thread 3 ] DEBUG Engine               - globalSoundVolumeProperty: DoubleProperty [value: 0.5]
20:32:54.063 [FXGL Background Thread 3 ] DEBUG Engine               - height: 720
20:32:54.063 [FXGL Background Thread 3 ] DEBUG Engine               - is3D: false
20:32:54.063 [FXGL Background Thread 3 ] DEBUG Engine               - isAndroid: false
20:32:54.063 [FXGL Background Thread 3 ] DEBUG Engine               - isBrowser: false
20:32:54.063 [FXGL Background Thread 3 ] DEBUG Engine               - isClickFeedbackEnabled: false
20:32:54.063 [FXGL Background Thread 3 ] DEBUG Engine               - isCloseConfirmation: false
20:32:54.064 [FXGL Background Thread 3 ] DEBUG Engine               - isDesktop: true
20:32:54.064 [FXGL Background Thread 3 ] DEBUG Engine               - isDeveloperMenuEnabled: true
20:32:54.064 [FXGL Background Thread 3 ] DEBUG Engine               - isEmbedded: false
20:32:54.064 [FXGL Background Thread 3 ] DEBUG Engine               - isEntityPreloadEnabled: true
20:32:54.064 [FXGL Background Thread 3 ] DEBUG Engine               - isExperimentalTiledLargeMap: false
20:32:54.064 [FXGL Background Thread 3 ] DEBUG Engine               - isFileSystemWriteAllowed: true
20:32:54.064 [FXGL Background Thread 3 ] DEBUG Engine               - isFullScreenAllowed: false
20:32:54.064 [FXGL Background Thread 3 ] DEBUG Engine               - isFullScreenFromStart: false
20:32:54.064 [FXGL Background Thread 3 ] DEBUG Engine               - isGameMenuEnabled: true
20:32:54.064 [FXGL Background Thread 3 ] DEBUG Engine               - isIOS: false
20:32:54.064 [FXGL Background Thread 3 ] DEBUG Engine               - isIntroEnabled: false
20:32:54.064 [FXGL Background Thread 3 ] DEBUG Engine               - isLinux: false
20:32:54.064 [FXGL Background Thread 3 ] DEBUG Engine               - isMac: true
20:32:54.064 [FXGL Background Thread 3 ] DEBUG Engine               - isMainMenuEnabled: true
20:32:54.064 [FXGL Background Thread 3 ] DEBUG Engine               - isManualResizeEnabled: false
20:32:54.065 [FXGL Background Thread 3 ] DEBUG Engine               - isMobile: false
20:32:54.065 [FXGL Background Thread 3 ] DEBUG Engine               - isNative: false
20:32:54.065 [FXGL Background Thread 3 ] DEBUG Engine               - isPauseMusicWhenMinimized: true
20:32:54.065 [FXGL Background Thread 3 ] DEBUG Engine               - isPreserveResizeRatio: false
20:32:54.065 [FXGL Background Thread 3 ] DEBUG Engine               - isProfilingEnabled: false
20:32:54.065 [FXGL Background Thread 3 ] DEBUG Engine               - isScaleAffectedOnResize: true
20:32:54.065 [FXGL Background Thread 3 ] DEBUG Engine               - isSingleStep: false
20:32:54.065 [FXGL Background Thread 3 ] DEBUG Engine               - isUserProfileEnabled: false
20:32:54.065 [FXGL Background Thread 3 ] DEBUG Engine               - isWindows: false
20:32:54.065 [FXGL Background Thread 3 ] DEBUG Engine               - language: ObjectProperty [value: ENGLISH]
20:32:54.065 [FXGL Background Thread 3 ] DEBUG Engine               - menuKey: F12
20:32:54.065 [FXGL Background Thread 3 ] DEBUG Engine               - mouseSensitivity: 0.2
20:32:54.065 [FXGL Background Thread 3 ] DEBUG Engine               - notificationViewClass: class com.almasb.fxgl.notification.view.XboxNotificationView
20:32:54.065 [FXGL Background Thread 3 ] DEBUG Engine               - pixelsPerMeter: 50.0
20:32:54.065 [FXGL Background Thread 3 ] DEBUG Engine               - platform: MAC
20:32:54.065 [FXGL Background Thread 3 ] DEBUG Engine               - prefHeightProperty: ReadOnlyDoubleProperty [value: 720.0]
20:32:54.065 [FXGL Background Thread 3 ] DEBUG Engine               - prefWidthProperty: ReadOnlyDoubleProperty [value: 1280.0]
20:32:54.066 [FXGL Background Thread 3 ] DEBUG Engine               - profileDir: profiles/
20:32:54.066 [FXGL Background Thread 3 ] DEBUG Engine               - profileName: StringProperty [value: DEFAULT]
20:32:54.066 [FXGL Background Thread 3 ] DEBUG Engine               - randomSeed: -1
20:32:54.066 [FXGL Background Thread 3 ] DEBUG Engine               - runtimeInfo: RuntimeInfo(platform=MAC, version=17.3, build=30.03.2023 11.49)
20:32:54.066 [FXGL Background Thread 3 ] DEBUG Engine               - saveFileExt: sav
20:32:54.066 [FXGL Background Thread 3 ] DEBUG Engine               - scaledHeightProp$fxgl: DoubleProperty [bound, value: 720.0]
20:32:54.066 [FXGL Background Thread 3 ] DEBUG Engine               - scaledWidthProp$fxgl: DoubleProperty [bound, value: 1280.0]
20:32:54.066 [FXGL Background Thread 3 ] DEBUG Engine               - sceneFactory: com.example.csit228capstonesirjaysimulator.application.MenuFactory@6261ea2d
20:32:54.066 [FXGL Background Thread 3 ] DEBUG Engine               - secondsIn24h: 60
20:32:54.066 [FXGL Background Thread 3 ] DEBUG Engine               - soundMenuBack: menu/back.wav
20:32:54.066 [FXGL Background Thread 3 ] DEBUG Engine               - soundMenuPress: menu/press.wav
20:32:54.067 [FXGL Background Thread 3 ] DEBUG Engine               - soundMenuSelect: menu/select.wav
20:32:54.067 [FXGL Background Thread 3 ] DEBUG Engine               - soundNotification: core/notification.wav
20:32:54.067 [FXGL Background Thread 3 ] DEBUG Engine               - stageStyle: DECORATED
20:32:54.067 [FXGL Background Thread 3 ] DEBUG Engine               - supportedLanguages: [ENGLISH, FRENCH, GERMAN, HUNGARIAN, RUSSIAN]
20:32:54.067 [FXGL Background Thread 3 ] DEBUG Engine               - ticksPerSecond: -1
20:32:54.067 [FXGL Background Thread 3 ] DEBUG Engine               - title: Sir Serato Simulator
20:32:54.067 [FXGL Background Thread 3 ] DEBUG Engine               - urlGithub: https://github.com/AlmasB/FXGL
20:32:54.067 [FXGL Background Thread 3 ] DEBUG Engine               - urlLeaderboard: http://fxgl-top.herokuapp.com/
20:32:54.067 [FXGL Background Thread 3 ] DEBUG Engine               - urlPOM: https://raw.githubusercontent.com/AlmasB/FXGL/release/README.md
20:32:54.067 [FXGL Background Thread 3 ] DEBUG Engine               - userAppClass: class com.example.csit228capstonesirjaysimulator.application.GameLevelApp
20:32:54.067 [FXGL Background Thread 3 ] DEBUG Engine               - version: 0.0
20:32:54.067 [FXGL Background Thread 3 ] DEBUG Engine               - versionCheckDays: 7
20:32:54.067 [FXGL Background Thread 3 ] DEBUG Engine               - width: 1280
20:32:54.067 [FXGL Background Thread 3 ] DEBUG Engine               - Logging services
20:32:54.067 [FXGL Background Thread 3 ] DEBUG Engine               - class com.almasb.fxgl.app.services.FXGLAssetLoaderService
20:32:54.067 [FXGL Background Thread 3 ] DEBUG Engine               - class com.almasb.fxgl.app.FXGLApplication$GameApplicationService
20:32:54.068 [FXGL Background Thread 3 ] DEBUG Engine               - class com.almasb.fxgl.app.services.FXGLDialogService
20:32:54.068 [FXGL Background Thread 3 ] DEBUG Engine               - class com.almasb.fxgl.app.services.IOTaskExecutorService
20:32:54.068 [FXGL Background Thread 3 ] DEBUG Engine               - class com.almasb.fxgl.io.FileSystemService
20:32:54.068 [FXGL Background Thread 3 ] DEBUG Engine               - class com.almasb.fxgl.localization.LocalizationService
20:32:54.068 [FXGL Background Thread 3 ] DEBUG Engine               - class com.almasb.fxgl.app.services.SystemBundleService
20:32:54.068 [FXGL Background Thread 3 ] DEBUG Engine               - class com.almasb.fxgl.profile.SaveLoadService
20:32:54.068 [FXGL Background Thread 3 ] DEBUG Engine               - class com.almasb.fxgl.ui.FXGLUIFactoryServiceProvider
20:32:54.068 [FXGL Background Thread 3 ] DEBUG Engine               - class com.almasb.fxgl.ui.FXGLDialogFactoryServiceProvider
20:32:54.068 [FXGL Background Thread 3 ] DEBUG Engine               - class com.almasb.fxgl.audio.AudioPlayer
20:32:54.068 [FXGL Background Thread 3 ] DEBUG Engine               - class com.almasb.fxgl.notification.impl.NotificationServiceProvider
20:32:54.068 [FXGL Background Thread 3 ] DEBUG Engine               - class com.almasb.fxgl.achievement.AchievementService
20:32:54.068 [FXGL Background Thread 3 ] DEBUG Engine               - class com.almasb.fxgl.cutscene.CutsceneService
20:32:54.068 [FXGL Background Thread 3 ] DEBUG Engine               - class com.almasb.fxgl.minigames.MiniGameService
20:32:54.068 [FXGL Background Thread 3 ] DEBUG Engine               - class com.almasb.fxgl.net.NetService
20:32:54.069 [FXGL Background Thread 3 ] DEBUG Engine               - class com.almasb.fxgl.app.services.UpdaterService
20:32:54.069 [FXGL Background Thread 3 ] DEBUG Engine               - class com.almasb.fxgl.dev.DevService
20:32:55.512 [JavaFX Application Thread] DEBUG PrimaryStageWindow   - Push state: ProfileSelectScene
20:32:55.512 [JavaFX Application Thread] DEBUG Input                - Clearing active input actions
20:32:55.513 [JavaFX Application Thread] DEBUG GameApplicationServi - Removing overlay from MainMenuApp and adding to ProfileSelectScene
20:32:55.514 [JavaFX Application Thread] DEBUG PrimaryStageWindow   - MainMenuApp -> ProfileSelectScene
20:33:01.260 [JavaFX Application Thread] DEBUG PrimaryStageWindow   - Pop state: ProfileSelectScene
20:33:01.261 [JavaFX Application Thread] DEBUG Input                - Clearing active input actions
20:33:01.262 [JavaFX Application Thread] DEBUG GameApplicationServi - Removing overlay from ProfileSelectScene and adding to MainMenuApp
20:33:01.264 [JavaFX Application Thread] DEBUG PrimaryStageWindow   - MainMenuApp <- ProfileSelectScene
20:33:01.384 [JavaFX Application Thread] DEBUG Input                - Registered new binding: Advance - Enter
20:33:01.384 [JavaFX Application Thread] DEBUG FXGLAssetLoaderServi - Loading from file system: file:/Users/chloejuliageonzon/Documents/IdeaProjects/School/CSIT228-Capstone-Sir-Jay-Simulator/target/classes/assets/music/classroom.wav
20:33:01.387 [JavaFX Application Thread] DEBUG AudioPlayer          - Playing music com.almasb.fxgl.audio.Music@7d72b739
20:33:01.388 [JavaFX Application Thread] DEBUG PrimaryStageWindow   - Push state: IntroCutScene
20:33:01.389 [JavaFX Application Thread] DEBUG Input                - Clearing active input actions
20:33:01.389 [JavaFX Application Thread] DEBUG GameApplicationServi - Removing overlay from MainMenuApp and adding to IntroCutScene
20:33:01.389 [JavaFX Application Thread] DEBUG PrimaryStageWindow   - MainMenuApp -> IntroCutScene
20:33:04.282 [JavaFX Application Thread] DEBUG AudioPlayer          - Stopping music com.almasb.fxgl.audio.Music@2304c5e2
20:33:04.285 [JavaFX Application Thread] DEBUG AudioPlayer          - Stopping music com.almasb.fxgl.audio.Music@7d72b739
20:33:04.286 [JavaFX Application Thread] DEBUG Menu                 - fireNewGame()
20:33:04.286 [JavaFX Application Thread] DEBUG GameApplicationServi - Starting new game
20:33:04.286 [JavaFX Application Thread] DEBUG PrimaryStageWindow   - Pop state: IntroCutScene
20:33:04.286 [JavaFX Application Thread] DEBUG Input                - Clearing active input actions
20:33:04.287 [JavaFX Application Thread] DEBUG GameApplicationServi - Removing overlay from IntroCutScene and adding to MainMenuApp
20:33:04.289 [JavaFX Application Thread] DEBUG PrimaryStageWindow   - MainMenuApp <- IntroCutScene
20:33:04.289 [JavaFX Application Thread] DEBUG PrimaryStageWindow   - Pop state: MainMenuApp
20:33:04.289 [JavaFX Application Thread] DEBUG Input                - Clearing active input actions
20:33:04.289 [JavaFX Application Thread] DEBUG GameApplicationServi - Removing overlay from MainMenuApp and adding to FXGLMainMenuDummyScene
20:33:04.289 [JavaFX Application Thread] DEBUG PrimaryStageWindow   - FXGLMainMenuDummyScene <- MainMenuApp
20:33:04.289 [JavaFX Application Thread] DEBUG Input                - Clearing active input actions
20:33:04.296 [JavaFX Application Thread] DEBUG GameApplicationServi - Removing overlay from FXGLMainMenuDummyScene and adding to FXGLLoadingScene
20:33:04.304 [JavaFX Application Thread] DEBUG PrimaryStageWindow   - FXGLMainMenuDummyScene -> FXGLLoadingScene
20:33:04.304 [JavaFX Application Thread] DEBUG GameApplicationServi - Clearing previous game
20:33:04.304 [JavaFX Application Thread] DEBUG GameScene            - Clearing game scene
20:33:04.304 [JavaFX Application Thread] DEBUG GameWorld            - Clearing game world
20:33:04.304 [JavaFX Application Thread] DEBUG PhysicsWorld         - Clearing physics world
20:33:04.306 [FXGL Background Thread 2 ] DEBUG FXGLApplication      - Initializing game
20:33:04.307 [FXGL Background Thread 2 ] DEBUG FXGLAssetLoaderServi - Loading from file system: file:/Users/chloejuliageonzon/Documents/IdeaProjects/School/CSIT228-Capstone-Sir-Jay-Simulator/target/classes/assets/sounds/correct.mp3
20:33:04.316 [FXGL Background Thread 2 ] DEBUG FXGLAssetLoaderServi - Loading from file system: file:/Users/chloejuliageonzon/Documents/IdeaProjects/School/CSIT228-Capstone-Sir-Jay-Simulator/target/classes/assets/sounds/wrong.mp3
20:33:04.317 [FXGL Background Thread 2 ] DEBUG FXGLAssetLoaderServi - Loading from file system: file:/Users/chloejuliageonzon/Documents/IdeaProjects/School/CSIT228-Capstone-Sir-Jay-Simulator/target/classes/assets/sounds/tap.mp3
20:33:04.320 [FXGL Background Thread 2 ] DEBUG FXGLAssetLoaderServi - Loading from file system: file:/Users/chloejuliageonzon/Documents/IdeaProjects/School/CSIT228-Capstone-Sir-Jay-Simulator/target/classes/assets/textures/Chair.PNG
20:33:04.362 [FXGL Background Thread 2 ] DEBUG FXGLAssetLoaderServi - Loading from file system: file:/Users/chloejuliageonzon/Documents/IdeaProjects/School/CSIT228-Capstone-Sir-Jay-Simulator/target/classes/assets/textures/students/stud4_idle_state.png
20:33:04.370 [FXGL Background Thread 2 ] DEBUG FXGLAssetLoaderServi - Loading from file system: file:/Users/chloejuliageonzon/Documents/IdeaProjects/School/CSIT228-Capstone-Sir-Jay-Simulator/target/classes/assets/textures/students/stud4_sus_state.png
20:33:04.377 [FXGL Background Thread 2 ] DEBUG FXGLAssetLoaderServi - Loading from file system: file:/Users/chloejuliageonzon/Documents/IdeaProjects/School/CSIT228-Capstone-Sir-Jay-Simulator/target/classes/assets/textures/students/stud4_cheat_state.png
20:33:04.383 [FXGL Background Thread 2 ] WARN  FXGLAssetLoaderServi - Asset "/assets/textures/students/stud4_talking_state.png" was not found!
20:33:04.383 [FXGL Background Thread 2 ] WARN  FXGLAssetLoaderServi - Failed to load IMAGE
20:33:04.390 [FXGL Background Thread 2 ] DEBUG FXGLAssetLoaderServi - Loading from file system: file:/Users/chloejuliageonzon/Documents/IdeaProjects/School/CSIT228-Capstone-Sir-Jay-Simulator/target/classes/assets/textures/students/stud2_idle_state.png
20:33:04.398 [FXGL Background Thread 2 ] DEBUG FXGLAssetLoaderServi - Loading from file system: file:/Users/chloejuliageonzon/Documents/IdeaProjects/School/CSIT228-Capstone-Sir-Jay-Simulator/target/classes/assets/textures/students/stud2_sus_state.png
20:33:04.405 [FXGL Background Thread 2 ] DEBUG FXGLAssetLoaderServi - Loading from file system: file:/Users/chloejuliageonzon/Documents/IdeaProjects/School/CSIT228-Capstone-Sir-Jay-Simulator/target/classes/assets/textures/students/stud2_cheat_state.png
20:33:04.412 [FXGL Background Thread 2 ] WARN  FXGLAssetLoaderServi - Asset "/assets/textures/students/stud2_talking_state.png" was not found!
20:33:04.412 [FXGL Background Thread 2 ] WARN  FXGLAssetLoaderServi - Failed to load IMAGE
20:33:04.412 [FXGL Background Thread 2 ] WARN  FXGLAssetLoaderServi - Asset "/assets/textures/students/stud2_talking_state.png" was not found!
20:33:04.412 [FXGL Background Thread 2 ] WARN  FXGLAssetLoaderServi - Failed to load IMAGE
20:33:04.417 [FXGL Background Thread 2 ] DEBUG FXGLAssetLoaderServi - Loading from file system: file:/Users/chloejuliageonzon/Documents/IdeaProjects/School/CSIT228-Capstone-Sir-Jay-Simulator/target/classes/assets/textures/students/trey_idle_state.png
20:33:04.430 [FXGL Background Thread 2 ] DEBUG FXGLAssetLoaderServi - Loading from file system: file:/Users/chloejuliageonzon/Documents/IdeaProjects/School/CSIT228-Capstone-Sir-Jay-Simulator/target/classes/assets/textures/students/trey_sus_state.png
20:33:04.437 [FXGL Background Thread 2 ] DEBUG FXGLAssetLoaderServi - Loading from file system: file:/Users/chloejuliageonzon/Documents/IdeaProjects/School/CSIT228-Capstone-Sir-Jay-Simulator/target/classes/assets/textures/students/trey_cheat_state.png
20:33:04.444 [FXGL Background Thread 2 ] DEBUG FXGLAssetLoaderServi - Loading from file system: file:/Users/chloejuliageonzon/Documents/IdeaProjects/School/CSIT228-Capstone-Sir-Jay-Simulator/target/classes/assets/textures/students/trey_talking_state.png
20:33:04.451 [FXGL Background Thread 2 ] DEBUG FXGLAssetLoaderServi - Loading from file system: file:/Users/chloejuliageonzon/Documents/IdeaProjects/School/CSIT228-Capstone-Sir-Jay-Simulator/target/classes/assets/textures/students/stud1_idle_state.png
20:33:04.457 [FXGL Background Thread 2 ] DEBUG FXGLAssetLoaderServi - Loading from file system: file:/Users/chloejuliageonzon/Documents/IdeaProjects/School/CSIT228-Capstone-Sir-Jay-Simulator/target/classes/assets/textures/students/stud1_sus_state.png
20:33:04.464 [FXGL Background Thread 2 ] DEBUG FXGLAssetLoaderServi - Loading from file system: file:/Users/chloejuliageonzon/Documents/IdeaProjects/School/CSIT228-Capstone-Sir-Jay-Simulator/target/classes/assets/textures/students/stud1_cheat_state.png
20:33:04.471 [FXGL Background Thread 2 ] WARN  FXGLAssetLoaderServi - Asset "/assets/textures/students/stud1_talking_state.png" was not found!
20:33:04.471 [FXGL Background Thread 2 ] WARN  FXGLAssetLoaderServi - Failed to load IMAGE
20:33:04.471 [FXGL Background Thread 2 ] WARN  FXGLAssetLoaderServi - Asset "/assets/textures/students/stud4_talking_state.png" was not found!
20:33:04.471 [FXGL Background Thread 2 ] WARN  FXGLAssetLoaderServi - Failed to load IMAGE
20:33:04.472 [FXGL Background Thread 2 ] WARN  FXGLAssetLoaderServi - Asset "/assets/textures/students/stud4_talking_state.png" was not found!
20:33:04.472 [FXGL Background Thread 2 ] WARN  FXGLAssetLoaderServi - Failed to load IMAGE
20:33:04.472 [FXGL Background Thread 2 ] WARN  FXGLAssetLoaderServi - Asset "/assets/textures/students/stud1_talking_state.png" was not found!
20:33:04.472 [FXGL Background Thread 2 ] WARN  FXGLAssetLoaderServi - Failed to load IMAGE
20:33:04.473 [FXGL Background Thread 2 ] WARN  FXGLAssetLoaderServi - Asset "/assets/textures/students/stud2_talking_state.png" was not found!
20:33:04.473 [FXGL Background Thread 2 ] WARN  FXGLAssetLoaderServi - Failed to load IMAGE
20:33:04.473 [FXGL Background Thread 2 ] WARN  FXGLAssetLoaderServi - Asset "/assets/textures/students/stud1_talking_state.png" was not found!
20:33:04.473 [FXGL Background Thread 2 ] WARN  FXGLAssetLoaderServi - Failed to load IMAGE
20:33:04.474 [FXGL Background Thread 2 ] WARN  FXGLAssetLoaderServi - Asset "/assets/textures/students/stud1_talking_state.png" was not found!
20:33:04.474 [FXGL Background Thread 2 ] WARN  FXGLAssetLoaderServi - Failed to load IMAGE
20:33:04.474 [FXGL Background Thread 2 ] DEBUG FXGLAssetLoaderServi - Loading from file system: file:/Users/chloejuliageonzon/Documents/IdeaProjects/School/CSIT228-Capstone-Sir-Jay-Simulator/target/classes/assets/textures/students/stud3_idle_state.png
20:33:04.482 [FXGL Background Thread 2 ] DEBUG FXGLAssetLoaderServi - Loading from file system: file:/Users/chloejuliageonzon/Documents/IdeaProjects/School/CSIT228-Capstone-Sir-Jay-Simulator/target/classes/assets/textures/students/stud3_sus_state.png
20:33:04.488 [FXGL Background Thread 2 ] DEBUG FXGLAssetLoaderServi - Loading from file system: file:/Users/chloejuliageonzon/Documents/IdeaProjects/School/CSIT228-Capstone-Sir-Jay-Simulator/target/classes/assets/textures/students/stud3_cheat_state.png
20:33:04.495 [FXGL Background Thread 2 ] WARN  FXGLAssetLoaderServi - Asset "/assets/textures/students/stud3_talking_state.png" was not found!
20:33:04.495 [FXGL Background Thread 2 ] WARN  FXGLAssetLoaderServi - Failed to load IMAGE
20:33:04.496 [FXGL Background Thread 2 ] WARN  FXGLAssetLoaderServi - Asset "/assets/textures/students/stud3_talking_state.png" was not found!
20:33:04.496 [FXGL Background Thread 2 ] WARN  FXGLAssetLoaderServi - Failed to load IMAGE
20:33:04.496 [FXGL Background Thread 2 ] WARN  FXGLAssetLoaderServi - Asset "/assets/textures/students/stud2_talking_state.png" was not found!
20:33:04.496 [FXGL Background Thread 2 ] WARN  FXGLAssetLoaderServi - Failed to load IMAGE
20:33:04.497 [FXGL Background Thread 2 ] WARN  FXGLAssetLoaderServi - Asset "/assets/textures/students/stud4_talking_state.png" was not found!
20:33:04.497 [FXGL Background Thread 2 ] WARN  FXGLAssetLoaderServi - Failed to load IMAGE
20:33:04.497 [FXGL Background Thread 2 ] WARN  FXGLAssetLoaderServi - Asset "/assets/textures/students/stud1_talking_state.png" was not found!
20:33:04.497 [FXGL Background Thread 2 ] WARN  FXGLAssetLoaderServi - Failed to load IMAGE
20:33:04.498 [FXGL Background Thread 2 ] WARN  FXGLAssetLoaderServi - Asset "/assets/textures/students/stud1_talking_state.png" was not found!
20:33:04.498 [FXGL Background Thread 2 ] WARN  FXGLAssetLoaderServi - Failed to load IMAGE
20:33:04.506 [FXGL Background Thread 2 ] DEBUG FXGLAssetLoaderServi - Loading from file system: file:/Users/chloejuliageonzon/Documents/IdeaProjects/School/CSIT228-Capstone-Sir-Jay-Simulator/target/classes/assets/textures/teacherView_leftSide.PNG
20:33:04.522 [FXGL Background Thread 2 ] DEBUG FXGLAssetLoaderServi - Loading from file system: file:/Users/chloejuliageonzon/Documents/IdeaProjects/School/CSIT228-Capstone-Sir-Jay-Simulator/target/classes/assets/textures/Table.PNG
20:33:04.696 [FXGL Background Thread 2 ] INFO  FXGLApplication      - Game initialization took: 0.390 sec
20:33:04.696 [JavaFX Application Thread] DEBUG Input                - Clearing active input actions
20:33:04.699 [JavaFX Application Thread] DEBUG GameApplicationServi - Removing overlay from FXGLLoadingScene and adding to GameScene
20:33:04.700 [JavaFX Application Thread] DEBUG PrimaryStageWindow   - FXGLLoadingScene -> GameScene
20:33:05.462 [JavaFX Application Thread] DEBUG FXGLAssetLoaderServi - Loading from file system: file:/Users/chloejuliageonzon/Documents/IdeaProjects/School/CSIT228-Capstone-Sir-Jay-Simulator/target/classes/assets/textures/teacherView_rightSide.PNG
20:33:07.395 [JavaFX Application Thread] DEBUG FXGLAssetLoaderServi - Loading from file system: file:/Users/chloejuliageonzon/Documents/IdeaProjects/School/CSIT228-Capstone-Sir-Jay-Simulator/target/classes/assets/sounds/howsurdayeverybody2.wav
20:33:13.380 [JavaFX Application Thread] DEBUG PrimaryStageWindow   - Push state: PauseScene
20:33:13.380 [JavaFX Application Thread] DEBUG Input                - Clearing active input actions
20:33:13.380 [JavaFX Application Thread] DEBUG GameApplicationServi - Removing overlay from GameScene and adding to PauseScene
20:33:13.381 [JavaFX Application Thread] DEBUG PrimaryStageWindow   - GameScene -> PauseScene
20:33:14.120 [JavaFX Application Thread] DEBUG PrimaryStageWindow   - Pop state: PauseScene
20:33:14.120 [JavaFX Application Thread] DEBUG Input                - Clearing active input actions
20:33:14.121 [JavaFX Application Thread] DEBUG GameApplicationServi - Removing overlay from PauseScene and adding to GameScene
20:33:14.122 [JavaFX Application Thread] DEBUG PrimaryStageWindow   - GameScene <- PauseScene
20:33:14.122 [JavaFX Application Thread] DEBUG Input                - Clearing active input actions
20:33:14.128 [JavaFX Application Thread] DEBUG GameApplicationServi - Removing overlay from GameScene and adding to FXGLMainMenuDummyScene
20:33:14.128 [JavaFX Application Thread] DEBUG PrimaryStageWindow   - GameScene -> FXGLMainMenuDummyScene
20:33:14.128 [JavaFX Application Thread] DEBUG PrimaryStageWindow   - Push state: MainMenuApp
20:33:14.128 [JavaFX Application Thread] DEBUG Input                - Clearing active input actions
20:33:14.129 [JavaFX Application Thread] DEBUG GameApplicationServi - Removing overlay from FXGLMainMenuDummyScene and adding to MainMenuApp
20:33:14.136 [JavaFX Application Thread] DEBUG PrimaryStageWindow   - FXGLMainMenuDummyScene -> MainMenuApp
20:33:16.076 [JavaFX Application Thread] DEBUG Menu                 - fireExit()
20:33:16.081 [JavaFX Application Thread] DEBUG PrimaryStageWindow   - Push state: DialogSubScene
20:33:16.081 [JavaFX Application Thread] DEBUG Input                - Clearing active input actions
20:33:16.082 [JavaFX Application Thread] DEBUG GameApplicationServi - Removing overlay from MainMenuApp and adding to DialogSubScene
20:33:16.083 [JavaFX Application Thread] DEBUG PrimaryStageWindow   - MainMenuApp -> DialogSubScene
20:33:17.201 [JavaFX Application Thread] DEBUG PrimaryStageWindow   - Pop state: DialogSubScene
20:33:17.202 [JavaFX Application Thread] DEBUG Input                - Clearing active input actions
20:33:17.203 [JavaFX Application Thread] DEBUG GameApplicationServi - Removing overlay from DialogSubScene and adding to MainMenuApp
20:33:17.204 [JavaFX Application Thread] DEBUG PrimaryStageWindow   - MainMenuApp <- DialogSubScene
20:33:17.204 [JavaFX Application Thread] DEBUG FXGLApplication      - Exiting FXGL
20:33:17.204 [JavaFX Application Thread] DEBUG LoopRunner           - Stopping loop
20:33:17.204 [JavaFX Application Thread] DEBUG SystemBundleService  - Saving FXGL system data
20:33:17.209 [JavaFX Application Thread] DEBUG FileSystemAccess     - Writing to: /Users/chloejuliageonzon/Documents/IdeaProjects/School/CSIT228-Capstone-Sir-Jay-Simulator/system/fxgl.bundle
20:33:17.213 [JavaFX Application Thread] DEBUG Async                - Shutting down background threads
20:33:17.213 [JavaFX Application Thread] DEBUG PrimaryStageWindow   - Closing main window
20:33:17.230 [JavaFX Application Thread] DEBUG Logger               - Closing Logger
